Directories in use:
home:         /var/lib/neo4j
config:       /etc/neo4j
logs:         /var/log/neo4j
plugins:      /var/lib/neo4j/plugins
import:       /var/lib/neo4j/import
data:         /var/lib/neo4j/data
certificates: /var/lib/neo4j/certificates
licenses:     /var/lib/neo4j/licenses
run:          /var/lib/neo4j/run
Starting Neo4j.
Started neo4j (pid:29). It is available at http://localhost:7474
There may be a short delay until the server is ready.
/sb/Wallet_F.sol
00:16:44.195 [Thread-0] ERROR de.fraunhofer.aisec.cpg.frontends.Handler - /sb/Wallet_F.sol:8:1: Parsing of type class SolidityParser$PragmaDirectiveContext is not supported (yet)
00:16:45.504 [Thread-0] ERROR de.fraunhofer.aisec.cpg.ScopeManager - /sb/Wallet_F.sol:169:9: Could not find the scope UNKNOWN needed to resolve the call UNKNOWN.push. Falling back to the default (current) scope
00:16:45.506 [Thread-0] ERROR de.fraunhofer.aisec.cpg.ScopeManager - /sb/Wallet_F.sol:192:17: Could not find the scope OracleInfo needed to resolve the call OracleInfo.pop. Falling back to the default (current) scope
00:16:45.507 [Thread-0] ERROR de.fraunhofer.aisec.cpg.ScopeManager - /sb/Wallet_F.sol:282:13: Could not find the scope UNKNOWN needed to resolve the call UNKNOWN.encodeWithSignature. Falling back to the default (current) scope
00:16:45.507 [Thread-0] ERROR de.fraunhofer.aisec.cpg.ScopeManager - /sb/Wallet_F.sol:281:45: Could not find the scope UNKNOWN needed to resolve the call UNKNOWN.staticcall. Falling back to the default (current) scope
00:16:45.508 [Thread-0] ERROR de.fraunhofer.aisec.cpg.ScopeManager - /sb/Wallet_F.sol:282:13: Could not find the scope UNKNOWN needed to resolve the call UNKNOWN.encodeWithSignature. Falling back to the default (current) scope
00:16:45.508 [Thread-0] ERROR de.fraunhofer.aisec.cpg.ScopeManager - /sb/Wallet_F.sol:282:13: Could not find the scope UNKNOWN needed to resolve the call UNKNOWN.encodeWithSignature. Falling back to the default (current) scope
00:16:45.509 [Thread-0] ERROR de.fraunhofer.aisec.cpg.ScopeManager - /sb/Wallet_F.sol:281:45: Could not find the scope UNKNOWN needed to resolve the call UNKNOWN.staticcall. Falling back to the default (current) scope
00:16:45.509 [Thread-0] ERROR de.fraunhofer.aisec.cpg.ScopeManager - /sb/Wallet_F.sol:285:32: Could not find the scope UNKNOWN needed to resolve the call UNKNOWN.decode. Falling back to the default (current) scope
00:16:45.509 [Thread-0] ERROR de.fraunhofer.aisec.cpg.ScopeManager - /sb/Wallet_F.sol:295:60: Could not find the scope UNKNOWN needed to resolve the call UNKNOWN.decode. Falling back to the default (current) scope
00:16:45.509 [Thread-0] ERROR de.fraunhofer.aisec.cpg.ScopeManager - /sb/Wallet_F.sol:295:60: Could not find the scope UNKNOWN needed to resolve the call UNKNOWN.decode. Falling back to the default (current) scope
00:16:45.510 [Thread-0] ERROR de.fraunhofer.aisec.cpg.ScopeManager - /sb/Wallet_F.sol:292:13: Could not find the scope UNKNOWN needed to resolve the call UNKNOWN.encodeWithSignature. Falling back to the default (current) scope
00:16:45.510 [Thread-0] ERROR de.fraunhofer.aisec.cpg.ScopeManager - /sb/Wallet_F.sol:291:27: Could not find the scope UNKNOWN needed to resolve the call UNKNOWN.staticcall. Falling back to the default (current) scope
00:16:45.511 [Thread-0] ERROR de.fraunhofer.aisec.cpg.ScopeManager - /sb/Wallet_F.sol:292:13: Could not find the scope UNKNOWN needed to resolve the call UNKNOWN.encodeWithSignature. Falling back to the default (current) scope
00:16:45.513 [Thread-0] ERROR de.fraunhofer.aisec.cpg.passes.Pass - /sb/Wallet_F.sol:435:28: Could not resolve callee of unsupported type class de.fraunhofer.aisec.cpg.frontends.solidity.nodes.SpecifiedExpression
00:16:45.513 [Thread-0] ERROR de.fraunhofer.aisec.cpg.ScopeManager - /sb/Wallet_F.sol:452:13: Could not find the scope UNKNOWN needed to resolve the call UNKNOWN.encodeWithSignature. Falling back to the default (current) scope
00:16:45.514 [Thread-0] ERROR de.fraunhofer.aisec.cpg.ScopeManager - /sb/Wallet_F.sol:451:45: Could not find the scope UNKNOWN needed to resolve the call UNKNOWN.staticcall. Falling back to the default (current) scope
00:16:45.514 [Thread-0] ERROR de.fraunhofer.aisec.cpg.ScopeManager - /sb/Wallet_F.sol:452:13: Could not find the scope UNKNOWN needed to resolve the call UNKNOWN.encodeWithSignature. Falling back to the default (current) scope
00:16:45.515 [Thread-0] ERROR de.fraunhofer.aisec.cpg.ScopeManager - /sb/Wallet_F.sol:452:13: Could not find the scope UNKNOWN needed to resolve the call UNKNOWN.encodeWithSignature. Falling back to the default (current) scope
00:16:45.515 [Thread-0] ERROR de.fraunhofer.aisec.cpg.ScopeManager - /sb/Wallet_F.sol:451:45: Could not find the scope UNKNOWN needed to resolve the call UNKNOWN.staticcall. Falling back to the default (current) scope
00:16:45.516 [Thread-0] ERROR de.fraunhofer.aisec.cpg.ScopeManager - /sb/Wallet_F.sol:455:34: Could not find the scope UNKNOWN needed to resolve the call UNKNOWN.decode. Falling back to the default (current) scope
00:16:45.517 [Thread-0] ERROR de.fraunhofer.aisec.cpg.ScopeManager - /sb/Wallet_F.sol:466:13: Could not find the scope UNKNOWN needed to resolve the call UNKNOWN.encodeWithSignature. Falling back to the default (current) scope
00:16:45.518 [Thread-0] ERROR de.fraunhofer.aisec.cpg.passes.Pass - /sb/Wallet_F.sol:465:23: Could not resolve callee of unsupported type class de.fraunhofer.aisec.cpg.frontends.solidity.nodes.SpecifiedExpression
00:16:45.519 [Thread-0] ERROR de.fraunhofer.aisec.cpg.ScopeManager - /sb/Wallet_F.sol:466:13: Could not find the scope UNKNOWN needed to resolve the call UNKNOWN.encodeWithSignature. Falling back to the default (current) scope
00:16:45.520 [Thread-0] ERROR de.fraunhofer.aisec.cpg.passes.Pass - /sb/Wallet_F.sol:484:28: Could not resolve callee of unsupported type class de.fraunhofer.aisec.cpg.frontends.solidity.nodes.SpecifiedExpression
00:16:45.523 [Thread-0] ERROR de.fraunhofer.aisec.cpg.passes.Pass - /sb/Wallet_F.sol:525:28: Could not resolve callee of unsupported type class de.fraunhofer.aisec.cpg.frontends.solidity.nodes.SpecifiedExpression
00:16:45.525 [Thread-0] ERROR de.fraunhofer.aisec.cpg.ScopeManager - /sb/Wallet_F.sol:546:13: Could not find the scope UNKNOWN needed to resolve the call UNKNOWN.encodeWithSignature. Falling back to the default (current) scope
00:16:45.525 [Thread-0] ERROR de.fraunhofer.aisec.cpg.ScopeManager - /sb/Wallet_F.sol:545:45: Could not find the scope UNKNOWN needed to resolve the call UNKNOWN.staticcall. Falling back to the default (current) scope
00:16:45.525 [Thread-0] ERROR de.fraunhofer.aisec.cpg.ScopeManager - /sb/Wallet_F.sol:546:13: Could not find the scope UNKNOWN needed to resolve the call UNKNOWN.encodeWithSignature. Falling back to the default (current) scope
00:16:45.526 [Thread-0] ERROR de.fraunhofer.aisec.cpg.ScopeManager - /sb/Wallet_F.sol:546:13: Could not find the scope UNKNOWN needed to resolve the call UNKNOWN.encodeWithSignature. Falling back to the default (current) scope
00:16:45.526 [Thread-0] ERROR de.fraunhofer.aisec.cpg.ScopeManager - /sb/Wallet_F.sol:545:45: Could not find the scope UNKNOWN needed to resolve the call UNKNOWN.staticcall. Falling back to the default (current) scope
00:16:45.526 [Thread-0] ERROR de.fraunhofer.aisec.cpg.ScopeManager - /sb/Wallet_F.sol:549:34: Could not find the scope UNKNOWN needed to resolve the call UNKNOWN.decode. Falling back to the default (current) scope
00:16:45.527 [Thread-0] ERROR de.fraunhofer.aisec.cpg.ScopeManager - /sb/Wallet_F.sol:560:13: Could not find the scope UNKNOWN needed to resolve the call UNKNOWN.encodeWithSignature. Falling back to the default (current) scope
00:16:45.527 [Thread-0] ERROR de.fraunhofer.aisec.cpg.passes.Pass - /sb/Wallet_F.sol:559:23: Could not resolve callee of unsupported type class de.fraunhofer.aisec.cpg.frontends.solidity.nodes.SpecifiedExpression
00:16:45.527 [Thread-0] ERROR de.fraunhofer.aisec.cpg.ScopeManager - /sb/Wallet_F.sol:560:13: Could not find the scope UNKNOWN needed to resolve the call UNKNOWN.encodeWithSignature. Falling back to the default (current) scope
00:16:45.528 [Thread-0] ERROR de.fraunhofer.aisec.cpg.passes.Pass - /sb/Wallet_F.sol:592:28: Could not resolve callee of unsupported type class de.fraunhofer.aisec.cpg.frontends.solidity.nodes.SpecifiedExpression
00:16:45.530 [Thread-0] ERROR de.fraunhofer.aisec.cpg.ScopeManager - /sb/Wallet_F.sol:628:13: Could not find the scope UNKNOWN needed to resolve the call UNKNOWN.encodeWithSignature. Falling back to the default (current) scope
00:16:45.530 [Thread-0] ERROR de.fraunhofer.aisec.cpg.ScopeManager - /sb/Wallet_F.sol:627:45: Could not find the scope UNKNOWN needed to resolve the call UNKNOWN.staticcall. Falling back to the default (current) scope
00:16:45.531 [Thread-0] ERROR de.fraunhofer.aisec.cpg.ScopeManager - /sb/Wallet_F.sol:628:13: Could not find the scope UNKNOWN needed to resolve the call UNKNOWN.encodeWithSignature. Falling back to the default (current) scope
00:16:45.536 [Thread-0] ERROR de.fraunhofer.aisec.cpg.ScopeManager - /sb/Wallet_F.sol:628:13: Could not find the scope UNKNOWN needed to resolve the call UNKNOWN.encodeWithSignature. Falling back to the default (current) scope
00:16:45.536 [Thread-0] ERROR de.fraunhofer.aisec.cpg.ScopeManager - /sb/Wallet_F.sol:627:45: Could not find the scope UNKNOWN needed to resolve the call UNKNOWN.staticcall. Falling back to the default (current) scope
00:16:45.537 [Thread-0] ERROR de.fraunhofer.aisec.cpg.ScopeManager - /sb/Wallet_F.sol:631:26: Could not find the scope UNKNOWN needed to resolve the call UNKNOWN.decode. Falling back to the default (current) scope
00:16:45.537 [Thread-0] ERROR de.fraunhofer.aisec.cpg.ScopeManager - /sb/Wallet_F.sol:642:13: Could not find the scope UNKNOWN needed to resolve the call UNKNOWN.encodeWithSignature. Falling back to the default (current) scope
00:16:45.538 [Thread-0] ERROR de.fraunhofer.aisec.cpg.ScopeManager - /sb/Wallet_F.sol:641:45: Could not find the scope UNKNOWN needed to resolve the call UNKNOWN.staticcall. Falling back to the default (current) scope
00:16:45.538 [Thread-0] ERROR de.fraunhofer.aisec.cpg.ScopeManager - /sb/Wallet_F.sol:642:13: Could not find the scope UNKNOWN needed to resolve the call UNKNOWN.encodeWithSignature. Falling back to the default (current) scope
00:16:45.538 [Thread-0] ERROR de.fraunhofer.aisec.cpg.ScopeManager - /sb/Wallet_F.sol:642:13: Could not find the scope UNKNOWN needed to resolve the call UNKNOWN.encodeWithSignature. Falling back to the default (current) scope
00:16:45.539 [Thread-0] ERROR de.fraunhofer.aisec.cpg.ScopeManager - /sb/Wallet_F.sol:641:45: Could not find the scope UNKNOWN needed to resolve the call UNKNOWN.staticcall. Falling back to the default (current) scope
00:16:45.539 [Thread-0] ERROR de.fraunhofer.aisec.cpg.ScopeManager - /sb/Wallet_F.sol:645:26: Could not find the scope UNKNOWN needed to resolve the call UNKNOWN.decode. Falling back to the default (current) scope
00:16:45.539 [Thread-0] ERROR de.fraunhofer.aisec.cpg.ScopeManager - /sb/Wallet_F.sol:656:13: Could not find the scope UNKNOWN needed to resolve the call UNKNOWN.encodeWithSignature. Falling back to the default (current) scope
00:16:45.540 [Thread-0] ERROR de.fraunhofer.aisec.cpg.ScopeManager - /sb/Wallet_F.sol:655:45: Could not find the scope UNKNOWN needed to resolve the call UNKNOWN.staticcall. Falling back to the default (current) scope
00:16:45.540 [Thread-0] ERROR de.fraunhofer.aisec.cpg.ScopeManager - /sb/Wallet_F.sol:656:13: Could not find the scope UNKNOWN needed to resolve the call UNKNOWN.encodeWithSignature. Falling back to the default (current) scope
00:16:45.540 [Thread-0] ERROR de.fraunhofer.aisec.cpg.ScopeManager - /sb/Wallet_F.sol:656:13: Could not find the scope UNKNOWN needed to resolve the call UNKNOWN.encodeWithSignature. Falling back to the default (current) scope
00:16:45.540 [Thread-0] ERROR de.fraunhofer.aisec.cpg.ScopeManager - /sb/Wallet_F.sol:655:45: Could not find the scope UNKNOWN needed to resolve the call UNKNOWN.staticcall. Falling back to the default (current) scope
00:16:45.541 [Thread-0] ERROR de.fraunhofer.aisec.cpg.ScopeManager - /sb/Wallet_F.sol:659:60: Could not find the scope UNKNOWN needed to resolve the call UNKNOWN.decode. Falling back to the default (current) scope
00:16:45.541 [Thread-0] ERROR de.fraunhofer.aisec.cpg.ScopeManager - /sb/Wallet_F.sol:659:60: Could not find the scope UNKNOWN needed to resolve the call UNKNOWN.decode. Falling back to the default (current) scope
00:16:45.541 [Thread-0] ERROR de.fraunhofer.aisec.cpg.ScopeManager - /sb/Wallet_F.sol:671:13: Could not find the scope UNKNOWN needed to resolve the call UNKNOWN.encodeWithSignature. Falling back to the default (current) scope
00:16:45.542 [Thread-0] ERROR de.fraunhofer.aisec.cpg.ScopeManager - /sb/Wallet_F.sol:670:28: Could not find the scope address needed to resolve the call address.call. Falling back to the default (current) scope
00:16:45.542 [Thread-0] ERROR de.fraunhofer.aisec.cpg.ScopeManager - /sb/Wallet_F.sol:671:13: Could not find the scope UNKNOWN needed to resolve the call UNKNOWN.encodeWithSignature. Falling back to the default (current) scope
00:16:45.542 [Thread-0] ERROR de.fraunhofer.aisec.cpg.ScopeManager - /sb/Wallet_F.sol:686:13: Could not find the scope UNKNOWN needed to resolve the call UNKNOWN.encodeWithSignature. Falling back to the default (current) scope
00:16:45.592 [Thread-0] ERROR de.fraunhofer.aisec.cpg.ScopeManager - /sb/Wallet_F.sol:685:28: Could not find the scope address needed to resolve the call address.call. Falling back to the default (current) scope
00:16:45.593 [Thread-0] ERROR de.fraunhofer.aisec.cpg.ScopeManager - /sb/Wallet_F.sol:686:13: Could not find the scope UNKNOWN needed to resolve the call UNKNOWN.encodeWithSignature. Falling back to the default (current) scope
00:16:45.594 [Thread-0] ERROR de.fraunhofer.aisec.cpg.ScopeManager - /sb/Wallet_F.sol:699:13: Could not find the scope UNKNOWN needed to resolve the call UNKNOWN.encodeWithSignature. Falling back to the default (current) scope
00:16:45.594 [Thread-0] ERROR de.fraunhofer.aisec.cpg.ScopeManager - /sb/Wallet_F.sol:698:28: Could not find the scope address needed to resolve the call address.call. Falling back to the default (current) scope
00:16:45.594 [Thread-0] ERROR de.fraunhofer.aisec.cpg.ScopeManager - /sb/Wallet_F.sol:699:13: Could not find the scope UNKNOWN needed to resolve the call UNKNOWN.encodeWithSignature. Falling back to the default (current) scope
00:16:45.595 [Thread-0] ERROR de.fraunhofer.aisec.cpg.ScopeManager - /sb/Wallet_F.sol:712:13: Could not find the scope UNKNOWN needed to resolve the call UNKNOWN.encodeWithSignature. Falling back to the default (current) scope
00:16:45.596 [Thread-0] ERROR de.fraunhofer.aisec.cpg.ScopeManager - /sb/Wallet_F.sol:711:28: Could not find the scope address needed to resolve the call address.call. Falling back to the default (current) scope
00:16:45.596 [Thread-0] ERROR de.fraunhofer.aisec.cpg.ScopeManager - /sb/Wallet_F.sol:712:13: Could not find the scope UNKNOWN needed to resolve the call UNKNOWN.encodeWithSignature. Falling back to the default (current) scope
00:16:45.597 [Thread-0] ERROR de.fraunhofer.aisec.cpg.ScopeManager - /sb/Wallet_F.sol:724:13: Could not find the scope UNKNOWN needed to resolve the call UNKNOWN.encodeWithSignature. Falling back to the default (current) scope
00:16:45.597 [Thread-0] ERROR de.fraunhofer.aisec.cpg.ScopeManager - /sb/Wallet_F.sol:723:28: Could not find the scope address needed to resolve the call address.call. Falling back to the default (current) scope
00:16:45.598 [Thread-0] ERROR de.fraunhofer.aisec.cpg.ScopeManager - /sb/Wallet_F.sol:724:13: Could not find the scope UNKNOWN needed to resolve the call UNKNOWN.encodeWithSignature. Falling back to the default (current) scope
00:16:45.598 [Thread-0] ERROR de.fraunhofer.aisec.cpg.ScopeManager - /sb/Wallet_F.sol:737:13: Could not find the scope UNKNOWN needed to resolve the call UNKNOWN.encodeWithSignature. Falling back to the default (current) scope
00:16:45.598 [Thread-0] ERROR de.fraunhofer.aisec.cpg.ScopeManager - /sb/Wallet_F.sol:736:28: Could not find the scope address needed to resolve the call address.call. Falling back to the default (current) scope
00:16:45.599 [Thread-0] ERROR de.fraunhofer.aisec.cpg.ScopeManager - /sb/Wallet_F.sol:737:13: Could not find the scope UNKNOWN needed to resolve the call UNKNOWN.encodeWithSignature. Falling back to the default (current) scope
00:16:45.599 [Thread-0] ERROR de.fraunhofer.aisec.cpg.ScopeManager - /sb/Wallet_F.sol:750:13: Could not find the scope UNKNOWN needed to resolve the call UNKNOWN.encodeWithSignature. Falling back to the default (current) scope
00:16:45.600 [Thread-0] ERROR de.fraunhofer.aisec.cpg.ScopeManager - /sb/Wallet_F.sol:749:28: Could not find the scope address needed to resolve the call address.call. Falling back to the default (current) scope
00:16:45.600 [Thread-0] ERROR de.fraunhofer.aisec.cpg.ScopeManager - /sb/Wallet_F.sol:750:13: Could not find the scope UNKNOWN needed to resolve the call UNKNOWN.encodeWithSignature. Falling back to the default (current) scope
Running checks
AccessControlSelfdestructCheck took 1797 ms
CallReturnCheck took 787 ms
AccessControlSelfdestructCheck took 10 ms
CallReturnCheck took 13 ms
AccessControlSelfdestructCheck took 5 ms
CallReturnCheck took 9 ms
AccessControlSelfdestructCheck took 5 ms
CallReturnCheck took 6 ms
AccessControlSelfdestructCheck took 3 ms
CallReturnCheck took 5 ms
AccessControlSelfdestructCheck took 5 ms
CallReturnCheck took 5 ms
org.neo4j.driver.exceptions.TransientException: The allocation of an extra 2.0 MiB would use more than the limit 2.1 GiB. Currently using 2.1 GiB. dbms.memory.transaction.total.max threshold reached
	at org.neo4j.driver.internal.util.Futures.blockingGet(Futures.java:111)
	at org.neo4j.driver.internal.InternalResult.blockingGet(InternalResult.java:112)
	at org.neo4j.driver.internal.InternalResult.hasNext(InternalResult.java:53)
	at de.fraunhofer.aisec.cpg.checks.AccessControlLogicCheck.check(AccessControlLogicCheck.kt:18)
	at de.fraunhofer.aisec.cpg.App.runVulnerabilityChecks$lambda$19$lambda$18$lambda$17(App.kt:312)
	at org.neo4j.driver.internal.InternalSession.lambda$transaction$5(InternalSession.java:152)
	at org.neo4j.driver.internal.retry.ExponentialBackoffRetryLogic.retry(ExponentialBackoffRetryLogic.java:102)
	at org.neo4j.driver.internal.InternalSession.transaction(InternalSession.java:149)
	at org.neo4j.driver.internal.InternalSession.readTransaction(InternalSession.java:107)
	at org.neo4j.driver.internal.InternalSession.readTransaction(InternalSession.java:101)
	at de.fraunhofer.aisec.cpg.App.runVulnerabilityChecks(App.kt:308)
	at de.fraunhofer.aisec.cpg.App.call(App.kt:124)
	at de.fraunhofer.aisec.cpg.App.call(App.kt:54)
	at picocli.CommandLine.executeUserObject(CommandLine.java:1953)
	at picocli.CommandLine.access$1300(CommandLine.java:145)
	at picocli.CommandLine$RunLast.executeUserObjectOfLastSubcommandWithSameParent(CommandLine.java:2358)
	at picocli.CommandLine$RunLast.handle(CommandLine.java:2352)
	at picocli.CommandLine$RunLast.handle(CommandLine.java:2314)
	at picocli.CommandLine$AbstractParseResultHandler.execute(CommandLine.java:2179)
	at picocli.CommandLine$RunLast.execute(CommandLine.java:2316)
	at picocli.CommandLine.execute(CommandLine.java:2078)
	at de.fraunhofer.aisec.cpg.AppKt.main(App.kt:369)
	Suppressed: org.neo4j.driver.internal.util.ErrorUtil$InternalExceptionCause
		at org.neo4j.driver.internal.util.ErrorUtil.newNeo4jError(ErrorUtil.java:87)
		at org.neo4j.driver.internal.async.inbound.InboundMessageDispatcher.handleFailureMessage(InboundMessageDispatcher.java:107)
		at org.neo4j.driver.internal.messaging.common.CommonMessageReader.unpackFailureMessage(CommonMessageReader.java:75)
		at org.neo4j.driver.internal.messaging.common.CommonMessageReader.read(CommonMessageReader.java:53)
		at org.neo4j.driver.internal.async.inbound.InboundMessageHandler.channelRead0(InboundMessageHandler.java:81)
		at org.neo4j.driver.internal.async.inbound.InboundMessageHandler.channelRead0(InboundMessageHandler.java:37)
		at io.netty.channel.SimpleChannelInboundHandler.channelRead(SimpleChannelInboundHandler.java:99)
		at io.netty.channel.AbstractChannelHandlerContext.invokeChannelRead(AbstractChannelHandlerContext.java:374)
		at io.netty.channel.AbstractChannelHandlerContext.invokeChannelRead(AbstractChannelHandlerContext.java:360)
		at io.netty.channel.AbstractChannelHandlerContext.fireChannelRead(AbstractChannelHandlerContext.java:352)
		at io.netty.handler.codec.ByteToMessageDecoder.fireChannelRead(ByteToMessageDecoder.java:326)
		at io.netty.handler.codec.ByteToMessageDecoder.channelRead(ByteToMessageDecoder.java:300)
		at org.neo4j.driver.internal.async.inbound.MessageDecoder.channelRead(MessageDecoder.java:42)
		at io.netty.channel.AbstractChannelHandlerContext.invokeChannelRead(AbstractChannelHandlerContext.java:374)
		at io.netty.channel.AbstractChannelHandlerContext.invokeChannelRead(AbstractChannelHandlerContext.java:360)
		at io.netty.channel.AbstractChannelHandlerContext.fireChannelRead(AbstractChannelHandlerContext.java:352)
		at io.netty.handler.codec.ByteToMessageDecoder.fireChannelRead(ByteToMessageDecoder.java:326)
		at io.netty.handler.codec.ByteToMessageDecoder.channelRead(ByteToMessageDecoder.java:300)
		at io.netty.channel.AbstractChannelHandlerContext.invokeChannelRead(AbstractChannelHandlerContext.java:374)
		at io.netty.channel.AbstractChannelHandlerContext.invokeChannelRead(AbstractChannelHandlerContext.java:360)
		at io.netty.channel.AbstractChannelHandlerContext.fireChannelRead(AbstractChannelHandlerContext.java:352)
		at io.netty.handler.timeout.IdleStateHandler.channelRead(IdleStateHandler.java:287)
		at io.netty.channel.AbstractChannelHandlerContext.invokeChannelRead(AbstractChannelHandlerContext.java:374)
		at io.netty.channel.AbstractChannelHandlerContext.invokeChannelRead(AbstractChannelHandlerContext.java:360)
		at io.netty.channel.AbstractChannelHandlerContext.fireChannelRead(AbstractChannelHandlerContext.java:352)
		at io.netty.channel.DefaultChannelPipeline$HeadContext.channelRead(DefaultChannelPipeline.java:1422)
		at io.netty.channel.AbstractChannelHandlerContext.invokeChannelRead(AbstractChannelHandlerContext.java:374)
		at io.netty.channel.AbstractChannelHandlerContext.invokeChannelRead(AbstractChannelHandlerContext.java:360)
		at io.netty.channel.DefaultChannelPipeline.fireChannelRead(DefaultChannelPipeline.java:931)
		at io.netty.channel.nio.AbstractNioByteChannel$NioByteUnsafe.read(AbstractNioByteChannel.java:163)
		at io.netty.channel.nio.NioEventLoop.processSelectedKey(NioEventLoop.java:700)
		at io.netty.channel.nio.NioEventLoop.processSelectedKeysOptimized(NioEventLoop.java:635)
		at io.netty.channel.nio.NioEventLoop.processSelectedKeys(NioEventLoop.java:552)
		at io.netty.channel.nio.NioEventLoop.run(NioEventLoop.java:514)
		at io.netty.util.concurrent.SingleThreadEventExecutor$6.run(SingleThreadEventExecutor.java:1050)
		at io.netty.util.internal.ThreadExecutorMap$2.run(ThreadExecutorMap.java:74)
		at io.netty.util.concurrent.FastThreadLocalRunnable.run(FastThreadLocalRunnable.java:30)
		at java.base/java.lang.Thread.run(Unknown Source)
	Suppressed: org.neo4j.driver.exceptions.TransientException: The allocation of an extra 2.0 MiB would use more than the limit 2.1 GiB. Currently using 2.1 GiB. dbms.memory.transaction.total.max threshold reached
		... 22 more
		Suppressed: org.neo4j.driver.internal.util.ErrorUtil$InternalExceptionCause
			at org.neo4j.driver.internal.util.ErrorUtil.newNeo4jError(ErrorUtil.java:87)
			at org.neo4j.driver.internal.async.inbound.InboundMessageDispatcher.handleFailureMessage(InboundMessageDispatcher.java:107)
			at org.neo4j.driver.internal.messaging.common.CommonMessageReader.unpackFailureMessage(CommonMessageReader.java:75)
			at org.neo4j.driver.internal.messaging.common.CommonMessageReader.read(CommonMessageReader.java:53)
			at org.neo4j.driver.internal.async.inbound.InboundMessageHandler.channelRead0(InboundMessageHandler.java:81)
			at org.neo4j.driver.internal.async.inbound.InboundMessageHandler.channelRead0(InboundMessageHandler.java:37)
			at io.netty.channel.SimpleChannelInboundHandler.channelRead(SimpleChannelInboundHandler.java:99)
			at io.netty.channel.AbstractChannelHandlerContext.invokeChannelRead(AbstractChannelHandlerContext.java:374)
			at io.netty.channel.AbstractChannelHandlerContext.invokeChannelRead(AbstractChannelHandlerContext.java:360)
			at io.netty.channel.AbstractChannelHandlerContext.fireChannelRead(AbstractChannelHandlerContext.java:352)
			at io.netty.handler.codec.ByteToMessageDecoder.fireChannelRead(ByteToMessageDecoder.java:326)
			at io.netty.handler.codec.ByteToMessageDecoder.channelRead(ByteToMessageDecoder.java:300)
			at org.neo4j.driver.internal.async.inbound.MessageDecoder.channelRead(MessageDecoder.java:42)
			at io.netty.channel.AbstractChannelHandlerContext.invokeChannelRead(AbstractChannelHandlerContext.java:374)
			at io.netty.channel.AbstractChannelHandlerContext.invokeChannelRead(AbstractChannelHandlerContext.java:360)
			at io.netty.channel.AbstractChannelHandlerContext.fireChannelRead(AbstractChannelHandlerContext.java:352)
			at io.netty.handler.codec.ByteToMessageDecoder.fireChannelRead(ByteToMessageDecoder.java:326)
			at io.netty.handler.codec.ByteToMessageDecoder.channelRead(ByteToMessageDecoder.java:300)
			at io.netty.channel.AbstractChannelHandlerContext.invokeChannelRead(AbstractChannelHandlerContext.java:374)
			at io.netty.channel.AbstractChannelHandlerContext.invokeChannelRead(AbstractChannelHandlerContext.java:360)
			at io.netty.channel.AbstractChannelHandlerContext.fireChannelRead(AbstractChannelHandlerContext.java:352)
			at io.netty.handler.timeout.IdleStateHandler.channelRead(IdleStateHandler.java:287)
			at io.netty.channel.AbstractChannelHandlerContext.invokeChannelRead(AbstractChannelHandlerContext.java:374)
			at io.netty.channel.AbstractChannelHandlerContext.invokeChannelRead(AbstractChannelHandlerContext.java:360)
			at io.netty.channel.AbstractChannelHandlerContext.fireChannelRead(AbstractChannelHandlerContext.java:352)
			at io.netty.channel.DefaultChannelPipeline$HeadContext.channelRead(DefaultChannelPipeline.java:1422)
			at io.netty.channel.AbstractChannelHandlerContext.invokeChannelRead(AbstractChannelHandlerContext.java:374)
			at io.netty.channel.AbstractChannelHandlerContext.invokeChannelRead(AbstractChannelHandlerContext.java:360)
			at io.netty.channel.DefaultChannelPipeline.fireChannelRead(DefaultChannelPipeline.java:931)
			at io.netty.channel.nio.AbstractNioByteChannel$NioByteUnsafe.read(AbstractNioByteChannel.java:163)
			at io.netty.channel.nio.NioEventLoop.processSelectedKey(NioEventLoop.java:700)
			at io.netty.channel.nio.NioEventLoop.processSelectedKeysOptimized(NioEventLoop.java:635)
			at io.netty.channel.nio.NioEventLoop.processSelectedKeys(NioEventLoop.java:552)
			at io.netty.channel.nio.NioEventLoop.run(NioEventLoop.java:514)
			at io.netty.util.concurrent.SingleThreadEventExecutor$6.run(SingleThreadEventExecutor.java:1050)
			at io.netty.util.internal.ThreadExecutorMap$2.run(ThreadExecutorMap.java:74)
			at io.netty.util.concurrent.FastThreadLocalRunnable.run(FastThreadLocalRunnable.java:30)
			at java.base/java.lang.Thread.run(Unknown Source)
	Suppressed: org.neo4j.driver.exceptions.TransientException: The allocation of an extra 2.0 MiB would use more than the limit 2.1 GiB. Currently using 2.1 GiB. dbms.memory.transaction.total.max threshold reached
		... 22 more
		Suppressed: org.neo4j.driver.internal.util.ErrorUtil$InternalExceptionCause
			at org.neo4j.driver.internal.util.ErrorUtil.newNeo4jError(ErrorUtil.java:87)
			at org.neo4j.driver.internal.async.inbound.InboundMessageDispatcher.handleFailureMessage(InboundMessageDispatcher.java:107)
			at org.neo4j.driver.internal.messaging.common.CommonMessageReader.unpackFailureMessage(CommonMessageReader.java:75)
			at org.neo4j.driver.internal.messaging.common.CommonMessageReader.read(CommonMessageReader.java:53)
			at org.neo4j.driver.internal.async.inbound.InboundMessageHandler.channelRead0(InboundMessageHandler.java:81)
			at org.neo4j.driver.internal.async.inbound.InboundMessageHandler.channelRead0(InboundMessageHandler.java:37)
			at io.netty.channel.SimpleChannelInboundHandler.channelRead(SimpleChannelInboundHandler.java:99)
			at io.netty.channel.AbstractChannelHandlerContext.invokeChannelRead(AbstractChannelHandlerContext.java:374)
			at io.netty.channel.AbstractChannelHandlerContext.invokeChannelRead(AbstractChannelHandlerContext.java:360)
			at io.netty.channel.AbstractChannelHandlerContext.fireChannelRead(AbstractChannelHandlerContext.java:352)
			at io.netty.handler.codec.ByteToMessageDecoder.fireChannelRead(ByteToMessageDecoder.java:326)
			at io.netty.handler.codec.ByteToMessageDecoder.channelRead(ByteToMessageDecoder.java:300)
			at org.neo4j.driver.internal.async.inbound.MessageDecoder.channelRead(MessageDecoder.java:42)
			at io.netty.channel.AbstractChannelHandlerContext.invokeChannelRead(AbstractChannelHandlerContext.java:374)
			at io.netty.channel.AbstractChannelHandlerContext.invokeChannelRead(AbstractChannelHandlerContext.java:360)
			at io.netty.channel.AbstractChannelHandlerContext.fireChannelRead(AbstractChannelHandlerContext.java:352)
			at io.netty.handler.codec.ByteToMessageDecoder.fireChannelRead(ByteToMessageDecoder.java:326)
			at io.netty.handler.codec.ByteToMessageDecoder.channelRead(ByteToMessageDecoder.java:300)
			at io.netty.channel.AbstractChannelHandlerContext.invokeChannelRead(AbstractChannelHandlerContext.java:374)
			at io.netty.channel.AbstractChannelHandlerContext.invokeChannelRead(AbstractChannelHandlerContext.java:360)
			at io.netty.channel.AbstractChannelHandlerContext.fireChannelRead(AbstractChannelHandlerContext.java:352)
			at io.netty.handler.timeout.IdleStateHandler.channelRead(IdleStateHandler.java:287)
			at io.netty.channel.AbstractChannelHandlerContext.invokeChannelRead(AbstractChannelHandlerContext.java:374)
			at io.netty.channel.AbstractChannelHandlerContext.invokeChannelRead(AbstractChannelHandlerContext.java:360)
			at io.netty.channel.AbstractChannelHandlerContext.fireChannelRead(AbstractChannelHandlerContext.java:352)
			at io.netty.channel.DefaultChannelPipeline$HeadContext.channelRead(DefaultChannelPipeline.java:1422)
			at io.netty.channel.AbstractChannelHandlerContext.invokeChannelRead(AbstractChannelHandlerContext.java:374)
			at io.netty.channel.AbstractChannelHandlerContext.invokeChannelRead(AbstractChannelHandlerContext.java:360)
			at io.netty.channel.DefaultChannelPipeline.fireChannelRead(DefaultChannelPipeline.java:931)
			at io.netty.channel.nio.AbstractNioByteChannel$NioByteUnsafe.read(AbstractNioByteChannel.java:163)
			at io.netty.channel.nio.NioEventLoop.processSelectedKey(NioEventLoop.java:700)
			at io.netty.channel.nio.NioEventLoop.processSelectedKeysOptimized(NioEventLoop.java:635)
			at io.netty.channel.nio.NioEventLoop.processSelectedKeys(NioEventLoop.java:552)
			at io.netty.channel.nio.NioEventLoop.run(NioEventLoop.java:514)
			at io.netty.util.concurrent.SingleThreadEventExecutor$6.run(SingleThreadEventExecutor.java:1050)
			at io.netty.util.internal.ThreadExecutorMap$2.run(ThreadExecutorMap.java:74)
			at io.netty.util.concurrent.FastThreadLocalRunnable.run(FastThreadLocalRunnable.java:30)
			at java.base/java.lang.Thread.run(Unknown Source)
	Suppressed: org.neo4j.driver.exceptions.TransientException: The allocation of an extra 2.0 MiB would use more than the limit 2.1 GiB. Currently using 2.1 GiB. dbms.memory.transaction.total.max threshold reached
		... 22 more
		Suppressed: org.neo4j.driver.internal.util.ErrorUtil$InternalExceptionCause
			at org.neo4j.driver.internal.util.ErrorUtil.newNeo4jError(ErrorUtil.java:87)
			at org.neo4j.driver.internal.async.inbound.InboundMessageDispatcher.handleFailureMessage(InboundMessageDispatcher.java:107)
			at org.neo4j.driver.internal.messaging.common.CommonMessageReader.unpackFailureMessage(CommonMessageReader.java:75)
			at org.neo4j.driver.internal.messaging.common.CommonMessageReader.read(CommonMessageReader.java:53)
			at org.neo4j.driver.internal.async.inbound.InboundMessageHandler.channelRead0(InboundMessageHandler.java:81)
			at org.neo4j.driver.internal.async.inbound.InboundMessageHandler.channelRead0(InboundMessageHandler.java:37)
			at io.netty.channel.SimpleChannelInboundHandler.channelRead(SimpleChannelInboundHandler.java:99)
			at io.netty.channel.AbstractChannelHandlerContext.invokeChannelRead(AbstractChannelHandlerContext.java:374)
			at io.netty.channel.AbstractChannelHandlerContext.invokeChannelRead(AbstractChannelHandlerContext.java:360)
			at io.netty.channel.AbstractChannelHandlerContext.fireChannelRead(AbstractChannelHandlerContext.java:352)
			at io.netty.handler.codec.ByteToMessageDecoder.fireChannelRead(ByteToMessageDecoder.java:326)
			at io.netty.handler.codec.ByteToMessageDecoder.channelRead(ByteToMessageDecoder.java:300)
			at org.neo4j.driver.internal.async.inbound.MessageDecoder.channelRead(MessageDecoder.java:42)
			at io.netty.channel.AbstractChannelHandlerContext.invokeChannelRead(AbstractChannelHandlerContext.java:374)
			at io.netty.channel.AbstractChannelHandlerContext.invokeChannelRead(AbstractChannelHandlerContext.java:360)
			at io.netty.channel.AbstractChannelHandlerContext.fireChannelRead(AbstractChannelHandlerContext.java:352)
			at io.netty.handler.codec.ByteToMessageDecoder.fireChannelRead(ByteToMessageDecoder.java:326)
			at io.netty.handler.codec.ByteToMessageDecoder.channelRead(ByteToMessageDecoder.java:300)
			at io.netty.channel.AbstractChannelHandlerContext.invokeChannelRead(AbstractChannelHandlerContext.java:374)
			at io.netty.channel.AbstractChannelHandlerContext.invokeChannelRead(AbstractChannelHandlerContext.java:360)
			at io.netty.channel.AbstractChannelHandlerContext.fireChannelRead(AbstractChannelHandlerContext.java:352)
			at io.netty.handler.timeout.IdleStateHandler.channelRead(IdleStateHandler.java:287)
			at io.netty.channel.AbstractChannelHandlerContext.invokeChannelRead(AbstractChannelHandlerContext.java:374)
			at io.netty.channel.AbstractChannelHandlerContext.invokeChannelRead(AbstractChannelHandlerContext.java:360)
			at io.netty.channel.AbstractChannelHandlerContext.fireChannelRead(AbstractChannelHandlerContext.java:352)
			at io.netty.channel.DefaultChannelPipeline$HeadContext.channelRead(DefaultChannelPipeline.java:1422)
			at io.netty.channel.AbstractChannelHandlerContext.invokeChannelRead(AbstractChannelHandlerContext.java:374)
			at io.netty.channel.AbstractChannelHandlerContext.invokeChannelRead(AbstractChannelHandlerContext.java:360)
			at io.netty.channel.DefaultChannelPipeline.fireChannelRead(DefaultChannelPipeline.java:931)
			at io.netty.channel.nio.AbstractNioByteChannel$NioByteUnsafe.read(AbstractNioByteChannel.java:163)
			at io.netty.channel.nio.NioEventLoop.processSelectedKey(NioEventLoop.java:700)
			at io.netty.channel.nio.NioEventLoop.processSelectedKeysOptimized(NioEventLoop.java:635)
			at io.netty.channel.nio.NioEventLoop.processSelectedKeys(NioEventLoop.java:552)
			at io.netty.channel.nio.NioEventLoop.run(NioEventLoop.java:514)
			at io.netty.util.concurrent.SingleThreadEventExecutor$6.run(SingleThreadEventExecutor.java:1050)
			at io.netty.util.internal.ThreadExecutorMap$2.run(ThreadExecutorMap.java:74)
			at io.netty.util.concurrent.FastThreadLocalRunnable.run(FastThreadLocalRunnable.java:30)
			at java.base/java.lang.Thread.run(Unknown Source)
	Suppressed: org.neo4j.driver.exceptions.TransientException: The allocation of an extra 2.0 MiB would use more than the limit 2.1 GiB. Currently using 2.1 GiB. dbms.memory.transaction.total.max threshold reached
		... 22 more
		Suppressed: org.neo4j.driver.internal.util.ErrorUtil$InternalExceptionCause
			at org.neo4j.driver.internal.util.ErrorUtil.newNeo4jError(ErrorUtil.java:87)
			at org.neo4j.driver.internal.async.inbound.InboundMessageDispatcher.handleFailureMessage(InboundMessageDispatcher.java:107)
			at org.neo4j.driver.internal.messaging.common.CommonMessageReader.unpackFailureMessage(CommonMessageReader.java:75)
			at org.neo4j.driver.internal.messaging.common.CommonMessageReader.read(CommonMessageReader.java:53)
			at org.neo4j.driver.internal.async.inbound.InboundMessageHandler.channelRead0(InboundMessageHandler.java:81)
			at org.neo4j.driver.internal.async.inbound.InboundMessageHandler.channelRead0(InboundMessageHandler.java:37)
			at io.netty.channel.SimpleChannelInboundHandler.channelRead(SimpleChannelInboundHandler.java:99)
			at io.netty.channel.AbstractChannelHandlerContext.invokeChannelRead(AbstractChannelHandlerContext.java:374)
			at io.netty.channel.AbstractChannelHandlerContext.invokeChannelRead(AbstractChannelHandlerContext.java:360)
			at io.netty.channel.AbstractChannelHandlerContext.fireChannelRead(AbstractChannelHandlerContext.java:352)
			at io.netty.handler.codec.ByteToMessageDecoder.fireChannelRead(ByteToMessageDecoder.java:326)
			at io.netty.handler.codec.ByteToMessageDecoder.channelRead(ByteToMessageDecoder.java:300)
			at org.neo4j.driver.internal.async.inbound.MessageDecoder.channelRead(MessageDecoder.java:42)
			at io.netty.channel.AbstractChannelHandlerContext.invokeChannelRead(AbstractChannelHandlerContext.java:374)
			at io.netty.channel.AbstractChannelHandlerContext.invokeChannelRead(AbstractChannelHandlerContext.java:360)
			at io.netty.channel.AbstractChannelHandlerContext.fireChannelRead(AbstractChannelHandlerContext.java:352)
			at io.netty.handler.codec.ByteToMessageDecoder.fireChannelRead(ByteToMessageDecoder.java:326)
			at io.netty.handler.codec.ByteToMessageDecoder.channelRead(ByteToMessageDecoder.java:300)
			at io.netty.channel.AbstractChannelHandlerContext.invokeChannelRead(AbstractChannelHandlerContext.java:374)
			at io.netty.channel.AbstractChannelHandlerContext.invokeChannelRead(AbstractChannelHandlerContext.java:360)
			at io.netty.channel.AbstractChannelHandlerContext.fireChannelRead(AbstractChannelHandlerContext.java:352)
			at io.netty.handler.timeout.IdleStateHandler.channelRead(IdleStateHandler.java:287)
			at io.netty.channel.AbstractChannelHandlerContext.invokeChannelRead(AbstractChannelHandlerContext.java:374)
			at io.netty.channel.AbstractChannelHandlerContext.invokeChannelRead(AbstractChannelHandlerContext.java:360)
			at io.netty.channel.AbstractChannelHandlerContext.fireChannelRead(AbstractChannelHandlerContext.java:352)
			at io.netty.channel.DefaultChannelPipeline$HeadContext.channelRead(DefaultChannelPipeline.java:1422)
			at io.netty.channel.AbstractChannelHandlerContext.invokeChannelRead(AbstractChannelHandlerContext.java:374)
			at io.netty.channel.AbstractChannelHandlerContext.invokeChannelRead(AbstractChannelHandlerContext.java:360)
			at io.netty.channel.DefaultChannelPipeline.fireChannelRead(DefaultChannelPipeline.java:931)
			at io.netty.channel.nio.AbstractNioByteChannel$NioByteUnsafe.read(AbstractNioByteChannel.java:163)
			at io.netty.channel.nio.NioEventLoop.processSelectedKey(NioEventLoop.java:700)
			at io.netty.channel.nio.NioEventLoop.processSelectedKeysOptimized(NioEventLoop.java:635)
			at io.netty.channel.nio.NioEventLoop.processSelectedKeys(NioEventLoop.java:552)
			at io.netty.channel.nio.NioEventLoop.run(NioEventLoop.java:514)
			at io.netty.util.concurrent.SingleThreadEventExecutor$6.run(SingleThreadEventExecutor.java:1050)
			at io.netty.util.internal.ThreadExecutorMap$2.run(ThreadExecutorMap.java:74)
			at io.netty.util.concurrent.FastThreadLocalRunnable.run(FastThreadLocalRunnable.java:30)
			at java.base/java.lang.Thread.run(Unknown Source)
	Suppressed: org.neo4j.driver.exceptions.TransientException: The allocation of an extra 2.0 MiB would use more than the limit 2.1 GiB. Currently using 2.1 GiB. dbms.memory.transaction.total.max threshold reached
		... 22 more
		Suppressed: org.neo4j.driver.internal.util.ErrorUtil$InternalExceptionCause
			at org.neo4j.driver.internal.util.ErrorUtil.newNeo4jError(ErrorUtil.java:87)
			at org.neo4j.driver.internal.async.inbound.InboundMessageDispatcher.handleFailureMessage(InboundMessageDispatcher.java:107)
			at org.neo4j.driver.internal.messaging.common.CommonMessageReader.unpackFailureMessage(CommonMessageReader.java:75)
			at org.neo4j.driver.internal.messaging.common.CommonMessageReader.read(CommonMessageReader.java:53)
			at org.neo4j.driver.internal.async.inbound.InboundMessageHandler.channelRead0(InboundMessageHandler.java:81)
			at org.neo4j.driver.internal.async.inbound.InboundMessageHandler.channelRead0(InboundMessageHandler.java:37)
			at io.netty.channel.SimpleChannelInboundHandler.channelRead(SimpleChannelInboundHandler.java:99)
			at io.netty.channel.AbstractChannelHandlerContext.invokeChannelRead(AbstractChannelHandlerContext.java:374)
			at io.netty.channel.AbstractChannelHandlerContext.invokeChannelRead(AbstractChannelHandlerContext.java:360)
			at io.netty.channel.AbstractChannelHandlerContext.fireChannelRead(AbstractChannelHandlerContext.java:352)
			at io.netty.handler.codec.ByteToMessageDecoder.fireChannelRead(ByteToMessageDecoder.java:326)
			at io.netty.handler.codec.ByteToMessageDecoder.channelRead(ByteToMessageDecoder.java:300)
			at org.neo4j.driver.internal.async.inbound.MessageDecoder.channelRead(MessageDecoder.java:42)
			at io.netty.channel.AbstractChannelHandlerContext.invokeChannelRead(AbstractChannelHandlerContext.java:374)
			at io.netty.channel.AbstractChannelHandlerContext.invokeChannelRead(AbstractChannelHandlerContext.java:360)
			at io.netty.channel.AbstractChannelHandlerContext.fireChannelRead(AbstractChannelHandlerContext.java:352)
			at io.netty.handler.codec.ByteToMessageDecoder.fireChannelRead(ByteToMessageDecoder.java:326)
			at io.netty.handler.codec.ByteToMessageDecoder.channelRead(ByteToMessageDecoder.java:300)
			at io.netty.channel.AbstractChannelHandlerContext.invokeChannelRead(AbstractChannelHandlerContext.java:374)
			at io.netty.channel.AbstractChannelHandlerContext.invokeChannelRead(AbstractChannelHandlerContext.java:360)
			at io.netty.channel.AbstractChannelHandlerContext.fireChannelRead(AbstractChannelHandlerContext.java:352)
			at io.netty.handler.timeout.IdleStateHandler.channelRead(IdleStateHandler.java:287)
			at io.netty.channel.AbstractChannelHandlerContext.invokeChannelRead(AbstractChannelHandlerContext.java:374)
			at io.netty.channel.AbstractChannelHandlerContext.invokeChannelRead(AbstractChannelHandlerContext.java:360)
			at io.netty.channel.AbstractChannelHandlerContext.fireChannelRead(AbstractChannelHandlerContext.java:352)
			at io.netty.channel.DefaultChannelPipeline$HeadContext.channelRead(DefaultChannelPipeline.java:1422)
			at io.netty.channel.AbstractChannelHandlerContext.invokeChannelRead(AbstractChannelHandlerContext.java:374)
			at io.netty.channel.AbstractChannelHandlerContext.invokeChannelRead(AbstractChannelHandlerContext.java:360)
			at io.netty.channel.DefaultChannelPipeline.fireChannelRead(DefaultChannelPipeline.java:931)
			at io.netty.channel.nio.AbstractNioByteChannel$NioByteUnsafe.read(AbstractNioByteChannel.java:163)
			at io.netty.channel.nio.NioEventLoop.processSelectedKey(NioEventLoop.java:700)
			at io.netty.channel.nio.NioEventLoop.processSelectedKeysOptimized(NioEventLoop.java:635)
			at io.netty.channel.nio.NioEventLoop.processSelectedKeys(NioEventLoop.java:552)
			at io.netty.channel.nio.NioEventLoop.run(NioEventLoop.java:514)
			at io.netty.util.concurrent.SingleThreadEventExecutor$6.run(SingleThreadEventExecutor.java:1050)
			at io.netty.util.internal.ThreadExecutorMap$2.run(ThreadExecutorMap.java:74)
			at io.netty.util.concurrent.FastThreadLocalRunnable.run(FastThreadLocalRunnable.java:30)
			at java.base/java.lang.Thread.run(Unknown Source)
