line 62:0 extraneous input 'abstract' expecting {<EOF>, 'pragma', 'import', 'contract', 'interface', 'library'}
line 88:31 mismatched input '(' expecting {';', '='}
line 93:25 mismatched input '(' expecting {';', '='}
line 127:40 mismatched input '(' expecting {';', '='}
line 163:40 mismatched input '(' expecting {';', '='}
line 186:34 mismatched input '(' expecting {';', '='}
line 203:40 mismatched input '(' expecting {';', '='}
line 205:30 extraneous input 'type' expecting {'~', 'from', '(', '[', 'address', 'calldata', 'var', 'bool', 'string', 'byte', '++', '--', 'new', '+', '-', 'after', 'delete', '!', Int, Uint, Byte, Fixed, Ufixed, BooleanLiteral, DecimalNumber, HexNumber, HexLiteral, Identifier, StringLiteral}
line 206:29 extraneous input 'type' expecting {'~', 'from', '(', '[', 'address', 'calldata', 'var', 'bool', 'string', 'byte', '++', '--', 'new', '+', '-', 'after', 'delete', '!', Int, Uint, Byte, Fixed, Ufixed, BooleanLiteral, DecimalNumber, HexNumber, HexLiteral, Identifier, StringLiteral}
line 207:29 no viable alternative at input 'type'
line 207:45 extraneous input ')' expecting ';'
line 241:13 extraneous input '.' expecting {'from', '{', '}', '(', 'for', 'function', 'address', 'calldata', 'if', 'assembly', 'return', 'byte', 'let', '=:', 'switch', DecimalNumber, HexNumber, HexLiteral, 'break', 'continue', Identifier, StringLiteral}
line 264:0 extraneous input 'abstract' expecting {<EOF>, 'pragma', 'import', 'contract', 'interface', 'library'}
line 333:0 extraneous input 'abstract' expecting {<EOF>, 'pragma', 'import', 'contract', 'interface', 'library'}
line 341:30 extraneous input 'type' expecting {'~', 'from', '(', '[', 'address', 'calldata', 'var', 'bool', 'string', 'byte', '++', '--', 'new', '+', '-', 'after', 'delete', '!', Int, Uint, Byte, Fixed, Ufixed, BooleanLiteral, DecimalNumber, HexNumber, HexLiteral, Identifier, StringLiteral}
line 360:42 mismatched input '(' expecting {';', '='}
line 360:58 mismatched input ',' expecting {';', '='}
line 360:78 extraneous input ')' expecting {';', '='}
line 367:38 mismatched input '(' expecting {';', '='}
line 498:0 extraneous input 'abstract' expecting {<EOF>, 'pragma', 'import', 'contract', 'interface', 'library'}
line 500:24 extraneous input 'account' expecting '=>'
line 509:24 extraneous input 'role' expecting '=>'
line 517:13 extraneous input '.' expecting {<EOF>, 'pragma', '~', 'import', 'from', '{', '}', 'contract', 'interface', 'library', '(', 'using', 'for', 'struct', 'constructor', 'modifier', 'function', 'event', 'enum', '[', 'address', 'mapping', 'calldata', 'if', 'while', 'assembly', 'do', 'return', 'throw', 'emit', 'var', 'bool', 'string', 'byte', '++', '--', 'new', '+', '-', 'after', 'delete', '!', 'let', '=:', 'switch', Int, Uint, Byte, Fixed, Ufixed, BooleanLiteral, DecimalNumber, HexNumber, HexLiteral, 'break', 'continue', Identifier, StringLiteral}
line 537:30 extraneous input 'type' expecting {'~', 'from', '(', '[', 'address', 'calldata', 'var', 'bool', 'string', 'byte', '++', '--', 'new', '+', '-', 'after', 'delete', '!', Int, Uint, Byte, Fixed, Ufixed, BooleanLiteral, DecimalNumber, HexNumber, HexLiteral, Identifier, StringLiteral}
line 562:51 mismatched input '(' expecting {';', '='}
line 626:47 mismatched input '(' expecting {';', '='}
line 699:34 mismatched input '(' expecting {';', '='}
line 699:49 mismatched input ',' expecting {';', '='}
line 699:66 mismatched input ',' expecting {';', '='}
line 699:82 extraneous input ')' expecting {';', '='}
line 705:28 mismatched input '(' expecting {';', '='}
line 705:43 extraneous input ')' expecting {';', '='}
line 711:30 mismatched input '(' expecting {';', '='}
line 711:47 extraneous input ')' expecting {';', '='}
line 719:36 mismatched input '(' expecting {';', '='}
line 719:52 mismatched input ',' expecting {';', '='}
line 719:71 mismatched input ',' expecting {';', '='}
line 719:87 extraneous input ')' expecting {';', '='}
line 725:30 mismatched input '(' expecting {';', '='}
line 725:47 extraneous input ')' expecting {';', '='}
line 731:29 mismatched input '(' expecting {';', '='}
line 731:45 extraneous input ')' expecting {';', '='}
line 744:28 mismatched input '(' expecting {';', '='}
line 744:42 extraneous input ')' expecting {';', '='}
line 750:32 mismatched input '(' expecting {';', '='}
line 750:48 extraneous input ')' expecting {';', '='}
line 758:30 mismatched input '(' expecting {';', '='}
line 758:45 mismatched input ',' expecting {';', '='}
line 758:62 mismatched input ',' expecting {';', '='}
line 758:77 extraneous input ')' expecting {';', '='}
line 764:29 mismatched input '(' expecting {';', '='}
line 764:44 extraneous input ')' expecting {';', '='}
line 770:31 mismatched input '(' expecting {';', '='}
line 770:48 extraneous input ')' expecting {';', '='}
line 777:36 mismatched input '(' expecting {';', '='}
line 777:53 mismatched input ',' expecting {';', '='}
line 777:70 extraneous input ')' expecting {';', '='}
line 783:31 mismatched input '(' expecting {';', '='}
line 783:48 extraneous input ')' expecting {';', '='}
line 789:31 mismatched input '(' expecting {';', '='}
line 789:48 extraneous input ')' expecting {';', '='}
line 804:36 mismatched input '(' expecting {';', '='}
line 804:51 mismatched input ',' expecting {';', '='}
line 804:68 mismatched input ',' expecting {';', '='}
line 804:84 mismatched input ',' expecting {';', '='}
line 804:101 extraneous input ')' expecting {';', '='}
line 810:30 mismatched input '(' expecting {';', '='}
line 810:45 extraneous input ')' expecting {';', '='}
line 816:32 mismatched input '(' expecting {';', '='}
line 816:49 extraneous input ')' expecting {';', '='}
line 823:38 mismatched input '(' expecting {';', '='}
line 823:55 mismatched input ',' expecting {';', '='}
line 823:70 extraneous input ')' expecting {';', '='}
line 829:32 mismatched input '(' expecting {';', '='}
line 829:49 extraneous input ')' expecting {';', '='}
line 835:32 mismatched input '(' expecting {';', '='}
line 835:49 extraneous input ')' expecting {';', '='}
line 843:35 mismatched input '(' expecting {';', '='}
line 843:53 mismatched input ',' expecting {';', '='}
line 843:75 extraneous input ')' expecting {';', '='}
line 1077:12 extraneous input 'try' expecting {'~', 'from', '{', '}', '(', 'for', 'function', '[', 'address', 'mapping', 'calldata', 'if', 'while', 'assembly', 'do', 'return', 'throw', 'emit', 'var', 'bool', 'string', 'byte', '++', '--', 'new', '+', '-', 'after', 'delete', '!', Int, Uint, Byte, Fixed, Ufixed, BooleanLiteral, DecimalNumber, HexNumber, HexLiteral, 'break', 'continue', Identifier, StringLiteral}
line 1077:84 mismatched input 'returns' expecting ';'
line 1077:108 mismatched input '{' expecting {';', '='}
line 1080:40 mismatched input '.' expecting {';', '='}
line 1082:14 extraneous input 'catch' expecting {'~', 'from', '{', '}', '(', 'for', 'function', '[', 'address', 'mapping', 'calldata', 'if', 'while', 'assembly', 'do', 'return', 'throw', 'emit', 'var', 'bool', 'string', 'byte', '++', '--', 'new', '+', '-', 'after', 'delete', '!', Int, Uint, Byte, Fixed, Ufixed, BooleanLiteral, DecimalNumber, HexNumber, HexLiteral, 'break', 'continue', Identifier, StringLiteral}
line 1082:42 mismatched input '{' expecting {';', '='}
line 1085:40 mismatched input '.' expecting {';', '='}
line 1087:29 extraneous input '(' expecting {'{', StringLiteral}
line 1087:43 extraneous input ')' expecting '{'
line 1121:40 mismatched input '(' expecting {';', '='}
line 1121:51 mismatched input ',' expecting {';', '='}
line 1121:66 extraneous input ')' expecting {';', '='}
line 1126:37 mismatched input '(' expecting {';', '='}
line 1126:50 extraneous input ')' expecting {';', '='}
line 1131:39 mismatched input '(' expecting {';', '='}
line 1131:50 mismatched input ',' expecting {';', '='}
line 1131:64 extraneous input ')' expecting {';', '='}
line 1136:37 mismatched input '(' expecting {';', '='}
line 1136:51 extraneous input ')' expecting {';', '='}
line 1149:20 extraneous input 'type' expecting {'~', 'from', '(', '[', 'address', 'calldata', 'var', 'bool', 'string', 'byte', '++', '--', 'new', '+', '-', 'after', 'delete', '!', Int, Uint, Byte, Fixed, Ufixed, BooleanLiteral, DecimalNumber, HexNumber, HexLiteral, Identifier, StringLiteral}
line 1150:49 mismatched input '(' expecting {';', '='}
line 1166:20 extraneous input 'type' expecting {'~', 'from', '(', '[', 'address', 'calldata', 'var', 'bool', 'string', 'byte', '++', '--', 'new', '+', '-', 'after', 'delete', '!', Int, Uint, Byte, Fixed, Ufixed, BooleanLiteral, DecimalNumber, HexNumber, HexLiteral, Identifier, StringLiteral}
line 1167:49 mismatched input '(' expecting {';', '='}
line 1183:20 extraneous input 'type' expecting {'~', 'from', '(', '[', 'address', 'calldata', 'var', 'bool', 'string', 'byte', '++', '--', 'new', '+', '-', 'after', 'delete', '!', Int, Uint, Byte, Fixed, Ufixed, BooleanLiteral, DecimalNumber, HexNumber, HexLiteral, Identifier, StringLiteral}
line 1184:49 mismatched input '(' expecting {';', '='}
line 1200:20 extraneous input 'type' expecting {'~', 'from', '(', '[', 'address', 'calldata', 'var', 'bool', 'string', 'byte', '++', '--', 'new', '+', '-', 'after', 'delete', '!', Int, Uint, Byte, Fixed, Ufixed, BooleanLiteral, DecimalNumber, HexNumber, HexLiteral, Identifier, StringLiteral}
line 1201:49 mismatched input '(' expecting {';', '='}
line 1217:20 extraneous input 'type' expecting {'~', 'from', '(', '[', 'address', 'calldata', 'var', 'bool', 'string', 'byte', '++', '--', 'new', '+', '-', 'after', 'delete', '!', Int, Uint, Byte, Fixed, Ufixed, BooleanLiteral, DecimalNumber, HexNumber, HexLiteral, Identifier, StringLiteral}
line 1218:49 mismatched input '(' expecting {';', '='}
line 1234:20 extraneous input 'type' expecting {'~', 'from', '(', '[', 'address', 'calldata', 'var', 'bool', 'string', 'byte', '++', '--', 'new', '+', '-', 'after', 'delete', '!', Int, Uint, Byte, Fixed, Ufixed, BooleanLiteral, DecimalNumber, HexNumber, HexLiteral, Identifier, StringLiteral}
line 1235:49 mismatched input '(' expecting {';', '='}
line 1251:20 extraneous input 'type' expecting {'~', 'from', '(', '[', 'address', 'calldata', 'var', 'bool', 'string', 'byte', '++', '--', 'new', '+', '-', 'after', 'delete', '!', Int, Uint, Byte, Fixed, Ufixed, BooleanLiteral, DecimalNumber, HexNumber, HexLiteral, Identifier, StringLiteral}
line 1252:49 mismatched input '(' expecting {';', '='}
line 1268:20 extraneous input 'type' expecting {'~', 'from', '(', '[', 'address', 'calldata', 'var', 'bool', 'string', 'byte', '++', '--', 'new', '+', '-', 'after', 'delete', '!', Int, Uint, Byte, Fixed, Ufixed, BooleanLiteral, DecimalNumber, HexNumber, HexLiteral, Identifier, StringLiteral}
line 1269:49 mismatched input '(' expecting {';', '='}
line 1285:20 extraneous input 'type' expecting {'~', 'from', '(', '[', 'address', 'calldata', 'var', 'bool', 'string', 'byte', '++', '--', 'new', '+', '-', 'after', 'delete', '!', Int, Uint, Byte, Fixed, Ufixed, BooleanLiteral, DecimalNumber, HexNumber, HexLiteral, Identifier, StringLiteral}
line 1286:49 mismatched input '(' expecting {';', '='}
line 1302:20 extraneous input 'type' expecting {'~', 'from', '(', '[', 'address', 'calldata', 'var', 'bool', 'string', 'byte', '++', '--', 'new', '+', '-', 'after', 'delete', '!', Int, Uint, Byte, Fixed, Ufixed, BooleanLiteral, DecimalNumber, HexNumber, HexLiteral, Identifier, StringLiteral}
line 1303:49 mismatched input '(' expecting {';', '='}
line 1319:20 extraneous input 'type' expecting {'~', 'from', '(', '[', 'address', 'calldata', 'var', 'bool', 'string', 'byte', '++', '--', 'new', '+', '-', 'after', 'delete', '!', Int, Uint, Byte, Fixed, Ufixed, BooleanLiteral, DecimalNumber, HexNumber, HexLiteral, Identifier, StringLiteral}
line 1320:49 mismatched input '(' expecting {';', '='}
line 1336:20 extraneous input 'type' expecting {'~', 'from', '(', '[', 'address', 'calldata', 'var', 'bool', 'string', 'byte', '++', '--', 'new', '+', '-', 'after', 'delete', '!', Int, Uint, Byte, Fixed, Ufixed, BooleanLiteral, DecimalNumber, HexNumber, HexLiteral, Identifier, StringLiteral}
line 1337:49 mismatched input '(' expecting {';', '='}
line 1353:20 extraneous input 'type' expecting {'~', 'from', '(', '[', 'address', 'calldata', 'var', 'bool', 'string', 'byte', '++', '--', 'new', '+', '-', 'after', 'delete', '!', Int, Uint, Byte, Fixed, Ufixed, BooleanLiteral, DecimalNumber, HexNumber, HexLiteral, Identifier, StringLiteral}
line 1354:49 mismatched input '(' expecting {';', '='}
line 1370:20 extraneous input 'type' expecting {'~', 'from', '(', '[', 'address', 'calldata', 'var', 'bool', 'string', 'byte', '++', '--', 'new', '+', '-', 'after', 'delete', '!', Int, Uint, Byte, Fixed, Ufixed, BooleanLiteral, DecimalNumber, HexNumber, HexLiteral, Identifier, StringLiteral}
line 1371:49 mismatched input '(' expecting {';', '='}
line 1387:20 extraneous input 'type' expecting {'~', 'from', '(', '[', 'address', 'calldata', 'var', 'bool', 'string', 'byte', '++', '--', 'new', '+', '-', 'after', 'delete', '!', Int, Uint, Byte, Fixed, Ufixed, BooleanLiteral, DecimalNumber, HexNumber, HexLiteral, Identifier, StringLiteral}
line 1388:49 mismatched input '(' expecting {';', '='}
line 1404:20 extraneous input 'type' expecting {'~', 'from', '(', '[', 'address', 'calldata', 'var', 'bool', 'string', 'byte', '++', '--', 'new', '+', '-', 'after', 'delete', '!', Int, Uint, Byte, Fixed, Ufixed, BooleanLiteral, DecimalNumber, HexNumber, HexLiteral, Identifier, StringLiteral}
line 1405:49 mismatched input '(' expecting {';', '='}
line 1421:20 extraneous input 'type' expecting {'~', 'from', '(', '[', 'address', 'calldata', 'var', 'bool', 'string', 'byte', '++', '--', 'new', '+', '-', 'after', 'delete', '!', Int, Uint, Byte, Fixed, Ufixed, BooleanLiteral, DecimalNumber, HexNumber, HexLiteral, Identifier, StringLiteral}
line 1422:49 mismatched input '(' expecting {';', '='}
line 1438:20 extraneous input 'type' expecting {'~', 'from', '(', '[', 'address', 'calldata', 'var', 'bool', 'string', 'byte', '++', '--', 'new', '+', '-', 'after', 'delete', '!', Int, Uint, Byte, Fixed, Ufixed, BooleanLiteral, DecimalNumber, HexNumber, HexLiteral, Identifier, StringLiteral}
line 1439:49 mismatched input '(' expecting {';', '='}
line 1455:20 extraneous input 'type' expecting {'~', 'from', '(', '[', 'address', 'calldata', 'var', 'bool', 'string', 'byte', '++', '--', 'new', '+', '-', 'after', 'delete', '!', Int, Uint, Byte, Fixed, Ufixed, BooleanLiteral, DecimalNumber, HexNumber, HexLiteral, Identifier, StringLiteral}
line 1456:49 mismatched input '(' expecting {';', '='}
line 1472:20 extraneous input 'type' expecting {'~', 'from', '(', '[', 'address', 'calldata', 'var', 'bool', 'string', 'byte', '++', '--', 'new', '+', '-', 'after', 'delete', '!', Int, Uint, Byte, Fixed, Ufixed, BooleanLiteral, DecimalNumber, HexNumber, HexLiteral, Identifier, StringLiteral}
line 1473:49 mismatched input '(' expecting {';', '='}
line 1489:20 extraneous input 'type' expecting {'~', 'from', '(', '[', 'address', 'calldata', 'var', 'bool', 'string', 'byte', '++', '--', 'new', '+', '-', 'after', 'delete', '!', Int, Uint, Byte, Fixed, Ufixed, BooleanLiteral, DecimalNumber, HexNumber, HexLiteral, Identifier, StringLiteral}
line 1490:49 mismatched input '(' expecting {';', '='}
line 1506:20 extraneous input 'type' expecting {'~', 'from', '(', '[', 'address', 'calldata', 'var', 'bool', 'string', 'byte', '++', '--', 'new', '+', '-', 'after', 'delete', '!', Int, Uint, Byte, Fixed, Ufixed, BooleanLiteral, DecimalNumber, HexNumber, HexLiteral, Identifier, StringLiteral}
line 1507:49 mismatched input '(' expecting {';', '='}
line 1523:20 extraneous input 'type' expecting {'~', 'from', '(', '[', 'address', 'calldata', 'var', 'bool', 'string', 'byte', '++', '--', 'new', '+', '-', 'after', 'delete', '!', Int, Uint, Byte, Fixed, Ufixed, BooleanLiteral, DecimalNumber, HexNumber, HexLiteral, Identifier, StringLiteral}
line 1524:49 mismatched input '(' expecting {';', '='}
line 1540:20 extraneous input 'type' expecting {'~', 'from', '(', '[', 'address', 'calldata', 'var', 'bool', 'string', 'byte', '++', '--', 'new', '+', '-', 'after', 'delete', '!', Int, Uint, Byte, Fixed, Ufixed, BooleanLiteral, DecimalNumber, HexNumber, HexLiteral, Identifier, StringLiteral}
line 1541:49 mismatched input '(' expecting {';', '='}
line 1557:20 extraneous input 'type' expecting {'~', 'from', '(', '[', 'address', 'calldata', 'var', 'bool', 'string', 'byte', '++', '--', 'new', '+', '-', 'after', 'delete', '!', Int, Uint, Byte, Fixed, Ufixed, BooleanLiteral, DecimalNumber, HexNumber, HexLiteral, Identifier, StringLiteral}
line 1558:49 mismatched input '(' expecting {';', '='}
line 1574:20 extraneous input 'type' expecting {'~', 'from', '(', '[', 'address', 'calldata', 'var', 'bool', 'string', 'byte', '++', '--', 'new', '+', '-', 'after', 'delete', '!', Int, Uint, Byte, Fixed, Ufixed, BooleanLiteral, DecimalNumber, HexNumber, HexLiteral, Identifier, StringLiteral}
line 1575:49 mismatched input '(' expecting {';', '='}
line 1591:20 extraneous input 'type' expecting {'~', 'from', '(', '[', 'address', 'calldata', 'var', 'bool', 'string', 'byte', '++', '--', 'new', '+', '-', 'after', 'delete', '!', Int, Uint, Byte, Fixed, Ufixed, BooleanLiteral, DecimalNumber, HexNumber, HexLiteral, Identifier, StringLiteral}
line 1592:49 mismatched input '(' expecting {';', '='}
line 1608:20 extraneous input 'type' expecting {'~', 'from', '(', '[', 'address', 'calldata', 'var', 'bool', 'string', 'byte', '++', '--', 'new', '+', '-', 'after', 'delete', '!', Int, Uint, Byte, Fixed, Ufixed, BooleanLiteral, DecimalNumber, HexNumber, HexLiteral, Identifier, StringLiteral}
line 1609:49 mismatched input '(' expecting {';', '='}
line 1625:20 extraneous input 'type' expecting {'~', 'from', '(', '[', 'address', 'calldata', 'var', 'bool', 'string', 'byte', '++', '--', 'new', '+', '-', 'after', 'delete', '!', Int, Uint, Byte, Fixed, Ufixed, BooleanLiteral, DecimalNumber, HexNumber, HexLiteral, Identifier, StringLiteral}
line 1626:49 mismatched input '(' expecting {';', '='}
line 1642:20 extraneous input 'type' expecting {'~', 'from', '(', '[', 'address', 'calldata', 'var', 'bool', 'string', 'byte', '++', '--', 'new', '+', '-', 'after', 'delete', '!', Int, Uint, Byte, Fixed, Ufixed, BooleanLiteral, DecimalNumber, HexNumber, HexLiteral, Identifier, StringLiteral}
line 1643:49 mismatched input '(' expecting {';', '='}
line 1659:20 extraneous input 'type' expecting {'~', 'from', '(', '[', 'address', 'calldata', 'var', 'bool', 'string', 'byte', '++', '--', 'new', '+', '-', 'after', 'delete', '!', Int, Uint, Byte, Fixed, Ufixed, BooleanLiteral, DecimalNumber, HexNumber, HexLiteral, Identifier, StringLiteral}
line 1660:49 mismatched input '(' expecting {';', '='}
line 1674:46 mismatched input '(' expecting {';', '='}
line 1693:48 mismatched input '(' expecting {';', '='}
line 1711:48 mismatched input '(' expecting {';', '='}
line 1729:48 mismatched input '(' expecting {';', '='}
line 1747:48 mismatched input '(' expecting {';', '='}
line 1765:48 mismatched input '(' expecting {';', '='}
line 1783:48 mismatched input '(' expecting {';', '='}
line 1801:48 mismatched input '(' expecting {';', '='}
line 1819:48 mismatched input '(' expecting {';', '='}
line 1837:48 mismatched input '(' expecting {';', '='}
line 1855:48 mismatched input '(' expecting {';', '='}
line 1873:48 mismatched input '(' expecting {';', '='}
line 1891:48 mismatched input '(' expecting {';', '='}
line 1909:48 mismatched input '(' expecting {';', '='}
line 1927:48 mismatched input '(' expecting {';', '='}
line 1945:48 mismatched input '(' expecting {';', '='}
line 1963:48 mismatched input '(' expecting {';', '='}
line 1981:48 mismatched input '(' expecting {';', '='}
line 1999:48 mismatched input '(' expecting {';', '='}
line 2017:48 mismatched input '(' expecting {';', '='}
line 2035:48 mismatched input '(' expecting {';', '='}
line 2053:48 mismatched input '(' expecting {';', '='}
line 2071:48 mismatched input '(' expecting {';', '='}
line 2089:48 mismatched input '(' expecting {';', '='}
line 2107:48 mismatched input '(' expecting {';', '='}
line 2125:48 mismatched input '(' expecting {';', '='}
line 2143:48 mismatched input '(' expecting {';', '='}
line 2161:48 mismatched input '(' expecting {';', '='}
line 2179:48 mismatched input '(' expecting {';', '='}
line 2197:48 mismatched input '(' expecting {';', '='}
line 2215:48 mismatched input '(' expecting {';', '='}
line 2233:48 mismatched input '(' expecting {';', '='}
line 2246:27 missing ')' at '('
line 2246:44 mismatched input ')' expecting ';'
line 2247:46 mismatched input '(' expecting {';', '='}
line 2256:17 extraneous input '(' expecting {'{', StringLiteral}
line 2256:31 extraneous input ')' expecting '{'
line 2315:17 extraneous input '(' expecting {'{', StringLiteral}
line 2315:31 extraneous input ')' expecting '{'
line 2349:17 extraneous input '(' expecting {'{', StringLiteral}
line 2349:31 extraneous input ')' expecting '{'
line 2364:17 extraneous input '(' expecting {'{', StringLiteral}
line 2364:31 extraneous input ')' expecting '{'
line 2375:18 no viable alternative at input 'unchecked{'
line 2386:18 no viable alternative at input 'unchecked{'
line 2397:18 no viable alternative at input 'unchecked{'
line 2399:21 extraneous input '(' expecting {'{', StringLiteral}
line 2399:35 extraneous input ')' expecting '{'
line 2413:18 no viable alternative at input 'unchecked{'
line 2415:21 extraneous input '(' expecting {'{', StringLiteral}
line 2415:35 extraneous input ')' expecting '{'
line 2426:18 no viable alternative at input 'unchecked{'
line 2428:21 extraneous input '(' expecting {'{', StringLiteral}
line 2428:35 extraneous input ')' expecting '{'
line 2440:22 missing ';' at '('
line 2440:40 extraneous input 'type' expecting {'~', 'from', ',', '(', ')', '[', 'address', 'calldata', 'var', 'bool', 'string', 'byte', '++', '--', 'new', '+', '-', 'after', 'delete', '!', Int, Uint, Byte, Fixed, Ufixed, BooleanLiteral, DecimalNumber, HexNumber, HexLiteral, Identifier, StringLiteral}
line 2456:22 missing ';' at '('
line 2456:40 extraneous input 'type' expecting {'~', 'from', ',', '(', ')', '[', 'address', 'calldata', 'var', 'bool', 'string', 'byte', '++', '--', 'new', '+', '-', 'after', 'delete', '!', Int, Uint, Byte, Fixed, Ufixed, BooleanLiteral, DecimalNumber, HexNumber, HexLiteral, Identifier, StringLiteral}
line 2467:18 no viable alternative at input 'unchecked{'
line 2515:18 no viable alternative at input 'unchecked{'
line 2528:18 no viable alternative at input 'unchecked{'
line 2550:21 extraneous input '(' expecting {'{', StringLiteral}
line 2550:35 extraneous input ')' expecting '{'
line 2563:21 extraneous input '(' expecting {'{', StringLiteral}
line 2563:35 extraneous input ')' expecting '{'
line 2611:18 no viable alternative at input 'unchecked{'
line 2639:18 no viable alternative at input 'unchecked{'
line 2696:18 no viable alternative at input 'unchecked{'
line 2734:17 extraneous input '(' expecting {'{', StringLiteral}
line 2734:31 extraneous input ')' expecting '{'
line 2784:17 extraneous input '(' expecting {'{', StringLiteral}
line 2784:31 extraneous input ')' expecting '{'
line 2816:18 no viable alternative at input 'unchecked{'
line 2925:18 no viable alternative at input 'unchecked{'
line 2971:17 extraneous input '(' expecting {'{', StringLiteral}
line 2971:31 extraneous input ')' expecting '{'
line 2981:18 no viable alternative at input 'unchecked{'
line 2993:18 no viable alternative at input 'unchecked{'
line 3030:18 no viable alternative at input 'unchecked{'
line 3060:18 no viable alternative at input 'unchecked{'
line 3094:18 no viable alternative at input 'unchecked{'
line 3130:18 no viable alternative at input 'unchecked{'
line 3174:38 mismatched input '(' expecting {';', '='}
line 3174:52 mismatched input ',' expecting {';', '='}
line 3174:68 extraneous input ')' expecting {';', '='}
line 3179:28 mismatched input '(' expecting {';', '='}
line 3184:37 mismatched input '(' expecting {';', '='}
line 3190:18 no viable alternative at input 'unchecked{'
line 3194:21 extraneous input '(' expecting {'{', StringLiteral}
line 3194:35 extraneous input ')' expecting '{'
line 3199:25 extraneous input '(' expecting {'{', StringLiteral}
line 3199:39 extraneous input ')' expecting '{'
line 3220:18 no viable alternative at input 'unchecked{'
line 3238:47 mismatched input '(' expecting {';', '='}
line 3260:17 extraneous input '(' expecting {'{', StringLiteral}
line 3260:31 extraneous input ')' expecting '{'
line 3303:47 mismatched input '(' expecting {';', '='}
line 3373:47 mismatched input '(' expecting {';', '='}
ANTLR runtime and generated code versions disagree: 4.9.2!=4.7.2
line 3426:26 extraneous input 'type' expecting {'~', 'from', ',', '(', ')', '[', 'address', 'calldata', 'var', 'bool', 'string', 'byte', '++', '--', 'new', '+', '-', 'after', 'delete', '!', Int, Uint, Byte, Fixed, Ufixed, BooleanLiteral, DecimalNumber, HexNumber, HexLiteral, Identifier, StringLiteral}
ANTLR runtime and generated code versions disagree: 4.9.2!=4.7.2
line 3451:47 mismatched input '(' expecting {';', '='}
line 3499:22 no viable alternative at input 'unchecked{'
line 3527:56 mismatched input '(' expecting {';', '='}
line 3571:18 no viable alternative at input 'unchecked{'
line 3575:24 extraneous input 'type' expecting {';', '~', 'from', '(', '[', 'address', 'calldata', 'var', 'bool', 'string', 'byte', '++', '--', 'new', '+', '-', 'after', 'delete', '!', Int, Uint, Byte, Fixed, Ufixed, BooleanLiteral, DecimalNumber, HexNumber, HexLiteral, Identifier, StringLiteral}
line 3614:17 extraneous input '(' expecting {'{', StringLiteral}
line 3614:31 extraneous input ')' expecting '{'
line 3630:17 extraneous input '(' expecting {'{', StringLiteral}
line 3630:31 extraneous input ')' expecting '{'
line 3657:0 extraneous input 'abstract' expecting {<EOF>, 'pragma', 'import', 'contract', 'interface', 'library'}
line 3668:24 extraneous input 'tokenId' expecting '=>'
line 3670:24 extraneous input 'owner' expecting '=>'
line 3672:24 extraneous input 'tokenId' expecting '=>'
line 3674:24 extraneous input 'owner' expecting '=>'
line 3674:49 extraneous input 'operator' expecting '=>'
line 3682:13 extraneous input '.' expecting {<EOF>, 'pragma', '~', 'import', 'from', '{', '}', 'contract', 'interface', 'library', '(', 'using', 'for', 'struct', 'constructor', 'modifier', 'function', 'event', 'enum', '[', 'address', 'mapping', 'calldata', 'if', 'while', 'assembly', 'do', 'return', 'throw', 'emit', 'var', 'bool', 'string', 'byte', '++', '--', 'new', '+', '-', 'after', 'delete', '!', 'let', '=:', 'switch', Int, Uint, Byte, Fixed, Ufixed, BooleanLiteral, DecimalNumber, HexNumber, HexLiteral, 'break', 'continue', Identifier, StringLiteral}
line 3702:27 extraneous input 'type' expecting {'~', 'from', '(', '[', 'address', 'calldata', 'var', 'bool', 'string', 'byte', '++', '--', 'new', '+', '-', 'after', 'delete', '!', Int, Uint, Byte, Fixed, Ufixed, BooleanLiteral, DecimalNumber, HexNumber, HexLiteral, Identifier, StringLiteral}
line 3703:27 extraneous input 'type' expecting {'~', 'from', '(', '[', 'address', 'calldata', 'var', 'bool', 'string', 'byte', '++', '--', 'new', '+', '-', 'after', 'delete', '!', Int, Uint, Byte, Fixed, Ufixed, BooleanLiteral, DecimalNumber, HexNumber, HexLiteral, Identifier, StringLiteral}
line 3711:37 mismatched input '(' expecting {';', '='}
line 3776:40 mismatched input '(' expecting {';', '='}
line 3782:39 mismatched input '(' expecting {';', '='}
line 3843:45 mismatched input '(' expecting {';', '='}
line 3845:49 mismatched input '(' expecting {';', '='}
line 3862:18 no viable alternative at input 'unchecked{'
line 3892:22 no viable alternative at input 'unchecked{'
line 3898:22 no viable alternative at input 'unchecked{'
line 3924:40 mismatched input '(' expecting {';', '='}
line 3928:38 mismatched input '(' expecting {';', '='}
line 3969:41 mismatched input '(' expecting {';', '='}
line 3986:40 mismatched input '(' expecting {';', '='}
line 3990:41 mismatched input '(' expecting {';', '='}
line 3992:39 mismatched input '(' expecting {';', '='}
line 4054:44 mismatched input '(' expecting {';', '='}
line 4076:40 mismatched input '(' expecting {';', '='}
line 4091:41 mismatched input '(' expecting {';', '='}
line 4111:0 extraneous input 'abstract' expecting {<EOF>, 'pragma', 'import', 'contract', 'interface', 'library'}
line 4180:0 extraneous input 'abstract' expecting {<EOF>, 'pragma', 'import', 'contract', 'interface', 'library'}
line 4183:24 extraneous input 'owner' expecting '=>'
line 4183:49 extraneous input 'index' expecting '=>'
line 4184:24 extraneous input 'tokenId' expecting '=>'
line 4187:24 extraneous input 'tokenId' expecting '=>'
line 4195:13 extraneous input '.' expecting {<EOF>, 'pragma', '~', 'import', 'from', '{', '}', 'contract', 'interface', 'library', '(', 'using', 'for', 'struct', 'constructor', 'modifier', 'function', 'event', 'enum', '[', 'address', 'mapping', 'calldata', 'if', 'while', 'assembly', 'do', 'return', 'throw', 'emit', 'var', 'bool', 'string', 'byte', '++', '--', 'new', '+', '-', 'after', 'delete', '!', 'let', '=:', 'switch', Int, Uint, Byte, Fixed, Ufixed, BooleanLiteral, DecimalNumber, HexNumber, HexLiteral, 'break', 'continue', Identifier, StringLiteral}
line 4204:32 mismatched input '(' expecting {';', '='}
line 4204:46 mismatched input ',' expecting {';', '='}
line 4204:61 extraneous input ')' expecting {';', '='}
line 4209:44 mismatched input '(' expecting {';', '='}
line 4218:30 extraneous input 'type' expecting {'~', 'from', '(', '[', 'address', 'calldata', 'var', 'bool', 'string', 'byte', '++', '--', 'new', '+', '-', 'after', 'delete', '!', Int, Uint, Byte, Fixed, Ufixed, BooleanLiteral, DecimalNumber, HexNumber, HexLiteral, Identifier, StringLiteral}
line 4225:41 mismatched input '(' expecting {';', '='}
line 4240:41 mismatched input '(' expecting {';', '='}
line 4301:24 extraneous input 'index' expecting '=>'
line 4347:53 mismatched input '(' expecting {';', '='}
line 4371:0 extraneous input 'abstract' expecting {<EOF>, 'pragma', 'import', 'contract', 'interface', 'library'}
line 4382:13 extraneous input '.' expecting {<EOF>, 'pragma', '~', 'import', 'from', '{', '}', 'contract', 'interface', 'library', '(', 'using', 'for', 'struct', 'constructor', 'modifier', 'function', 'event', 'enum', '[', 'address', 'mapping', 'calldata', 'if', 'while', 'assembly', 'do', 'return', 'throw', 'emit', 'var', 'bool', 'string', 'byte', '++', '--', 'new', '+', '-', 'after', 'delete', '!', 'let', '=:', 'switch', Int, Uint, Byte, Fixed, Ufixed, BooleanLiteral, DecimalNumber, HexNumber, HexLiteral, 'break', 'continue', Identifier, StringLiteral}
line 4399:23 mismatched input '(' expecting {';', '='}
line 4404:23 mismatched input '(' expecting {';', '='}
line 4448:32 mismatched input '(' expecting {';', '='}
line 4457:32 mismatched input '(' expecting {';', '='}
line 4511:0 extraneous input 'abstract' expecting {<EOF>, 'pragma', 'import', 'contract', 'interface', 'library'}
line 4587:0 extraneous input 'abstract' expecting {<EOF>, 'pragma', 'import', 'contract', 'interface', 'library'}
line 4597:24 extraneous input 'tokenId' expecting '=>'
line 4605:13 extraneous input '.' expecting {<EOF>, 'pragma', '~', 'import', 'from', '{', '}', 'contract', 'interface', 'library', '(', 'using', 'for', 'struct', 'constructor', 'modifier', 'function', 'event', 'enum', '[', 'address', 'mapping', 'calldata', 'if', 'while', 'assembly', 'do', 'return', 'throw', 'emit', 'var', 'bool', 'string', 'byte', '++', '--', 'new', '+', '-', 'after', 'delete', '!', 'let', '=:', 'switch', Int, Uint, Byte, Fixed, Ufixed, BooleanLiteral, DecimalNumber, HexNumber, HexLiteral, 'break', 'continue', Identifier, StringLiteral}
line 4684:13 extraneous input '.' expecting {<EOF>, 'pragma', '~', 'import', 'from', '{', '}', 'contract', 'interface', 'library', '(', 'using', 'for', 'struct', 'constructor', 'modifier', 'function', 'event', 'enum', '[', 'address', 'mapping', 'calldata', 'if', 'while', 'assembly', 'do', 'return', 'throw', 'emit', 'var', 'bool', 'string', 'byte', '++', '--', 'new', '+', '-', 'after', 'delete', '!', 'let', '=:', 'switch', Int, Uint, Byte, Fixed, Ufixed, BooleanLiteral, DecimalNumber, HexNumber, HexLiteral, 'break', 'continue', Identifier, StringLiteral}
Traceback (most recent call last):
  File "conkas.py", line 143, in <module>
    main()
  File "conkas.py", line 80, in main
    solc_version = get_solc_version_string(file)
  File "conkas.py", line 21, in get_solc_version_string
    parsed = parse(file.read().decode('utf-8'))
  File "/usr/local/lib/python3.8/dist-packages/solidity_parser/parser.py", line 1023, in parse
    return ast.visit(getattr(parser, start)())
  File "/usr/local/lib/python3.8/dist-packages/solidity_parser/parser.py", line 92, in visit
    return super().visit(tree)
  File "/usr/local/lib/python3.8/dist-packages/antlr4/tree/Tree.py", line 34, in visit
    return tree.accept(self)
  File "/usr/local/lib/python3.8/dist-packages/solidity_parser/solidity_antlr4/SolidityParser.py", line 842, in accept
    return visitor.visitSourceUnit(self)
  File "/usr/local/lib/python3.8/dist-packages/solidity_parser/parser.py", line 114, in visitSourceUnit
    children=self.visit(ctx.children[:-1]))  # skip EOF
  File "/usr/local/lib/python3.8/dist-packages/solidity_parser/parser.py", line 90, in visit
    return self._visit_nodes(tree)
  File "/usr/local/lib/python3.8/dist-packages/solidity_parser/parser.py", line 104, in _visit_nodes
    childResult = c.accept(self)
  File "/usr/local/lib/python3.8/dist-packages/solidity_parser/solidity_antlr4/SolidityParser.py", line 1475, in accept
    return visitor.visitContractDefinition(self)
  File "/usr/local/lib/python3.8/dist-packages/solidity_parser/parser.py", line 995, in visitContractDefinition
    subNodes=self.visit(ctx.contractPart()),
  File "/usr/local/lib/python3.8/dist-packages/solidity_parser/parser.py", line 90, in visit
    return self._visit_nodes(tree)
  File "/usr/local/lib/python3.8/dist-packages/solidity_parser/parser.py", line 104, in _visit_nodes
    childResult = c.accept(self)
  File "/usr/local/lib/python3.8/dist-packages/solidity_parser/solidity_antlr4/SolidityParser.py", line 1673, in accept
    return visitor.visitContractPart(self)
  File "/usr/local/lib/python3.8/dist-packages/solidity_parser/parser.py", line 144, in visitContractPart
    return self.visit(ctx.children[0])
  File "/usr/local/lib/python3.8/dist-packages/solidity_parser/parser.py", line 92, in visit
    return super().visit(tree)
  File "/usr/local/lib/python3.8/dist-packages/antlr4/tree/Tree.py", line 34, in visit
    return tree.accept(self)
  File "/usr/local/lib/python3.8/dist-packages/solidity_parser/solidity_antlr4/SolidityParser.py", line 2247, in accept
    return visitor.visitFunctionDefinition(self)
  File "/usr/local/lib/python3.8/dist-packages/solidity_parser/parser.py", line 183, in visitFunctionDefinition
    block = self.visit(ctx.block()) if ctx.block() else []
  File "/usr/local/lib/python3.8/dist-packages/solidity_parser/parser.py", line 92, in visit
    return super().visit(tree)
  File "/usr/local/lib/python3.8/dist-packages/antlr4/tree/Tree.py", line 34, in visit
    return tree.accept(self)
  File "/usr/local/lib/python3.8/dist-packages/solidity_parser/solidity_antlr4/SolidityParser.py", line 3659, in accept
    return visitor.visitBlock(self)
  File "/usr/local/lib/python3.8/dist-packages/solidity_parser/parser.py", line 409, in visitBlock
    statements=self.visit(ctx.statement()))
  File "/usr/local/lib/python3.8/dist-packages/solidity_parser/parser.py", line 90, in visit
    return self._visit_nodes(tree)
  File "/usr/local/lib/python3.8/dist-packages/solidity_parser/parser.py", line 104, in _visit_nodes
    childResult = c.accept(self)
  File "/usr/local/lib/python3.8/dist-packages/solidity_parser/solidity_antlr4/SolidityParser.py", line 3763, in accept
    return visitor.visitStatement(self)
  File "/usr/local/lib/python3.8/dist-packages/solidity_parser/parser.py", line 447, in visitStatement
    return self.visit(ctx.getChild(0))
  File "/usr/local/lib/python3.8/dist-packages/solidity_parser/parser.py", line 92, in visit
    return super().visit(tree)
  File "/usr/local/lib/python3.8/dist-packages/antlr4/tree/Tree.py", line 34, in visit
    return tree.accept(self)
  File "/usr/local/lib/python3.8/dist-packages/solidity_parser/solidity_antlr4/SolidityParser.py", line 3929, in accept
    return visitor.visitIfStatement(self)
  File "/usr/local/lib/python3.8/dist-packages/solidity_parser/parser.py", line 384, in visitIfStatement
    TrueBody = self.visit(ctx.statement(0))
  File "/usr/local/lib/python3.8/dist-packages/solidity_parser/parser.py", line 92, in visit
    return super().visit(tree)
  File "/usr/local/lib/python3.8/dist-packages/antlr4/tree/Tree.py", line 34, in visit
    return tree.accept(self)
  File "/usr/local/lib/python3.8/dist-packages/solidity_parser/solidity_antlr4/SolidityParser.py", line 3763, in accept
    return visitor.visitStatement(self)
  File "/usr/local/lib/python3.8/dist-packages/solidity_parser/parser.py", line 447, in visitStatement
    return self.visit(ctx.getChild(0))
  File "/usr/local/lib/python3.8/dist-packages/solidity_parser/parser.py", line 92, in visit
    return super().visit(tree)
  File "/usr/local/lib/python3.8/dist-packages/antlr4/tree/Tree.py", line 34, in visit
    return tree.accept(self)
  File "/usr/local/lib/python3.8/dist-packages/solidity_parser/solidity_antlr4/SolidityParser.py", line 3659, in accept
    return visitor.visitBlock(self)
  File "/usr/local/lib/python3.8/dist-packages/solidity_parser/parser.py", line 409, in visitBlock
    statements=self.visit(ctx.statement()))
  File "/usr/local/lib/python3.8/dist-packages/solidity_parser/parser.py", line 90, in visit
    return self._visit_nodes(tree)
  File "/usr/local/lib/python3.8/dist-packages/solidity_parser/parser.py", line 104, in _visit_nodes
    childResult = c.accept(self)
  File "/usr/local/lib/python3.8/dist-packages/solidity_parser/solidity_antlr4/SolidityParser.py", line 3763, in accept
    return visitor.visitStatement(self)
  File "/usr/local/lib/python3.8/dist-packages/solidity_parser/parser.py", line 447, in visitStatement
    return self.visit(ctx.getChild(0))
  File "/usr/local/lib/python3.8/dist-packages/solidity_parser/parser.py", line 92, in visit
    return super().visit(tree)
  File "/usr/local/lib/python3.8/dist-packages/antlr4/tree/Tree.py", line 34, in visit
    return tree.accept(self)
  File "/usr/local/lib/python3.8/dist-packages/solidity_parser/solidity_antlr4/SolidityParser.py", line 4057, in accept
    return visitor.visitSimpleStatement(self)
  File "/usr/local/lib/python3.8/dist-packages/solidity_parser/parser.py", line 450, in visitSimpleStatement
    return self.visit(ctx.getChild(0))
  File "/usr/local/lib/python3.8/dist-packages/solidity_parser/parser.py", line 92, in visit
    return super().visit(tree)
  File "/usr/local/lib/python3.8/dist-packages/antlr4/tree/Tree.py", line 34, in visit
    return tree.accept(self)
  File "/usr/local/lib/python3.8/dist-packages/solidity_parser/solidity_antlr4/SolidityParser.py", line 3873, in accept
    return visitor.visitExpressionStatement(self)
  File "/usr/local/lib/python3.8/dist-packages/solidity_parser/parser.py", line 414, in visitExpressionStatement
    expression=self.visit(ctx.expression()))
  File "/usr/local/lib/python3.8/dist-packages/solidity_parser/parser.py", line 92, in visit
    return super().visit(tree)
  File "/usr/local/lib/python3.8/dist-packages/antlr4/tree/Tree.py", line 34, in visit
    return tree.accept(self)
  File "/usr/local/lib/python3.8/dist-packages/solidity_parser/solidity_antlr4/SolidityParser.py", line 4926, in accept
    return visitor.visitExpression(self)
  File "/usr/local/lib/python3.8/dist-packages/solidity_parser/parser.py", line 544, in visitExpression
    right=self.visit(ctx.getChild(2)))
  File "/usr/local/lib/python3.8/dist-packages/solidity_parser/parser.py", line 92, in visit
    return super().visit(tree)
  File "/usr/local/lib/python3.8/dist-packages/antlr4/tree/Tree.py", line 34, in visit
    return tree.accept(self)
  File "/usr/local/lib/python3.8/dist-packages/solidity_parser/solidity_antlr4/SolidityParser.py", line 4926, in accept
    return visitor.visitExpression(self)
  File "/usr/local/lib/python3.8/dist-packages/solidity_parser/parser.py", line 499, in visitExpression
    expression = self.visit(ctx.getChild(0))
  File "/usr/local/lib/python3.8/dist-packages/solidity_parser/parser.py", line 92, in visit
    return super().visit(tree)
  File "/usr/local/lib/python3.8/dist-packages/antlr4/tree/Tree.py", line 34, in visit
    return tree.accept(self)
  File "/usr/local/lib/python3.8/dist-packages/solidity_parser/solidity_antlr4/SolidityParser.py", line 4926, in accept
    return visitor.visitExpression(self)
  File "/usr/local/lib/python3.8/dist-packages/solidity_parser/parser.py", line 553, in visitExpression
    if ctxArgs.expressionList():
AttributeError: 'NoneType' object has no attribute 'expressionList'
