A new version of Solhint is available: 6.0.3
Please consider updating your Solhint package.
/sb/Wallet_F.sol:8:1: Found more than One contract per file. 3 contracts found! [Warning/one-contract-per-file]
/sb/Wallet_F.sol:8:1: Compiler version ^0.8.20 does not satisfy the ^0.8.24 semver requirement [Error/compiler-version]
/sb/Wallet_F.sol:14:1: Missing @author tag in contract 'Oracle' [Warning/use-natspec]
/sb/Wallet_F.sol:14:1: Missing @notice tag in contract 'Oracle' [Warning/use-natspec]
/sb/Wallet_F.sol:37:5: Missing @notice tag in variable 'authorizedWallet' [Warning/use-natspec]
/sb/Wallet_F.sol:40:5: Missing @notice tag in variable 'currencies' [Warning/use-natspec]
/sb/Wallet_F.sol:43:5: Missing @notice tag in variable 'oracles' [Warning/use-natspec]
/sb/Wallet_F.sol:46:5: Missing @notice tag in variable 'requests' [Warning/use-natspec]
/sb/Wallet_F.sol:49:5: Missing @notice tag in variable 'exchangeRates' [Warning/use-natspec]
/sb/Wallet_F.sol:52:5: Missing @notice tag in variable 'exchangeRateTime' [Warning/use-natspec]
/sb/Wallet_F.sol:55:5: Missing @notice tag in variable 'minimumQuorum' [Warning/use-natspec]
/sb/Wallet_F.sol:63:5: Missing @notice tag in event 'RateRequest' [Warning/use-natspec]
/sb/Wallet_F.sol:63:5: Missing @param tag in event 'RateRequest' [Warning/use-natspec]
/sb/Wallet_F.sol:63:5: Mismatch in @param names for event 'RateRequest'. Expected: [requestId, url, currency], Found: [] [Warning/use-natspec]
/sb/Wallet_F.sol:69:5: Missing @notice tag in function '<anonymous>' [Warning/use-natspec]
/sb/Wallet_F.sol:69:5: Explicitly mark visibility in function (Set ignoreConstructors to true if using solidity >=0.7.0) [Warning/func-visibility]
/sb/Wallet_F.sol:78:5: Missing @notice tag in function 'requestRate' [Warning/use-natspec]
/sb/Wallet_F.sol:79:9: Error message for require is too long: 40 counted / 32 allowed [Warning/reason-string]
/sb/Wallet_F.sol:79:9: GC: String exceeds 32 bytes [Warning/gas-small-strings]
/sb/Wallet_F.sol:79:9: GC: Use Custom Errors instead of require statements [Warning/gas-custom-errors]
/sb/Wallet_F.sol:80:9: GC: Use Custom Errors instead of require statements [Warning/gas-custom-errors]
/sb/Wallet_F.sol:81:9: GC: Use Custom Errors instead of require statements [Warning/gas-custom-errors]
/sb/Wallet_F.sol:83:9: GC: For [ currentId ] variable, increment/decrement by 1 using: [ ++variable ] to save gas [Warning/gas-increment-by-one]
/sb/Wallet_F.sol:90:52: GC: For [ i ] variable, increment/decrement by 1 using: [ ++variable ] to save gas [Warning/gas-increment-by-one]
/sb/Wallet_F.sol:102:5: Missing @notice tag in function 'answerRequest' [Warning/use-natspec]
/sb/Wallet_F.sol:103:9: GC: Use Custom Errors instead of require statements [Warning/gas-custom-errors]
/sb/Wallet_F.sol:103:27: GC: Non strict inequality found. Try converting to a strict one [Warning/gas-strict-inequalities]
/sb/Wallet_F.sol:104:9: GC: Use Custom Errors instead of require statements [Warning/gas-custom-errors]
/sb/Wallet_F.sol:109:52: GC: For [ i ] variable, increment/decrement by 1 using: [ ++variable ] to save gas [Warning/gas-increment-by-one]
/sb/Wallet_F.sol:115:9: Error message for require is too long: 37 counted / 32 allowed [Warning/reason-string]
/sb/Wallet_F.sol:115:9: GC: String exceeds 32 bytes [Warning/gas-small-strings]
/sb/Wallet_F.sol:115:9: GC: Use Custom Errors instead of require statements [Warning/gas-custom-errors]
/sb/Wallet_F.sol:117:9: GC: Use Custom Errors instead of require statements [Warning/gas-custom-errors]
/sb/Wallet_F.sol:136:9: GC: For [ requests ] variable, increment/decrement by 1 using: [ ++variable ] to save gas [Warning/gas-increment-by-one]
/sb/Wallet_F.sol:141:33: GC: Non strict inequality found. Try converting to a strict one [Warning/gas-strict-inequalities]
/sb/Wallet_F.sol:153:5: Missing @notice tag in function 'readRate' [Warning/use-natspec]
/sb/Wallet_F.sol:153:5: Mismatch in @return count for function 'readRate'. Expected: 2, Found: 1 [Warning/use-natspec]
/sb/Wallet_F.sol:153:5: GC: [symbol] argument on Function [readRate] could be [calldata] if it's not being updated [Warning/gas-calldata-parameters]
/sb/Wallet_F.sol:154:9: GC: Use Custom Errors instead of require statements [Warning/gas-custom-errors]
/sb/Wallet_F.sol:155:9: GC: Use Custom Errors instead of require statements [Warning/gas-custom-errors]
/sb/Wallet_F.sol:166:5: Missing @notice tag in function '_addOracle' [Warning/use-natspec]
/sb/Wallet_F.sol:166:5: GC: [symbol] argument on Function [_addOracle] could be [calldata] if it's not being updated [Warning/gas-calldata-parameters]
/sb/Wallet_F.sol:166:5: GC: [maintainer] argument on Function [_addOracle] could be [calldata] if it's not being updated [Warning/gas-calldata-parameters]
/sb/Wallet_F.sol:166:5: GC: [url] argument on Function [_addOracle] could be [calldata] if it's not being updated [Warning/gas-calldata-parameters]
/sb/Wallet_F.sol:167:9: Error message for require is too long: 38 counted / 32 allowed [Warning/reason-string]
/sb/Wallet_F.sol:167:9: GC: String exceeds 32 bytes [Warning/gas-small-strings]
/sb/Wallet_F.sol:167:9: GC: Use Custom Errors instead of require statements [Warning/gas-custom-errors]
/sb/Wallet_F.sol:182:5: Missing @notice tag in function '_removeOracle' [Warning/use-natspec]
/sb/Wallet_F.sol:182:5: GC: [symbol] argument on Function [_removeOracle] could be [calldata] if it's not being updated [Warning/gas-calldata-parameters]
/sb/Wallet_F.sol:183:9: Error message for require is too long: 41 counted / 32 allowed [Warning/reason-string]
/sb/Wallet_F.sol:183:9: GC: String exceeds 32 bytes [Warning/gas-small-strings]
/sb/Wallet_F.sol:183:9: GC: Use Custom Errors instead of require statements [Warning/gas-custom-errors]
/sb/Wallet_F.sol:188:41: GC: For [ i ] variable, increment/decrement by 1 using: [ ++variable ] to save gas [Warning/gas-increment-by-one]
/sb/Wallet_F.sol:207:5: Missing @notice tag in function '_changeMinimumQuorum' [Warning/use-natspec]
/sb/Wallet_F.sol:208:9: Error message for require is too long: 40 counted / 32 allowed [Warning/reason-string]
/sb/Wallet_F.sol:208:9: GC: String exceeds 32 bytes [Warning/gas-small-strings]
/sb/Wallet_F.sol:208:9: GC: Use Custom Errors instead of require statements [Warning/gas-custom-errors]
/sb/Wallet_F.sol:209:9: GC: Use Custom Errors instead of require statements [Warning/gas-custom-errors]
/sb/Wallet_F.sol:209:17: GC: Non strict inequality found. Try converting to a strict one [Warning/gas-strict-inequalities]
/sb/Wallet_F.sol:209:35: GC: Non strict inequality found. Try converting to a strict one [Warning/gas-strict-inequalities]
/sb/Wallet_F.sol:218:5: Missing @notice tag in function 'isSupported' [Warning/use-natspec]
/sb/Wallet_F.sol:218:5: GC: [symbol] argument on Function [isSupported] could be [calldata] if it's not being updated [Warning/gas-calldata-parameters]
/sb/Wallet_F.sol:219:9: GC: Use Custom Errors instead of require statements [Warning/gas-custom-errors]
/sb/Wallet_F.sol:228:1: Missing @author tag in contract 'Exchange' [Warning/use-natspec]
/sb/Wallet_F.sol:228:1: Missing @notice tag in contract 'Exchange' [Warning/use-natspec]
/sb/Wallet_F.sol:230:5: Explicitly mark visibility of state [Warning/state-visibility]
/sb/Wallet_F.sol:233:5: Explicitly mark visibility of state [Warning/state-visibility]
/sb/Wallet_F.sol:236:5: Missing @notice tag in variable 'currencies' [Warning/use-natspec]
/sb/Wallet_F.sol:239:5: Missing @notice tag in variable 'bridgeURL' [Warning/use-natspec]
/sb/Wallet_F.sol:244:5: Missing @notice tag in event 'ExchangeInitiated' [Warning/use-natspec]
/sb/Wallet_F.sol:244:5: Missing @param tag in event 'ExchangeInitiated' [Warning/use-natspec]
/sb/Wallet_F.sol:244:5: Mismatch in @param names for event 'ExchangeInitiated'. Expected: [transactor, targetCurrency, exchangeValue, exchangeRate, timestamp], Found: [] [Warning/use-natspec]
/sb/Wallet_F.sol:244:5: GC: [exchangeValue] on Event [ExchangeInitiated] could be Indexed [Warning/gas-indexed-events]
/sb/Wallet_F.sol:244:5: GC: [exchangeRate] on Event [ExchangeInitiated] could be Indexed [Warning/gas-indexed-events]
/sb/Wallet_F.sol:244:5: GC: [timestamp] on Event [ExchangeInitiated] could be Indexed [Warning/gas-indexed-events]
/sb/Wallet_F.sol:257:5: Missing @notice tag in function '<anonymous>' [Warning/use-natspec]
/sb/Wallet_F.sol:257:5: Explicitly mark visibility in function (Set ignoreConstructors to true if using solidity >=0.7.0) [Warning/func-visibility]
/sb/Wallet_F.sol:269:5: Missing @notice tag in function 'exchange' [Warning/use-natspec]
/sb/Wallet_F.sol:269:5: GC: [targetCurrency] argument on Function [exchange] could be [calldata] if it's not being updated [Warning/gas-calldata-parameters]
/sb/Wallet_F.sol:275:9: Error message for require is too long: 45 counted / 32 allowed [Warning/reason-string]
/sb/Wallet_F.sol:275:9: GC: String exceeds 32 bytes [Warning/gas-small-strings]
/sb/Wallet_F.sol:275:9: GC: Use Custom Errors instead of require statements [Warning/gas-custom-errors]
/sb/Wallet_F.sol:276:9: Error message for require is too long: 36 counted / 32 allowed [Warning/reason-string]
/sb/Wallet_F.sol:276:9: GC: String exceeds 32 bytes [Warning/gas-small-strings]
/sb/Wallet_F.sol:276:9: GC: Use Custom Errors instead of require statements [Warning/gas-custom-errors]
/sb/Wallet_F.sol:277:9: GC: Use Custom Errors instead of require statements [Warning/gas-custom-errors]
/sb/Wallet_F.sol:278:9: GC: Use Custom Errors instead of require statements [Warning/gas-custom-errors]
/sb/Wallet_F.sol:284:9: GC: Use Custom Errors instead of require statements [Warning/gas-custom-errors]
/sb/Wallet_F.sol:286:9: Error message for require is too long: 37 counted / 32 allowed [Warning/reason-string]
/sb/Wallet_F.sol:286:9: GC: String exceeds 32 bytes [Warning/gas-small-strings]
/sb/Wallet_F.sol:286:9: GC: Use Custom Errors instead of require statements [Warning/gas-custom-errors]
/sb/Wallet_F.sol:288:9: GC: Use Custom Errors instead of require statements [Warning/gas-custom-errors]
/sb/Wallet_F.sol:294:9: GC: Use Custom Errors instead of require statements [Warning/gas-custom-errors]
/sb/Wallet_F.sol:299:13: Error message for revert is too long: 43 counted / 32 allowed [Warning/reason-string]
/sb/Wallet_F.sol:299:13: GC: String exceeds 32 bytes [Warning/gas-small-strings]
/sb/Wallet_F.sol:299:13: GC: Use Custom Errors instead of revert statements [Warning/gas-custom-errors]
/sb/Wallet_F.sol:316:5: Missing @notice tag in function '_updateBridge' [Warning/use-natspec]
/sb/Wallet_F.sol:316:5: GC: [newBridgeURL] argument on Function [_updateBridge] could be [calldata] if it's not being updated [Warning/gas-calldata-parameters]
/sb/Wallet_F.sol:317:9: Error message for require is too long: 40 counted / 32 allowed [Warning/reason-string]
/sb/Wallet_F.sol:317:9: GC: String exceeds 32 bytes [Warning/gas-small-strings]
/sb/Wallet_F.sol:317:9: GC: Use Custom Errors instead of require statements [Warning/gas-custom-errors]
/sb/Wallet_F.sol:325:5: Missing @notice tag in function '_addCurrency' [Warning/use-natspec]
/sb/Wallet_F.sol:325:5: GC: [symbol] argument on Function [_addCurrency] could be [calldata] if it's not being updated [Warning/gas-calldata-parameters]
/sb/Wallet_F.sol:326:9: Error message for require is too long: 41 counted / 32 allowed [Warning/reason-string]
/sb/Wallet_F.sol:326:9: GC: String exceeds 32 bytes [Warning/gas-small-strings]
/sb/Wallet_F.sol:326:9: GC: Use Custom Errors instead of require statements [Warning/gas-custom-errors]
/sb/Wallet_F.sol:327:9: GC: Use Custom Errors instead of require statements [Warning/gas-custom-errors]
/sb/Wallet_F.sol:335:5: Missing @notice tag in function '_removeCurrency' [Warning/use-natspec]
/sb/Wallet_F.sol:335:5: GC: [symbol] argument on Function [_removeCurrency] could be [calldata] if it's not being updated [Warning/gas-calldata-parameters]
/sb/Wallet_F.sol:336:9: Error message for require is too long: 44 counted / 32 allowed [Warning/reason-string]
/sb/Wallet_F.sol:336:9: GC: String exceeds 32 bytes [Warning/gas-small-strings]
/sb/Wallet_F.sol:336:9: GC: Use Custom Errors instead of require statements [Warning/gas-custom-errors]
/sb/Wallet_F.sol:337:9: GC: Use Custom Errors instead of require statements [Warning/gas-custom-errors]
/sb/Wallet_F.sol:346:5: Missing @notice tag in function 'isSupported' [Warning/use-natspec]
/sb/Wallet_F.sol:346:5: GC: [symbol] argument on Function [isSupported] could be [calldata] if it's not being updated [Warning/gas-calldata-parameters]
/sb/Wallet_F.sol:347:9: GC: Use Custom Errors instead of require statements [Warning/gas-custom-errors]
/sb/Wallet_F.sol:356:1: Missing @author tag in contract 'Wallet' [Warning/use-natspec]
/sb/Wallet_F.sol:356:1: Missing @notice tag in contract 'Wallet' [Warning/use-natspec]
/sb/Wallet_F.sol:358:5: Missing @notice tag in variable 'owner' [Warning/use-natspec]
/sb/Wallet_F.sol:361:5: Missing @notice tag in variable 'oracleContract' [Warning/use-natspec]
/sb/Wallet_F.sol:362:5: Missing @notice tag in variable 'exchangeContract' [Warning/use-natspec]
/sb/Wallet_F.sol:371:5: Missing @notice tag in variable 'maximumRateDelay' [Warning/use-natspec]
/sb/Wallet_F.sol:374:5: Missing @notice tag in variable 'exchangeFee' [Warning/use-natspec]
/sb/Wallet_F.sol:379:5: Missing @notice tag in event 'Deposit' [Warning/use-natspec]
/sb/Wallet_F.sol:379:5: Missing @param tag in event 'Deposit' [Warning/use-natspec]
/sb/Wallet_F.sol:379:5: Mismatch in @param names for event 'Deposit'. Expected: [user, amount], Found: [] [Warning/use-natspec]
/sb/Wallet_F.sol:379:5: GC: [amount] on Event [Deposit] could be Indexed [Warning/gas-indexed-events]
/sb/Wallet_F.sol:384:5: Missing @notice tag in event 'Transfer' [Warning/use-natspec]
/sb/Wallet_F.sol:384:5: Missing @param tag in event 'Transfer' [Warning/use-natspec]
/sb/Wallet_F.sol:384:5: Mismatch in @param names for event 'Transfer'. Expected: [from, to, amount], Found: [] [Warning/use-natspec]
/sb/Wallet_F.sol:384:5: GC: [amount] on Event [Transfer] could be Indexed [Warning/gas-indexed-events]
/sb/Wallet_F.sol:389:5: Missing @notice tag in event 'ExternalTransfer' [Warning/use-natspec]
/sb/Wallet_F.sol:389:5: Missing @param tag in event 'ExternalTransfer' [Warning/use-natspec]
/sb/Wallet_F.sol:389:5: Mismatch in @param names for event 'ExternalTransfer'. Expected: [from, to, amount], Found: [] [Warning/use-natspec]
/sb/Wallet_F.sol:389:5: GC: [amount] on Event [ExternalTransfer] could be Indexed [Warning/gas-indexed-events]
/sb/Wallet_F.sol:394:5: Missing @notice tag in event 'Withdrawal' [Warning/use-natspec]
/sb/Wallet_F.sol:394:5: Missing @param tag in event 'Withdrawal' [Warning/use-natspec]
/sb/Wallet_F.sol:394:5: Mismatch in @param names for event 'Withdrawal'. Expected: [user, amount], Found: [] [Warning/use-natspec]
/sb/Wallet_F.sol:394:5: GC: [amount] on Event [Withdrawal] could be Indexed [Warning/gas-indexed-events]
/sb/Wallet_F.sol:401:5: Missing @notice tag in function '<anonymous>' [Warning/use-natspec]
/sb/Wallet_F.sol:401:5: Explicitly mark visibility in function (Set ignoreConstructors to true if using solidity >=0.7.0) [Warning/func-visibility]
/sb/Wallet_F.sol:410:5: Missing @notice tag in function 'deposit' [Warning/use-natspec]
/sb/Wallet_F.sol:420:5: Missing @notice tag in function 'transfer' [Warning/use-natspec]
/sb/Wallet_F.sol:421:9: GC: Use Custom Errors instead of require statements [Warning/gas-custom-errors]
/sb/Wallet_F.sol:421:17: GC: Non strict inequality found. Try converting to a strict one [Warning/gas-strict-inequalities]
/sb/Wallet_F.sol:432:5: Missing @notice tag in function 'externalTransfer' [Warning/use-natspec]
/sb/Wallet_F.sol:433:9: GC: Use Custom Errors instead of require statements [Warning/gas-custom-errors]
/sb/Wallet_F.sol:433:17: GC: Non strict inequality found. Try converting to a strict one [Warning/gas-strict-inequalities]
/sb/Wallet_F.sol:436:9: GC: Use Custom Errors instead of require statements [Warning/gas-custom-errors]
/sb/Wallet_F.sol:446:5: Missing @notice tag in function 'exchange' [Warning/use-natspec]
/sb/Wallet_F.sol:446:5: GC: [targetCurrency] argument on Function [exchange] could be [calldata] if it's not being updated [Warning/gas-calldata-parameters]
/sb/Wallet_F.sol:447:9: GC: Use Custom Errors instead of require statements [Warning/gas-custom-errors]
/sb/Wallet_F.sol:447:17: GC: Non strict inequality found. Try converting to a strict one [Warning/gas-strict-inequalities]
/sb/Wallet_F.sol:454:9: GC: Use Custom Errors instead of require statements [Warning/gas-custom-errors]
/sb/Wallet_F.sol:456:9: Error message for require is too long: 39 counted / 32 allowed [Warning/reason-string]
/sb/Wallet_F.sol:456:9: GC: String exceeds 32 bytes [Warning/gas-small-strings]
/sb/Wallet_F.sol:456:9: GC: Use Custom Errors instead of require statements [Warning/gas-custom-errors]
/sb/Wallet_F.sol:466:13: GC: String exceeds 32 bytes [Warning/gas-small-strings]
/sb/Wallet_F.sol:474:9: GC: Use Custom Errors instead of require statements [Warning/gas-custom-errors]
/sb/Wallet_F.sol:481:5: Missing @notice tag in function 'withdrawn' [Warning/use-natspec]
/sb/Wallet_F.sol:482:9: GC: Use Custom Errors instead of require statements [Warning/gas-custom-errors]
/sb/Wallet_F.sol:482:17: GC: Non strict inequality found. Try converting to a strict one [Warning/gas-strict-inequalities]
/sb/Wallet_F.sol:485:9: GC: Use Custom Errors instead of require statements [Warning/gas-custom-errors]
/sb/Wallet_F.sol:495:5: Missing @notice tag in function 'transferAUTH' [Warning/use-natspec]
/sb/Wallet_F.sol:497:9: GC: Use Custom Errors instead of require statements [Warning/gas-custom-errors]
/sb/Wallet_F.sol:502:9: GC: Use Custom Errors instead of require statements [Warning/gas-custom-errors]
/sb/Wallet_F.sol:502:17: GC: Non strict inequality found. Try converting to a strict one [Warning/gas-strict-inequalities]
/sb/Wallet_F.sol:515:5: Missing @notice tag in function 'externalTransferAUTH' [Warning/use-natspec]
/sb/Wallet_F.sol:517:9: GC: Use Custom Errors instead of require statements [Warning/gas-custom-errors]
/sb/Wallet_F.sol:522:9: GC: Use Custom Errors instead of require statements [Warning/gas-custom-errors]
/sb/Wallet_F.sol:522:17: GC: Non strict inequality found. Try converting to a strict one [Warning/gas-strict-inequalities]
/sb/Wallet_F.sol:526:9: GC: Use Custom Errors instead of require statements [Warning/gas-custom-errors]
/sb/Wallet_F.sol:537:5: Missing @notice tag in function 'exchangeAUTH' [Warning/use-natspec]
/sb/Wallet_F.sol:537:5: GC: [targetCurrency] argument on Function [exchangeAUTH] could be [calldata] if it's not being updated [Warning/gas-calldata-parameters]
/sb/Wallet_F.sol:538:9: GC: Use Custom Errors instead of require statements [Warning/gas-custom-errors]
/sb/Wallet_F.sol:542:9: GC: Use Custom Errors instead of require statements [Warning/gas-custom-errors]
/sb/Wallet_F.sol:542:17: GC: Non strict inequality found. Try converting to a strict one [Warning/gas-strict-inequalities]
/sb/Wallet_F.sol:548:9: GC: Use Custom Errors instead of require statements [Warning/gas-custom-errors]
/sb/Wallet_F.sol:550:9: Error message for require is too long: 39 counted / 32 allowed [Warning/reason-string]
/sb/Wallet_F.sol:550:9: GC: String exceeds 32 bytes [Warning/gas-small-strings]
/sb/Wallet_F.sol:550:9: GC: Use Custom Errors instead of require statements [Warning/gas-custom-errors]
/sb/Wallet_F.sol:560:13: GC: String exceeds 32 bytes [Warning/gas-small-strings]
/sb/Wallet_F.sol:568:9: GC: Use Custom Errors instead of require statements [Warning/gas-custom-errors]
/sb/Wallet_F.sol:576:5: Missing @notice tag in function 'withdrawnAUTH' [Warning/use-natspec]
/sb/Wallet_F.sol:578:9: GC: Use Custom Errors instead of require statements [Warning/gas-custom-errors]
/sb/Wallet_F.sol:585:9: GC: Use Custom Errors instead of require statements [Warning/gas-custom-errors]
/sb/Wallet_F.sol:589:9: GC: Use Custom Errors instead of require statements [Warning/gas-custom-errors]
/sb/Wallet_F.sol:589:17: GC: Non strict inequality found. Try converting to a strict one [Warning/gas-strict-inequalities]
/sb/Wallet_F.sol:593:9: GC: Use Custom Errors instead of require statements [Warning/gas-custom-errors]
/sb/Wallet_F.sol:602:5: Missing @notice tag in function 'authorize' [Warning/use-natspec]
/sb/Wallet_F.sol:602:5: GC: [tier] argument on Function [authorize] could be [calldata] if it's not being updated [Warning/gas-calldata-parameters]
/sb/Wallet_F.sol:603:9: GC: Use Custom Errors instead of require statements [Warning/gas-custom-errors]
/sb/Wallet_F.sol:617:5: Missing @notice tag in function 'revoke' [Warning/use-natspec]
/sb/Wallet_F.sol:626:5: Missing @notice tag in function 'getExchangeAvailability' [Warning/use-natspec]
/sb/Wallet_F.sol:626:5: GC: [symbol] argument on Function [getExchangeAvailability] could be [calldata] if it's not being updated [Warning/gas-calldata-parameters]
/sb/Wallet_F.sol:630:9: GC: Use Custom Errors instead of require statements [Warning/gas-custom-errors]
/sb/Wallet_F.sol:640:5: Missing @notice tag in function 'getOracleAvailability' [Warning/use-natspec]
/sb/Wallet_F.sol:640:5: GC: [symbol] argument on Function [getOracleAvailability] could be [calldata] if it's not being updated [Warning/gas-calldata-parameters]
/sb/Wallet_F.sol:644:9: GC: Use Custom Errors instead of require statements [Warning/gas-custom-errors]
/sb/Wallet_F.sol:654:5: Missing @notice tag in function 'getExchangeRate' [Warning/use-natspec]
/sb/Wallet_F.sol:654:5: Mismatch in @return count for function 'getExchangeRate'. Expected: 2, Found: 1 [Warning/use-natspec]
/sb/Wallet_F.sol:654:5: GC: [symbol] argument on Function [getExchangeRate] could be [calldata] if it's not being updated [Warning/gas-calldata-parameters]
/sb/Wallet_F.sol:658:9: GC: Use Custom Errors instead of require statements [Warning/gas-custom-errors]
/sb/Wallet_F.sol:668:5: Missing @notice tag in function 'requestExchangeRate' [Warning/use-natspec]
/sb/Wallet_F.sol:668:5: GC: [symbol] argument on Function [requestExchangeRate] could be [calldata] if it's not being updated [Warning/gas-calldata-parameters]
/sb/Wallet_F.sol:669:9: Error message for require is too long: 37 counted / 32 allowed [Warning/reason-string]
/sb/Wallet_F.sol:669:9: GC: String exceeds 32 bytes [Warning/gas-small-strings]
/sb/Wallet_F.sol:669:9: GC: Use Custom Errors instead of require statements [Warning/gas-custom-errors]
/sb/Wallet_F.sol:670:28: Avoid to use low level calls. [Warning/avoid-low-level-calls]
/sb/Wallet_F.sol:673:9: GC: Use Custom Errors instead of require statements [Warning/gas-custom-errors]
/sb/Wallet_F.sol:683:5: Missing @notice tag in function 'addOracle' [Warning/use-natspec]
/sb/Wallet_F.sol:683:5: GC: [symbol] argument on Function [addOracle] could be [calldata] if it's not being updated [Warning/gas-calldata-parameters]
/sb/Wallet_F.sol:683:5: GC: [maintainer] argument on Function [addOracle] could be [calldata] if it's not being updated [Warning/gas-calldata-parameters]
/sb/Wallet_F.sol:683:5: GC: [url] argument on Function [addOracle] could be [calldata] if it's not being updated [Warning/gas-calldata-parameters]
/sb/Wallet_F.sol:684:9: GC: Use Custom Errors instead of require statements [Warning/gas-custom-errors]
/sb/Wallet_F.sol:685:28: Avoid to use low level calls. [Warning/avoid-low-level-calls]
/sb/Wallet_F.sol:686:13: GC: String exceeds 32 bytes [Warning/gas-small-strings]
/sb/Wallet_F.sol:688:9: GC: Use Custom Errors instead of require statements [Warning/gas-custom-errors]
/sb/Wallet_F.sol:696:5: Missing @notice tag in function 'removeOracle' [Warning/use-natspec]
/sb/Wallet_F.sol:696:5: GC: [symbol] argument on Function [removeOracle] could be [calldata] if it's not being updated [Warning/gas-calldata-parameters]
/sb/Wallet_F.sol:697:9: GC: Use Custom Errors instead of require statements [Warning/gas-custom-errors]
/sb/Wallet_F.sol:698:28: Avoid to use low level calls. [Warning/avoid-low-level-calls]
/sb/Wallet_F.sol:701:9: GC: Use Custom Errors instead of require statements [Warning/gas-custom-errors]
/sb/Wallet_F.sol:708:5: Missing @notice tag in function 'changeMinimumQuorum' [Warning/use-natspec]
/sb/Wallet_F.sol:709:9: GC: Use Custom Errors instead of require statements [Warning/gas-custom-errors]
/sb/Wallet_F.sol:710:9: GC: Use Custom Errors instead of require statements [Warning/gas-custom-errors]
/sb/Wallet_F.sol:710:17: GC: Non strict inequality found. Try converting to a strict one [Warning/gas-strict-inequalities]
/sb/Wallet_F.sol:710:35: GC: Non strict inequality found. Try converting to a strict one [Warning/gas-strict-inequalities]
/sb/Wallet_F.sol:711:28: Avoid to use low level calls. [Warning/avoid-low-level-calls]
/sb/Wallet_F.sol:714:9: GC: Use Custom Errors instead of require statements [Warning/gas-custom-errors]
/sb/Wallet_F.sol:721:5: Missing @notice tag in function 'updateBridge' [Warning/use-natspec]
/sb/Wallet_F.sol:721:5: GC: [newBridgeURL] argument on Function [updateBridge] could be [calldata] if it's not being updated [Warning/gas-calldata-parameters]
/sb/Wallet_F.sol:722:9: GC: Use Custom Errors instead of require statements [Warning/gas-custom-errors]
/sb/Wallet_F.sol:723:28: Avoid to use low level calls. [Warning/avoid-low-level-calls]
/sb/Wallet_F.sol:726:9: GC: Use Custom Errors instead of require statements [Warning/gas-custom-errors]
/sb/Wallet_F.sol:733:5: Missing @notice tag in function 'addCurrency' [Warning/use-natspec]
/sb/Wallet_F.sol:733:5: GC: [symbol] argument on Function [addCurrency] could be [calldata] if it's not being updated [Warning/gas-calldata-parameters]
/sb/Wallet_F.sol:734:9: GC: Use Custom Errors instead of require statements [Warning/gas-custom-errors]
/sb/Wallet_F.sol:735:9: GC: Use Custom Errors instead of require statements [Warning/gas-custom-errors]
/sb/Wallet_F.sol:736:28: Avoid to use low level calls. [Warning/avoid-low-level-calls]
/sb/Wallet_F.sol:739:9: GC: Use Custom Errors instead of require statements [Warning/gas-custom-errors]
/sb/Wallet_F.sol:746:5: Missing @notice tag in function 'removeCurrency' [Warning/use-natspec]
/sb/Wallet_F.sol:746:5: GC: [symbol] argument on Function [removeCurrency] could be [calldata] if it's not being updated [Warning/gas-calldata-parameters]
/sb/Wallet_F.sol:747:9: GC: Use Custom Errors instead of require statements [Warning/gas-custom-errors]
/sb/Wallet_F.sol:748:9: GC: Use Custom Errors instead of require statements [Warning/gas-custom-errors]
/sb/Wallet_F.sol:749:28: Avoid to use low level calls. [Warning/avoid-low-level-calls]
/sb/Wallet_F.sol:752:9: GC: Use Custom Errors instead of require statements [Warning/gas-custom-errors]
/sb/Wallet_F.sol:759:5: Missing @notice tag in function 'updateOracleAddress' [Warning/use-natspec]
/sb/Wallet_F.sol:760:9: Error message for require is too long: 36 counted / 32 allowed [Warning/reason-string]
/sb/Wallet_F.sol:760:9: GC: String exceeds 32 bytes [Warning/gas-small-strings]
/sb/Wallet_F.sol:760:9: GC: Use Custom Errors instead of require statements [Warning/gas-custom-errors]
/sb/Wallet_F.sol:768:5: Missing @notice tag in function 'updateExchangeAddress' [Warning/use-natspec]
/sb/Wallet_F.sol:769:9: Error message for require is too long: 38 counted / 32 allowed [Warning/reason-string]
/sb/Wallet_F.sol:769:9: GC: String exceeds 32 bytes [Warning/gas-small-strings]
/sb/Wallet_F.sol:769:9: GC: Use Custom Errors instead of require statements [Warning/gas-custom-errors]
/sb/Wallet_F.sol:777:5: Missing @notice tag in function 'updateMaximumRateDelay' [Warning/use-natspec]
/sb/Wallet_F.sol:778:9: GC: Use Custom Errors instead of require statements [Warning/gas-custom-errors]
/sb/Wallet_F.sol:786:5: Missing @notice tag in function 'updateExchangeFee' [Warning/use-natspec]
/sb/Wallet_F.sol:787:9: Error message for require is too long: 34 counted / 32 allowed [Warning/reason-string]
/sb/Wallet_F.sol:787:9: GC: String exceeds 32 bytes [Warning/gas-small-strings]
/sb/Wallet_F.sol:787:9: GC: Use Custom Errors instead of require statements [Warning/gas-custom-errors]
/sb/Wallet_F.sol:788:9: GC: Use Custom Errors instead of require statements [Warning/gas-custom-errors]
/sb/Wallet_F.sol:788:17: GC: Non strict inequality found. Try converting to a strict one [Warning/gas-strict-inequalities]
/sb/Wallet_F.sol:788:40: GC: Non strict inequality found. Try converting to a strict one [Warning/gas-strict-inequalities]
/sb/Wallet_F.sol:796:5: Missing @notice tag in function 'changeOwnership' [Warning/use-natspec]
/sb/Wallet_F.sol:797:9: GC: Use Custom Errors instead of require statements [Warning/gas-custom-errors]
/sb/Wallet_F.sol:806:5: Missing @notice tag in function 'getBalance' [Warning/use-natspec]
/sb/Wallet_F.sol:816:5: Missing @notice tag in function 'getAuthorizationLevel' [Warning/use-natspec]

268 problem/s (1 error/s, 267 warning/s)
