Solidity version 0.8.31 detected, skipping SOLC_BIN export
[2026-02-10 20:39:57.493374] MANDO Initializing
Setting the default backend to "pytorch". You can change it in the ~/.dgl/config.json file or export the DGLBACKEND environment variable.  Valid options are: pytorch, mxnet, tensorflow (all lowercase)
[2026-02-10 20:40:15.433051] INFO: __main__: Setting execution timeout to 3600 seconds
[2026-02-10 20:40:15.436129] INFO: __main__: Analyzing only for bug types: ['access_control', 'arithmetic', 'denial_of_service', 'front_running', 'reentrancy', 'time_manipulation', 'unchecked_low_level_calls']
[2026-02-10 20:40:15.530062] DEBUG: sco.common.process_graphs.control_flow_graph_generator: Invalid compilation: 
Invalid solc compilation Error: Source file requires different compiler version (current compiler is 0.8.6+commit.11564f7e.Linux.g++) - note that nightly builds are considered to be strictly less than the released version
  --> /sb/SupplyChain_F.sol:10:1:
   |
10 | pragma solidity ^0.8.20;
   | ^^^^^^^^^^^^^^^^^^^^^^^^


[2026-02-10 20:40:15.530269] ERROR: __main__: An error occurred: Failed to generate CFG for /sb/SupplyChain_F.sol
Result: {"messages": "Failed to generate CFG for /sb/SupplyChain_F.sol"}
[2026-02-10 20:40:15.530629] INFO: __main__: [2026-02-10 20:40:15.530599] Results written to output.json
DGL backend not selected or invalid.  Assuming PyTorch for now.
Using backend: pytorch
Traceback (most recent call last):
  File "/app/sco/inference.py", line 84, in main
    raise ValueError(f"Failed to generate CFG for {sm_path}")
ValueError: Failed to generate CFG for /sb/SupplyChain_F.sol
