A new version of Solhint is available: 6.0.3
Please consider updating your Solhint package.
/sb/Wallet_F.sol:8:1: Found more than One contract per file. 3 contracts found! [Warning/one-contract-per-file]
/sb/Wallet_F.sol:8:1: Compiler version ^0.8.0 does not satisfy the ^0.8.24 semver requirement [Error/compiler-version]
/sb/Wallet_F.sol:10:1: Missing @title tag in contract 'Oracle' [Warning/use-natspec]
/sb/Wallet_F.sol:10:1: Missing @author tag in contract 'Oracle' [Warning/use-natspec]
/sb/Wallet_F.sol:10:1: Missing @notice tag in contract 'Oracle' [Warning/use-natspec]
/sb/Wallet_F.sol:26:5: Missing @notice tag in variable 'authorizedWallet' [Warning/use-natspec]
/sb/Wallet_F.sol:27:5: Missing @notice tag in variable 'currencies' [Warning/use-natspec]
/sb/Wallet_F.sol:28:5: Missing @notice tag in variable 'oracles' [Warning/use-natspec]
/sb/Wallet_F.sol:29:5: Missing @notice tag in variable 'requests' [Warning/use-natspec]
/sb/Wallet_F.sol:30:5: Missing @notice tag in variable 'exchangeRates' [Warning/use-natspec]
/sb/Wallet_F.sol:31:5: Missing @notice tag in variable 'exchangeRateTime' [Warning/use-natspec]
/sb/Wallet_F.sol:32:5: Missing @notice tag in variable 'minimumQuorum' [Warning/use-natspec]
/sb/Wallet_F.sol:35:5: Missing @notice tag in event 'RequestRate' [Warning/use-natspec]
/sb/Wallet_F.sol:35:5: Missing @param tag in event 'RequestRate' [Warning/use-natspec]
/sb/Wallet_F.sol:35:5: Mismatch in @param names for event 'RequestRate'. Expected: [id, url, symbol], Found: [] [Warning/use-natspec]
/sb/Wallet_F.sol:35:5: GC: [id] on Event [RequestRate] could be Indexed [Warning/gas-indexed-events]
/sb/Wallet_F.sol:36:5: Missing @notice tag in event 'AnswerRate' [Warning/use-natspec]
/sb/Wallet_F.sol:36:5: Missing @param tag in event 'AnswerRate' [Warning/use-natspec]
/sb/Wallet_F.sol:36:5: Mismatch in @param names for event 'AnswerRate'. Expected: [id, oracle, exchangeRate], Found: [] [Warning/use-natspec]
/sb/Wallet_F.sol:36:5: GC: [id] on Event [AnswerRate] could be Indexed [Warning/gas-indexed-events]
/sb/Wallet_F.sol:36:5: GC: [oracle] on Event [AnswerRate] could be Indexed [Warning/gas-indexed-events]
/sb/Wallet_F.sol:36:5: GC: [exchangeRate] on Event [AnswerRate] could be Indexed [Warning/gas-indexed-events]
/sb/Wallet_F.sol:37:5: Missing @notice tag in event 'UpdateExchangeRate' [Warning/use-natspec]
/sb/Wallet_F.sol:37:5: Missing @param tag in event 'UpdateExchangeRate' [Warning/use-natspec]
/sb/Wallet_F.sol:37:5: Mismatch in @param names for event 'UpdateExchangeRate'. Expected: [symbol, rate, time], Found: [] [Warning/use-natspec]
/sb/Wallet_F.sol:37:5: GC: [rate] on Event [UpdateExchangeRate] could be Indexed [Warning/gas-indexed-events]
/sb/Wallet_F.sol:37:5: GC: [time] on Event [UpdateExchangeRate] could be Indexed [Warning/gas-indexed-events]
/sb/Wallet_F.sol:39:5: Missing @notice tag in function '<anonymous>' [Warning/use-natspec]
/sb/Wallet_F.sol:39:5: Missing @param tag in function '<anonymous>' [Warning/use-natspec]
/sb/Wallet_F.sol:39:5: Mismatch in @param names for function '<anonymous>'. Expected: [_authorizedWallet], Found: [] [Warning/use-natspec]
/sb/Wallet_F.sol:39:5: Explicitly mark visibility in function (Set ignoreConstructors to true if using solidity >=0.7.0) [Warning/func-visibility]
/sb/Wallet_F.sol:43:5: Missing @notice tag in function 'requestRate' [Warning/use-natspec]
/sb/Wallet_F.sol:43:5: Missing @param tag in function 'requestRate' [Warning/use-natspec]
/sb/Wallet_F.sol:43:5: Mismatch in @param names for function 'requestRate'. Expected: [symbol], Found: [] [Warning/use-natspec]
/sb/Wallet_F.sol:43:5: Missing @return tag in function 'requestRate' [Warning/use-natspec]
/sb/Wallet_F.sol:43:5: Mismatch in @return count for function 'requestRate'. Expected: 1, Found: 0 [Warning/use-natspec]
/sb/Wallet_F.sol:44:9: GC: Use Custom Errors instead of require statements [Warning/gas-custom-errors]
/sb/Wallet_F.sol:45:9: GC: Use Custom Errors instead of require statements [Warning/gas-custom-errors]
/sb/Wallet_F.sol:46:9: GC: Use Custom Errors instead of require statements [Warning/gas-custom-errors]
/sb/Wallet_F.sol:48:9: GC: For [ currentId ] variable, increment/decrement by 1 using: [ ++variable ] to save gas [Warning/gas-increment-by-one]
/sb/Wallet_F.sol:53:57: GC: For [ i ] variable, increment/decrement by 1 using: [ ++variable ] to save gas [Warning/gas-increment-by-one]
/sb/Wallet_F.sol:60:5: Missing @notice tag in function 'answerRequest' [Warning/use-natspec]
/sb/Wallet_F.sol:60:5: Missing @param tag in function 'answerRequest' [Warning/use-natspec]
/sb/Wallet_F.sol:60:5: Mismatch in @param names for function 'answerRequest'. Expected: [id, exchangeRate], Found: [] [Warning/use-natspec]
/sb/Wallet_F.sol:61:9: GC: Use Custom Errors instead of require statements [Warning/gas-custom-errors]
/sb/Wallet_F.sol:61:27: GC: Non strict inequality found. Try converting to a strict one [Warning/gas-strict-inequalities]
/sb/Wallet_F.sol:63:9: GC: Use Custom Errors instead of require statements [Warning/gas-custom-errors]
/sb/Wallet_F.sol:64:9: GC: Use Custom Errors instead of require statements [Warning/gas-custom-errors]
/sb/Wallet_F.sol:65:9: GC: Use Custom Errors instead of require statements [Warning/gas-custom-errors]
/sb/Wallet_F.sol:73:9: GC: For [ request ] variable, increment/decrement by 1 using: [ ++variable ] to save gas [Warning/gas-increment-by-one]
/sb/Wallet_F.sol:76:13: GC: Non strict inequality found. Try converting to a strict one [Warning/gas-strict-inequalities]
/sb/Wallet_F.sol:86:5: Missing @notice tag in function 'readRate' [Warning/use-natspec]
/sb/Wallet_F.sol:86:5: Missing @param tag in function 'readRate' [Warning/use-natspec]
/sb/Wallet_F.sol:86:5: Mismatch in @param names for function 'readRate'. Expected: [symbol], Found: [] [Warning/use-natspec]
/sb/Wallet_F.sol:86:5: Missing @return tag in function 'readRate' [Warning/use-natspec]
/sb/Wallet_F.sol:86:5: Mismatch in @return count for function 'readRate'. Expected: 2, Found: 0 [Warning/use-natspec]
/sb/Wallet_F.sol:86:5: GC: [symbol] argument on Function [readRate] could be [calldata] if it's not being updated [Warning/gas-calldata-parameters]
/sb/Wallet_F.sol:87:9: GC: Use Custom Errors instead of require statements [Warning/gas-custom-errors]
/sb/Wallet_F.sol:88:9: GC: Use Custom Errors instead of require statements [Warning/gas-custom-errors]
/sb/Wallet_F.sol:92:5: Missing @notice tag in function '_addOracle' [Warning/use-natspec]
/sb/Wallet_F.sol:92:5: Missing @param tag in function '_addOracle' [Warning/use-natspec]
/sb/Wallet_F.sol:92:5: Mismatch in @param names for function '_addOracle'. Expected: [symbol, maintainer, url, accessAddress], Found: [] [Warning/use-natspec]
/sb/Wallet_F.sol:92:5: GC: [symbol] argument on Function [_addOracle] could be [calldata] if it's not being updated [Warning/gas-calldata-parameters]
/sb/Wallet_F.sol:92:5: GC: [maintainer] argument on Function [_addOracle] could be [calldata] if it's not being updated [Warning/gas-calldata-parameters]
/sb/Wallet_F.sol:92:5: GC: [url] argument on Function [_addOracle] could be [calldata] if it's not being updated [Warning/gas-calldata-parameters]
/sb/Wallet_F.sol:93:9: GC: Use Custom Errors instead of require statements [Warning/gas-custom-errors]
/sb/Wallet_F.sol:102:5: Missing @notice tag in function '_removeOracle' [Warning/use-natspec]
/sb/Wallet_F.sol:102:5: Missing @param tag in function '_removeOracle' [Warning/use-natspec]
/sb/Wallet_F.sol:102:5: Mismatch in @param names for function '_removeOracle'. Expected: [symbol, accessAddress], Found: [] [Warning/use-natspec]
/sb/Wallet_F.sol:102:5: GC: [symbol] argument on Function [_removeOracle] could be [calldata] if it's not being updated [Warning/gas-calldata-parameters]
/sb/Wallet_F.sol:103:9: GC: Use Custom Errors instead of require statements [Warning/gas-custom-errors]
/sb/Wallet_F.sol:104:57: GC: For [ i ] variable, increment/decrement by 1 using: [ ++variable ] to save gas [Warning/gas-increment-by-one]
/sb/Wallet_F.sol:116:5: Missing @notice tag in function '_changeMinimumQuorum' [Warning/use-natspec]
/sb/Wallet_F.sol:116:5: Missing @param tag in function '_changeMinimumQuorum' [Warning/use-natspec]
/sb/Wallet_F.sol:116:5: Mismatch in @param names for function '_changeMinimumQuorum'. Expected: [newQuorum], Found: [] [Warning/use-natspec]
/sb/Wallet_F.sol:117:9: GC: Use Custom Errors instead of require statements [Warning/gas-custom-errors]
/sb/Wallet_F.sol:121:5: Missing @notice tag in function 'isSupported' [Warning/use-natspec]
/sb/Wallet_F.sol:121:5: Missing @param tag in function 'isSupported' [Warning/use-natspec]
/sb/Wallet_F.sol:121:5: Mismatch in @param names for function 'isSupported'. Expected: [symbol], Found: [] [Warning/use-natspec]
/sb/Wallet_F.sol:121:5: Missing @return tag in function 'isSupported' [Warning/use-natspec]
/sb/Wallet_F.sol:121:5: Mismatch in @return count for function 'isSupported'. Expected: 1, Found: 0 [Warning/use-natspec]
/sb/Wallet_F.sol:121:5: GC: [symbol] argument on Function [isSupported] could be [calldata] if it's not being updated [Warning/gas-calldata-parameters]
/sb/Wallet_F.sol:125:5: Missing @notice tag in function '_isAuthorizedOracle' [Warning/use-natspec]
/sb/Wallet_F.sol:125:5: Missing @param tag in function '_isAuthorizedOracle' [Warning/use-natspec]
/sb/Wallet_F.sol:125:5: Mismatch in @param names for function '_isAuthorizedOracle'. Expected: [symbol, oracleAddress], Found: [] [Warning/use-natspec]
/sb/Wallet_F.sol:125:5: Missing @return tag in function '_isAuthorizedOracle' [Warning/use-natspec]
/sb/Wallet_F.sol:125:5: Mismatch in @return count for function '_isAuthorizedOracle'. Expected: 1, Found: 0 [Warning/use-natspec]
/sb/Wallet_F.sol:126:57: GC: For [ i ] variable, increment/decrement by 1 using: [ ++variable ] to save gas [Warning/gas-increment-by-one]
/sb/Wallet_F.sol:135:1: Missing @title tag in contract 'Exchange' [Warning/use-natspec]
/sb/Wallet_F.sol:135:1: Missing @author tag in contract 'Exchange' [Warning/use-natspec]
/sb/Wallet_F.sol:135:1: Missing @notice tag in contract 'Exchange' [Warning/use-natspec]
/sb/Wallet_F.sol:136:5: Missing @notice tag in variable 'authorizedWallet' [Warning/use-natspec]
/sb/Wallet_F.sol:137:5: Missing @notice tag in variable 'oracleContract' [Warning/use-natspec]
/sb/Wallet_F.sol:138:5: Missing @notice tag in variable 'currencies' [Warning/use-natspec]
/sb/Wallet_F.sol:139:5: Missing @notice tag in variable 'bridgeURL' [Warning/use-natspec]
/sb/Wallet_F.sol:141:5: Missing @notice tag in event 'Exchange' [Warning/use-natspec]
/sb/Wallet_F.sol:141:5: Missing @param tag in event 'Exchange' [Warning/use-natspec]
/sb/Wallet_F.sol:141:5: Mismatch in @param names for event 'Exchange'. Expected: [transactor, targetCurrency, amount, exchangeRate, timestamp, bridgeCall], Found: [] [Warning/use-natspec]
/sb/Wallet_F.sol:141:5: GC: [transactor] on Event [Exchange] could be Indexed [Warning/gas-indexed-events]
/sb/Wallet_F.sol:141:5: GC: [amount] on Event [Exchange] could be Indexed [Warning/gas-indexed-events]
/sb/Wallet_F.sol:141:5: GC: [exchangeRate] on Event [Exchange] could be Indexed [Warning/gas-indexed-events]
/sb/Wallet_F.sol:141:5: GC: [timestamp] on Event [Exchange] could be Indexed [Warning/gas-indexed-events]
/sb/Wallet_F.sol:143:5: Missing @notice tag in function '<anonymous>' [Warning/use-natspec]
/sb/Wallet_F.sol:143:5: Missing @param tag in function '<anonymous>' [Warning/use-natspec]
/sb/Wallet_F.sol:143:5: Mismatch in @param names for function '<anonymous>'. Expected: [_authorizedWallet, _oracleContract], Found: [] [Warning/use-natspec]
/sb/Wallet_F.sol:143:5: Explicitly mark visibility in function (Set ignoreConstructors to true if using solidity >=0.7.0) [Warning/func-visibility]
/sb/Wallet_F.sol:148:5: Missing @notice tag in function 'exchange' [Warning/use-natspec]
/sb/Wallet_F.sol:148:5: Missing @param tag in function 'exchange' [Warning/use-natspec]
/sb/Wallet_F.sol:148:5: Mismatch in @param names for function 'exchange'. Expected: [transactor, targetCurrency, targetAddress, maximumRateDelay], Found: [] [Warning/use-natspec]
/sb/Wallet_F.sol:148:5: GC: [targetCurrency] argument on Function [exchange] could be [calldata] if it's not being updated [Warning/gas-calldata-parameters]
/sb/Wallet_F.sol:149:9: GC: Use Custom Errors instead of require statements [Warning/gas-custom-errors]
/sb/Wallet_F.sol:150:9: GC: Use Custom Errors instead of require statements [Warning/gas-custom-errors]
/sb/Wallet_F.sol:151:9: GC: Use Custom Errors instead of require statements [Warning/gas-custom-errors]
/sb/Wallet_F.sol:152:9: GC: Use Custom Errors instead of require statements [Warning/gas-custom-errors]
/sb/Wallet_F.sol:153:9: GC: Use Custom Errors instead of require statements [Warning/gas-custom-errors]
/sb/Wallet_F.sol:156:9: GC: Use Custom Errors instead of require statements [Warning/gas-custom-errors]
/sb/Wallet_F.sol:156:17: GC: Non strict inequality found. Try converting to a strict one [Warning/gas-strict-inequalities]
/sb/Wallet_F.sol:161:5: Missing @notice tag in function '_updateBridge' [Warning/use-natspec]
/sb/Wallet_F.sol:161:5: Missing @param tag in function '_updateBridge' [Warning/use-natspec]
/sb/Wallet_F.sol:161:5: Mismatch in @param names for function '_updateBridge'. Expected: [newBridgeURL], Found: [] [Warning/use-natspec]
/sb/Wallet_F.sol:161:5: GC: [newBridgeURL] argument on Function [_updateBridge] could be [calldata] if it's not being updated [Warning/gas-calldata-parameters]
/sb/Wallet_F.sol:162:9: GC: Use Custom Errors instead of require statements [Warning/gas-custom-errors]
/sb/Wallet_F.sol:166:5: Missing @notice tag in function '_addCurrency' [Warning/use-natspec]
/sb/Wallet_F.sol:166:5: Missing @param tag in function '_addCurrency' [Warning/use-natspec]
/sb/Wallet_F.sol:166:5: Mismatch in @param names for function '_addCurrency'. Expected: [symbol], Found: [] [Warning/use-natspec]
/sb/Wallet_F.sol:166:5: GC: [symbol] argument on Function [_addCurrency] could be [calldata] if it's not being updated [Warning/gas-calldata-parameters]
/sb/Wallet_F.sol:167:9: GC: Use Custom Errors instead of require statements [Warning/gas-custom-errors]
/sb/Wallet_F.sol:168:9: GC: Use Custom Errors instead of require statements [Warning/gas-custom-errors]
/sb/Wallet_F.sol:172:5: Missing @notice tag in function '_removeCurrency' [Warning/use-natspec]
/sb/Wallet_F.sol:172:5: Missing @param tag in function '_removeCurrency' [Warning/use-natspec]
/sb/Wallet_F.sol:172:5: Mismatch in @param names for function '_removeCurrency'. Expected: [symbol], Found: [] [Warning/use-natspec]
/sb/Wallet_F.sol:172:5: GC: [symbol] argument on Function [_removeCurrency] could be [calldata] if it's not being updated [Warning/gas-calldata-parameters]
/sb/Wallet_F.sol:173:9: GC: Use Custom Errors instead of require statements [Warning/gas-custom-errors]
/sb/Wallet_F.sol:174:9: GC: Use Custom Errors instead of require statements [Warning/gas-custom-errors]
/sb/Wallet_F.sol:178:5: Missing @notice tag in function 'isSupported' [Warning/use-natspec]
/sb/Wallet_F.sol:178:5: Missing @param tag in function 'isSupported' [Warning/use-natspec]
/sb/Wallet_F.sol:178:5: Mismatch in @param names for function 'isSupported'. Expected: [symbol], Found: [] [Warning/use-natspec]
/sb/Wallet_F.sol:178:5: Missing @return tag in function 'isSupported' [Warning/use-natspec]
/sb/Wallet_F.sol:178:5: Mismatch in @return count for function 'isSupported'. Expected: 1, Found: 0 [Warning/use-natspec]
/sb/Wallet_F.sol:178:5: GC: [symbol] argument on Function [isSupported] could be [calldata] if it's not being updated [Warning/gas-calldata-parameters]
/sb/Wallet_F.sol:183:1: Missing @title tag in contract 'IOracle' [Warning/use-natspec]
/sb/Wallet_F.sol:183:1: Missing @author tag in contract 'IOracle' [Warning/use-natspec]
/sb/Wallet_F.sol:183:1: Missing @notice tag in contract 'IOracle' [Warning/use-natspec]
/sb/Wallet_F.sol:184:5: Missing @notice tag in function 'readRate' [Warning/use-natspec]
/sb/Wallet_F.sol:184:5: Missing @param tag in function 'readRate' [Warning/use-natspec]
/sb/Wallet_F.sol:184:5: Mismatch in @param names for function 'readRate'. Expected: [symbol], Found: [] [Warning/use-natspec]
/sb/Wallet_F.sol:184:5: Missing @return tag in function 'readRate' [Warning/use-natspec]
/sb/Wallet_F.sol:184:5: Mismatch in @return count for function 'readRate'. Expected: 2, Found: 0 [Warning/use-natspec]
/sb/Wallet_F.sol:185:5: Missing @notice tag in function 'isSupported' [Warning/use-natspec]
/sb/Wallet_F.sol:185:5: Missing @param tag in function 'isSupported' [Warning/use-natspec]
/sb/Wallet_F.sol:185:5: Mismatch in @param names for function 'isSupported'. Expected: [symbol], Found: [] [Warning/use-natspec]
/sb/Wallet_F.sol:185:5: Missing @return tag in function 'isSupported' [Warning/use-natspec]
/sb/Wallet_F.sol:185:5: Mismatch in @return count for function 'isSupported'. Expected: 1, Found: 0 [Warning/use-natspec]
/sb/Wallet_F.sol:186:5: Missing @notice tag in function 'requestRate' [Warning/use-natspec]
/sb/Wallet_F.sol:186:5: Missing @param tag in function 'requestRate' [Warning/use-natspec]
/sb/Wallet_F.sol:186:5: Mismatch in @param names for function 'requestRate'. Expected: [symbol], Found: [] [Warning/use-natspec]
/sb/Wallet_F.sol:186:5: Missing @return tag in function 'requestRate' [Warning/use-natspec]
/sb/Wallet_F.sol:186:5: Mismatch in @return count for function 'requestRate'. Expected: 1, Found: 0 [Warning/use-natspec]
/sb/Wallet_F.sol:187:5: Missing @notice tag in function '_addOracle' [Warning/use-natspec]
/sb/Wallet_F.sol:187:5: Missing @param tag in function '_addOracle' [Warning/use-natspec]
/sb/Wallet_F.sol:187:5: Mismatch in @param names for function '_addOracle'. Expected: [symbol, maintainer, url, accessAddress], Found: [] [Warning/use-natspec]
/sb/Wallet_F.sol:188:5: Missing @notice tag in function '_removeOracle' [Warning/use-natspec]
/sb/Wallet_F.sol:188:5: Missing @param tag in function '_removeOracle' [Warning/use-natspec]
/sb/Wallet_F.sol:188:5: Mismatch in @param names for function '_removeOracle'. Expected: [symbol, accessAddress], Found: [] [Warning/use-natspec]
/sb/Wallet_F.sol:189:5: Missing @notice tag in function '_changeMinimumQuorum' [Warning/use-natspec]
/sb/Wallet_F.sol:189:5: Missing @param tag in function '_changeMinimumQuorum' [Warning/use-natspec]
/sb/Wallet_F.sol:189:5: Mismatch in @param names for function '_changeMinimumQuorum'. Expected: [newQuorum], Found: [] [Warning/use-natspec]
/sb/Wallet_F.sol:192:1: Missing @title tag in contract 'IExchange' [Warning/use-natspec]
/sb/Wallet_F.sol:192:1: Missing @author tag in contract 'IExchange' [Warning/use-natspec]
/sb/Wallet_F.sol:192:1: Missing @notice tag in contract 'IExchange' [Warning/use-natspec]
/sb/Wallet_F.sol:193:5: Missing @notice tag in function 'exchange' [Warning/use-natspec]
/sb/Wallet_F.sol:193:5: Missing @param tag in function 'exchange' [Warning/use-natspec]
/sb/Wallet_F.sol:193:5: Mismatch in @param names for function 'exchange'. Expected: [transactor, targetCurrency, targetAddress, maximumRateDelay], Found: [] [Warning/use-natspec]
/sb/Wallet_F.sol:194:5: Missing @notice tag in function 'isSupported' [Warning/use-natspec]
/sb/Wallet_F.sol:194:5: Missing @param tag in function 'isSupported' [Warning/use-natspec]
/sb/Wallet_F.sol:194:5: Mismatch in @param names for function 'isSupported'. Expected: [symbol], Found: [] [Warning/use-natspec]
/sb/Wallet_F.sol:194:5: Missing @return tag in function 'isSupported' [Warning/use-natspec]
/sb/Wallet_F.sol:194:5: Mismatch in @return count for function 'isSupported'. Expected: 1, Found: 0 [Warning/use-natspec]
/sb/Wallet_F.sol:195:5: Missing @notice tag in function '_updateBridge' [Warning/use-natspec]
/sb/Wallet_F.sol:195:5: Missing @param tag in function '_updateBridge' [Warning/use-natspec]
/sb/Wallet_F.sol:195:5: Mismatch in @param names for function '_updateBridge'. Expected: [newBridgeURL], Found: [] [Warning/use-natspec]
/sb/Wallet_F.sol:196:5: Missing @notice tag in function '_addCurrency' [Warning/use-natspec]
/sb/Wallet_F.sol:196:5: Missing @param tag in function '_addCurrency' [Warning/use-natspec]
/sb/Wallet_F.sol:196:5: Mismatch in @param names for function '_addCurrency'. Expected: [symbol], Found: [] [Warning/use-natspec]
/sb/Wallet_F.sol:197:5: Missing @notice tag in function '_removeCurrency' [Warning/use-natspec]
/sb/Wallet_F.sol:197:5: Missing @param tag in function '_removeCurrency' [Warning/use-natspec]
/sb/Wallet_F.sol:197:5: Mismatch in @param names for function '_removeCurrency'. Expected: [symbol], Found: [] [Warning/use-natspec]
/sb/Wallet_F.sol:200:1: Missing @title tag in contract 'Wallet' [Warning/use-natspec]
/sb/Wallet_F.sol:200:1: Missing @author tag in contract 'Wallet' [Warning/use-natspec]
/sb/Wallet_F.sol:200:1: Missing @notice tag in contract 'Wallet' [Warning/use-natspec]
/sb/Wallet_F.sol:201:5: Missing @notice tag in variable 'owner' [Warning/use-natspec]
/sb/Wallet_F.sol:202:5: Missing @notice tag in variable 'oracleContract' [Warning/use-natspec]
/sb/Wallet_F.sol:203:5: Missing @notice tag in variable 'exchangeContract' [Warning/use-natspec]
/sb/Wallet_F.sol:206:5: Missing @notice tag in variable 'maximumRateDelay' [Warning/use-natspec]
/sb/Wallet_F.sol:207:5: Missing @notice tag in variable 'exchangeFee' [Warning/use-natspec]
/sb/Wallet_F.sol:209:5: Missing @notice tag in event 'Deposit' [Warning/use-natspec]
/sb/Wallet_F.sol:209:5: Missing @param tag in event 'Deposit' [Warning/use-natspec]
/sb/Wallet_F.sol:209:5: Mismatch in @param names for event 'Deposit'. Expected: [user, amount], Found: [] [Warning/use-natspec]
/sb/Wallet_F.sol:209:5: GC: [amount] on Event [Deposit] could be Indexed [Warning/gas-indexed-events]
/sb/Wallet_F.sol:210:5: Missing @notice tag in event 'Transfer' [Warning/use-natspec]
/sb/Wallet_F.sol:210:5: Missing @param tag in event 'Transfer' [Warning/use-natspec]
/sb/Wallet_F.sol:210:5: Mismatch in @param names for event 'Transfer'. Expected: [from, to, amount], Found: [] [Warning/use-natspec]
/sb/Wallet_F.sol:210:5: GC: [amount] on Event [Transfer] could be Indexed [Warning/gas-indexed-events]
/sb/Wallet_F.sol:211:5: Missing @notice tag in event 'ExternalTransfer' [Warning/use-natspec]
/sb/Wallet_F.sol:211:5: Missing @param tag in event 'ExternalTransfer' [Warning/use-natspec]
/sb/Wallet_F.sol:211:5: Mismatch in @param names for event 'ExternalTransfer'. Expected: [from, to, amount], Found: [] [Warning/use-natspec]
/sb/Wallet_F.sol:211:5: GC: [amount] on Event [ExternalTransfer] could be Indexed [Warning/gas-indexed-events]
/sb/Wallet_F.sol:212:5: Missing @notice tag in event 'Exchange' [Warning/use-natspec]
/sb/Wallet_F.sol:212:5: Missing @param tag in event 'Exchange' [Warning/use-natspec]
/sb/Wallet_F.sol:212:5: Mismatch in @param names for event 'Exchange'. Expected: [user, targetCurrency, targetAddress, amount], Found: [] [Warning/use-natspec]
/sb/Wallet_F.sol:212:5: GC: [targetAddress] on Event [Exchange] could be Indexed [Warning/gas-indexed-events]
/sb/Wallet_F.sol:212:5: GC: [amount] on Event [Exchange] could be Indexed [Warning/gas-indexed-events]
/sb/Wallet_F.sol:213:5: Missing @notice tag in event 'Withdrawn' [Warning/use-natspec]
/sb/Wallet_F.sol:213:5: Missing @param tag in event 'Withdrawn' [Warning/use-natspec]
/sb/Wallet_F.sol:213:5: Mismatch in @param names for event 'Withdrawn'. Expected: [user, amount], Found: [] [Warning/use-natspec]
/sb/Wallet_F.sol:213:5: GC: [amount] on Event [Withdrawn] could be Indexed [Warning/gas-indexed-events]
/sb/Wallet_F.sol:214:5: Missing @notice tag in event 'Authorize' [Warning/use-natspec]
/sb/Wallet_F.sol:214:5: Missing @param tag in event 'Authorize' [Warning/use-natspec]
/sb/Wallet_F.sol:214:5: Mismatch in @param names for event 'Authorize'. Expected: [owner, authorized, tier], Found: [] [Warning/use-natspec]
/sb/Wallet_F.sol:215:5: Missing @notice tag in event 'Revoke' [Warning/use-natspec]
/sb/Wallet_F.sol:215:5: Missing @param tag in event 'Revoke' [Warning/use-natspec]
/sb/Wallet_F.sol:215:5: Mismatch in @param names for event 'Revoke'. Expected: [owner, unauthorize], Found: [] [Warning/use-natspec]
/sb/Wallet_F.sol:217:5: Missing @notice tag in function '<anonymous>' [Warning/use-natspec]
/sb/Wallet_F.sol:217:5: Missing @param tag in function '<anonymous>' [Warning/use-natspec]
/sb/Wallet_F.sol:217:5: Mismatch in @param names for function '<anonymous>'. Expected: [_maximumRateDelay, _exchangeFee], Found: [] [Warning/use-natspec]
/sb/Wallet_F.sol:217:5: Explicitly mark visibility in function (Set ignoreConstructors to true if using solidity >=0.7.0) [Warning/func-visibility]
/sb/Wallet_F.sol:223:5: Missing @notice tag in function 'deposit' [Warning/use-natspec]
/sb/Wallet_F.sol:228:5: Missing @notice tag in function 'transfer' [Warning/use-natspec]
/sb/Wallet_F.sol:228:5: Missing @param tag in function 'transfer' [Warning/use-natspec]
/sb/Wallet_F.sol:228:5: Mismatch in @param names for function 'transfer'. Expected: [amount, to], Found: [] [Warning/use-natspec]
/sb/Wallet_F.sol:229:9: GC: Use Custom Errors instead of require statements [Warning/gas-custom-errors]
/sb/Wallet_F.sol:229:17: GC: Non strict inequality found. Try converting to a strict one [Warning/gas-strict-inequalities]
/sb/Wallet_F.sol:235:5: Missing @notice tag in function 'externalTransfer' [Warning/use-natspec]
/sb/Wallet_F.sol:235:5: Missing @param tag in function 'externalTransfer' [Warning/use-natspec]
/sb/Wallet_F.sol:235:5: Mismatch in @param names for function 'externalTransfer'. Expected: [amount, to], Found: [] [Warning/use-natspec]
/sb/Wallet_F.sol:236:9: GC: Use Custom Errors instead of require statements [Warning/gas-custom-errors]
/sb/Wallet_F.sol:236:17: GC: Non strict inequality found. Try converting to a strict one [Warning/gas-strict-inequalities]
/sb/Wallet_F.sol:242:5: Missing @notice tag in function 'exchange' [Warning/use-natspec]
/sb/Wallet_F.sol:242:5: Missing @param tag in function 'exchange' [Warning/use-natspec]
/sb/Wallet_F.sol:242:5: Mismatch in @param names for function 'exchange'. Expected: [targetCurrency, targetAddress, amount], Found: [] [Warning/use-natspec]
/sb/Wallet_F.sol:242:5: GC: [targetCurrency] argument on Function [exchange] could be [calldata] if it's not being updated [Warning/gas-calldata-parameters]
/sb/Wallet_F.sol:243:9: GC: Use Custom Errors instead of require statements [Warning/gas-custom-errors]
/sb/Wallet_F.sol:243:17: GC: Non strict inequality found. Try converting to a strict one [Warning/gas-strict-inequalities]
/sb/Wallet_F.sol:244:9: GC: Use Custom Errors instead of require statements [Warning/gas-custom-errors]
/sb/Wallet_F.sol:254:5: Missing @notice tag in function 'withdrawn' [Warning/use-natspec]
/sb/Wallet_F.sol:254:5: Missing @param tag in function 'withdrawn' [Warning/use-natspec]
/sb/Wallet_F.sol:254:5: Mismatch in @param names for function 'withdrawn'. Expected: [amount], Found: [] [Warning/use-natspec]
/sb/Wallet_F.sol:255:9: GC: Use Custom Errors instead of require statements [Warning/gas-custom-errors]
/sb/Wallet_F.sol:255:17: GC: Non strict inequality found. Try converting to a strict one [Warning/gas-strict-inequalities]
/sb/Wallet_F.sol:261:5: Missing @notice tag in function 'transferAUTH' [Warning/use-natspec]
/sb/Wallet_F.sol:261:5: Missing @param tag in function 'transferAUTH' [Warning/use-natspec]
/sb/Wallet_F.sol:261:5: Mismatch in @param names for function 'transferAUTH'. Expected: [amount, from, to], Found: [] [Warning/use-natspec]
/sb/Wallet_F.sol:262:9: GC: Use Custom Errors instead of require statements [Warning/gas-custom-errors]
/sb/Wallet_F.sol:263:9: GC: Use Custom Errors instead of require statements [Warning/gas-custom-errors]
/sb/Wallet_F.sol:263:17: GC: Non strict inequality found. Try converting to a strict one [Warning/gas-strict-inequalities]
/sb/Wallet_F.sol:269:5: Missing @notice tag in function 'externalTransferAUTH' [Warning/use-natspec]
/sb/Wallet_F.sol:269:5: Missing @param tag in function 'externalTransferAUTH' [Warning/use-natspec]
/sb/Wallet_F.sol:269:5: Mismatch in @param names for function 'externalTransferAUTH'. Expected: [amount, from, to], Found: [] [Warning/use-natspec]
/sb/Wallet_F.sol:270:9: GC: Use Custom Errors instead of require statements [Warning/gas-custom-errors]
/sb/Wallet_F.sol:271:9: GC: Use Custom Errors instead of require statements [Warning/gas-custom-errors]
/sb/Wallet_F.sol:271:17: GC: Non strict inequality found. Try converting to a strict one [Warning/gas-strict-inequalities]
/sb/Wallet_F.sol:277:5: Missing @notice tag in function 'exchangeAUTH' [Warning/use-natspec]
/sb/Wallet_F.sol:277:5: Missing @param tag in function 'exchangeAUTH' [Warning/use-natspec]
/sb/Wallet_F.sol:277:5: Mismatch in @param names for function 'exchangeAUTH'. Expected: [targetCurrency, from, targetAddress, amount], Found: [] [Warning/use-natspec]
/sb/Wallet_F.sol:277:5: GC: [targetCurrency] argument on Function [exchangeAUTH] could be [calldata] if it's not being updated [Warning/gas-calldata-parameters]
/sb/Wallet_F.sol:278:9: GC: Use Custom Errors instead of require statements [Warning/gas-custom-errors]
/sb/Wallet_F.sol:279:9: GC: Use Custom Errors instead of require statements [Warning/gas-custom-errors]
/sb/Wallet_F.sol:279:17: GC: Non strict inequality found. Try converting to a strict one [Warning/gas-strict-inequalities]
/sb/Wallet_F.sol:280:9: GC: Use Custom Errors instead of require statements [Warning/gas-custom-errors]
/sb/Wallet_F.sol:290:5: Missing @notice tag in function 'withdrawnAUTH' [Warning/use-natspec]
/sb/Wallet_F.sol:290:5: Missing @param tag in function 'withdrawnAUTH' [Warning/use-natspec]
/sb/Wallet_F.sol:290:5: Mismatch in @param names for function 'withdrawnAUTH'. Expected: [from, amount], Found: [] [Warning/use-natspec]
/sb/Wallet_F.sol:291:9: GC: Use Custom Errors instead of require statements [Warning/gas-custom-errors]
/sb/Wallet_F.sol:292:9: GC: Use Custom Errors instead of require statements [Warning/gas-custom-errors]
/sb/Wallet_F.sol:292:17: GC: Non strict inequality found. Try converting to a strict one [Warning/gas-strict-inequalities]
/sb/Wallet_F.sol:298:5: Missing @notice tag in function 'authorize' [Warning/use-natspec]
/sb/Wallet_F.sol:298:5: Missing @param tag in function 'authorize' [Warning/use-natspec]
/sb/Wallet_F.sol:298:5: Mismatch in @param names for function 'authorize'. Expected: [authorized, tier], Found: [] [Warning/use-natspec]
/sb/Wallet_F.sol:298:5: GC: [tier] argument on Function [authorize] could be [calldata] if it's not being updated [Warning/gas-calldata-parameters]
/sb/Wallet_F.sol:299:9: GC: Use Custom Errors instead of require statements [Warning/gas-custom-errors]
/sb/Wallet_F.sol:304:5: Missing @notice tag in function 'revoke' [Warning/use-natspec]
/sb/Wallet_F.sol:304:5: Missing @param tag in function 'revoke' [Warning/use-natspec]
/sb/Wallet_F.sol:304:5: Mismatch in @param names for function 'revoke'. Expected: [unauthorize], Found: [] [Warning/use-natspec]
/sb/Wallet_F.sol:309:5: Missing @notice tag in function 'getExchangeAvailability' [Warning/use-natspec]
/sb/Wallet_F.sol:309:5: Missing @param tag in function 'getExchangeAvailability' [Warning/use-natspec]
/sb/Wallet_F.sol:309:5: Mismatch in @param names for function 'getExchangeAvailability'. Expected: [symbol], Found: [] [Warning/use-natspec]
/sb/Wallet_F.sol:309:5: Missing @return tag in function 'getExchangeAvailability' [Warning/use-natspec]
/sb/Wallet_F.sol:309:5: Mismatch in @return count for function 'getExchangeAvailability'. Expected: 1, Found: 0 [Warning/use-natspec]
/sb/Wallet_F.sol:309:5: GC: [symbol] argument on Function [getExchangeAvailability] could be [calldata] if it's not being updated [Warning/gas-calldata-parameters]
/sb/Wallet_F.sol:313:5: Missing @notice tag in function 'getOracleAvailability' [Warning/use-natspec]
/sb/Wallet_F.sol:313:5: Missing @param tag in function 'getOracleAvailability' [Warning/use-natspec]
/sb/Wallet_F.sol:313:5: Mismatch in @param names for function 'getOracleAvailability'. Expected: [symbol], Found: [] [Warning/use-natspec]
/sb/Wallet_F.sol:313:5: Missing @return tag in function 'getOracleAvailability' [Warning/use-natspec]
/sb/Wallet_F.sol:313:5: Mismatch in @return count for function 'getOracleAvailability'. Expected: 1, Found: 0 [Warning/use-natspec]
/sb/Wallet_F.sol:313:5: GC: [symbol] argument on Function [getOracleAvailability] could be [calldata] if it's not being updated [Warning/gas-calldata-parameters]
/sb/Wallet_F.sol:317:5: Missing @notice tag in function 'getExchangeRate' [Warning/use-natspec]
/sb/Wallet_F.sol:317:5: Missing @param tag in function 'getExchangeRate' [Warning/use-natspec]
/sb/Wallet_F.sol:317:5: Mismatch in @param names for function 'getExchangeRate'. Expected: [symbol], Found: [] [Warning/use-natspec]
/sb/Wallet_F.sol:317:5: Missing @return tag in function 'getExchangeRate' [Warning/use-natspec]
/sb/Wallet_F.sol:317:5: Mismatch in @return count for function 'getExchangeRate'. Expected: 2, Found: 0 [Warning/use-natspec]
/sb/Wallet_F.sol:317:5: GC: [symbol] argument on Function [getExchangeRate] could be [calldata] if it's not being updated [Warning/gas-calldata-parameters]
/sb/Wallet_F.sol:321:5: Missing @notice tag in function 'requestExchangeRate' [Warning/use-natspec]
/sb/Wallet_F.sol:321:5: Missing @param tag in function 'requestExchangeRate' [Warning/use-natspec]
/sb/Wallet_F.sol:321:5: Mismatch in @param names for function 'requestExchangeRate'. Expected: [symbol], Found: [] [Warning/use-natspec]
/sb/Wallet_F.sol:321:5: GC: [symbol] argument on Function [requestExchangeRate] could be [calldata] if it's not being updated [Warning/gas-calldata-parameters]
/sb/Wallet_F.sol:325:5: Missing @notice tag in function 'addOracle' [Warning/use-natspec]
/sb/Wallet_F.sol:325:5: Missing @param tag in function 'addOracle' [Warning/use-natspec]
/sb/Wallet_F.sol:325:5: Mismatch in @param names for function 'addOracle'. Expected: [symbol, maintainer, url, accessAddress], Found: [] [Warning/use-natspec]
/sb/Wallet_F.sol:325:5: GC: [symbol] argument on Function [addOracle] could be [calldata] if it's not being updated [Warning/gas-calldata-parameters]
/sb/Wallet_F.sol:325:5: GC: [maintainer] argument on Function [addOracle] could be [calldata] if it's not being updated [Warning/gas-calldata-parameters]
/sb/Wallet_F.sol:325:5: GC: [url] argument on Function [addOracle] could be [calldata] if it's not being updated [Warning/gas-calldata-parameters]
/sb/Wallet_F.sol:326:9: GC: Use Custom Errors instead of require statements [Warning/gas-custom-errors]
/sb/Wallet_F.sol:330:5: Missing @notice tag in function 'removeOracle' [Warning/use-natspec]
/sb/Wallet_F.sol:330:5: Missing @param tag in function 'removeOracle' [Warning/use-natspec]
/sb/Wallet_F.sol:330:5: Mismatch in @param names for function 'removeOracle'. Expected: [symbol, accessAddress], Found: [] [Warning/use-natspec]
/sb/Wallet_F.sol:330:5: GC: [symbol] argument on Function [removeOracle] could be [calldata] if it's not being updated [Warning/gas-calldata-parameters]
/sb/Wallet_F.sol:331:9: GC: Use Custom Errors instead of require statements [Warning/gas-custom-errors]
/sb/Wallet_F.sol:335:5: Missing @notice tag in function 'changeMinimumQuorum' [Warning/use-natspec]
/sb/Wallet_F.sol:335:5: Missing @param tag in function 'changeMinimumQuorum' [Warning/use-natspec]
/sb/Wallet_F.sol:335:5: Mismatch in @param names for function 'changeMinimumQuorum'. Expected: [newQuorum], Found: [] [Warning/use-natspec]
/sb/Wallet_F.sol:336:9: GC: Use Custom Errors instead of require statements [Warning/gas-custom-errors]
/sb/Wallet_F.sol:337:9: GC: Use Custom Errors instead of require statements [Warning/gas-custom-errors]
/sb/Wallet_F.sol:337:17: GC: Non strict inequality found. Try converting to a strict one [Warning/gas-strict-inequalities]
/sb/Wallet_F.sol:337:35: GC: Non strict inequality found. Try converting to a strict one [Warning/gas-strict-inequalities]
/sb/Wallet_F.sol:341:5: Missing @notice tag in function 'updateBridge' [Warning/use-natspec]
/sb/Wallet_F.sol:341:5: Missing @param tag in function 'updateBridge' [Warning/use-natspec]
/sb/Wallet_F.sol:341:5: Mismatch in @param names for function 'updateBridge'. Expected: [newBridgeURL], Found: [] [Warning/use-natspec]
/sb/Wallet_F.sol:341:5: GC: [newBridgeURL] argument on Function [updateBridge] could be [calldata] if it's not being updated [Warning/gas-calldata-parameters]
/sb/Wallet_F.sol:342:9: GC: Use Custom Errors instead of require statements [Warning/gas-custom-errors]
/sb/Wallet_F.sol:346:5: Missing @notice tag in function 'addCurrency' [Warning/use-natspec]
/sb/Wallet_F.sol:346:5: Missing @param tag in function 'addCurrency' [Warning/use-natspec]
/sb/Wallet_F.sol:346:5: Mismatch in @param names for function 'addCurrency'. Expected: [symbol], Found: [] [Warning/use-natspec]
/sb/Wallet_F.sol:346:5: GC: [symbol] argument on Function [addCurrency] could be [calldata] if it's not being updated [Warning/gas-calldata-parameters]
/sb/Wallet_F.sol:347:9: GC: Use Custom Errors instead of require statements [Warning/gas-custom-errors]
/sb/Wallet_F.sol:351:5: Missing @notice tag in function 'removeCurrency' [Warning/use-natspec]
/sb/Wallet_F.sol:351:5: Missing @param tag in function 'removeCurrency' [Warning/use-natspec]
/sb/Wallet_F.sol:351:5: Mismatch in @param names for function 'removeCurrency'. Expected: [symbol], Found: [] [Warning/use-natspec]
/sb/Wallet_F.sol:351:5: GC: [symbol] argument on Function [removeCurrency] could be [calldata] if it's not being updated [Warning/gas-calldata-parameters]
/sb/Wallet_F.sol:352:9: GC: Use Custom Errors instead of require statements [Warning/gas-custom-errors]
/sb/Wallet_F.sol:356:5: Missing @notice tag in function 'updateOracleAddress' [Warning/use-natspec]
/sb/Wallet_F.sol:356:5: Missing @param tag in function 'updateOracleAddress' [Warning/use-natspec]
/sb/Wallet_F.sol:356:5: Mismatch in @param names for function 'updateOracleAddress'. Expected: [newOracle], Found: [] [Warning/use-natspec]
/sb/Wallet_F.sol:357:9: GC: Use Custom Errors instead of require statements [Warning/gas-custom-errors]
/sb/Wallet_F.sol:361:5: Missing @notice tag in function 'updateExchangeAddress' [Warning/use-natspec]
/sb/Wallet_F.sol:361:5: Missing @param tag in function 'updateExchangeAddress' [Warning/use-natspec]
/sb/Wallet_F.sol:361:5: Mismatch in @param names for function 'updateExchangeAddress'. Expected: [newExchange], Found: [] [Warning/use-natspec]
/sb/Wallet_F.sol:362:9: GC: Use Custom Errors instead of require statements [Warning/gas-custom-errors]
/sb/Wallet_F.sol:366:5: Missing @notice tag in function 'updateMaximumRateDelay' [Warning/use-natspec]
/sb/Wallet_F.sol:366:5: Missing @param tag in function 'updateMaximumRateDelay' [Warning/use-natspec]
/sb/Wallet_F.sol:366:5: Mismatch in @param names for function 'updateMaximumRateDelay'. Expected: [newMaximumRateDelay], Found: [] [Warning/use-natspec]
/sb/Wallet_F.sol:367:9: GC: Use Custom Errors instead of require statements [Warning/gas-custom-errors]
/sb/Wallet_F.sol:371:5: Missing @notice tag in function 'updateExchangeFee' [Warning/use-natspec]
/sb/Wallet_F.sol:371:5: Missing @param tag in function 'updateExchangeFee' [Warning/use-natspec]
/sb/Wallet_F.sol:371:5: Mismatch in @param names for function 'updateExchangeFee'. Expected: [newExchangeFee], Found: [] [Warning/use-natspec]
/sb/Wallet_F.sol:372:9: GC: Use Custom Errors instead of require statements [Warning/gas-custom-errors]
/sb/Wallet_F.sol:373:9: GC: Use Custom Errors instead of require statements [Warning/gas-custom-errors]
/sb/Wallet_F.sol:373:17: GC: Non strict inequality found. Try converting to a strict one [Warning/gas-strict-inequalities]
/sb/Wallet_F.sol:373:40: GC: Non strict inequality found. Try converting to a strict one [Warning/gas-strict-inequalities]
/sb/Wallet_F.sol:377:5: Missing @notice tag in function 'changeOwnership' [Warning/use-natspec]
/sb/Wallet_F.sol:377:5: Missing @param tag in function 'changeOwnership' [Warning/use-natspec]
/sb/Wallet_F.sol:377:5: Mismatch in @param names for function 'changeOwnership'. Expected: [newOwner], Found: [] [Warning/use-natspec]
/sb/Wallet_F.sol:378:9: GC: Use Custom Errors instead of require statements [Warning/gas-custom-errors]

362 problem/s (1 error/s, 361 warning/s)
