A new version of Solhint is available: 6.0.3
Please consider updating your Solhint package.
/sb/SupplyChain_F.sol:10:1: Found more than One contract per file. 17 contracts found! [Warning/one-contract-per-file]
/sb/SupplyChain_F.sol:10:1: Compiler version ^0.8.20 does not satisfy the ^0.8.24 semver requirement [Error/compiler-version]
/sb/SupplyChain_F.sol:22:1: Missing @title tag in contract 'Context' [Warning/use-natspec]
/sb/SupplyChain_F.sol:22:1: Missing @author tag in contract 'Context' [Warning/use-natspec]
/sb/SupplyChain_F.sol:22:1: Missing @notice tag in contract 'Context' [Warning/use-natspec]
/sb/SupplyChain_F.sol:23:5: Missing @notice tag in function '_msgSender' [Warning/use-natspec]
/sb/SupplyChain_F.sol:23:5: Missing @return tag in function '_msgSender' [Warning/use-natspec]
/sb/SupplyChain_F.sol:23:5: Mismatch in @return count for function '_msgSender'. Expected: 1, Found: 0 [Warning/use-natspec]
/sb/SupplyChain_F.sol:27:5: Missing @notice tag in function '_msgData' [Warning/use-natspec]
/sb/SupplyChain_F.sol:27:5: Missing @return tag in function '_msgData' [Warning/use-natspec]
/sb/SupplyChain_F.sol:27:5: Mismatch in @return count for function '_msgData'. Expected: 1, Found: 0 [Warning/use-natspec]
/sb/SupplyChain_F.sol:31:5: Missing @notice tag in function '_contextSuffixLength' [Warning/use-natspec]
/sb/SupplyChain_F.sol:31:5: Missing @return tag in function '_contextSuffixLength' [Warning/use-natspec]
/sb/SupplyChain_F.sol:31:5: Mismatch in @return count for function '_contextSuffixLength'. Expected: 1, Found: 0 [Warning/use-natspec]
/sb/SupplyChain_F.sol:42:1: Compiler version ^0.8.20 does not satisfy the ^0.8.24 semver requirement [Error/compiler-version]
/sb/SupplyChain_F.sol:56:1: Missing @title tag in contract 'Ownable' [Warning/use-natspec]
/sb/SupplyChain_F.sol:56:1: Missing @author tag in contract 'Ownable' [Warning/use-natspec]
/sb/SupplyChain_F.sol:56:1: Missing @notice tag in contract 'Ownable' [Warning/use-natspec]
/sb/SupplyChain_F.sol:69:5: Missing @notice tag in event 'OwnershipTransferred' [Warning/use-natspec]
/sb/SupplyChain_F.sol:69:5: Missing @param tag in event 'OwnershipTransferred' [Warning/use-natspec]
/sb/SupplyChain_F.sol:69:5: Mismatch in @param names for event 'OwnershipTransferred'. Expected: [previousOwner, newOwner], Found: [] [Warning/use-natspec]
/sb/SupplyChain_F.sol:74:5: Missing @notice tag in function '<anonymous>' [Warning/use-natspec]
/sb/SupplyChain_F.sol:74:5: Missing @param tag in function '<anonymous>' [Warning/use-natspec]
/sb/SupplyChain_F.sol:74:5: Mismatch in @param names for function '<anonymous>'. Expected: [initialOwner], Found: [] [Warning/use-natspec]
/sb/SupplyChain_F.sol:74:5: Explicitly mark visibility in function (Set ignoreConstructors to true if using solidity >=0.7.0) [Warning/func-visibility]
/sb/SupplyChain_F.sol:92:5: Missing @notice tag in function 'owner' [Warning/use-natspec]
/sb/SupplyChain_F.sol:92:5: Missing @return tag in function 'owner' [Warning/use-natspec]
/sb/SupplyChain_F.sol:92:5: Mismatch in @return count for function 'owner'. Expected: 1, Found: 0 [Warning/use-natspec]
/sb/SupplyChain_F.sol:99:5: Missing @notice tag in function '_checkOwner' [Warning/use-natspec]
/sb/SupplyChain_F.sol:112:5: Missing @notice tag in function 'renounceOwnership' [Warning/use-natspec]
/sb/SupplyChain_F.sol:120:5: Missing @notice tag in function 'transferOwnership' [Warning/use-natspec]
/sb/SupplyChain_F.sol:120:5: Missing @param tag in function 'transferOwnership' [Warning/use-natspec]
/sb/SupplyChain_F.sol:120:5: Mismatch in @param names for function 'transferOwnership'. Expected: [newOwner], Found: [] [Warning/use-natspec]
/sb/SupplyChain_F.sol:131:5: Missing @notice tag in function '_transferOwnership' [Warning/use-natspec]
/sb/SupplyChain_F.sol:131:5: Missing @param tag in function '_transferOwnership' [Warning/use-natspec]
/sb/SupplyChain_F.sol:131:5: Mismatch in @param names for function '_transferOwnership'. Expected: [newOwner], Found: [] [Warning/use-natspec]
/sb/SupplyChain_F.sol:143:1: Compiler version >=0.8.4 does not satisfy the ^0.8.24 semver requirement [Error/compiler-version]
/sb/SupplyChain_F.sol:149:1: Missing @title tag in contract 'IERC20Errors' [Warning/use-natspec]
/sb/SupplyChain_F.sol:149:1: Missing @author tag in contract 'IERC20Errors' [Warning/use-natspec]
/sb/SupplyChain_F.sol:149:1: Missing @notice tag in contract 'IERC20Errors' [Warning/use-natspec]
/sb/SupplyChain_F.sol:195:1: Missing @title tag in contract 'IERC721Errors' [Warning/use-natspec]
/sb/SupplyChain_F.sol:195:1: Missing @author tag in contract 'IERC721Errors' [Warning/use-natspec]
/sb/SupplyChain_F.sol:195:1: Missing @notice tag in contract 'IERC721Errors' [Warning/use-natspec]
/sb/SupplyChain_F.sol:253:1: Missing @title tag in contract 'IERC1155Errors' [Warning/use-natspec]
/sb/SupplyChain_F.sol:253:1: Missing @author tag in contract 'IERC1155Errors' [Warning/use-natspec]
/sb/SupplyChain_F.sol:253:1: Missing @notice tag in contract 'IERC1155Errors' [Warning/use-natspec]
/sb/SupplyChain_F.sol:309:1: Compiler version >=0.4.16 does not satisfy the ^0.8.24 semver requirement [Error/compiler-version]
/sb/SupplyChain_F.sol:320:1: Missing @title tag in contract 'IERC165' [Warning/use-natspec]
/sb/SupplyChain_F.sol:320:1: Missing @author tag in contract 'IERC165' [Warning/use-natspec]
/sb/SupplyChain_F.sol:320:1: Missing @notice tag in contract 'IERC165' [Warning/use-natspec]
/sb/SupplyChain_F.sol:329:5: Missing @notice tag in function 'supportsInterface' [Warning/use-natspec]
/sb/SupplyChain_F.sol:329:5: Missing @param tag in function 'supportsInterface' [Warning/use-natspec]
/sb/SupplyChain_F.sol:329:5: Mismatch in @param names for function 'supportsInterface'. Expected: [interfaceId], Found: [] [Warning/use-natspec]
/sb/SupplyChain_F.sol:329:5: Missing @return tag in function 'supportsInterface' [Warning/use-natspec]
/sb/SupplyChain_F.sol:329:5: Mismatch in @return count for function 'supportsInterface'. Expected: 1, Found: 0 [Warning/use-natspec]
/sb/SupplyChain_F.sol:338:1: Compiler version >=0.6.2 does not satisfy the ^0.8.24 semver requirement [Error/compiler-version]
/sb/SupplyChain_F.sol:344:1: Missing @title tag in contract 'IERC1155' [Warning/use-natspec]
/sb/SupplyChain_F.sol:344:1: Missing @author tag in contract 'IERC1155' [Warning/use-natspec]
/sb/SupplyChain_F.sol:344:1: Missing @notice tag in contract 'IERC1155' [Warning/use-natspec]
/sb/SupplyChain_F.sol:348:5: Missing @notice tag in event 'TransferSingle' [Warning/use-natspec]
/sb/SupplyChain_F.sol:348:5: Missing @param tag in event 'TransferSingle' [Warning/use-natspec]
/sb/SupplyChain_F.sol:348:5: Mismatch in @param names for event 'TransferSingle'. Expected: [operator, from, to, id, value], Found: [] [Warning/use-natspec]
/sb/SupplyChain_F.sol:354:5: Missing @notice tag in event 'TransferBatch' [Warning/use-natspec]
/sb/SupplyChain_F.sol:354:5: Missing @param tag in event 'TransferBatch' [Warning/use-natspec]
/sb/SupplyChain_F.sol:354:5: Mismatch in @param names for event 'TransferBatch'. Expected: [operator, from, to, ids, values], Found: [] [Warning/use-natspec]
/sb/SupplyChain_F.sol:366:5: Missing @notice tag in event 'ApprovalForAll' [Warning/use-natspec]
/sb/SupplyChain_F.sol:366:5: Missing @param tag in event 'ApprovalForAll' [Warning/use-natspec]
/sb/SupplyChain_F.sol:366:5: Mismatch in @param names for event 'ApprovalForAll'. Expected: [account, operator, approved], Found: [] [Warning/use-natspec]
/sb/SupplyChain_F.sol:366:5: GC: [approved] on Event [ApprovalForAll] could be Indexed [Warning/gas-indexed-events]
/sb/SupplyChain_F.sol:375:5: Missing @notice tag in event 'URI' [Warning/use-natspec]
/sb/SupplyChain_F.sol:375:5: Missing @param tag in event 'URI' [Warning/use-natspec]
/sb/SupplyChain_F.sol:375:5: Mismatch in @param names for event 'URI'. Expected: [value, id], Found: [] [Warning/use-natspec]
/sb/SupplyChain_F.sol:380:5: Missing @notice tag in function 'balanceOf' [Warning/use-natspec]
/sb/SupplyChain_F.sol:380:5: Missing @param tag in function 'balanceOf' [Warning/use-natspec]
/sb/SupplyChain_F.sol:380:5: Mismatch in @param names for function 'balanceOf'. Expected: [account, id], Found: [] [Warning/use-natspec]
/sb/SupplyChain_F.sol:380:5: Missing @return tag in function 'balanceOf' [Warning/use-natspec]
/sb/SupplyChain_F.sol:380:5: Mismatch in @return count for function 'balanceOf'. Expected: 1, Found: 0 [Warning/use-natspec]
/sb/SupplyChain_F.sol:389:5: Missing @notice tag in function 'balanceOfBatch' [Warning/use-natspec]
/sb/SupplyChain_F.sol:389:5: Missing @param tag in function 'balanceOfBatch' [Warning/use-natspec]
/sb/SupplyChain_F.sol:389:5: Mismatch in @param names for function 'balanceOfBatch'. Expected: [accounts, ids], Found: [] [Warning/use-natspec]
/sb/SupplyChain_F.sol:389:5: Missing @return tag in function 'balanceOfBatch' [Warning/use-natspec]
/sb/SupplyChain_F.sol:389:5: Mismatch in @return count for function 'balanceOfBatch'. Expected: 1, Found: 0 [Warning/use-natspec]
/sb/SupplyChain_F.sol:403:5: Missing @notice tag in function 'setApprovalForAll' [Warning/use-natspec]
/sb/SupplyChain_F.sol:403:5: Missing @param tag in function 'setApprovalForAll' [Warning/use-natspec]
/sb/SupplyChain_F.sol:403:5: Mismatch in @param names for function 'setApprovalForAll'. Expected: [operator, approved], Found: [] [Warning/use-natspec]
/sb/SupplyChain_F.sol:410:5: Missing @notice tag in function 'isApprovedForAll' [Warning/use-natspec]
/sb/SupplyChain_F.sol:410:5: Missing @param tag in function 'isApprovedForAll' [Warning/use-natspec]
/sb/SupplyChain_F.sol:410:5: Mismatch in @param names for function 'isApprovedForAll'. Expected: [account, operator], Found: [] [Warning/use-natspec]
/sb/SupplyChain_F.sol:410:5: Missing @return tag in function 'isApprovedForAll' [Warning/use-natspec]
/sb/SupplyChain_F.sol:410:5: Mismatch in @return count for function 'isApprovedForAll'. Expected: 1, Found: 0 [Warning/use-natspec]
/sb/SupplyChain_F.sol:430:5: Missing @notice tag in function 'safeTransferFrom' [Warning/use-natspec]
/sb/SupplyChain_F.sol:430:5: Missing @param tag in function 'safeTransferFrom' [Warning/use-natspec]
/sb/SupplyChain_F.sol:430:5: Mismatch in @param names for function 'safeTransferFrom'. Expected: [from, to, id, value, data], Found: [] [Warning/use-natspec]
/sb/SupplyChain_F.sol:448:5: Missing @notice tag in function 'safeBatchTransferFrom' [Warning/use-natspec]
/sb/SupplyChain_F.sol:448:5: Missing @param tag in function 'safeBatchTransferFrom' [Warning/use-natspec]
/sb/SupplyChain_F.sol:448:5: Mismatch in @param names for function 'safeBatchTransferFrom'. Expected: [from, to, ids, values, data], Found: [] [Warning/use-natspec]
/sb/SupplyChain_F.sol:463:1: Compiler version >=0.6.2 does not satisfy the ^0.8.24 semver requirement [Error/compiler-version]
/sb/SupplyChain_F.sol:469:1: Missing @title tag in contract 'IERC1155MetadataURI' [Warning/use-natspec]
/sb/SupplyChain_F.sol:469:1: Missing @author tag in contract 'IERC1155MetadataURI' [Warning/use-natspec]
/sb/SupplyChain_F.sol:469:1: Missing @notice tag in contract 'IERC1155MetadataURI' [Warning/use-natspec]
/sb/SupplyChain_F.sol:476:5: Missing @notice tag in function 'uri' [Warning/use-natspec]
/sb/SupplyChain_F.sol:476:5: Missing @param tag in function 'uri' [Warning/use-natspec]
/sb/SupplyChain_F.sol:476:5: Mismatch in @param names for function 'uri'. Expected: [id], Found: [] [Warning/use-natspec]
/sb/SupplyChain_F.sol:476:5: Missing @return tag in function 'uri' [Warning/use-natspec]
/sb/SupplyChain_F.sol:476:5: Mismatch in @return count for function 'uri'. Expected: 1, Found: 0 [Warning/use-natspec]
/sb/SupplyChain_F.sol:485:1: Compiler version >=0.6.2 does not satisfy the ^0.8.24 semver requirement [Error/compiler-version]
/sb/SupplyChain_F.sol:491:1: Missing @title tag in contract 'IERC1155Receiver' [Warning/use-natspec]
/sb/SupplyChain_F.sol:491:1: Missing @author tag in contract 'IERC1155Receiver' [Warning/use-natspec]
/sb/SupplyChain_F.sol:491:1: Missing @notice tag in contract 'IERC1155Receiver' [Warning/use-natspec]
/sb/SupplyChain_F.sol:507:5: Missing @notice tag in function 'onERC1155Received' [Warning/use-natspec]
/sb/SupplyChain_F.sol:507:5: Mismatch in @return count for function 'onERC1155Received'. Expected: 1, Found: 0 [Warning/use-natspec]
/sb/SupplyChain_F.sol:531:5: Missing @notice tag in function 'onERC1155BatchReceived' [Warning/use-natspec]
/sb/SupplyChain_F.sol:531:5: Mismatch in @return count for function 'onERC1155BatchReceived'. Expected: 1, Found: 0 [Warning/use-natspec]
/sb/SupplyChain_F.sol:546:1: Compiler version ^0.8.20 does not satisfy the ^0.8.24 semver requirement [Error/compiler-version]
/sb/SupplyChain_F.sol:556:1: Missing @title tag in contract 'ERC1155Utils' [Warning/use-natspec]
/sb/SupplyChain_F.sol:556:1: Missing @author tag in contract 'ERC1155Utils' [Warning/use-natspec]
/sb/SupplyChain_F.sol:556:1: Missing @notice tag in contract 'ERC1155Utils' [Warning/use-natspec]
/sb/SupplyChain_F.sol:565:5: Missing @notice tag in function 'checkOnERC1155Received' [Warning/use-natspec]
/sb/SupplyChain_F.sol:565:5: Missing @param tag in function 'checkOnERC1155Received' [Warning/use-natspec]
/sb/SupplyChain_F.sol:565:5: Mismatch in @param names for function 'checkOnERC1155Received'. Expected: [operator, from, to, id, value, data], Found: [] [Warning/use-natspec]
/sb/SupplyChain_F.sol:584:21: Avoid to use inline assembly. It is acceptable only in rare cases [Warning/no-inline-assembly]
/sb/SupplyChain_F.sol:600:5: Missing @notice tag in function 'checkOnERC1155BatchReceived' [Warning/use-natspec]
/sb/SupplyChain_F.sol:600:5: Missing @param tag in function 'checkOnERC1155BatchReceived' [Warning/use-natspec]
/sb/SupplyChain_F.sol:600:5: Mismatch in @param names for function 'checkOnERC1155BatchReceived'. Expected: [operator, from, to, ids, values, data], Found: [] [Warning/use-natspec]
/sb/SupplyChain_F.sol:621:21: Avoid to use inline assembly. It is acceptable only in rare cases [Warning/no-inline-assembly]
/sb/SupplyChain_F.sol:636:1: Compiler version ^0.8.20 does not satisfy the ^0.8.24 semver requirement [Error/compiler-version]
/sb/SupplyChain_F.sol:643:1: Missing @title tag in contract 'Comparators' [Warning/use-natspec]
/sb/SupplyChain_F.sol:643:1: Missing @author tag in contract 'Comparators' [Warning/use-natspec]
/sb/SupplyChain_F.sol:643:1: Missing @notice tag in contract 'Comparators' [Warning/use-natspec]
/sb/SupplyChain_F.sol:644:5: Missing @notice tag in function 'lt' [Warning/use-natspec]
/sb/SupplyChain_F.sol:644:5: Missing @param tag in function 'lt' [Warning/use-natspec]
/sb/SupplyChain_F.sol:644:5: Mismatch in @param names for function 'lt'. Expected: [a, b], Found: [] [Warning/use-natspec]
/sb/SupplyChain_F.sol:644:5: Missing @return tag in function 'lt' [Warning/use-natspec]
/sb/SupplyChain_F.sol:644:5: Mismatch in @return count for function 'lt'. Expected: 1, Found: 0 [Warning/use-natspec]
/sb/SupplyChain_F.sol:648:5: Missing @notice tag in function 'gt' [Warning/use-natspec]
/sb/SupplyChain_F.sol:648:5: Missing @param tag in function 'gt' [Warning/use-natspec]
/sb/SupplyChain_F.sol:648:5: Mismatch in @param names for function 'gt'. Expected: [a, b], Found: [] [Warning/use-natspec]
/sb/SupplyChain_F.sol:648:5: Missing @return tag in function 'gt' [Warning/use-natspec]
/sb/SupplyChain_F.sol:648:5: Mismatch in @return count for function 'gt'. Expected: 1, Found: 0 [Warning/use-natspec]
/sb/SupplyChain_F.sol:660:1: Compiler version ^0.8.20 does not satisfy the ^0.8.24 semver requirement [Error/compiler-version]
/sb/SupplyChain_F.sol:674:1: Missing @title tag in contract 'SafeCast' [Warning/use-natspec]
/sb/SupplyChain_F.sol:674:1: Missing @author tag in contract 'SafeCast' [Warning/use-natspec]
/sb/SupplyChain_F.sol:674:1: Missing @notice tag in contract 'SafeCast' [Warning/use-natspec]
/sb/SupplyChain_F.sol:705:5: Missing @notice tag in function 'toUint248' [Warning/use-natspec]
/sb/SupplyChain_F.sol:705:5: Missing @param tag in function 'toUint248' [Warning/use-natspec]
/sb/SupplyChain_F.sol:705:5: Mismatch in @param names for function 'toUint248'. Expected: [value], Found: [] [Warning/use-natspec]
/sb/SupplyChain_F.sol:705:5: Missing @return tag in function 'toUint248' [Warning/use-natspec]
/sb/SupplyChain_F.sol:705:5: Mismatch in @return count for function 'toUint248'. Expected: 1, Found: 0 [Warning/use-natspec]
/sb/SupplyChain_F.sol:722:5: Missing @notice tag in function 'toUint240' [Warning/use-natspec]
/sb/SupplyChain_F.sol:722:5: Missing @param tag in function 'toUint240' [Warning/use-natspec]
/sb/SupplyChain_F.sol:722:5: Mismatch in @param names for function 'toUint240'. Expected: [value], Found: [] [Warning/use-natspec]
/sb/SupplyChain_F.sol:722:5: Missing @return tag in function 'toUint240' [Warning/use-natspec]
/sb/SupplyChain_F.sol:722:5: Mismatch in @return count for function 'toUint240'. Expected: 1, Found: 0 [Warning/use-natspec]
/sb/SupplyChain_F.sol:739:5: Missing @notice tag in function 'toUint232' [Warning/use-natspec]
/sb/SupplyChain_F.sol:739:5: Missing @param tag in function 'toUint232' [Warning/use-natspec]
/sb/SupplyChain_F.sol:739:5: Mismatch in @param names for function 'toUint232'. Expected: [value], Found: [] [Warning/use-natspec]
/sb/SupplyChain_F.sol:739:5: Missing @return tag in function 'toUint232' [Warning/use-natspec]
/sb/SupplyChain_F.sol:739:5: Mismatch in @return count for function 'toUint232'. Expected: 1, Found: 0 [Warning/use-natspec]
/sb/SupplyChain_F.sol:756:5: Missing @notice tag in function 'toUint224' [Warning/use-natspec]
/sb/SupplyChain_F.sol:756:5: Missing @param tag in function 'toUint224' [Warning/use-natspec]
/sb/SupplyChain_F.sol:756:5: Mismatch in @param names for function 'toUint224'. Expected: [value], Found: [] [Warning/use-natspec]
/sb/SupplyChain_F.sol:756:5: Missing @return tag in function 'toUint224' [Warning/use-natspec]
/sb/SupplyChain_F.sol:756:5: Mismatch in @return count for function 'toUint224'. Expected: 1, Found: 0 [Warning/use-natspec]
/sb/SupplyChain_F.sol:773:5: Missing @notice tag in function 'toUint216' [Warning/use-natspec]
/sb/SupplyChain_F.sol:773:5: Missing @param tag in function 'toUint216' [Warning/use-natspec]
/sb/SupplyChain_F.sol:773:5: Mismatch in @param names for function 'toUint216'. Expected: [value], Found: [] [Warning/use-natspec]
/sb/SupplyChain_F.sol:773:5: Missing @return tag in function 'toUint216' [Warning/use-natspec]
/sb/SupplyChain_F.sol:773:5: Mismatch in @return count for function 'toUint216'. Expected: 1, Found: 0 [Warning/use-natspec]
/sb/SupplyChain_F.sol:790:5: Missing @notice tag in function 'toUint208' [Warning/use-natspec]
/sb/SupplyChain_F.sol:790:5: Missing @param tag in function 'toUint208' [Warning/use-natspec]
/sb/SupplyChain_F.sol:790:5: Mismatch in @param names for function 'toUint208'. Expected: [value], Found: [] [Warning/use-natspec]
/sb/SupplyChain_F.sol:790:5: Missing @return tag in function 'toUint208' [Warning/use-natspec]
/sb/SupplyChain_F.sol:790:5: Mismatch in @return count for function 'toUint208'. Expected: 1, Found: 0 [Warning/use-natspec]
/sb/SupplyChain_F.sol:807:5: Missing @notice tag in function 'toUint200' [Warning/use-natspec]
/sb/SupplyChain_F.sol:807:5: Missing @param tag in function 'toUint200' [Warning/use-natspec]
/sb/SupplyChain_F.sol:807:5: Mismatch in @param names for function 'toUint200'. Expected: [value], Found: [] [Warning/use-natspec]
/sb/SupplyChain_F.sol:807:5: Missing @return tag in function 'toUint200' [Warning/use-natspec]
/sb/SupplyChain_F.sol:807:5: Mismatch in @return count for function 'toUint200'. Expected: 1, Found: 0 [Warning/use-natspec]
/sb/SupplyChain_F.sol:824:5: Missing @notice tag in function 'toUint192' [Warning/use-natspec]
/sb/SupplyChain_F.sol:824:5: Missing @param tag in function 'toUint192' [Warning/use-natspec]
/sb/SupplyChain_F.sol:824:5: Mismatch in @param names for function 'toUint192'. Expected: [value], Found: [] [Warning/use-natspec]
/sb/SupplyChain_F.sol:824:5: Missing @return tag in function 'toUint192' [Warning/use-natspec]
/sb/SupplyChain_F.sol:824:5: Mismatch in @return count for function 'toUint192'. Expected: 1, Found: 0 [Warning/use-natspec]
/sb/SupplyChain_F.sol:841:5: Missing @notice tag in function 'toUint184' [Warning/use-natspec]
/sb/SupplyChain_F.sol:841:5: Missing @param tag in function 'toUint184' [Warning/use-natspec]
/sb/SupplyChain_F.sol:841:5: Mismatch in @param names for function 'toUint184'. Expected: [value], Found: [] [Warning/use-natspec]
/sb/SupplyChain_F.sol:841:5: Missing @return tag in function 'toUint184' [Warning/use-natspec]
/sb/SupplyChain_F.sol:841:5: Mismatch in @return count for function 'toUint184'. Expected: 1, Found: 0 [Warning/use-natspec]
/sb/SupplyChain_F.sol:858:5: Missing @notice tag in function 'toUint176' [Warning/use-natspec]
/sb/SupplyChain_F.sol:858:5: Missing @param tag in function 'toUint176' [Warning/use-natspec]
/sb/SupplyChain_F.sol:858:5: Mismatch in @param names for function 'toUint176'. Expected: [value], Found: [] [Warning/use-natspec]
/sb/SupplyChain_F.sol:858:5: Missing @return tag in function 'toUint176' [Warning/use-natspec]
/sb/SupplyChain_F.sol:858:5: Mismatch in @return count for function 'toUint176'. Expected: 1, Found: 0 [Warning/use-natspec]
/sb/SupplyChain_F.sol:875:5: Missing @notice tag in function 'toUint168' [Warning/use-natspec]
/sb/SupplyChain_F.sol:875:5: Missing @param tag in function 'toUint168' [Warning/use-natspec]
/sb/SupplyChain_F.sol:875:5: Mismatch in @param names for function 'toUint168'. Expected: [value], Found: [] [Warning/use-natspec]
/sb/SupplyChain_F.sol:875:5: Missing @return tag in function 'toUint168' [Warning/use-natspec]
/sb/SupplyChain_F.sol:875:5: Mismatch in @return count for function 'toUint168'. Expected: 1, Found: 0 [Warning/use-natspec]
/sb/SupplyChain_F.sol:892:5: Missing @notice tag in function 'toUint160' [Warning/use-natspec]
/sb/SupplyChain_F.sol:892:5: Missing @param tag in function 'toUint160' [Warning/use-natspec]
/sb/SupplyChain_F.sol:892:5: Mismatch in @param names for function 'toUint160'. Expected: [value], Found: [] [Warning/use-natspec]
/sb/SupplyChain_F.sol:892:5: Missing @return tag in function 'toUint160' [Warning/use-natspec]
/sb/SupplyChain_F.sol:892:5: Mismatch in @return count for function 'toUint160'. Expected: 1, Found: 0 [Warning/use-natspec]
/sb/SupplyChain_F.sol:909:5: Missing @notice tag in function 'toUint152' [Warning/use-natspec]
/sb/SupplyChain_F.sol:909:5: Missing @param tag in function 'toUint152' [Warning/use-natspec]
/sb/SupplyChain_F.sol:909:5: Mismatch in @param names for function 'toUint152'. Expected: [value], Found: [] [Warning/use-natspec]
/sb/SupplyChain_F.sol:909:5: Missing @return tag in function 'toUint152' [Warning/use-natspec]
/sb/SupplyChain_F.sol:909:5: Mismatch in @return count for function 'toUint152'. Expected: 1, Found: 0 [Warning/use-natspec]
/sb/SupplyChain_F.sol:926:5: Missing @notice tag in function 'toUint144' [Warning/use-natspec]
/sb/SupplyChain_F.sol:926:5: Missing @param tag in function 'toUint144' [Warning/use-natspec]
/sb/SupplyChain_F.sol:926:5: Mismatch in @param names for function 'toUint144'. Expected: [value], Found: [] [Warning/use-natspec]
/sb/SupplyChain_F.sol:926:5: Missing @return tag in function 'toUint144' [Warning/use-natspec]
/sb/SupplyChain_F.sol:926:5: Mismatch in @return count for function 'toUint144'. Expected: 1, Found: 0 [Warning/use-natspec]
/sb/SupplyChain_F.sol:943:5: Missing @notice tag in function 'toUint136' [Warning/use-natspec]
/sb/SupplyChain_F.sol:943:5: Missing @param tag in function 'toUint136' [Warning/use-natspec]
/sb/SupplyChain_F.sol:943:5: Mismatch in @param names for function 'toUint136'. Expected: [value], Found: [] [Warning/use-natspec]
/sb/SupplyChain_F.sol:943:5: Missing @return tag in function 'toUint136' [Warning/use-natspec]
/sb/SupplyChain_F.sol:943:5: Mismatch in @return count for function 'toUint136'. Expected: 1, Found: 0 [Warning/use-natspec]
/sb/SupplyChain_F.sol:960:5: Missing @notice tag in function 'toUint128' [Warning/use-natspec]
/sb/SupplyChain_F.sol:960:5: Missing @param tag in function 'toUint128' [Warning/use-natspec]
/sb/SupplyChain_F.sol:960:5: Mismatch in @param names for function 'toUint128'. Expected: [value], Found: [] [Warning/use-natspec]
/sb/SupplyChain_F.sol:960:5: Missing @return tag in function 'toUint128' [Warning/use-natspec]
/sb/SupplyChain_F.sol:960:5: Mismatch in @return count for function 'toUint128'. Expected: 1, Found: 0 [Warning/use-natspec]
/sb/SupplyChain_F.sol:977:5: Missing @notice tag in function 'toUint120' [Warning/use-natspec]
/sb/SupplyChain_F.sol:977:5: Missing @param tag in function 'toUint120' [Warning/use-natspec]
/sb/SupplyChain_F.sol:977:5: Mismatch in @param names for function 'toUint120'. Expected: [value], Found: [] [Warning/use-natspec]
/sb/SupplyChain_F.sol:977:5: Missing @return tag in function 'toUint120' [Warning/use-natspec]
/sb/SupplyChain_F.sol:977:5: Mismatch in @return count for function 'toUint120'. Expected: 1, Found: 0 [Warning/use-natspec]
/sb/SupplyChain_F.sol:994:5: Missing @notice tag in function 'toUint112' [Warning/use-natspec]
/sb/SupplyChain_F.sol:994:5: Missing @param tag in function 'toUint112' [Warning/use-natspec]
/sb/SupplyChain_F.sol:994:5: Mismatch in @param names for function 'toUint112'. Expected: [value], Found: [] [Warning/use-natspec]
/sb/SupplyChain_F.sol:994:5: Missing @return tag in function 'toUint112' [Warning/use-natspec]
/sb/SupplyChain_F.sol:994:5: Mismatch in @return count for function 'toUint112'. Expected: 1, Found: 0 [Warning/use-natspec]
/sb/SupplyChain_F.sol:1011:5: Missing @notice tag in function 'toUint104' [Warning/use-natspec]
/sb/SupplyChain_F.sol:1011:5: Missing @param tag in function 'toUint104' [Warning/use-natspec]
/sb/SupplyChain_F.sol:1011:5: Mismatch in @param names for function 'toUint104'. Expected: [value], Found: [] [Warning/use-natspec]
/sb/SupplyChain_F.sol:1011:5: Missing @return tag in function 'toUint104' [Warning/use-natspec]
/sb/SupplyChain_F.sol:1011:5: Mismatch in @return count for function 'toUint104'. Expected: 1, Found: 0 [Warning/use-natspec]
/sb/SupplyChain_F.sol:1028:5: Missing @notice tag in function 'toUint96' [Warning/use-natspec]
/sb/SupplyChain_F.sol:1028:5: Missing @param tag in function 'toUint96' [Warning/use-natspec]
/sb/SupplyChain_F.sol:1028:5: Mismatch in @param names for function 'toUint96'. Expected: [value], Found: [] [Warning/use-natspec]
/sb/SupplyChain_F.sol:1028:5: Missing @return tag in function 'toUint96' [Warning/use-natspec]
/sb/SupplyChain_F.sol:1028:5: Mismatch in @return count for function 'toUint96'. Expected: 1, Found: 0 [Warning/use-natspec]
/sb/SupplyChain_F.sol:1045:5: Missing @notice tag in function 'toUint88' [Warning/use-natspec]
/sb/SupplyChain_F.sol:1045:5: Missing @param tag in function 'toUint88' [Warning/use-natspec]
/sb/SupplyChain_F.sol:1045:5: Mismatch in @param names for function 'toUint88'. Expected: [value], Found: [] [Warning/use-natspec]
/sb/SupplyChain_F.sol:1045:5: Missing @return tag in function 'toUint88' [Warning/use-natspec]
/sb/SupplyChain_F.sol:1045:5: Mismatch in @return count for function 'toUint88'. Expected: 1, Found: 0 [Warning/use-natspec]
/sb/SupplyChain_F.sol:1062:5: Missing @notice tag in function 'toUint80' [Warning/use-natspec]
/sb/SupplyChain_F.sol:1062:5: Missing @param tag in function 'toUint80' [Warning/use-natspec]
/sb/SupplyChain_F.sol:1062:5: Mismatch in @param names for function 'toUint80'. Expected: [value], Found: [] [Warning/use-natspec]
/sb/SupplyChain_F.sol:1062:5: Missing @return tag in function 'toUint80' [Warning/use-natspec]
/sb/SupplyChain_F.sol:1062:5: Mismatch in @return count for function 'toUint80'. Expected: 1, Found: 0 [Warning/use-natspec]
/sb/SupplyChain_F.sol:1079:5: Missing @notice tag in function 'toUint72' [Warning/use-natspec]
/sb/SupplyChain_F.sol:1079:5: Missing @param tag in function 'toUint72' [Warning/use-natspec]
/sb/SupplyChain_F.sol:1079:5: Mismatch in @param names for function 'toUint72'. Expected: [value], Found: [] [Warning/use-natspec]
/sb/SupplyChain_F.sol:1079:5: Missing @return tag in function 'toUint72' [Warning/use-natspec]
/sb/SupplyChain_F.sol:1079:5: Mismatch in @return count for function 'toUint72'. Expected: 1, Found: 0 [Warning/use-natspec]
/sb/SupplyChain_F.sol:1096:5: Missing @notice tag in function 'toUint64' [Warning/use-natspec]
/sb/SupplyChain_F.sol:1096:5: Missing @param tag in function 'toUint64' [Warning/use-natspec]
/sb/SupplyChain_F.sol:1096:5: Mismatch in @param names for function 'toUint64'. Expected: [value], Found: [] [Warning/use-natspec]
/sb/SupplyChain_F.sol:1096:5: Missing @return tag in function 'toUint64' [Warning/use-natspec]
/sb/SupplyChain_F.sol:1096:5: Mismatch in @return count for function 'toUint64'. Expected: 1, Found: 0 [Warning/use-natspec]
/sb/SupplyChain_F.sol:1113:5: Missing @notice tag in function 'toUint56' [Warning/use-natspec]
/sb/SupplyChain_F.sol:1113:5: Missing @param tag in function 'toUint56' [Warning/use-natspec]
/sb/SupplyChain_F.sol:1113:5: Mismatch in @param names for function 'toUint56'. Expected: [value], Found: [] [Warning/use-natspec]
/sb/SupplyChain_F.sol:1113:5: Missing @return tag in function 'toUint56' [Warning/use-natspec]
/sb/SupplyChain_F.sol:1113:5: Mismatch in @return count for function 'toUint56'. Expected: 1, Found: 0 [Warning/use-natspec]
/sb/SupplyChain_F.sol:1130:5: Missing @notice tag in function 'toUint48' [Warning/use-natspec]
/sb/SupplyChain_F.sol:1130:5: Missing @param tag in function 'toUint48' [Warning/use-natspec]
/sb/SupplyChain_F.sol:1130:5: Mismatch in @param names for function 'toUint48'. Expected: [value], Found: [] [Warning/use-natspec]
/sb/SupplyChain_F.sol:1130:5: Missing @return tag in function 'toUint48' [Warning/use-natspec]
/sb/SupplyChain_F.sol:1130:5: Mismatch in @return count for function 'toUint48'. Expected: 1, Found: 0 [Warning/use-natspec]
/sb/SupplyChain_F.sol:1147:5: Missing @notice tag in function 'toUint40' [Warning/use-natspec]
/sb/SupplyChain_F.sol:1147:5: Missing @param tag in function 'toUint40' [Warning/use-natspec]
/sb/SupplyChain_F.sol:1147:5: Mismatch in @param names for function 'toUint40'. Expected: [value], Found: [] [Warning/use-natspec]
/sb/SupplyChain_F.sol:1147:5: Missing @return tag in function 'toUint40' [Warning/use-natspec]
/sb/SupplyChain_F.sol:1147:5: Mismatch in @return count for function 'toUint40'. Expected: 1, Found: 0 [Warning/use-natspec]
/sb/SupplyChain_F.sol:1164:5: Missing @notice tag in function 'toUint32' [Warning/use-natspec]
/sb/SupplyChain_F.sol:1164:5: Missing @param tag in function 'toUint32' [Warning/use-natspec]
/sb/SupplyChain_F.sol:1164:5: Mismatch in @param names for function 'toUint32'. Expected: [value], Found: [] [Warning/use-natspec]
/sb/SupplyChain_F.sol:1164:5: Missing @return tag in function 'toUint32' [Warning/use-natspec]
/sb/SupplyChain_F.sol:1164:5: Mismatch in @return count for function 'toUint32'. Expected: 1, Found: 0 [Warning/use-natspec]
/sb/SupplyChain_F.sol:1181:5: Missing @notice tag in function 'toUint24' [Warning/use-natspec]
/sb/SupplyChain_F.sol:1181:5: Missing @param tag in function 'toUint24' [Warning/use-natspec]
/sb/SupplyChain_F.sol:1181:5: Mismatch in @param names for function 'toUint24'. Expected: [value], Found: [] [Warning/use-natspec]
/sb/SupplyChain_F.sol:1181:5: Missing @return tag in function 'toUint24' [Warning/use-natspec]
/sb/SupplyChain_F.sol:1181:5: Mismatch in @return count for function 'toUint24'. Expected: 1, Found: 0 [Warning/use-natspec]
/sb/SupplyChain_F.sol:1198:5: Missing @notice tag in function 'toUint16' [Warning/use-natspec]
/sb/SupplyChain_F.sol:1198:5: Missing @param tag in function 'toUint16' [Warning/use-natspec]
/sb/SupplyChain_F.sol:1198:5: Mismatch in @param names for function 'toUint16'. Expected: [value], Found: [] [Warning/use-natspec]
/sb/SupplyChain_F.sol:1198:5: Missing @return tag in function 'toUint16' [Warning/use-natspec]
/sb/SupplyChain_F.sol:1198:5: Mismatch in @return count for function 'toUint16'. Expected: 1, Found: 0 [Warning/use-natspec]
/sb/SupplyChain_F.sol:1215:5: Missing @notice tag in function 'toUint8' [Warning/use-natspec]
/sb/SupplyChain_F.sol:1215:5: Missing @param tag in function 'toUint8' [Warning/use-natspec]
/sb/SupplyChain_F.sol:1215:5: Mismatch in @param names for function 'toUint8'. Expected: [value], Found: [] [Warning/use-natspec]
/sb/SupplyChain_F.sol:1215:5: Missing @return tag in function 'toUint8' [Warning/use-natspec]
/sb/SupplyChain_F.sol:1215:5: Mismatch in @return count for function 'toUint8'. Expected: 1, Found: 0 [Warning/use-natspec]
/sb/SupplyChain_F.sol:1229:5: Missing @notice tag in function 'toUint256' [Warning/use-natspec]
/sb/SupplyChain_F.sol:1229:5: Missing @param tag in function 'toUint256' [Warning/use-natspec]
/sb/SupplyChain_F.sol:1229:5: Mismatch in @param names for function 'toUint256'. Expected: [value], Found: [] [Warning/use-natspec]
/sb/SupplyChain_F.sol:1229:5: Missing @return tag in function 'toUint256' [Warning/use-natspec]
/sb/SupplyChain_F.sol:1229:5: Mismatch in @return count for function 'toUint256'. Expected: 1, Found: 0 [Warning/use-natspec]
/sb/SupplyChain_F.sol:1247:5: Missing @notice tag in function 'toInt248' [Warning/use-natspec]
/sb/SupplyChain_F.sol:1247:5: Missing @param tag in function 'toInt248' [Warning/use-natspec]
/sb/SupplyChain_F.sol:1247:5: Mismatch in @param names for function 'toInt248'. Expected: [value], Found: [] [Warning/use-natspec]
/sb/SupplyChain_F.sol:1247:5: Missing @return tag in function 'toInt248' [Warning/use-natspec]
/sb/SupplyChain_F.sol:1247:5: Mismatch in @return names for function 'toInt248'. Expected: [downcasted], Found: [] [Warning/use-natspec]
/sb/SupplyChain_F.sol:1265:5: Missing @notice tag in function 'toInt240' [Warning/use-natspec]
/sb/SupplyChain_F.sol:1265:5: Missing @param tag in function 'toInt240' [Warning/use-natspec]
/sb/SupplyChain_F.sol:1265:5: Mismatch in @param names for function 'toInt240'. Expected: [value], Found: [] [Warning/use-natspec]
/sb/SupplyChain_F.sol:1265:5: Missing @return tag in function 'toInt240' [Warning/use-natspec]
/sb/SupplyChain_F.sol:1265:5: Mismatch in @return names for function 'toInt240'. Expected: [downcasted], Found: [] [Warning/use-natspec]
/sb/SupplyChain_F.sol:1283:5: Missing @notice tag in function 'toInt232' [Warning/use-natspec]
/sb/SupplyChain_F.sol:1283:5: Missing @param tag in function 'toInt232' [Warning/use-natspec]
/sb/SupplyChain_F.sol:1283:5: Mismatch in @param names for function 'toInt232'. Expected: [value], Found: [] [Warning/use-natspec]
/sb/SupplyChain_F.sol:1283:5: Missing @return tag in function 'toInt232' [Warning/use-natspec]
/sb/SupplyChain_F.sol:1283:5: Mismatch in @return names for function 'toInt232'. Expected: [downcasted], Found: [] [Warning/use-natspec]
/sb/SupplyChain_F.sol:1301:5: Missing @notice tag in function 'toInt224' [Warning/use-natspec]
/sb/SupplyChain_F.sol:1301:5: Missing @param tag in function 'toInt224' [Warning/use-natspec]
/sb/SupplyChain_F.sol:1301:5: Mismatch in @param names for function 'toInt224'. Expected: [value], Found: [] [Warning/use-natspec]
/sb/SupplyChain_F.sol:1301:5: Missing @return tag in function 'toInt224' [Warning/use-natspec]
/sb/SupplyChain_F.sol:1301:5: Mismatch in @return names for function 'toInt224'. Expected: [downcasted], Found: [] [Warning/use-natspec]
/sb/SupplyChain_F.sol:1319:5: Missing @notice tag in function 'toInt216' [Warning/use-natspec]
/sb/SupplyChain_F.sol:1319:5: Missing @param tag in function 'toInt216' [Warning/use-natspec]
/sb/SupplyChain_F.sol:1319:5: Mismatch in @param names for function 'toInt216'. Expected: [value], Found: [] [Warning/use-natspec]
/sb/SupplyChain_F.sol:1319:5: Missing @return tag in function 'toInt216' [Warning/use-natspec]
/sb/SupplyChain_F.sol:1319:5: Mismatch in @return names for function 'toInt216'. Expected: [downcasted], Found: [] [Warning/use-natspec]
/sb/SupplyChain_F.sol:1337:5: Missing @notice tag in function 'toInt208' [Warning/use-natspec]
/sb/SupplyChain_F.sol:1337:5: Missing @param tag in function 'toInt208' [Warning/use-natspec]
/sb/SupplyChain_F.sol:1337:5: Mismatch in @param names for function 'toInt208'. Expected: [value], Found: [] [Warning/use-natspec]
/sb/SupplyChain_F.sol:1337:5: Missing @return tag in function 'toInt208' [Warning/use-natspec]
/sb/SupplyChain_F.sol:1337:5: Mismatch in @return names for function 'toInt208'. Expected: [downcasted], Found: [] [Warning/use-natspec]
/sb/SupplyChain_F.sol:1355:5: Missing @notice tag in function 'toInt200' [Warning/use-natspec]
/sb/SupplyChain_F.sol:1355:5: Missing @param tag in function 'toInt200' [Warning/use-natspec]
/sb/SupplyChain_F.sol:1355:5: Mismatch in @param names for function 'toInt200'. Expected: [value], Found: [] [Warning/use-natspec]
/sb/SupplyChain_F.sol:1355:5: Missing @return tag in function 'toInt200' [Warning/use-natspec]
/sb/SupplyChain_F.sol:1355:5: Mismatch in @return names for function 'toInt200'. Expected: [downcasted], Found: [] [Warning/use-natspec]
/sb/SupplyChain_F.sol:1373:5: Missing @notice tag in function 'toInt192' [Warning/use-natspec]
/sb/SupplyChain_F.sol:1373:5: Missing @param tag in function 'toInt192' [Warning/use-natspec]
/sb/SupplyChain_F.sol:1373:5: Mismatch in @param names for function 'toInt192'. Expected: [value], Found: [] [Warning/use-natspec]
/sb/SupplyChain_F.sol:1373:5: Missing @return tag in function 'toInt192' [Warning/use-natspec]
/sb/SupplyChain_F.sol:1373:5: Mismatch in @return names for function 'toInt192'. Expected: [downcasted], Found: [] [Warning/use-natspec]
/sb/SupplyChain_F.sol:1391:5: Missing @notice tag in function 'toInt184' [Warning/use-natspec]
/sb/SupplyChain_F.sol:1391:5: Missing @param tag in function 'toInt184' [Warning/use-natspec]
/sb/SupplyChain_F.sol:1391:5: Mismatch in @param names for function 'toInt184'. Expected: [value], Found: [] [Warning/use-natspec]
/sb/SupplyChain_F.sol:1391:5: Missing @return tag in function 'toInt184' [Warning/use-natspec]
/sb/SupplyChain_F.sol:1391:5: Mismatch in @return names for function 'toInt184'. Expected: [downcasted], Found: [] [Warning/use-natspec]
/sb/SupplyChain_F.sol:1409:5: Missing @notice tag in function 'toInt176' [Warning/use-natspec]
/sb/SupplyChain_F.sol:1409:5: Missing @param tag in function 'toInt176' [Warning/use-natspec]
/sb/SupplyChain_F.sol:1409:5: Mismatch in @param names for function 'toInt176'. Expected: [value], Found: [] [Warning/use-natspec]
/sb/SupplyChain_F.sol:1409:5: Missing @return tag in function 'toInt176' [Warning/use-natspec]
/sb/SupplyChain_F.sol:1409:5: Mismatch in @return names for function 'toInt176'. Expected: [downcasted], Found: [] [Warning/use-natspec]
/sb/SupplyChain_F.sol:1427:5: Missing @notice tag in function 'toInt168' [Warning/use-natspec]
/sb/SupplyChain_F.sol:1427:5: Missing @param tag in function 'toInt168' [Warning/use-natspec]
/sb/SupplyChain_F.sol:1427:5: Mismatch in @param names for function 'toInt168'. Expected: [value], Found: [] [Warning/use-natspec]
/sb/SupplyChain_F.sol:1427:5: Missing @return tag in function 'toInt168' [Warning/use-natspec]
/sb/SupplyChain_F.sol:1427:5: Mismatch in @return names for function 'toInt168'. Expected: [downcasted], Found: [] [Warning/use-natspec]
/sb/SupplyChain_F.sol:1445:5: Missing @notice tag in function 'toInt160' [Warning/use-natspec]
/sb/SupplyChain_F.sol:1445:5: Missing @param tag in function 'toInt160' [Warning/use-natspec]
/sb/SupplyChain_F.sol:1445:5: Mismatch in @param names for function 'toInt160'. Expected: [value], Found: [] [Warning/use-natspec]
/sb/SupplyChain_F.sol:1445:5: Missing @return tag in function 'toInt160' [Warning/use-natspec]
/sb/SupplyChain_F.sol:1445:5: Mismatch in @return names for function 'toInt160'. Expected: [downcasted], Found: [] [Warning/use-natspec]
/sb/SupplyChain_F.sol:1463:5: Missing @notice tag in function 'toInt152' [Warning/use-natspec]
/sb/SupplyChain_F.sol:1463:5: Missing @param tag in function 'toInt152' [Warning/use-natspec]
/sb/SupplyChain_F.sol:1463:5: Mismatch in @param names for function 'toInt152'. Expected: [value], Found: [] [Warning/use-natspec]
/sb/SupplyChain_F.sol:1463:5: Missing @return tag in function 'toInt152' [Warning/use-natspec]
/sb/SupplyChain_F.sol:1463:5: Mismatch in @return names for function 'toInt152'. Expected: [downcasted], Found: [] [Warning/use-natspec]
/sb/SupplyChain_F.sol:1481:5: Missing @notice tag in function 'toInt144' [Warning/use-natspec]
/sb/SupplyChain_F.sol:1481:5: Missing @param tag in function 'toInt144' [Warning/use-natspec]
/sb/SupplyChain_F.sol:1481:5: Mismatch in @param names for function 'toInt144'. Expected: [value], Found: [] [Warning/use-natspec]
/sb/SupplyChain_F.sol:1481:5: Missing @return tag in function 'toInt144' [Warning/use-natspec]
/sb/SupplyChain_F.sol:1481:5: Mismatch in @return names for function 'toInt144'. Expected: [downcasted], Found: [] [Warning/use-natspec]
/sb/SupplyChain_F.sol:1499:5: Missing @notice tag in function 'toInt136' [Warning/use-natspec]
/sb/SupplyChain_F.sol:1499:5: Missing @param tag in function 'toInt136' [Warning/use-natspec]
/sb/SupplyChain_F.sol:1499:5: Mismatch in @param names for function 'toInt136'. Expected: [value], Found: [] [Warning/use-natspec]
/sb/SupplyChain_F.sol:1499:5: Missing @return tag in function 'toInt136' [Warning/use-natspec]
/sb/SupplyChain_F.sol:1499:5: Mismatch in @return names for function 'toInt136'. Expected: [downcasted], Found: [] [Warning/use-natspec]
/sb/SupplyChain_F.sol:1517:5: Missing @notice tag in function 'toInt128' [Warning/use-natspec]
/sb/SupplyChain_F.sol:1517:5: Missing @param tag in function 'toInt128' [Warning/use-natspec]
/sb/SupplyChain_F.sol:1517:5: Mismatch in @param names for function 'toInt128'. Expected: [value], Found: [] [Warning/use-natspec]
/sb/SupplyChain_F.sol:1517:5: Missing @return tag in function 'toInt128' [Warning/use-natspec]
/sb/SupplyChain_F.sol:1517:5: Mismatch in @return names for function 'toInt128'. Expected: [downcasted], Found: [] [Warning/use-natspec]
/sb/SupplyChain_F.sol:1535:5: Missing @notice tag in function 'toInt120' [Warning/use-natspec]
/sb/SupplyChain_F.sol:1535:5: Missing @param tag in function 'toInt120' [Warning/use-natspec]
/sb/SupplyChain_F.sol:1535:5: Mismatch in @param names for function 'toInt120'. Expected: [value], Found: [] [Warning/use-natspec]
/sb/SupplyChain_F.sol:1535:5: Missing @return tag in function 'toInt120' [Warning/use-natspec]
/sb/SupplyChain_F.sol:1535:5: Mismatch in @return names for function 'toInt120'. Expected: [downcasted], Found: [] [Warning/use-natspec]
/sb/SupplyChain_F.sol:1553:5: Missing @notice tag in function 'toInt112' [Warning/use-natspec]
/sb/SupplyChain_F.sol:1553:5: Missing @param tag in function 'toInt112' [Warning/use-natspec]
/sb/SupplyChain_F.sol:1553:5: Mismatch in @param names for function 'toInt112'. Expected: [value], Found: [] [Warning/use-natspec]
/sb/SupplyChain_F.sol:1553:5: Missing @return tag in function 'toInt112' [Warning/use-natspec]
/sb/SupplyChain_F.sol:1553:5: Mismatch in @return names for function 'toInt112'. Expected: [downcasted], Found: [] [Warning/use-natspec]
/sb/SupplyChain_F.sol:1571:5: Missing @notice tag in function 'toInt104' [Warning/use-natspec]
/sb/SupplyChain_F.sol:1571:5: Missing @param tag in function 'toInt104' [Warning/use-natspec]
/sb/SupplyChain_F.sol:1571:5: Mismatch in @param names for function 'toInt104'. Expected: [value], Found: [] [Warning/use-natspec]
/sb/SupplyChain_F.sol:1571:5: Missing @return tag in function 'toInt104' [Warning/use-natspec]
/sb/SupplyChain_F.sol:1571:5: Mismatch in @return names for function 'toInt104'. Expected: [downcasted], Found: [] [Warning/use-natspec]
/sb/SupplyChain_F.sol:1589:5: Missing @notice tag in function 'toInt96' [Warning/use-natspec]
/sb/SupplyChain_F.sol:1589:5: Missing @param tag in function 'toInt96' [Warning/use-natspec]
/sb/SupplyChain_F.sol:1589:5: Mismatch in @param names for function 'toInt96'. Expected: [value], Found: [] [Warning/use-natspec]
/sb/SupplyChain_F.sol:1589:5: Missing @return tag in function 'toInt96' [Warning/use-natspec]
/sb/SupplyChain_F.sol:1589:5: Mismatch in @return names for function 'toInt96'. Expected: [downcasted], Found: [] [Warning/use-natspec]
/sb/SupplyChain_F.sol:1607:5: Missing @notice tag in function 'toInt88' [Warning/use-natspec]
/sb/SupplyChain_F.sol:1607:5: Missing @param tag in function 'toInt88' [Warning/use-natspec]
/sb/SupplyChain_F.sol:1607:5: Mismatch in @param names for function 'toInt88'. Expected: [value], Found: [] [Warning/use-natspec]
/sb/SupplyChain_F.sol:1607:5: Missing @return tag in function 'toInt88' [Warning/use-natspec]
/sb/SupplyChain_F.sol:1607:5: Mismatch in @return names for function 'toInt88'. Expected: [downcasted], Found: [] [Warning/use-natspec]
/sb/SupplyChain_F.sol:1625:5: Missing @notice tag in function 'toInt80' [Warning/use-natspec]
/sb/SupplyChain_F.sol:1625:5: Missing @param tag in function 'toInt80' [Warning/use-natspec]
/sb/SupplyChain_F.sol:1625:5: Mismatch in @param names for function 'toInt80'. Expected: [value], Found: [] [Warning/use-natspec]
/sb/SupplyChain_F.sol:1625:5: Missing @return tag in function 'toInt80' [Warning/use-natspec]
/sb/SupplyChain_F.sol:1625:5: Mismatch in @return names for function 'toInt80'. Expected: [downcasted], Found: [] [Warning/use-natspec]
/sb/SupplyChain_F.sol:1643:5: Missing @notice tag in function 'toInt72' [Warning/use-natspec]
/sb/SupplyChain_F.sol:1643:5: Missing @param tag in function 'toInt72' [Warning/use-natspec]
/sb/SupplyChain_F.sol:1643:5: Mismatch in @param names for function 'toInt72'. Expected: [value], Found: [] [Warning/use-natspec]
/sb/SupplyChain_F.sol:1643:5: Missing @return tag in function 'toInt72' [Warning/use-natspec]
/sb/SupplyChain_F.sol:1643:5: Mismatch in @return names for function 'toInt72'. Expected: [downcasted], Found: [] [Warning/use-natspec]
/sb/SupplyChain_F.sol:1661:5: Missing @notice tag in function 'toInt64' [Warning/use-natspec]
/sb/SupplyChain_F.sol:1661:5: Missing @param tag in function 'toInt64' [Warning/use-natspec]
/sb/SupplyChain_F.sol:1661:5: Mismatch in @param names for function 'toInt64'. Expected: [value], Found: [] [Warning/use-natspec]
/sb/SupplyChain_F.sol:1661:5: Missing @return tag in function 'toInt64' [Warning/use-natspec]
/sb/SupplyChain_F.sol:1661:5: Mismatch in @return names for function 'toInt64'. Expected: [downcasted], Found: [] [Warning/use-natspec]
/sb/SupplyChain_F.sol:1679:5: Missing @notice tag in function 'toInt56' [Warning/use-natspec]
/sb/SupplyChain_F.sol:1679:5: Missing @param tag in function 'toInt56' [Warning/use-natspec]
/sb/SupplyChain_F.sol:1679:5: Mismatch in @param names for function 'toInt56'. Expected: [value], Found: [] [Warning/use-natspec]
/sb/SupplyChain_F.sol:1679:5: Missing @return tag in function 'toInt56' [Warning/use-natspec]
/sb/SupplyChain_F.sol:1679:5: Mismatch in @return names for function 'toInt56'. Expected: [downcasted], Found: [] [Warning/use-natspec]
/sb/SupplyChain_F.sol:1697:5: Missing @notice tag in function 'toInt48' [Warning/use-natspec]
/sb/SupplyChain_F.sol:1697:5: Missing @param tag in function 'toInt48' [Warning/use-natspec]
/sb/SupplyChain_F.sol:1697:5: Mismatch in @param names for function 'toInt48'. Expected: [value], Found: [] [Warning/use-natspec]
/sb/SupplyChain_F.sol:1697:5: Missing @return tag in function 'toInt48' [Warning/use-natspec]
/sb/SupplyChain_F.sol:1697:5: Mismatch in @return names for function 'toInt48'. Expected: [downcasted], Found: [] [Warning/use-natspec]
/sb/SupplyChain_F.sol:1715:5: Missing @notice tag in function 'toInt40' [Warning/use-natspec]
/sb/SupplyChain_F.sol:1715:5: Missing @param tag in function 'toInt40' [Warning/use-natspec]
/sb/SupplyChain_F.sol:1715:5: Mismatch in @param names for function 'toInt40'. Expected: [value], Found: [] [Warning/use-natspec]
/sb/SupplyChain_F.sol:1715:5: Missing @return tag in function 'toInt40' [Warning/use-natspec]
/sb/SupplyChain_F.sol:1715:5: Mismatch in @return names for function 'toInt40'. Expected: [downcasted], Found: [] [Warning/use-natspec]
/sb/SupplyChain_F.sol:1733:5: Missing @notice tag in function 'toInt32' [Warning/use-natspec]
/sb/SupplyChain_F.sol:1733:5: Missing @param tag in function 'toInt32' [Warning/use-natspec]
/sb/SupplyChain_F.sol:1733:5: Mismatch in @param names for function 'toInt32'. Expected: [value], Found: [] [Warning/use-natspec]
/sb/SupplyChain_F.sol:1733:5: Missing @return tag in function 'toInt32' [Warning/use-natspec]
/sb/SupplyChain_F.sol:1733:5: Mismatch in @return names for function 'toInt32'. Expected: [downcasted], Found: [] [Warning/use-natspec]
/sb/SupplyChain_F.sol:1751:5: Missing @notice tag in function 'toInt24' [Warning/use-natspec]
/sb/SupplyChain_F.sol:1751:5: Missing @param tag in function 'toInt24' [Warning/use-natspec]
/sb/SupplyChain_F.sol:1751:5: Mismatch in @param names for function 'toInt24'. Expected: [value], Found: [] [Warning/use-natspec]
/sb/SupplyChain_F.sol:1751:5: Missing @return tag in function 'toInt24' [Warning/use-natspec]
/sb/SupplyChain_F.sol:1751:5: Mismatch in @return names for function 'toInt24'. Expected: [downcasted], Found: [] [Warning/use-natspec]
/sb/SupplyChain_F.sol:1769:5: Missing @notice tag in function 'toInt16' [Warning/use-natspec]
/sb/SupplyChain_F.sol:1769:5: Missing @param tag in function 'toInt16' [Warning/use-natspec]
/sb/SupplyChain_F.sol:1769:5: Mismatch in @param names for function 'toInt16'. Expected: [value], Found: [] [Warning/use-natspec]
/sb/SupplyChain_F.sol:1769:5: Missing @return tag in function 'toInt16' [Warning/use-natspec]
/sb/SupplyChain_F.sol:1769:5: Mismatch in @return names for function 'toInt16'. Expected: [downcasted], Found: [] [Warning/use-natspec]
/sb/SupplyChain_F.sol:1787:5: Missing @notice tag in function 'toInt8' [Warning/use-natspec]
/sb/SupplyChain_F.sol:1787:5: Missing @param tag in function 'toInt8' [Warning/use-natspec]
/sb/SupplyChain_F.sol:1787:5: Mismatch in @param names for function 'toInt8'. Expected: [value], Found: [] [Warning/use-natspec]
/sb/SupplyChain_F.sol:1787:5: Missing @return tag in function 'toInt8' [Warning/use-natspec]
/sb/SupplyChain_F.sol:1787:5: Mismatch in @return names for function 'toInt8'. Expected: [downcasted], Found: [] [Warning/use-natspec]
/sb/SupplyChain_F.sol:1801:5: Missing @notice tag in function 'toInt256' [Warning/use-natspec]
/sb/SupplyChain_F.sol:1801:5: Missing @param tag in function 'toInt256' [Warning/use-natspec]
/sb/SupplyChain_F.sol:1801:5: Mismatch in @param names for function 'toInt256'. Expected: [value], Found: [] [Warning/use-natspec]
/sb/SupplyChain_F.sol:1801:5: Missing @return tag in function 'toInt256' [Warning/use-natspec]
/sb/SupplyChain_F.sol:1801:5: Mismatch in @return count for function 'toInt256'. Expected: 1, Found: 0 [Warning/use-natspec]
/sb/SupplyChain_F.sol:1812:5: Missing @notice tag in function 'toUint' [Warning/use-natspec]
/sb/SupplyChain_F.sol:1812:5: Missing @param tag in function 'toUint' [Warning/use-natspec]
/sb/SupplyChain_F.sol:1812:5: Mismatch in @param names for function 'toUint'. Expected: [b], Found: [] [Warning/use-natspec]
/sb/SupplyChain_F.sol:1812:5: Missing @return tag in function 'toUint' [Warning/use-natspec]
/sb/SupplyChain_F.sol:1812:5: Mismatch in @return names for function 'toUint'. Expected: [u], Found: [] [Warning/use-natspec]
/sb/SupplyChain_F.sol:1813:9: Avoid to use inline assembly. It is acceptable only in rare cases [Warning/no-inline-assembly]
/sb/SupplyChain_F.sol:1825:1: Compiler version ^0.8.20 does not satisfy the ^0.8.24 semver requirement [Error/compiler-version]
/sb/SupplyChain_F.sol:1847:1: Missing @title tag in contract 'Panic' [Warning/use-natspec]
/sb/SupplyChain_F.sol:1847:1: Missing @author tag in contract 'Panic' [Warning/use-natspec]
/sb/SupplyChain_F.sol:1847:1: Missing @notice tag in contract 'Panic' [Warning/use-natspec]
/sb/SupplyChain_F.sol:1871:5: Missing @notice tag in function 'panic' [Warning/use-natspec]
/sb/SupplyChain_F.sol:1871:5: Missing @param tag in function 'panic' [Warning/use-natspec]
/sb/SupplyChain_F.sol:1871:5: Mismatch in @param names for function 'panic'. Expected: [code], Found: [] [Warning/use-natspec]
/sb/SupplyChain_F.sol:1872:9: Avoid to use inline assembly. It is acceptable only in rare cases [Warning/no-inline-assembly]
/sb/SupplyChain_F.sol:1886:1: Compiler version ^0.8.20 does not satisfy the ^0.8.24 semver requirement [Error/compiler-version]
/sb/SupplyChain_F.sol:1892:1: Missing @title tag in contract 'Math' [Warning/use-natspec]
/sb/SupplyChain_F.sol:1892:1: Missing @author tag in contract 'Math' [Warning/use-natspec]
/sb/SupplyChain_F.sol:1892:1: Missing @notice tag in contract 'Math' [Warning/use-natspec]
/sb/SupplyChain_F.sol:1905:5: Missing @notice tag in function 'add512' [Warning/use-natspec]
/sb/SupplyChain_F.sol:1905:5: Missing @param tag in function 'add512' [Warning/use-natspec]
/sb/SupplyChain_F.sol:1905:5: Mismatch in @param names for function 'add512'. Expected: [a, b], Found: [] [Warning/use-natspec]
/sb/SupplyChain_F.sol:1905:5: Missing @return tag in function 'add512' [Warning/use-natspec]
/sb/SupplyChain_F.sol:1905:5: Mismatch in @return names for function 'add512'. Expected: [high, low], Found: [] [Warning/use-natspec]
/sb/SupplyChain_F.sol:1906:9: Avoid to use inline assembly. It is acceptable only in rare cases [Warning/no-inline-assembly]
/sb/SupplyChain_F.sol:1917:5: Missing @notice tag in function 'mul512' [Warning/use-natspec]
/sb/SupplyChain_F.sol:1917:5: Missing @param tag in function 'mul512' [Warning/use-natspec]
/sb/SupplyChain_F.sol:1917:5: Mismatch in @param names for function 'mul512'. Expected: [a, b], Found: [] [Warning/use-natspec]
/sb/SupplyChain_F.sol:1917:5: Missing @return tag in function 'mul512' [Warning/use-natspec]
/sb/SupplyChain_F.sol:1917:5: Mismatch in @return names for function 'mul512'. Expected: [high, low], Found: [] [Warning/use-natspec]
/sb/SupplyChain_F.sol:1921:9: Avoid to use inline assembly. It is acceptable only in rare cases [Warning/no-inline-assembly]
/sb/SupplyChain_F.sol:1931:5: Missing @notice tag in function 'tryAdd' [Warning/use-natspec]
/sb/SupplyChain_F.sol:1931:5: Missing @param tag in function 'tryAdd' [Warning/use-natspec]
/sb/SupplyChain_F.sol:1931:5: Mismatch in @param names for function 'tryAdd'. Expected: [a, b], Found: [] [Warning/use-natspec]
/sb/SupplyChain_F.sol:1931:5: Missing @return tag in function 'tryAdd' [Warning/use-natspec]
/sb/SupplyChain_F.sol:1931:5: Mismatch in @return names for function 'tryAdd'. Expected: [success, result], Found: [] [Warning/use-natspec]
/sb/SupplyChain_F.sol:1934:23: GC: Non strict inequality found. Try converting to a strict one [Warning/gas-strict-inequalities]
/sb/SupplyChain_F.sol:1942:5: Missing @notice tag in function 'trySub' [Warning/use-natspec]
/sb/SupplyChain_F.sol:1942:5: Missing @param tag in function 'trySub' [Warning/use-natspec]
/sb/SupplyChain_F.sol:1942:5: Mismatch in @param names for function 'trySub'. Expected: [a, b], Found: [] [Warning/use-natspec]
/sb/SupplyChain_F.sol:1942:5: Missing @return tag in function 'trySub' [Warning/use-natspec]
/sb/SupplyChain_F.sol:1942:5: Mismatch in @return names for function 'trySub'. Expected: [success, result], Found: [] [Warning/use-natspec]
/sb/SupplyChain_F.sol:1945:23: GC: Non strict inequality found. Try converting to a strict one [Warning/gas-strict-inequalities]
/sb/SupplyChain_F.sol:1953:5: Missing @notice tag in function 'tryMul' [Warning/use-natspec]
/sb/SupplyChain_F.sol:1953:5: Missing @param tag in function 'tryMul' [Warning/use-natspec]
/sb/SupplyChain_F.sol:1953:5: Mismatch in @param names for function 'tryMul'. Expected: [a, b], Found: [] [Warning/use-natspec]
/sb/SupplyChain_F.sol:1953:5: Missing @return tag in function 'tryMul' [Warning/use-natspec]
/sb/SupplyChain_F.sol:1953:5: Mismatch in @return names for function 'tryMul'. Expected: [success, result], Found: [] [Warning/use-natspec]
/sb/SupplyChain_F.sol:1956:13: Avoid to use inline assembly. It is acceptable only in rare cases [Warning/no-inline-assembly]
/sb/SupplyChain_F.sol:1969:5: Missing @notice tag in function 'tryDiv' [Warning/use-natspec]
/sb/SupplyChain_F.sol:1969:5: Missing @param tag in function 'tryDiv' [Warning/use-natspec]
/sb/SupplyChain_F.sol:1969:5: Mismatch in @param names for function 'tryDiv'. Expected: [a, b], Found: [] [Warning/use-natspec]
/sb/SupplyChain_F.sol:1969:5: Missing @return tag in function 'tryDiv' [Warning/use-natspec]
/sb/SupplyChain_F.sol:1969:5: Mismatch in @return names for function 'tryDiv'. Expected: [success, result], Found: [] [Warning/use-natspec]
/sb/SupplyChain_F.sol:1972:13: Avoid to use inline assembly. It is acceptable only in rare cases [Warning/no-inline-assembly]
/sb/SupplyChain_F.sol:1982:5: Missing @notice tag in function 'tryMod' [Warning/use-natspec]
/sb/SupplyChain_F.sol:1982:5: Missing @param tag in function 'tryMod' [Warning/use-natspec]
/sb/SupplyChain_F.sol:1982:5: Mismatch in @param names for function 'tryMod'. Expected: [a, b], Found: [] [Warning/use-natspec]
/sb/SupplyChain_F.sol:1982:5: Missing @return tag in function 'tryMod' [Warning/use-natspec]
/sb/SupplyChain_F.sol:1982:5: Mismatch in @return names for function 'tryMod'. Expected: [success, result], Found: [] [Warning/use-natspec]
/sb/SupplyChain_F.sol:1985:13: Avoid to use inline assembly. It is acceptable only in rare cases [Warning/no-inline-assembly]
/sb/SupplyChain_F.sol:1995:5: Missing @notice tag in function 'saturatingAdd' [Warning/use-natspec]
/sb/SupplyChain_F.sol:1995:5: Missing @param tag in function 'saturatingAdd' [Warning/use-natspec]
/sb/SupplyChain_F.sol:1995:5: Mismatch in @param names for function 'saturatingAdd'. Expected: [a, b], Found: [] [Warning/use-natspec]
/sb/SupplyChain_F.sol:1995:5: Missing @return tag in function 'saturatingAdd' [Warning/use-natspec]
/sb/SupplyChain_F.sol:1995:5: Mismatch in @return count for function 'saturatingAdd'. Expected: 1, Found: 0 [Warning/use-natspec]
/sb/SupplyChain_F.sol:2003:5: Missing @notice tag in function 'saturatingSub' [Warning/use-natspec]
/sb/SupplyChain_F.sol:2003:5: Missing @param tag in function 'saturatingSub' [Warning/use-natspec]
/sb/SupplyChain_F.sol:2003:5: Mismatch in @param names for function 'saturatingSub'. Expected: [a, b], Found: [] [Warning/use-natspec]
/sb/SupplyChain_F.sol:2003:5: Missing @return tag in function 'saturatingSub' [Warning/use-natspec]
/sb/SupplyChain_F.sol:2003:5: Mismatch in @return count for function 'saturatingSub'. Expected: 1, Found: 0 [Warning/use-natspec]
/sb/SupplyChain_F.sol:2011:5: Missing @notice tag in function 'saturatingMul' [Warning/use-natspec]
/sb/SupplyChain_F.sol:2011:5: Missing @param tag in function 'saturatingMul' [Warning/use-natspec]
/sb/SupplyChain_F.sol:2011:5: Mismatch in @param names for function 'saturatingMul'. Expected: [a, b], Found: [] [Warning/use-natspec]
/sb/SupplyChain_F.sol:2011:5: Missing @return tag in function 'saturatingMul' [Warning/use-natspec]
/sb/SupplyChain_F.sol:2011:5: Mismatch in @return count for function 'saturatingMul'. Expected: 1, Found: 0 [Warning/use-natspec]
/sb/SupplyChain_F.sol:2023:5: Missing @notice tag in function 'ternary' [Warning/use-natspec]
/sb/SupplyChain_F.sol:2023:5: Missing @param tag in function 'ternary' [Warning/use-natspec]
/sb/SupplyChain_F.sol:2023:5: Mismatch in @param names for function 'ternary'. Expected: [condition, a, b], Found: [] [Warning/use-natspec]
/sb/SupplyChain_F.sol:2023:5: Missing @return tag in function 'ternary' [Warning/use-natspec]
/sb/SupplyChain_F.sol:2023:5: Mismatch in @return count for function 'ternary'. Expected: 1, Found: 0 [Warning/use-natspec]
/sb/SupplyChain_F.sol:2035:5: Missing @notice tag in function 'max' [Warning/use-natspec]
/sb/SupplyChain_F.sol:2035:5: Missing @param tag in function 'max' [Warning/use-natspec]
/sb/SupplyChain_F.sol:2035:5: Mismatch in @param names for function 'max'. Expected: [a, b], Found: [] [Warning/use-natspec]
/sb/SupplyChain_F.sol:2035:5: Missing @return tag in function 'max' [Warning/use-natspec]
/sb/SupplyChain_F.sol:2035:5: Mismatch in @return count for function 'max'. Expected: 1, Found: 0 [Warning/use-natspec]
/sb/SupplyChain_F.sol:2042:5: Missing @notice tag in function 'min' [Warning/use-natspec]
/sb/SupplyChain_F.sol:2042:5: Missing @param tag in function 'min' [Warning/use-natspec]
/sb/SupplyChain_F.sol:2042:5: Mismatch in @param names for function 'min'. Expected: [a, b], Found: [] [Warning/use-natspec]
/sb/SupplyChain_F.sol:2042:5: Missing @return tag in function 'min' [Warning/use-natspec]
/sb/SupplyChain_F.sol:2042:5: Mismatch in @return count for function 'min'. Expected: 1, Found: 0 [Warning/use-natspec]
/sb/SupplyChain_F.sol:2050:5: Missing @notice tag in function 'average' [Warning/use-natspec]
/sb/SupplyChain_F.sol:2050:5: Missing @param tag in function 'average' [Warning/use-natspec]
/sb/SupplyChain_F.sol:2050:5: Mismatch in @param names for function 'average'. Expected: [a, b], Found: [] [Warning/use-natspec]
/sb/SupplyChain_F.sol:2050:5: Missing @return tag in function 'average' [Warning/use-natspec]
/sb/SupplyChain_F.sol:2050:5: Mismatch in @return count for function 'average'. Expected: 1, Found: 0 [Warning/use-natspec]
/sb/SupplyChain_F.sol:2061:5: Missing @notice tag in function 'ceilDiv' [Warning/use-natspec]
/sb/SupplyChain_F.sol:2061:5: Missing @param tag in function 'ceilDiv' [Warning/use-natspec]
/sb/SupplyChain_F.sol:2061:5: Mismatch in @param names for function 'ceilDiv'. Expected: [a, b], Found: [] [Warning/use-natspec]
/sb/SupplyChain_F.sol:2061:5: Missing @return tag in function 'ceilDiv' [Warning/use-natspec]
/sb/SupplyChain_F.sol:2061:5: Mismatch in @return count for function 'ceilDiv'. Expected: 1, Found: 0 [Warning/use-natspec]
/sb/SupplyChain_F.sol:2084:5: Function body contains 70 lines but allowed no more than 50 lines [Warning/function-max-lines]
/sb/SupplyChain_F.sol:2084:5: Missing @notice tag in function 'mulDiv' [Warning/use-natspec]
/sb/SupplyChain_F.sol:2084:5: Missing @param tag in function 'mulDiv' [Warning/use-natspec]
/sb/SupplyChain_F.sol:2084:5: Mismatch in @param names for function 'mulDiv'. Expected: [x, y, denominator], Found: [] [Warning/use-natspec]
/sb/SupplyChain_F.sol:2084:5: Missing @return tag in function 'mulDiv' [Warning/use-natspec]
/sb/SupplyChain_F.sol:2084:5: Mismatch in @return names for function 'mulDiv'. Expected: [result], Found: [] [Warning/use-natspec]
/sb/SupplyChain_F.sol:2097:17: GC: Non strict inequality found. Try converting to a strict one [Warning/gas-strict-inequalities]
/sb/SupplyChain_F.sol:2107:13: Avoid to use inline assembly. It is acceptable only in rare cases [Warning/no-inline-assembly]
/sb/SupplyChain_F.sol:2120:13: Avoid to use inline assembly. It is acceptable only in rare cases [Warning/no-inline-assembly]
/sb/SupplyChain_F.sol:2160:5: Missing @notice tag in function 'mulDiv' [Warning/use-natspec]
/sb/SupplyChain_F.sol:2160:5: Missing @param tag in function 'mulDiv' [Warning/use-natspec]
/sb/SupplyChain_F.sol:2160:5: Mismatch in @param names for function 'mulDiv'. Expected: [x, y, denominator, rounding], Found: [] [Warning/use-natspec]
/sb/SupplyChain_F.sol:2160:5: Missing @return tag in function 'mulDiv' [Warning/use-natspec]
/sb/SupplyChain_F.sol:2160:5: Mismatch in @return count for function 'mulDiv'. Expected: 1, Found: 0 [Warning/use-natspec]
/sb/SupplyChain_F.sol:2167:5: Missing @notice tag in function 'mulShr' [Warning/use-natspec]
/sb/SupplyChain_F.sol:2167:5: Missing @param tag in function 'mulShr' [Warning/use-natspec]
/sb/SupplyChain_F.sol:2167:5: Mismatch in @param names for function 'mulShr'. Expected: [x, y, n], Found: [] [Warning/use-natspec]
/sb/SupplyChain_F.sol:2167:5: Missing @return tag in function 'mulShr' [Warning/use-natspec]
/sb/SupplyChain_F.sol:2167:5: Mismatch in @return names for function 'mulShr'. Expected: [result], Found: [] [Warning/use-natspec]
/sb/SupplyChain_F.sol:2170:17: GC: Non strict inequality found. Try converting to a strict one [Warning/gas-strict-inequalities]
/sb/SupplyChain_F.sol:2180:5: Missing @notice tag in function 'mulShr' [Warning/use-natspec]
/sb/SupplyChain_F.sol:2180:5: Missing @param tag in function 'mulShr' [Warning/use-natspec]
/sb/SupplyChain_F.sol:2180:5: Mismatch in @param names for function 'mulShr'. Expected: [x, y, n, rounding], Found: [] [Warning/use-natspec]
/sb/SupplyChain_F.sol:2180:5: Missing @return tag in function 'mulShr' [Warning/use-natspec]
/sb/SupplyChain_F.sol:2180:5: Mismatch in @return count for function 'mulShr'. Expected: 1, Found: 0 [Warning/use-natspec]
/sb/SupplyChain_F.sol:2195:5: Missing @notice tag in function 'invMod' [Warning/use-natspec]
/sb/SupplyChain_F.sol:2195:5: Missing @param tag in function 'invMod' [Warning/use-natspec]
/sb/SupplyChain_F.sol:2195:5: Mismatch in @param names for function 'invMod'. Expected: [a, n], Found: [] [Warning/use-natspec]
/sb/SupplyChain_F.sol:2195:5: Missing @return tag in function 'invMod' [Warning/use-natspec]
/sb/SupplyChain_F.sol:2195:5: Mismatch in @return count for function 'invMod'. Expected: 1, Found: 0 [Warning/use-natspec]
/sb/SupplyChain_F.sol:2252:5: Missing @notice tag in function 'invModPrime' [Warning/use-natspec]
/sb/SupplyChain_F.sol:2252:5: Missing @param tag in function 'invModPrime' [Warning/use-natspec]
/sb/SupplyChain_F.sol:2252:5: Mismatch in @param names for function 'invModPrime'. Expected: [a, p], Found: [] [Warning/use-natspec]
/sb/SupplyChain_F.sol:2252:5: Missing @return tag in function 'invModPrime' [Warning/use-natspec]
/sb/SupplyChain_F.sol:2252:5: Mismatch in @return count for function 'invModPrime'. Expected: 1, Found: 0 [Warning/use-natspec]
/sb/SupplyChain_F.sol:2271:5: Missing @notice tag in function 'modExp' [Warni
