Directories in use:
home:         /var/lib/neo4j
config:       /etc/neo4j
logs:         /var/log/neo4j
plugins:      /var/lib/neo4j/plugins
import:       /var/lib/neo4j/import
data:         /var/lib/neo4j/data
certificates: /var/lib/neo4j/certificates
licenses:     /var/lib/neo4j/licenses
run:          /var/lib/neo4j/run
Starting Neo4j.
Started neo4j (pid:29). It is available at http://localhost:7474
There may be a short delay until the server is ready.
/sb/Cartorio_F.sol
17:24:37.259 [Thread-0] ERROR de.fraunhofer.aisec.cpg.frontends.Handler - /sb/Cartorio_F.sol:10:1: Parsing of type class SolidityParser$PragmaDirectiveContext is not supported (yet)
17:24:37.262 [Thread-0] ERROR de.fraunhofer.aisec.cpg.frontends.Handler - /sb/Cartorio_F.sol:252:1: Parsing of type class SolidityParser$PragmaDirectiveContext is not supported (yet)
17:24:37.262 [Thread-0] ERROR de.fraunhofer.aisec.cpg.frontends.Handler - /sb/Cartorio_F.sol:289:1: Parsing of type class SolidityParser$PragmaDirectiveContext is not supported (yet)
17:24:37.262 [Thread-0] ERROR de.fraunhofer.aisec.cpg.frontends.Handler - /sb/Cartorio_F.sol:318:1: Parsing of type class SolidityParser$PragmaDirectiveContext is not supported (yet)
17:24:37.263 [Thread-0] ERROR de.fraunhofer.aisec.cpg.frontends.Handler - /sb/Cartorio_F.sol:351:1: Parsing of type class SolidityParser$PragmaDirectiveContext is not supported (yet)
17:24:37.263 [Thread-0] ERROR de.fraunhofer.aisec.cpg.frontends.Handler - /sb/Cartorio_F.sol:453:1: Parsing of type class SolidityParser$PragmaDirectiveContext is not supported (yet)
17:24:37.263 [Thread-0] ERROR de.fraunhofer.aisec.cpg.frontends.Handler - /sb/Cartorio_F.sol:686:1: Parsing of type class SolidityParser$PragmaDirectiveContext is not supported (yet)
17:24:37.263 [Thread-0] ERROR de.fraunhofer.aisec.cpg.frontends.Handler - /sb/Cartorio_F.sol:852:1: Parsing of type class SolidityParser$PragmaDirectiveContext is not supported (yet)
17:24:37.263 [Thread-0] ERROR de.fraunhofer.aisec.cpg.frontends.Handler - /sb/Cartorio_F.sol:989:1: Parsing of type class SolidityParser$PragmaDirectiveContext is not supported (yet)
17:24:37.263 [Thread-0] ERROR de.fraunhofer.aisec.cpg.frontends.Handler - /sb/Cartorio_F.sol:1018:1: Parsing of type class SolidityParser$PragmaDirectiveContext is not supported (yet)
17:24:37.264 [Thread-0] ERROR de.fraunhofer.aisec.cpg.frontends.Handler - /sb/Cartorio_F.sol:1050:1: Parsing of type class SolidityParser$PragmaDirectiveContext is not supported (yet)
17:24:37.264 [Thread-0] ERROR de.fraunhofer.aisec.cpg.frontends.Handler - /sb/Cartorio_F.sol:1103:1: Parsing of type class SolidityParser$PragmaDirectiveContext is not supported (yet)
17:24:37.264 [Thread-0] ERROR de.fraunhofer.aisec.cpg.frontends.Handler - /sb/Cartorio_F.sol:2268:1: Parsing of type class SolidityParser$PragmaDirectiveContext is not supported (yet)
17:24:37.264 [Thread-0] ERROR de.fraunhofer.aisec.cpg.frontends.Handler - /sb/Cartorio_F.sol:2329:1: Parsing of type class SolidityParser$PragmaDirectiveContext is not supported (yet)
17:24:37.264 [Thread-0] ERROR de.fraunhofer.aisec.cpg.frontends.Handler - /sb/Cartorio_F.sol:3080:1: Parsing of type class SolidityParser$PragmaDirectiveContext is not supported (yet)
17:24:37.264 [Thread-0] ERROR de.fraunhofer.aisec.cpg.frontends.Handler - /sb/Cartorio_F.sol:3150:1: Parsing of type class SolidityParser$PragmaDirectiveContext is not supported (yet)
17:24:37.265 [Thread-0] ERROR de.fraunhofer.aisec.cpg.frontends.Handler - /sb/Cartorio_F.sol:3642:1: Parsing of type class SolidityParser$PragmaDirectiveContext is not supported (yet)
17:24:37.265 [Thread-0] ERROR de.fraunhofer.aisec.cpg.frontends.Handler - /sb/Cartorio_F.sol:4103:1: Parsing of type class SolidityParser$PragmaDirectiveContext is not supported (yet)
17:24:37.265 [Thread-0] ERROR de.fraunhofer.aisec.cpg.frontends.Handler - /sb/Cartorio_F.sol:4137:1: Parsing of type class SolidityParser$PragmaDirectiveContext is not supported (yet)
17:24:37.265 [Thread-0] ERROR de.fraunhofer.aisec.cpg.frontends.Handler - /sb/Cartorio_F.sol:4168:1: Parsing of type class SolidityParser$PragmaDirectiveContext is not supported (yet)
17:24:37.265 [Thread-0] ERROR de.fraunhofer.aisec.cpg.frontends.Handler - /sb/Cartorio_F.sol:4359:1: Parsing of type class SolidityParser$PragmaDirectiveContext is not supported (yet)
17:24:37.265 [Thread-0] ERROR de.fraunhofer.aisec.cpg.frontends.Handler - /sb/Cartorio_F.sol:4494:1: Parsing of type class SolidityParser$PragmaDirectiveContext is not supported (yet)
17:24:37.265 [Thread-0] ERROR de.fraunhofer.aisec.cpg.frontends.Handler - /sb/Cartorio_F.sol:4539:1: Parsing of type class SolidityParser$PragmaDirectiveContext is not supported (yet)
17:24:37.266 [Thread-0] ERROR de.fraunhofer.aisec.cpg.frontends.Handler - /sb/Cartorio_F.sol:4547:1: Parsing of type class SolidityParser$PragmaDirectiveContext is not supported (yet)
17:24:37.266 [Thread-0] ERROR de.fraunhofer.aisec.cpg.frontends.Handler - /sb/Cartorio_F.sol:4555:1: Parsing of type class SolidityParser$PragmaDirectiveContext is not supported (yet)
17:24:37.266 [Thread-0] ERROR de.fraunhofer.aisec.cpg.frontends.Handler - /sb/Cartorio_F.sol:4577:1: Parsing of type class SolidityParser$PragmaDirectiveContext is not supported (yet)
17:24:37.266 [Thread-0] ERROR de.fraunhofer.aisec.cpg.frontends.Handler - /sb/Cartorio_F.sol:4655:1: Parsing of type class SolidityParser$PragmaDirectiveContext is not supported (yet)
17:24:39.238 [Thread-0] ERROR de.fraunhofer.aisec.cpg.ScopeManager - /sb/Cartorio_F.sol:537:67: Could not find the scope UNKNOWN needed to resolve the call UNKNOWN.supportsInterface. Falling back to the default (current) scope
17:24:39.264 [Thread-0] ERROR de.fraunhofer.aisec.cpg.ScopeManager - /sb/Cartorio_F.sol:2378:26: Could not find the scope UNKNOWN needed to resolve the call UNKNOWN.toUint. Falling back to the default (current) scope
17:24:39.265 [Thread-0] ERROR de.fraunhofer.aisec.cpg.ScopeManager - /sb/Cartorio_F.sol:2389:26: Could not find the scope UNKNOWN needed to resolve the call UNKNOWN.toUint. Falling back to the default (current) scope
17:24:39.265 [Thread-0] ERROR de.fraunhofer.aisec.cpg.ScopeManager - /sb/Cartorio_F.sol:2405:26: Could not find the scope UNKNOWN needed to resolve the call UNKNOWN.toUint. Falling back to the default (current) scope
17:24:39.267 [Thread-0] ERROR de.fraunhofer.aisec.cpg.ScopeManager - /sb/Cartorio_F.sol:2471:35: Could not find the scope UNKNOWN needed to resolve the call UNKNOWN.toUint. Falling back to the default (current) scope
17:24:39.268 [Thread-0] ERROR de.fraunhofer.aisec.cpg.ScopeManager - /sb/Cartorio_F.sol:2507:13: Could not find the scope UNKNOWN needed to resolve the call UNKNOWN.panic. Falling back to the default (current) scope
17:24:39.268 [Thread-0] ERROR de.fraunhofer.aisec.cpg.ScopeManager - /sb/Cartorio_F.sol:2516:20: Could not find the scope UNKNOWN needed to resolve the call UNKNOWN.toUint. Falling back to the default (current) scope
17:24:39.269 [Thread-0] ERROR de.fraunhofer.aisec.cpg.ScopeManager - /sb/Cartorio_F.sol:2541:17: Could not find the scope UNKNOWN needed to resolve the call UNKNOWN.panic. Falling back to the default (current) scope
17:24:39.270 [Thread-0] ERROR de.fraunhofer.aisec.cpg.ScopeManager - /sb/Cartorio_F.sol:2604:44: Could not find the scope UNKNOWN needed to resolve the call UNKNOWN.toUint. Falling back to the default (current) scope
17:24:39.271 [Thread-0] ERROR de.fraunhofer.aisec.cpg.ScopeManager - /sb/Cartorio_F.sol:2614:17: Could not find the scope UNKNOWN needed to resolve the call UNKNOWN.panic. Falling back to the default (current) scope
17:24:39.272 [Thread-0] ERROR de.fraunhofer.aisec.cpg.ScopeManager - /sb/Cartorio_F.sol:2624:34: Could not find the scope UNKNOWN needed to resolve the call UNKNOWN.toUint. Falling back to the default (current) scope
17:24:39.274 [Thread-0] ERROR de.fraunhofer.aisec.cpg.ScopeManager - /sb/Cartorio_F.sol:2697:20: Could not find the scope UNKNOWN needed to resolve the call UNKNOWN.modExp. Falling back to the default (current) scope
17:24:39.274 [Thread-0] ERROR de.fraunhofer.aisec.cpg.ScopeManager - /sb/Cartorio_F.sol:2717:13: Could not find the scope UNKNOWN needed to resolve the call UNKNOWN.panic. Falling back to the default (current) scope
17:24:39.275 [Thread-0] ERROR de.fraunhofer.aisec.cpg.ScopeManager - /sb/Cartorio_F.sol:2764:13: Could not find the scope UNKNOWN needed to resolve the call UNKNOWN.panic. Falling back to the default (current) scope
17:24:39.275 [Thread-0] ERROR de.fraunhofer.aisec.cpg.ScopeManager - /sb/Cartorio_F.sol:2782:18: Could not find the scope UNKNOWN needed to resolve the call UNKNOWN.encodePacked. Falling back to the default (current) scope
17:24:39.343 [Thread-0] ERROR de.fraunhofer.aisec.cpg.ScopeManager - /sb/Cartorio_F.sol:2917:25: Could not find the scope UNKNOWN needed to resolve the call UNKNOWN.toUint. Falling back to the default (current) scope
17:24:39.344 [Thread-0] ERROR de.fraunhofer.aisec.cpg.ScopeManager - /sb/Cartorio_F.sol:2927:29: Could not find the scope UNKNOWN needed to resolve the call UNKNOWN.toUint. Falling back to the default (current) scope
17:24:39.345 [Thread-0] ERROR de.fraunhofer.aisec.cpg.ScopeManager - /sb/Cartorio_F.sol:2937:13: Could not find the scope UNKNOWN needed to resolve the call UNKNOWN.toUint. Falling back to the default (current) scope
17:24:39.346 [Thread-0] ERROR de.fraunhofer.aisec.cpg.ScopeManager - /sb/Cartorio_F.sol:2939:14: Could not find the scope UNKNOWN needed to resolve the call UNKNOWN.toUint. Falling back to the default (current) scope
17:24:39.346 [Thread-0] ERROR de.fraunhofer.aisec.cpg.ScopeManager - /sb/Cartorio_F.sol:2941:14: Could not find the scope UNKNOWN needed to resolve the call UNKNOWN.toUint. Falling back to the default (current) scope
17:24:39.346 [Thread-0] ERROR de.fraunhofer.aisec.cpg.ScopeManager - /sb/Cartorio_F.sol:2943:14: Could not find the scope UNKNOWN needed to resolve the call UNKNOWN.toUint. Falling back to the default (current) scope
17:24:39.347 [Thread-0] ERROR de.fraunhofer.aisec.cpg.ScopeManager - /sb/Cartorio_F.sol:2945:14: Could not find the scope UNKNOWN needed to resolve the call UNKNOWN.toUint. Falling back to the default (current) scope
17:24:39.347 [Thread-0] ERROR de.fraunhofer.aisec.cpg.ScopeManager - /sb/Cartorio_F.sol:2947:14: Could not find the scope UNKNOWN needed to resolve the call UNKNOWN.toUint. Falling back to the default (current) scope
17:24:39.347 [Thread-0] ERROR de.fraunhofer.aisec.cpg.ScopeManager - /sb/Cartorio_F.sol:2983:29: Could not find the scope UNKNOWN needed to resolve the call UNKNOWN.toUint. Falling back to the default (current) scope
17:24:39.348 [Thread-0] ERROR de.fraunhofer.aisec.cpg.ScopeManager - /sb/Cartorio_F.sol:3032:29: Could not find the scope UNKNOWN needed to resolve the call UNKNOWN.toUint. Falling back to the default (current) scope
17:24:39.349 [Thread-0] ERROR de.fraunhofer.aisec.cpg.ScopeManager - /sb/Cartorio_F.sol:3044:13: Could not find the scope UNKNOWN needed to resolve the call UNKNOWN.toUint. Falling back to the default (current) scope
17:24:39.349 [Thread-0] ERROR de.fraunhofer.aisec.cpg.ScopeManager - /sb/Cartorio_F.sol:3046:14: Could not find the scope UNKNOWN needed to resolve the call UNKNOWN.toUint. Falling back to the default (current) scope
17:24:39.350 [Thread-0] ERROR de.fraunhofer.aisec.cpg.ScopeManager - /sb/Cartorio_F.sol:3048:14: Could not find the scope UNKNOWN needed to resolve the call UNKNOWN.toUint. Falling back to the default (current) scope
17:24:39.350 [Thread-0] ERROR de.fraunhofer.aisec.cpg.ScopeManager - /sb/Cartorio_F.sol:3050:14: Could not find the scope UNKNOWN needed to resolve the call UNKNOWN.toUint. Falling back to the default (current) scope
17:24:39.350 [Thread-0] ERROR de.fraunhofer.aisec.cpg.ScopeManager - /sb/Cartorio_F.sol:3052:27: Could not find the scope UNKNOWN needed to resolve the call UNKNOWN.toUint. Falling back to the default (current) scope
17:24:39.352 [Thread-0] ERROR de.fraunhofer.aisec.cpg.ScopeManager - /sb/Cartorio_F.sol:3062:29: Could not find the scope UNKNOWN needed to resolve the call UNKNOWN.toUint. Falling back to the default (current) scope
17:24:39.353 [Thread-0] ERROR de.fraunhofer.aisec.cpg.ScopeManager - /sb/Cartorio_F.sol:3098:42: Could not find the scope UNKNOWN needed to resolve the call UNKNOWN.toUint. Falling back to the default (current) scope
17:24:39.354 [Thread-0] ERROR de.fraunhofer.aisec.cpg.ScopeManager - /sb/Cartorio_F.sol:3191:30: Could not find the scope UNKNOWN needed to resolve the call UNKNOWN.log10. Falling back to the default (current) scope
17:24:39.354 [Thread-0] ERROR de.fraunhofer.aisec.cpg.ScopeManager - /sb/Cartorio_F.sol:3213:61: Could not find the scope UNKNOWN needed to resolve the call UNKNOWN.abs. Falling back to the default (current) scope
17:24:39.355 [Thread-0] ERROR de.fraunhofer.aisec.cpg.ScopeManager - /sb/Cartorio_F.sol:3213:16: Could not find the scope UNKNOWN needed to resolve the call UNKNOWN.concat. Falling back to the default (current) scope
17:24:39.355 [Thread-0] ERROR de.fraunhofer.aisec.cpg.ScopeManager - /sb/Cartorio_F.sol:3213:61: Could not find the scope UNKNOWN needed to resolve the call UNKNOWN.abs. Falling back to the default (current) scope
17:24:39.359 [Thread-0] ERROR de.fraunhofer.aisec.cpg.ScopeManager - /sb/Cartorio_F.sol:3213:61: Could not find the scope UNKNOWN needed to resolve the call UNKNOWN.abs. Falling back to the default (current) scope
17:24:39.360 [Thread-0] ERROR de.fraunhofer.aisec.cpg.ScopeManager - /sb/Cartorio_F.sol:3221:39: Could not find the scope UNKNOWN needed to resolve the call UNKNOWN.log256. Falling back to the default (current) scope
17:24:39.361 [Thread-0] ERROR de.fraunhofer.aisec.cpg.ScopeManager - /sb/Cartorio_F.sol:3221:39: Could not find the scope UNKNOWN needed to resolve the call UNKNOWN.log256. Falling back to the default (current) scope
17:24:39.374 [Thread-0] ERROR de.fraunhofer.aisec.cpg.ScopeManager - /sb/Cartorio_F.sol:3419:26: Could not find the scope UNKNOWN needed to resolve the call UNKNOWN.toUint. Falling back to the default (current) scope
17:24:39.377 [Thread-0] ERROR de.fraunhofer.aisec.cpg.ScopeManager - /sb/Cartorio_F.sol:3492:26: Could not find the scope bool needed to resolve the call bool.toUint. Falling back to the default (current) scope
17:24:39.379 [Thread-0] ERROR de.fraunhofer.aisec.cpg.ScopeManager - /sb/Cartorio_F.sol:3551:39: Could not find the scope bool needed to resolve the call bool.toUint. Falling back to the default (current) scope
17:24:39.382 [Thread-0] ERROR de.fraunhofer.aisec.cpg.ScopeManager - /sb/Cartorio_F.sol:3704:13: Could not find the scope UNKNOWN needed to resolve the call UNKNOWN.supportsInterface. Falling back to the default (current) scope
17:24:39.439 [Thread-0] ERROR de.fraunhofer.aisec.cpg.ScopeManager - /sb/Cartorio_F.sol:3738:67: Could not find the scope uint256 needed to resolve the call uint256.toString. Falling back to the default (current) scope
17:24:39.441 [Thread-0] ERROR de.fraunhofer.aisec.cpg.ScopeManager - /sb/Cartorio_F.sol:3738:44: Could not find the scope UNKNOWN needed to resolve the call UNKNOWN.concat. Falling back to the default (current) scope
17:24:39.442 [Thread-0] ERROR de.fraunhofer.aisec.cpg.ScopeManager - /sb/Cartorio_F.sol:3738:67: Could not find the scope uint256 needed to resolve the call uint256.toString. Falling back to the default (current) scope
17:24:39.450 [Thread-0] ERROR de.fraunhofer.aisec.cpg.ScopeManager - /sb/Cartorio_F.sol:3794:9: Could not find the scope UNKNOWN needed to resolve the call UNKNOWN.checkOnERC721Received. Falling back to the default (current) scope
17:24:39.455 [Thread-0] ERROR de.fraunhofer.aisec.cpg.ScopeManager - /sb/Cartorio_F.sol:3952:9: Could not find the scope UNKNOWN needed to resolve the call UNKNOWN.checkOnERC721Received. Falling back to the default (current) scope
17:24:39.458 [Thread-0] ERROR de.fraunhofer.aisec.cpg.ScopeManager - /sb/Cartorio_F.sol:4025:9: Could not find the scope UNKNOWN needed to resolve the call UNKNOWN.checkOnERC721Received. Falling back to the default (current) scope
17:24:39.461 [Thread-0] ERROR de.fraunhofer.aisec.cpg.ScopeManager - /sb/Cartorio_F.sol:4218:70: Could not find the scope UNKNOWN needed to resolve the call UNKNOWN.supportsInterface. Falling back to the default (current) scope
17:24:39.463 [Thread-0] ERROR de.fraunhofer.aisec.cpg.ScopeManager - /sb/Cartorio_F.sol:4247:33: Could not find the scope UNKNOWN needed to resolve the call UNKNOWN._update. Falling back to the default (current) scope
17:24:39.464 [Thread-0] ERROR de.fraunhofer.aisec.cpg.ScopeManager - /sb/Cartorio_F.sol:4282:9: Could not find the scope uint256 needed to resolve the call uint256.push. Falling back to the default (current) scope
17:24:39.464 [Thread-0] ERROR de.fraunhofer.aisec.cpg.ScopeManager - /sb/Cartorio_F.sol:4339:9: Could not find the scope uint256 needed to resolve the call uint256.pop. Falling back to the default (current) scope
17:24:39.465 [Thread-0] ERROR de.fraunhofer.aisec.cpg.ScopeManager - /sb/Cartorio_F.sol:4349:9: Could not find the scope UNKNOWN needed to resolve the call UNKNOWN._increaseBalance. Falling back to the default (current) scope
17:24:39.467 [Thread-0] ERROR de.fraunhofer.aisec.cpg.ScopeManager - /sb/Cartorio_F.sol:4529:16: Could not find the scope UNKNOWN needed to resolve the call UNKNOWN._update. Falling back to the default (current) scope
17:24:39.468 [Thread-0] ERROR de.fraunhofer.aisec.cpg.ScopeManager - /sb/Cartorio_F.sol:4616:55: Could not find the scope UNKNOWN needed to resolve the call UNKNOWN.supportsInterface. Falling back to the default (current) scope
17:24:39.468 [Thread-0] ERROR de.fraunhofer.aisec.cpg.ScopeManager - /sb/Cartorio_F.sol:4633:20: Could not find the scope UNKNOWN needed to resolve the call UNKNOWN.concat. Falling back to the default (current) scope
17:24:39.469 [Thread-0] ERROR de.fraunhofer.aisec.cpg.ScopeManager - /sb/Cartorio_F.sol:4636:16: Could not find the scope UNKNOWN needed to resolve the call UNKNOWN.tokenURI. Falling back to the default (current) scope
17:24:39.473 [Thread-0] ERROR de.fraunhofer.aisec.cpg.ScopeManager - /sb/Cartorio_F.sol:4826:23: Could not find the scope UNKNOWN needed to resolve the call UNKNOWN.encodePacked. Falling back to the default (current) scope
17:24:39.474 [Thread-0] ERROR de.fraunhofer.aisec.cpg.ScopeManager - /sb/Cartorio_F.sol:4826:23: Could not find the scope UNKNOWN needed to resolve the call UNKNOWN.encodePacked. Falling back to the default (current) scope
17:24:39.474 [Thread-0] ERROR de.fraunhofer.aisec.cpg.ScopeManager - /sb/Cartorio_F.sol:4827:23: Could not find the scope UNKNOWN needed to resolve the call UNKNOWN.encodePacked. Falling back to the default (current) scope
17:24:39.474 [Thread-0] ERROR de.fraunhofer.aisec.cpg.ScopeManager - /sb/Cartorio_F.sol:4827:23: Could not find the scope UNKNOWN needed to resolve the call UNKNOWN.encodePacked. Falling back to the default (current) scope
17:24:39.475 [Thread-0] ERROR de.fraunhofer.aisec.cpg.ScopeManager - /sb/Cartorio_F.sol:4922:16: Could not find the scope UNKNOWN needed to resolve the call UNKNOWN._update. Falling back to the default (current) scope
17:24:39.476 [Thread-0] ERROR de.fraunhofer.aisec.cpg.ScopeManager - /sb/Cartorio_F.sol:4938:9: Could not find the scope UNKNOWN needed to resolve the call UNKNOWN._increaseBalance. Falling back to the default (current) scope
17:24:39.540 [Thread-0] ERROR de.fraunhofer.aisec.cpg.ScopeManager - /sb/Cartorio_F.sol:4954:16: Could not find the scope UNKNOWN needed to resolve the call UNKNOWN.tokenURI. Falling back to the default (current) scope
17:24:39.541 [Thread-0] ERROR de.fraunhofer.aisec.cpg.ScopeManager - /sb/Cartorio_F.sol:4975:16: Could not find the scope UNKNOWN needed to resolve the call UNKNOWN.supportsInterface. Falling back to the default (current) scope
Running checks
AccessControlSelfdestructCheck took 7225 ms
CallReturnCheck took 731 ms
AccessControlLogicCheck took 2987 ms
ReentrancyCheck took 1987 ms
DefaultProxyDelegateCheck took 623 ms
TXOriginCheck took 301 ms
TimeManipulationCheck took 402 ms
LocalWriteToStorageCheck took 8238 ms
BadRandomnessCheck took 367 ms
