Directories in use:
home:         /var/lib/neo4j
config:       /etc/neo4j
logs:         /var/log/neo4j
plugins:      /var/lib/neo4j/plugins
import:       /var/lib/neo4j/import
data:         /var/lib/neo4j/data
certificates: /var/lib/neo4j/certificates
licenses:     /var/lib/neo4j/licenses
run:          /var/lib/neo4j/run
Starting Neo4j.
Started neo4j (pid:28). It is available at http://localhost:7474
There may be a short delay until the server is ready.
/sb/VotacaoCondominio_F.sol
21:42:38.229 [Thread-0] ERROR de.fraunhofer.aisec.cpg.frontends.Handler - /sb/VotacaoCondominio_F.sol:10:1: Parsing of type class SolidityParser$PragmaDirectiveContext is not supported (yet)
21:42:38.232 [Thread-0] ERROR de.fraunhofer.aisec.cpg.frontends.Handler - /sb/VotacaoCondominio_F.sol:42:1: Parsing of type class SolidityParser$PragmaDirectiveContext is not supported (yet)
21:42:38.232 [Thread-0] ERROR de.fraunhofer.aisec.cpg.frontends.Handler - /sb/VotacaoCondominio_F.sol:143:1: Parsing of type class SolidityParser$PragmaDirectiveContext is not supported (yet)
21:42:38.232 [Thread-0] ERROR de.fraunhofer.aisec.cpg.frontends.Handler - /sb/VotacaoCondominio_F.sol:207:1: Parsing of type class SolidityParser$PragmaDirectiveContext is not supported (yet)
21:42:38.232 [Thread-0] ERROR de.fraunhofer.aisec.cpg.frontends.Handler - /sb/VotacaoCondominio_F.sol:228:1: Parsing of type class SolidityParser$PragmaDirectiveContext is not supported (yet)
21:42:38.232 [Thread-0] ERROR de.fraunhofer.aisec.cpg.frontends.Handler - /sb/VotacaoCondominio_F.sol:239:1: Parsing of type class SolidityParser$PragmaDirectiveContext is not supported (yet)
21:42:38.232 [Thread-0] ERROR de.fraunhofer.aisec.cpg.frontends.Handler - /sb/VotacaoCondominio_F.sol:423:1: Parsing of type class SolidityParser$PragmaDirectiveContext is not supported (yet)
21:42:38.232 [Thread-0] ERROR de.fraunhofer.aisec.cpg.frontends.Handler - /sb/VotacaoCondominio_F.sol:456:1: Parsing of type class SolidityParser$PragmaDirectiveContext is not supported (yet)
21:42:38.233 [Thread-0] ERROR de.fraunhofer.aisec.cpg.frontends.Handler - /sb/VotacaoCondominio_F.sol:1621:1: Parsing of type class SolidityParser$PragmaDirectiveContext is not supported (yet)
21:42:38.233 [Thread-0] ERROR de.fraunhofer.aisec.cpg.frontends.Handler - /sb/VotacaoCondominio_F.sol:1682:1: Parsing of type class SolidityParser$PragmaDirectiveContext is not supported (yet)
21:42:38.233 [Thread-0] ERROR de.fraunhofer.aisec.cpg.frontends.Handler - /sb/VotacaoCondominio_F.sol:2433:1: Parsing of type class SolidityParser$PragmaDirectiveContext is not supported (yet)
21:42:38.233 [Thread-0] ERROR de.fraunhofer.aisec.cpg.frontends.Handler - /sb/VotacaoCondominio_F.sol:2503:1: Parsing of type class SolidityParser$PragmaDirectiveContext is not supported (yet)
21:42:38.233 [Thread-0] ERROR de.fraunhofer.aisec.cpg.frontends.Handler - /sb/VotacaoCondominio_F.sol:2995:1: Parsing of type class SolidityParser$PragmaDirectiveContext is not supported (yet)
21:42:38.233 [Thread-0] ERROR de.fraunhofer.aisec.cpg.frontends.Handler - /sb/VotacaoCondominio_F.sol:3097:1: Parsing of type class SolidityParser$PragmaDirectiveContext is not supported (yet)
21:42:38.233 [Thread-0] ERROR de.fraunhofer.aisec.cpg.frontends.Handler - /sb/VotacaoCondominio_F.sol:3243:1: Parsing of type class SolidityParser$PragmaDirectiveContext is not supported (yet)
21:42:38.233 [Thread-0] ERROR de.fraunhofer.aisec.cpg.frontends.Handler - /sb/VotacaoCondominio_F.sol:3367:1: Parsing of type class SolidityParser$PragmaDirectiveContext is not supported (yet)
21:42:38.233 [Thread-0] ERROR de.fraunhofer.aisec.cpg.frontends.Handler - /sb/VotacaoCondominio_F.sol:3528:1: Parsing of type class SolidityParser$PragmaDirectiveContext is not supported (yet)
21:42:38.233 [Thread-0] ERROR de.fraunhofer.aisec.cpg.frontends.Handler - /sb/VotacaoCondominio_F.sol:3580:1: Parsing of type class SolidityParser$PragmaDirectiveContext is not supported (yet)
21:42:38.233 [Thread-0] ERROR de.fraunhofer.aisec.cpg.frontends.Handler - /sb/VotacaoCondominio_F.sol:4211:1: Parsing of type class SolidityParser$PragmaDirectiveContext is not supported (yet)
21:42:38.233 [Thread-0] ERROR de.fraunhofer.aisec.cpg.frontends.Handler - /sb/VotacaoCondominio_F.sol:4345:1: Parsing of type class SolidityParser$PragmaDirectiveContext is not supported (yet)
21:42:38.233 [Thread-0] ERROR de.fraunhofer.aisec.cpg.frontends.Handler - /sb/VotacaoCondominio_F.sol:4599:1: Parsing of type class SolidityParser$PragmaDirectiveContext is not supported (yet)
21:42:38.234 [Thread-0] ERROR de.fraunhofer.aisec.cpg.frontends.Handler - /sb/VotacaoCondominio_F.sol:4765:1: Parsing of type class SolidityParser$PragmaDirectiveContext is not supported (yet)
21:42:38.234 [Thread-0] ERROR de.fraunhofer.aisec.cpg.frontends.Handler - /sb/VotacaoCondominio_F.sol:4848:1: Parsing of type class SolidityParser$PragmaDirectiveContext is not supported (yet)
21:42:38.234 [Thread-0] ERROR de.fraunhofer.aisec.cpg.frontends.Handler - /sb/VotacaoCondominio_F.sol:4876:1: Parsing of type class SolidityParser$PragmaDirectiveContext is not supported (yet)
21:42:38.234 [Thread-0] ERROR de.fraunhofer.aisec.cpg.frontends.Handler - /sb/VotacaoCondominio_F.sol:5183:1: Parsing of type class SolidityParser$PragmaDirectiveContext is not supported (yet)
21:42:38.234 [Thread-0] ERROR de.fraunhofer.aisec.cpg.frontends.Handler - /sb/VotacaoCondominio_F.sol:5277:1: Parsing of type class SolidityParser$PragmaDirectiveContext is not supported (yet)
21:42:38.234 [Thread-0] ERROR de.fraunhofer.aisec.cpg.frontends.Handler - /sb/VotacaoCondominio_F.sol:5356:1: Parsing of type class SolidityParser$PragmaDirectiveContext is not supported (yet)
21:42:38.234 [Thread-0] ERROR de.fraunhofer.aisec.cpg.frontends.Handler - /sb/VotacaoCondominio_F.sol:5439:1: Parsing of type class SolidityParser$PragmaDirectiveContext is not supported (yet)
21:42:40.927 [Thread-0] ERROR de.fraunhofer.aisec.cpg.ScopeManager - /sb/VotacaoCondominio_F.sol:1731:26: Could not find the scope UNKNOWN needed to resolve the call UNKNOWN.toUint. Falling back to the default (current) scope
21:42:40.929 [Thread-0] ERROR de.fraunhofer.aisec.cpg.ScopeManager - /sb/VotacaoCondominio_F.sol:1742:26: Could not find the scope UNKNOWN needed to resolve the call UNKNOWN.toUint. Falling back to the default (current) scope
21:42:40.929 [Thread-0] ERROR de.fraunhofer.aisec.cpg.ScopeManager - /sb/VotacaoCondominio_F.sol:1758:26: Could not find the scope UNKNOWN needed to resolve the call UNKNOWN.toUint. Falling back to the default (current) scope
21:42:40.931 [Thread-0] ERROR de.fraunhofer.aisec.cpg.ScopeManager - /sb/VotacaoCondominio_F.sol:1824:35: Could not find the scope UNKNOWN needed to resolve the call UNKNOWN.toUint. Falling back to the default (current) scope
21:42:40.932 [Thread-0] ERROR de.fraunhofer.aisec.cpg.ScopeManager - /sb/VotacaoCondominio_F.sol:1860:13: Could not find the scope UNKNOWN needed to resolve the call UNKNOWN.panic. Falling back to the default (current) scope
21:42:40.933 [Thread-0] ERROR de.fraunhofer.aisec.cpg.ScopeManager - /sb/VotacaoCondominio_F.sol:1869:20: Could not find the scope UNKNOWN needed to resolve the call UNKNOWN.toUint. Falling back to the default (current) scope
21:42:40.934 [Thread-0] ERROR de.fraunhofer.aisec.cpg.ScopeManager - /sb/VotacaoCondominio_F.sol:1894:17: Could not find the scope UNKNOWN needed to resolve the call UNKNOWN.panic. Falling back to the default (current) scope
21:42:40.936 [Thread-0] ERROR de.fraunhofer.aisec.cpg.ScopeManager - /sb/VotacaoCondominio_F.sol:1957:44: Could not find the scope UNKNOWN needed to resolve the call UNKNOWN.toUint. Falling back to the default (current) scope
21:42:40.936 [Thread-0] ERROR de.fraunhofer.aisec.cpg.ScopeManager - /sb/VotacaoCondominio_F.sol:1967:17: Could not find the scope UNKNOWN needed to resolve the call UNKNOWN.panic. Falling back to the default (current) scope
21:42:40.939 [Thread-0] ERROR de.fraunhofer.aisec.cpg.ScopeManager - /sb/VotacaoCondominio_F.sol:1977:34: Could not find the scope UNKNOWN needed to resolve the call UNKNOWN.toUint. Falling back to the default (current) scope
21:42:40.940 [Thread-0] ERROR de.fraunhofer.aisec.cpg.ScopeManager - /sb/VotacaoCondominio_F.sol:2050:20: Could not find the scope UNKNOWN needed to resolve the call UNKNOWN.modExp. Falling back to the default (current) scope
21:42:40.941 [Thread-0] ERROR de.fraunhofer.aisec.cpg.ScopeManager - /sb/VotacaoCondominio_F.sol:2070:13: Could not find the scope UNKNOWN needed to resolve the call UNKNOWN.panic. Falling back to the default (current) scope
21:42:40.942 [Thread-0] ERROR de.fraunhofer.aisec.cpg.ScopeManager - /sb/VotacaoCondominio_F.sol:2117:13: Could not find the scope UNKNOWN needed to resolve the call UNKNOWN.panic. Falling back to the default (current) scope
21:42:40.942 [Thread-0] ERROR de.fraunhofer.aisec.cpg.ScopeManager - /sb/VotacaoCondominio_F.sol:2135:18: Could not find the scope UNKNOWN needed to resolve the call UNKNOWN.encodePacked. Falling back to the default (current) scope
21:42:40.944 [Thread-0] ERROR de.fraunhofer.aisec.cpg.ScopeManager - /sb/VotacaoCondominio_F.sol:2270:25: Could not find the scope UNKNOWN needed to resolve the call UNKNOWN.toUint. Falling back to the default (current) scope
21:42:40.997 [Thread-0] ERROR de.fraunhofer.aisec.cpg.ScopeManager - /sb/VotacaoCondominio_F.sol:2280:29: Could not find the scope UNKNOWN needed to resolve the call UNKNOWN.toUint. Falling back to the default (current) scope
21:42:40.998 [Thread-0] ERROR de.fraunhofer.aisec.cpg.ScopeManager - /sb/VotacaoCondominio_F.sol:2290:13: Could not find the scope UNKNOWN needed to resolve the call UNKNOWN.toUint. Falling back to the default (current) scope
21:42:40.998 [Thread-0] ERROR de.fraunhofer.aisec.cpg.ScopeManager - /sb/VotacaoCondominio_F.sol:2292:14: Could not find the scope UNKNOWN needed to resolve the call UNKNOWN.toUint. Falling back to the default (current) scope
21:42:40.999 [Thread-0] ERROR de.fraunhofer.aisec.cpg.ScopeManager - /sb/VotacaoCondominio_F.sol:2294:14: Could not find the scope UNKNOWN needed to resolve the call UNKNOWN.toUint. Falling back to the default (current) scope
21:42:40.999 [Thread-0] ERROR de.fraunhofer.aisec.cpg.ScopeManager - /sb/VotacaoCondominio_F.sol:2296:14: Could not find the scope UNKNOWN needed to resolve the call UNKNOWN.toUint. Falling back to the default (current) scope
21:42:41.000 [Thread-0] ERROR de.fraunhofer.aisec.cpg.ScopeManager - /sb/VotacaoCondominio_F.sol:2298:14: Could not find the scope UNKNOWN needed to resolve the call UNKNOWN.toUint. Falling back to the default (current) scope
21:42:41.000 [Thread-0] ERROR de.fraunhofer.aisec.cpg.ScopeManager - /sb/VotacaoCondominio_F.sol:2300:14: Could not find the scope UNKNOWN needed to resolve the call UNKNOWN.toUint. Falling back to the default (current) scope
21:42:41.001 [Thread-0] ERROR de.fraunhofer.aisec.cpg.ScopeManager - /sb/VotacaoCondominio_F.sol:2336:29: Could not find the scope UNKNOWN needed to resolve the call UNKNOWN.toUint. Falling back to the default (current) scope
21:42:41.001 [Thread-0] ERROR de.fraunhofer.aisec.cpg.ScopeManager - /sb/VotacaoCondominio_F.sol:2385:29: Could not find the scope UNKNOWN needed to resolve the call UNKNOWN.toUint. Falling back to the default (current) scope
21:42:41.002 [Thread-0] ERROR de.fraunhofer.aisec.cpg.ScopeManager - /sb/VotacaoCondominio_F.sol:2397:13: Could not find the scope UNKNOWN needed to resolve the call UNKNOWN.toUint. Falling back to the default (current) scope
21:42:41.003 [Thread-0] ERROR de.fraunhofer.aisec.cpg.ScopeManager - /sb/VotacaoCondominio_F.sol:2399:14: Could not find the scope UNKNOWN needed to resolve the call UNKNOWN.toUint. Falling back to the default (current) scope
21:42:41.004 [Thread-0] ERROR de.fraunhofer.aisec.cpg.ScopeManager - /sb/VotacaoCondominio_F.sol:2401:14: Could not find the scope UNKNOWN needed to resolve the call UNKNOWN.toUint. Falling back to the default (current) scope
21:42:41.005 [Thread-0] ERROR de.fraunhofer.aisec.cpg.ScopeManager - /sb/VotacaoCondominio_F.sol:2403:14: Could not find the scope UNKNOWN needed to resolve the call UNKNOWN.toUint. Falling back to the default (current) scope
21:42:41.005 [Thread-0] ERROR de.fraunhofer.aisec.cpg.ScopeManager - /sb/VotacaoCondominio_F.sol:2405:27: Could not find the scope UNKNOWN needed to resolve the call UNKNOWN.toUint. Falling back to the default (current) scope
21:42:41.006 [Thread-0] ERROR de.fraunhofer.aisec.cpg.ScopeManager - /sb/VotacaoCondominio_F.sol:2415:29: Could not find the scope UNKNOWN needed to resolve the call UNKNOWN.toUint. Falling back to the default (current) scope
21:42:41.007 [Thread-0] ERROR de.fraunhofer.aisec.cpg.ScopeManager - /sb/VotacaoCondominio_F.sol:2451:42: Could not find the scope UNKNOWN needed to resolve the call UNKNOWN.toUint. Falling back to the default (current) scope
21:42:41.009 [Thread-0] ERROR de.fraunhofer.aisec.cpg.ScopeManager - /sb/VotacaoCondominio_F.sol:2544:30: Could not find the scope UNKNOWN needed to resolve the call UNKNOWN.log10. Falling back to the default (current) scope
21:42:41.010 [Thread-0] ERROR de.fraunhofer.aisec.cpg.ScopeManager - /sb/VotacaoCondominio_F.sol:2566:61: Could not find the scope UNKNOWN needed to resolve the call UNKNOWN.abs. Falling back to the default (current) scope
21:42:41.011 [Thread-0] ERROR de.fraunhofer.aisec.cpg.ScopeManager - /sb/VotacaoCondominio_F.sol:2566:16: Could not find the scope UNKNOWN needed to resolve the call UNKNOWN.concat. Falling back to the default (current) scope
21:42:41.012 [Thread-0] ERROR de.fraunhofer.aisec.cpg.ScopeManager - /sb/VotacaoCondominio_F.sol:2566:61: Could not find the scope UNKNOWN needed to resolve the call UNKNOWN.abs. Falling back to the default (current) scope
21:42:41.012 [Thread-0] ERROR de.fraunhofer.aisec.cpg.ScopeManager - /sb/VotacaoCondominio_F.sol:2566:61: Could not find the scope UNKNOWN needed to resolve the call UNKNOWN.abs. Falling back to the default (current) scope
21:42:41.013 [Thread-0] ERROR de.fraunhofer.aisec.cpg.ScopeManager - /sb/VotacaoCondominio_F.sol:2574:39: Could not find the scope UNKNOWN needed to resolve the call UNKNOWN.log256. Falling back to the default (current) scope
21:42:41.014 [Thread-0] ERROR de.fraunhofer.aisec.cpg.ScopeManager - /sb/VotacaoCondominio_F.sol:2574:39: Could not find the scope UNKNOWN needed to resolve the call UNKNOWN.log256. Falling back to the default (current) scope
21:42:41.025 [Thread-0] ERROR de.fraunhofer.aisec.cpg.ScopeManager - /sb/VotacaoCondominio_F.sol:2772:26: Could not find the scope UNKNOWN needed to resolve the call UNKNOWN.toUint. Falling back to the default (current) scope
21:42:41.030 [Thread-0] ERROR de.fraunhofer.aisec.cpg.ScopeManager - /sb/VotacaoCondominio_F.sol:2845:26: Could not find the scope bool needed to resolve the call bool.toUint. Falling back to the default (current) scope
21:42:41.034 [Thread-0] ERROR de.fraunhofer.aisec.cpg.ScopeManager - /sb/VotacaoCondominio_F.sol:2904:39: Could not find the scope bool needed to resolve the call bool.toUint. Falling back to the default (current) scope
21:42:41.036 [Thread-0] ERROR de.fraunhofer.aisec.cpg.ScopeManager - /sb/VotacaoCondominio_F.sol:3039:76: Could not find the scope UNKNOWN needed to resolve the call UNKNOWN.toString. Falling back to the default (current) scope
21:42:41.037 [Thread-0] ERROR de.fraunhofer.aisec.cpg.ScopeManager - /sb/VotacaoCondominio_F.sol:3039:23: Could not find the scope UNKNOWN needed to resolve the call UNKNOWN.concat. Falling back to the default (current) scope
21:42:41.037 [Thread-0] ERROR de.fraunhofer.aisec.cpg.ScopeManager - /sb/VotacaoCondominio_F.sol:3039:76: Could not find the scope UNKNOWN needed to resolve the call UNKNOWN.toString. Falling back to the default (current) scope
21:42:41.037 [Thread-0] ERROR de.fraunhofer.aisec.cpg.ScopeManager - /sb/VotacaoCondominio_F.sol:3039:23: Could not find the scope UNKNOWN needed to resolve the call UNKNOWN.concat. Falling back to the default (current) scope
21:42:41.038 [Thread-0] ERROR de.fraunhofer.aisec.cpg.ScopeManager - /sb/VotacaoCondominio_F.sol:3039:76: Could not find the scope UNKNOWN needed to resolve the call UNKNOWN.toString. Falling back to the default (current) scope
21:42:41.038 [Thread-0] ERROR de.fraunhofer.aisec.cpg.ScopeManager - /sb/VotacaoCondominio_F.sol:3052:26: Could not find the scope UNKNOWN needed to resolve the call UNKNOWN.encodePacked. Falling back to the default (current) scope
21:42:41.038 [Thread-0] ERROR de.fraunhofer.aisec.cpg.ScopeManager - /sb/VotacaoCondominio_F.sol:3052:26: Could not find the scope UNKNOWN needed to resolve the call UNKNOWN.encodePacked. Falling back to the default (current) scope
21:42:41.097 [Thread-0] ERROR de.fraunhofer.aisec.cpg.ScopeManager - /sb/VotacaoCondominio_F.sol:3294:16: Could not find the scope UNKNOWN needed to resolve the call UNKNOWN.wrap. Falling back to the default (current) scope
21:42:41.098 [Thread-0] ERROR de.fraunhofer.aisec.cpg.ScopeManager - /sb/VotacaoCondominio_F.sol:3315:34: Could not find the scope UNKNOWN needed to resolve the call UNKNOWN.unwrap. Falling back to the default (current) scope
21:42:41.099 [Thread-0] ERROR de.fraunhofer.aisec.cpg.ScopeManager - /sb/VotacaoCondominio_F.sol:3329:13: Could not find the scope UNKNOWN needed to resolve the call UNKNOWN.getStringSlot. Falling back to the default (current) scope
21:42:41.100 [Thread-0] ERROR de.fraunhofer.aisec.cpg.ScopeManager - /sb/VotacaoCondominio_F.sol:3330:20: Could not find the scope UNKNOWN needed to resolve the call UNKNOWN.wrap. Falling back to the default (current) scope
21:42:41.100 [Thread-0] ERROR de.fraunhofer.aisec.cpg.ScopeManager - /sb/VotacaoCondominio_F.sol:3338:13: Could not find the scope UNKNOWN needed to resolve the call UNKNOWN.unwrap. Falling back to the default (current) scope
21:42:41.101 [Thread-0] ERROR de.fraunhofer.aisec.cpg.ScopeManager - /sb/VotacaoCondominio_F.sol:3353:13: Could not find the scope UNKNOWN needed to resolve the call UNKNOWN.unwrap. Falling back to the default (current) scope
21:42:41.102 [Thread-0] ERROR de.fraunhofer.aisec.cpg.ScopeManager - /sb/VotacaoCondominio_F.sol:3452:26: Could not find the scope UNKNOWN needed to resolve the call UNKNOWN.encode. Falling back to the default (current) scope
21:42:41.103 [Thread-0] ERROR de.fraunhofer.aisec.cpg.ScopeManager - /sb/VotacaoCondominio_F.sol:3452:26: Could not find the scope UNKNOWN needed to resolve the call UNKNOWN.encode. Falling back to the default (current) scope
21:42:41.104 [Thread-0] ERROR de.fraunhofer.aisec.cpg.ScopeManager - /sb/VotacaoCondominio_F.sol:3471:16: Could not find the scope UNKNOWN needed to resolve the call UNKNOWN.toTypedDataHash. Falling back to the default (current) scope
21:42:41.105 [Thread-0] ERROR de.fraunhofer.aisec.cpg.ScopeManager - /sb/VotacaoCondominio_F.sol:3508:16: Could not find the scope ShortString needed to resolve the call ShortString.toStringWithFallback. Falling back to the default (current) scope
21:42:41.108 [Thread-0] ERROR de.fraunhofer.aisec.cpg.ScopeManager - /sb/VotacaoCondominio_F.sol:3519:16: Could not find the scope ShortString needed to resolve the call ShortString.toStringWithFallback. Falling back to the default (current) scope
21:42:41.108 [Thread-0] ERROR de.fraunhofer.aisec.cpg.ScopeManager - /sb/VotacaoCondominio_F.sol:3430:17: Could not find the scope string needed to resolve the call string.toShortStringWithFallback. Falling back to the default (current) scope
21:42:41.109 [Thread-0] ERROR de.fraunhofer.aisec.cpg.ScopeManager - /sb/VotacaoCondominio_F.sol:3431:20: Could not find the scope string needed to resolve the call string.toShortStringWithFallback. Falling back to the default (current) scope
21:42:41.123 [Thread-0] ERROR de.fraunhofer.aisec.cpg.ScopeManager - /sb/VotacaoCondominio_F.sol:3654:33: Could not find the scope UNKNOWN needed to resolve the call UNKNOWN.sqrt. Falling back to the default (current) scope
21:42:41.128 [Thread-0] ERROR de.fraunhofer.aisec.cpg.ScopeManager - /sb/VotacaoCondominio_F.sol:3728:17: Could not find the scope Checkpoint224 needed to resolve the call Checkpoint224.push. Falling back to the default (current) scope
21:42:41.129 [Thread-0] ERROR de.fraunhofer.aisec.cpg.ScopeManager - /sb/VotacaoCondominio_F.sol:3732:13: Could not find the scope Checkpoint224 needed to resolve the call Checkpoint224.push. Falling back to the default (current) scope
21:42:41.129 [Thread-0] ERROR de.fraunhofer.aisec.cpg.ScopeManager - /sb/VotacaoCondominio_F.sol:3751:27: Could not find the scope UNKNOWN needed to resolve the call UNKNOWN.average. Falling back to the default (current) scope
21:42:41.130 [Thread-0] ERROR de.fraunhofer.aisec.cpg.ScopeManager - /sb/VotacaoCondominio_F.sol:3775:27: Could not find the scope UNKNOWN needed to resolve the call UNKNOWN.average. Falling back to the default (current) scope
21:42:41.139 [Thread-0] ERROR de.fraunhofer.aisec.cpg.ScopeManager - /sb/VotacaoCondominio_F.sol:3857:33: Could not find the scope UNKNOWN needed to resolve the call UNKNOWN.sqrt. Falling back to the default (current) scope
21:42:41.200 [Thread-0] ERROR de.fraunhofer.aisec.cpg.ScopeManager - /sb/VotacaoCondominio_F.sol:3931:17: Could not find the scope Checkpoint208 needed to resolve the call Checkpoint208.push. Falling back to the default (current) scope
21:42:41.201 [Thread-0] ERROR de.fraunhofer.aisec.cpg.ScopeManager - /sb/VotacaoCondominio_F.sol:3935:13: Could not find the scope Checkpoint208 needed to resolve the call Checkpoint208.push. Falling back to the default (current) scope
21:42:41.201 [Thread-0] ERROR de.fraunhofer.aisec.cpg.ScopeManager - /sb/VotacaoCondominio_F.sol:3954:27: Could not find the scope UNKNOWN needed to resolve the call UNKNOWN.average. Falling back to the default (current) scope
21:42:41.203 [Thread-0] ERROR de.fraunhofer.aisec.cpg.ScopeManager - /sb/VotacaoCondominio_F.sol:3978:27: Could not find the scope UNKNOWN needed to resolve the call UNKNOWN.average. Falling back to the default (current) scope
21:42:41.214 [Thread-0] ERROR de.fraunhofer.aisec.cpg.ScopeManager - /sb/VotacaoCondominio_F.sol:4060:33: Could not find the scope UNKNOWN needed to resolve the call UNKNOWN.sqrt. Falling back to the default (current) scope
21:42:41.218 [Thread-0] ERROR de.fraunhofer.aisec.cpg.ScopeManager - /sb/VotacaoCondominio_F.sol:4134:17: Could not find the scope Checkpoint160 needed to resolve the call Checkpoint160.push. Falling back to the default (current) scope
21:42:41.219 [Thread-0] ERROR de.fraunhofer.aisec.cpg.ScopeManager - /sb/VotacaoCondominio_F.sol:4138:13: Could not find the scope Checkpoint160 needed to resolve the call Checkpoint160.push. Falling back to the default (current) scope
21:42:41.220 [Thread-0] ERROR de.fraunhofer.aisec.cpg.ScopeManager - /sb/VotacaoCondominio_F.sol:4157:27: Could not find the scope UNKNOWN needed to resolve the call UNKNOWN.average. Falling back to the default (current) scope
21:42:41.221 [Thread-0] ERROR de.fraunhofer.aisec.cpg.ScopeManager - /sb/VotacaoCondominio_F.sol:4181:27: Could not find the scope UNKNOWN needed to resolve the call UNKNOWN.average. Falling back to the default (current) scope
21:42:41.222 [Thread-0] ERROR de.fraunhofer.aisec.cpg.ScopeManager - /sb/VotacaoCondominio_F.sol:4232:16: Could not find the scope UNKNOWN needed to resolve the call UNKNOWN.toUint48. Falling back to the default (current) scope
21:42:41.223 [Thread-0] ERROR de.fraunhofer.aisec.cpg.ScopeManager - /sb/VotacaoCondominio_F.sol:4239:16: Could not find the scope UNKNOWN needed to resolve the call UNKNOWN.toUint48. Falling back to the default (current) scope
21:42:41.223 [Thread-0] ERROR de.fraunhofer.aisec.cpg.ScopeManager - /sb/VotacaoCondominio_F.sol:4272:16: Could not find the scope UNKNOWN needed to resolve the call UNKNOWN.wrap. Falling back to the default (current) scope
21:42:41.224 [Thread-0] ERROR de.fraunhofer.aisec.cpg.ScopeManager - /sb/VotacaoCondominio_F.sol:4283:45: Could not find the scope Delay needed to resolve the call Delay.unpack. Falling back to the default (current) scope
21:42:41.225 [Thread-0] ERROR de.fraunhofer.aisec.cpg.ScopeManager - /sb/VotacaoCondominio_F.sol:4299:30: Could not find the scope Delay needed to resolve the call Delay.getFull. Falling back to the default (current) scope
21:42:41.225 [Thread-0] ERROR de.fraunhofer.aisec.cpg.ScopeManager - /sb/VotacaoCondominio_F.sol:4313:24: Could not find the scope Delay needed to resolve the call Delay.get. Falling back to the default (current) scope
21:42:41.225 [Thread-0] ERROR de.fraunhofer.aisec.cpg.ScopeManager - /sb/VotacaoCondominio_F.sol:4314:33: Could not find the scope UNKNOWN needed to resolve the call UNKNOWN.max. Falling back to the default (current) scope
21:42:41.226 [Thread-0] ERROR de.fraunhofer.aisec.cpg.ScopeManager - /sb/VotacaoCondominio_F.sol:4323:23: Could not find the scope UNKNOWN needed to resolve the call UNKNOWN.unwrap. Falling back to the default (current) scope
21:42:41.226 [Thread-0] ERROR de.fraunhofer.aisec.cpg.ScopeManager - /sb/VotacaoCondominio_F.sol:4336:16: Could not find the scope UNKNOWN needed to resolve the call UNKNOWN.wrap. Falling back to the default (current) scope
21:42:41.227 [Thread-0] ERROR de.fraunhofer.aisec.cpg.ScopeManager - /sb/VotacaoCondominio_F.sol:4399:16: Could not find the scope UNKNOWN needed to resolve the call UNKNOWN.blockNumber. Falling back to the default (current) scope
21:42:41.227 [Thread-0] ERROR de.fraunhofer.aisec.cpg.ScopeManager - /sb/VotacaoCondominio_F.sol:4408:24: Could not find the scope UNKNOWN needed to resolve the call UNKNOWN.blockNumber. Falling back to the default (current) scope
21:42:41.228 [Thread-0] ERROR de.fraunhofer.aisec.cpg.ScopeManager - /sb/VotacaoCondominio_F.sol:4420:16: Could not find the scope UNKNOWN needed to resolve the call UNKNOWN.toUint48. Falling back to the default (current) scope
21:42:41.228 [Thread-0] ERROR de.fraunhofer.aisec.cpg.ScopeManager - /sb/VotacaoCondominio_F.sol:4427:16: Could not find the scope UNKNOWN needed to resolve the call UNKNOWN.latest. Falling back to the default (current) scope
21:42:41.229 [Thread-0] ERROR de.fraunhofer.aisec.cpg.ScopeManager - /sb/VotacaoCondominio_F.sol:4439:16: Could not find the scope UNKNOWN needed to resolve the call UNKNOWN.upperLookupRecent. Falling back to the default (current) scope
21:42:41.230 [Thread-0] ERROR de.fraunhofer.aisec.cpg.ScopeManager - /sb/VotacaoCondominio_F.sol:4495:40: Could not find the scope UNKNOWN needed to resolve the call UNKNOWN.encode. Falling back to the default (current) scope
21:42:41.231 [Thread-0] ERROR de.fraunhofer.aisec.cpg.ScopeManager - /sb/VotacaoCondominio_F.sol:4494:26: Could not find the scope UNKNOWN needed to resolve the call UNKNOWN.recover. Falling back to the default (current) scope
21:42:41.231 [Thread-0] ERROR de.fraunhofer.aisec.cpg.ScopeManager - /sb/VotacaoCondominio_F.sol:4495:40: Could not find the scope UNKNOWN needed to resolve the call UNKNOWN.encode. Falling back to the default (current) scope
21:42:41.232 [Thread-0] ERROR de.fraunhofer.aisec.cpg.ScopeManager - /sb/VotacaoCondominio_F.sol:4495:40: Could not find the scope UNKNOWN needed to resolve the call UNKNOWN.encode. Falling back to the default (current) scope
21:42:41.232 [Thread-0] ERROR de.fraunhofer.aisec.cpg.ScopeManager - /sb/VotacaoCondominio_F.sol:4495:40: Could not find the scope UNKNOWN needed to resolve the call UNKNOWN.encode. Falling back to the default (current) scope
21:42:41.234 [Thread-0] ERROR de.fraunhofer.aisec.cpg.ScopeManager - /sb/VotacaoCondominio_F.sol:4523:44: Could not find the scope UNKNOWN needed to resolve the call UNKNOWN.toUint208. Falling back to the default (current) scope
21:42:41.235 [Thread-0] ERROR de.fraunhofer.aisec.cpg.ScopeManager - /sb/VotacaoCondominio_F.sol:4523:44: Could not find the scope UNKNOWN needed to resolve the call UNKNOWN.toUint208. Falling back to the default (current) scope
21:42:41.235 [Thread-0] ERROR de.fraunhofer.aisec.cpg.ScopeManager - /sb/VotacaoCondominio_F.sol:4526:49: Could not find the scope UNKNOWN needed to resolve the call UNKNOWN.toUint208. Falling back to the default (current) scope
21:42:41.235 [Thread-0] ERROR de.fraunhofer.aisec.cpg.ScopeManager - /sb/VotacaoCondominio_F.sol:4526:49: Could not find the scope UNKNOWN needed to resolve the call UNKNOWN.toUint208. Falling back to the default (current) scope
21:42:41.236 [Thread-0] ERROR de.fraunhofer.aisec.cpg.ScopeManager - /sb/VotacaoCondominio_F.sol:4540:21: Could not find the scope UNKNOWN needed to resolve the call UNKNOWN.toUint208. Falling back to the default (current) scope
21:42:41.237 [Thread-0] ERROR de.fraunhofer.aisec.cpg.ScopeManager - /sb/VotacaoCondominio_F.sol:4540:21: Could not find the scope UNKNOWN needed to resolve the call UNKNOWN.toUint208. Falling back to the default (current) scope
21:42:41.238 [Thread-0] ERROR de.fraunhofer.aisec.cpg.ScopeManager - /sb/VotacaoCondominio_F.sol:4540:21: Could not find the scope UNKNOWN needed to resolve the call UNKNOWN.toUint208. Falling back to the default (current) scope
21:42:41.238 [Thread-0] ERROR de.fraunhofer.aisec.cpg.ScopeManager - /sb/VotacaoCondominio_F.sol:4548:21: Could not find the scope UNKNOWN needed to resolve the call UNKNOWN.toUint208. Falling back to the default (current) scope
21:42:41.239 [Thread-0] ERROR de.fraunhofer.aisec.cpg.ScopeManager - /sb/VotacaoCondominio_F.sol:4548:21: Could not find the scope UNKNOWN needed to resolve the call UNKNOWN.toUint208. Falling back to the default (current) scope
21:42:41.239 [Thread-0] ERROR de.fraunhofer.aisec.cpg.ScopeManager - /sb/VotacaoCondominio_F.sol:4548:21: Could not find the scope UNKNOWN needed to resolve the call UNKNOWN.toUint208. Falling back to the default (current) scope
21:42:41.239 [Thread-0] ERROR de.fraunhofer.aisec.cpg.ScopeManager - /sb/VotacaoCondominio_F.sol:4559:34: Could not find the scope UNKNOWN needed to resolve the call UNKNOWN.length. Falling back to the default (current) scope
21:42:41.240 [Thread-0] ERROR de.fraunhofer.aisec.cpg.ScopeManager - /sb/VotacaoCondominio_F.sol:4559:16: Could not find the scope UNKNOWN needed to resolve the call UNKNOWN.toUint32. Falling back to the default (current) scope
21:42:41.240 [Thread-0] ERROR de.fraunhofer.aisec.cpg.ScopeManager - /sb/VotacaoCondominio_F.sol:4559:34: Could not find the scope UNKNOWN needed to resolve the call UNKNOWN.length. Falling back to the default (current) scope
21:42:41.240 [Thread-0] ERROR de.fraunhofer.aisec.cpg.ScopeManager - /sb/VotacaoCondominio_F.sol:4569:16: Could not find the scope UNKNOWN needed to resolve the call UNKNOWN.at. Falling back to the default (current) scope
21:42:41.301 [Thread-0] ERROR de.fraunhofer.aisec.cpg.ScopeManager - /sb/VotacaoCondominio_F.sol:5326:40: Could not find the scope UNKNOWN needed to resolve the call UNKNOWN.encode. Falling back to the default (current) scope
21:42:41.302 [Thread-0] ERROR de.fraunhofer.aisec.cpg.ScopeManager - /sb/VotacaoCondominio_F.sol:5326:40: Could not find the scope UNKNOWN needed to resolve the call UNKNOWN.encode. Falling back to the default (current) scope
21:42:41.303 [Thread-0] ERROR de.fraunhofer.aisec.cpg.ScopeManager - /sb/VotacaoCondominio_F.sol:5330:26: Could not find the scope UNKNOWN needed to resolve the call UNKNOWN.recover. Falling back to the default (current) scope
21:42:41.303 [Thread-0] ERROR de.fraunhofer.aisec.cpg.ScopeManager - /sb/VotacaoCondominio_F.sol:5340:16: Could not find the scope UNKNOWN needed to resolve the call UNKNOWN.nonces. Falling back to the default (current) scope
21:42:41.304 [Thread-0] ERROR de.fraunhofer.aisec.cpg.ScopeManager - /sb/VotacaoCondominio_F.sol:5399:9: Could not find the scope UNKNOWN needed to resolve the call UNKNOWN._update. Falling back to the default (current) scope
21:42:41.306 [Thread-0] ERROR de.fraunhofer.aisec.cpg.ScopeManager - /sb/VotacaoCondominio_F.sol:5489:9: Could not find the scope UNKNOWN needed to resolve the call UNKNOWN._update. Falling back to the default (current) scope
21:42:41.306 [Thread-0] ERROR de.fraunhofer.aisec.cpg.ScopeManager - /sb/VotacaoCondominio_F.sol:5498:16: Could not find the scope UNKNOWN needed to resolve the call UNKNOWN.nonces. Falling back to the default (current) scope
21:42:41.308 [Thread-0] ERROR de.fraunhofer.aisec.cpg.ScopeManager - /sb/VotacaoCondominio_F.sol:5520:23: Could not find the scope UNKNOWN needed to resolve the call UNKNOWN.encodePacked. Falling back to the default (current) scope
21:42:41.308 [Thread-0] ERROR de.fraunhofer.aisec.cpg.ScopeManager - /sb/VotacaoCondominio_F.sol:5520:23: Could not find the scope UNKNOWN needed to resolve the call UNKNOWN.encodePacked. Falling back to the default (current) scope
21:42:41.308 [Thread-0] ERROR de.fraunhofer.aisec.cpg.ScopeManager - /sb/VotacaoCondominio_F.sol:5520:76: Could not find the scope UNKNOWN needed to resolve the call UNKNOWN.encodePacked. Falling back to the default (current) scope
21:42:41.309 [Thread-0] ERROR de.fraunhofer.aisec.cpg.ScopeManager - /sb/VotacaoCondominio_F.sol:5520:76: Could not find the scope UNKNOWN needed to resolve the call UNKNOWN.encodePacked. Falling back to the default (current) scope
21:42:41.309 [Thread-0] ERROR de.fraunhofer.aisec.cpg.ScopeManager - /sb/VotacaoCondominio_F.sol:5535:23: Could not find the scope UNKNOWN needed to resolve the call UNKNOWN.encodePacked. Falling back to the default (current) scope
21:42:41.310 [Thread-0] ERROR de.fraunhofer.aisec.cpg.ScopeManager - /sb/VotacaoCondominio_F.sol:5535:23: Could not find the scope UNKNOWN needed to resolve the call UNKNOWN.encodePacked. Falling back to the default (current) scope
21:42:41.310 [Thread-0] ERROR de.fraunhofer.aisec.cpg.ScopeManager - /sb/VotacaoCondominio_F.sol:5535:76: Could not find the scope UNKNOWN needed to resolve the call UNKNOWN.encodePacked. Falling back to the default (current) scope
21:42:41.310 [Thread-0] ERROR de.fraunhofer.aisec.cpg.ScopeManager - /sb/VotacaoCondominio_F.sol:5535:76: Could not find the scope UNKNOWN needed to resolve the call UNKNOWN.encodePacked. Falling back to the default (current) scope
21:42:41.311 [Thread-0] ERROR de.fraunhofer.aisec.cpg.ScopeManager - /sb/VotacaoCondominio_F.sol:5545:23: Could not find the scope UNKNOWN needed to resolve the call UNKNOWN.encodePacked. Falling back to the default (current) scope
21:42:41.311 [Thread-0] ERROR de.fraunhofer.aisec.cpg.ScopeManager - /sb/VotacaoCondominio_F.sol:5545:23: Could not find the scope UNKNOWN needed to resolve the call UNKNOWN.encodePacked. Falling back to the default (current) scope
21:42:41.311 [Thread-0] ERROR de.fraunhofer.aisec.cpg.ScopeManager - /sb/VotacaoCondominio_F.sol:5545:76: Could not find the scope UNKNOWN needed to resolve the call UNKNOWN.encodePacked. Falling back to the default (current) scope
21:42:41.312 [Thread-0] ERROR de.fraunhofer.aisec.cpg.ScopeManager - /sb/VotacaoCondominio_F.sol:5545:76: Could not find the scope UNKNOWN needed to resolve the call UNKNOWN.encodePacked. Falling back to the default (current) scope
21:42:41.313 [Thread-0] ERROR de.fraunhofer.aisec.cpg.ScopeManager - /sb/VotacaoCondominio_F.sol:5555:27: Could not find the scope UNKNOWN needed to resolve the call UNKNOWN.encodePacked. Falling back to the default (current) scope
21:42:41.313 [Thread-0] ERROR de.fraunhofer.aisec.cpg.ScopeManager - /sb/VotacaoCondominio_F.sol:5555:27: Could not find the scope UNKNOWN needed to resolve the call UNKNOWN.encodePacked. Falling back to the default (current) scope
21:42:41.313 [Thread-0] ERROR de.fraunhofer.aisec.cpg.ScopeManager - /sb/VotacaoCondominio_F.sol:5555:80: Could not find the scope UNKNOWN needed to resolve the call UNKNOWN.encodePacked. Falling back to the default (current) scope
21:42:41.314 [Thread-0] ERROR de.fraunhofer.aisec.cpg.ScopeManager - /sb/VotacaoCondominio_F.sol:5555:80: Could not find the scope UNKNOWN needed to resolve the call UNKNOWN.encodePacked. Falling back to the default (current) scope
21:42:41.315 [Thread-0] ERROR de.fraunhofer.aisec.cpg.ScopeManager - /sb/VotacaoCondominio_F.sol:5588:27: Could not find the scope UNKNOWN needed to resolve the call UNKNOWN.encodePacked. Falling back to the default (current) scope
21:42:41.316 [Thread-0] ERROR de.fraunhofer.aisec.cpg.ScopeManager - /sb/VotacaoCondominio_F.sol:5588:27: Could not find the scope UNKNOWN needed to resolve the call UNKNOWN.encodePacked. Falling back to the default (current) scope
21:42:41.316 [Thread-0] ERROR de.fraunhofer.aisec.cpg.ScopeManager - /sb/VotacaoCondominio_F.sol:5588:80: Could not find the scope UNKNOWN needed to resolve the call UNKNOWN.encodePacked. Falling back to the default (current) scope
21:42:41.316 [Thread-0] ERROR de.fraunhofer.aisec.cpg.ScopeManager - /sb/VotacaoCondominio_F.sol:5588:80: Could not find the scope UNKNOWN needed to resolve the call UNKNOWN.encodePacked. Falling back to the default (current) scope
Running checks
AccessControlSelfdestructCheck took 1245 ms
CallReturnCheck took 702 ms
AccessControlLogicCheck took 5825 ms
ReentrancyCheck took 2090 ms
DefaultProxyDelegateCheck took 678 ms
TXOriginCheck took 230 ms
File: /sb/VotacaoCondominio_F.sol
- Miners can manipulate program execution by selecting when to include the timestamp, VotacaoCondominio_F.sol 5322:13-5322:28
File: /sb/VotacaoCondominio_F.sol
- Miners can manipulate program execution by selecting when to include the timestamp, VotacaoCondominio_F.sol 4232:34-4232:49
File: /sb/VotacaoCondominio_F.sol
- Miners can manipulate program execution by selecting when to include the timestamp, VotacaoCondominio_F.sol 5478:23-5478:38
File: /sb/VotacaoCondominio_F.sol
- Miners can manipulate program execution by selecting when to include the timestamp, VotacaoCondominio_F.sol 4491:13-4491:28
TimeManipulationCheck took 472 ms
LocalWriteToStorageCheck took 11816 ms
BadRandomnessCheck took 482 ms
