Directories in use:
home:         /var/lib/neo4j
config:       /etc/neo4j
logs:         /var/log/neo4j
plugins:      /var/lib/neo4j/plugins
import:       /var/lib/neo4j/import
data:         /var/lib/neo4j/data
certificates: /var/lib/neo4j/certificates
licenses:     /var/lib/neo4j/licenses
run:          /var/lib/neo4j/run
Starting Neo4j.
Started neo4j (pid:29). It is available at http://localhost:7474
There may be a short delay until the server is ready.
/sb/SupplyChain_F.sol
21:37:49.227 [Thread-0] ERROR de.fraunhofer.aisec.cpg.frontends.Handler - /sb/SupplyChain_F.sol:10:1: Parsing of type class SolidityParser$PragmaDirectiveContext is not supported (yet)
21:37:49.231 [Thread-0] ERROR de.fraunhofer.aisec.cpg.frontends.Handler - /sb/SupplyChain_F.sol:42:1: Parsing of type class SolidityParser$PragmaDirectiveContext is not supported (yet)
21:37:49.231 [Thread-0] ERROR de.fraunhofer.aisec.cpg.frontends.Handler - /sb/SupplyChain_F.sol:143:1: Parsing of type class SolidityParser$PragmaDirectiveContext is not supported (yet)
21:37:49.231 [Thread-0] ERROR de.fraunhofer.aisec.cpg.frontends.Handler - /sb/SupplyChain_F.sol:309:1: Parsing of type class SolidityParser$PragmaDirectiveContext is not supported (yet)
21:37:49.231 [Thread-0] ERROR de.fraunhofer.aisec.cpg.frontends.Handler - /sb/SupplyChain_F.sol:338:1: Parsing of type class SolidityParser$PragmaDirectiveContext is not supported (yet)
21:37:49.231 [Thread-0] ERROR de.fraunhofer.aisec.cpg.frontends.Handler - /sb/SupplyChain_F.sol:463:1: Parsing of type class SolidityParser$PragmaDirectiveContext is not supported (yet)
21:37:49.231 [Thread-0] ERROR de.fraunhofer.aisec.cpg.frontends.Handler - /sb/SupplyChain_F.sol:485:1: Parsing of type class SolidityParser$PragmaDirectiveContext is not supported (yet)
21:37:49.231 [Thread-0] ERROR de.fraunhofer.aisec.cpg.frontends.Handler - /sb/SupplyChain_F.sol:546:1: Parsing of type class SolidityParser$PragmaDirectiveContext is not supported (yet)
21:37:49.231 [Thread-0] ERROR de.fraunhofer.aisec.cpg.frontends.Handler - /sb/SupplyChain_F.sol:636:1: Parsing of type class SolidityParser$PragmaDirectiveContext is not supported (yet)
21:37:49.231 [Thread-0] ERROR de.fraunhofer.aisec.cpg.frontends.Handler - /sb/SupplyChain_F.sol:660:1: Parsing of type class SolidityParser$PragmaDirectiveContext is not supported (yet)
21:37:49.232 [Thread-0] ERROR de.fraunhofer.aisec.cpg.frontends.Handler - /sb/SupplyChain_F.sol:1825:1: Parsing of type class SolidityParser$PragmaDirectiveContext is not supported (yet)
21:37:49.232 [Thread-0] ERROR de.fraunhofer.aisec.cpg.frontends.Handler - /sb/SupplyChain_F.sol:1886:1: Parsing of type class SolidityParser$PragmaDirectiveContext is not supported (yet)
21:37:49.232 [Thread-0] ERROR de.fraunhofer.aisec.cpg.frontends.Handler - /sb/SupplyChain_F.sol:2638:1: Parsing of type class SolidityParser$PragmaDirectiveContext is not supported (yet)
21:37:49.232 [Thread-0] ERROR de.fraunhofer.aisec.cpg.frontends.Handler - /sb/SupplyChain_F.sol:2797:1: Parsing of type class SolidityParser$PragmaDirectiveContext is not supported (yet)
21:37:49.232 [Thread-0] ERROR de.fraunhofer.aisec.cpg.frontends.Handler - /sb/SupplyChain_F.sol:2944:1: Parsing of type class SolidityParser$PragmaDirectiveContext is not supported (yet)
21:37:49.232 [Thread-0] ERROR de.fraunhofer.aisec.cpg.frontends.Handler - /sb/SupplyChain_F.sol:3497:1: Parsing of type class SolidityParser$PragmaDirectiveContext is not supported (yet)
21:37:49.232 [Thread-0] ERROR de.fraunhofer.aisec.cpg.frontends.Handler - /sb/SupplyChain_F.sol:3524:1: Parsing of type class SolidityParser$PragmaDirectiveContext is not supported (yet)
21:37:49.232 [Thread-0] ERROR de.fraunhofer.aisec.cpg.frontends.Handler - /sb/SupplyChain_F.sol:3915:1: Parsing of type class SolidityParser$PragmaDirectiveContext is not supported (yet)
21:37:49.232 [Thread-0] ERROR de.fraunhofer.aisec.cpg.frontends.Handler - /sb/SupplyChain_F.sol:3943:1: Parsing of type class SolidityParser$PragmaDirectiveContext is not supported (yet)
21:37:51.325 [Thread-0] ERROR de.fraunhofer.aisec.cpg.ScopeManager - /sb/SupplyChain_F.sol:1935:26: Could not find the scope UNKNOWN needed to resolve the call UNKNOWN.toUint. Falling back to the default (current) scope
21:37:51.326 [Thread-0] ERROR de.fraunhofer.aisec.cpg.ScopeManager - /sb/SupplyChain_F.sol:1946:26: Could not find the scope UNKNOWN needed to resolve the call UNKNOWN.toUint. Falling back to the default (current) scope
21:37:51.326 [Thread-0] ERROR de.fraunhofer.aisec.cpg.ScopeManager - /sb/SupplyChain_F.sol:1962:26: Could not find the scope UNKNOWN needed to resolve the call UNKNOWN.toUint. Falling back to the default (current) scope
21:37:51.329 [Thread-0] ERROR de.fraunhofer.aisec.cpg.ScopeManager - /sb/SupplyChain_F.sol:2028:35: Could not find the scope UNKNOWN needed to resolve the call UNKNOWN.toUint. Falling back to the default (current) scope
21:37:51.330 [Thread-0] ERROR de.fraunhofer.aisec.cpg.ScopeManager - /sb/SupplyChain_F.sol:2064:13: Could not find the scope UNKNOWN needed to resolve the call UNKNOWN.panic. Falling back to the default (current) scope
21:37:51.331 [Thread-0] ERROR de.fraunhofer.aisec.cpg.ScopeManager - /sb/SupplyChain_F.sol:2073:20: Could not find the scope UNKNOWN needed to resolve the call UNKNOWN.toUint. Falling back to the default (current) scope
21:37:51.332 [Thread-0] ERROR de.fraunhofer.aisec.cpg.ScopeManager - /sb/SupplyChain_F.sol:2098:17: Could not find the scope UNKNOWN needed to resolve the call UNKNOWN.panic. Falling back to the default (current) scope
21:37:51.333 [Thread-0] ERROR de.fraunhofer.aisec.cpg.ScopeManager - /sb/SupplyChain_F.sol:2161:44: Could not find the scope UNKNOWN needed to resolve the call UNKNOWN.toUint. Falling back to the default (current) scope
21:37:51.334 [Thread-0] ERROR de.fraunhofer.aisec.cpg.ScopeManager - /sb/SupplyChain_F.sol:2171:17: Could not find the scope UNKNOWN needed to resolve the call UNKNOWN.panic. Falling back to the default (current) scope
21:37:51.336 [Thread-0] ERROR de.fraunhofer.aisec.cpg.ScopeManager - /sb/SupplyChain_F.sol:2181:34: Could not find the scope UNKNOWN needed to resolve the call UNKNOWN.toUint. Falling back to the default (current) scope
21:37:51.337 [Thread-0] ERROR de.fraunhofer.aisec.cpg.ScopeManager - /sb/SupplyChain_F.sol:2254:20: Could not find the scope UNKNOWN needed to resolve the call UNKNOWN.modExp. Falling back to the default (current) scope
21:37:51.338 [Thread-0] ERROR de.fraunhofer.aisec.cpg.ScopeManager - /sb/SupplyChain_F.sol:2274:13: Could not find the scope UNKNOWN needed to resolve the call UNKNOWN.panic. Falling back to the default (current) scope
21:37:51.339 [Thread-0] ERROR de.fraunhofer.aisec.cpg.ScopeManager - /sb/SupplyChain_F.sol:2321:13: Could not find the scope UNKNOWN needed to resolve the call UNKNOWN.panic. Falling back to the default (current) scope
21:37:51.340 [Thread-0] ERROR de.fraunhofer.aisec.cpg.ScopeManager - /sb/SupplyChain_F.sol:2339:18: Could not find the scope UNKNOWN needed to resolve the call UNKNOWN.encodePacked. Falling back to the default (current) scope
21:37:51.341 [Thread-0] ERROR de.fraunhofer.aisec.cpg.ScopeManager - /sb/SupplyChain_F.sol:2474:25: Could not find the scope UNKNOWN needed to resolve the call UNKNOWN.toUint. Falling back to the default (current) scope
21:37:51.342 [Thread-0] ERROR de.fraunhofer.aisec.cpg.ScopeManager - /sb/SupplyChain_F.sol:2484:29: Could not find the scope UNKNOWN needed to resolve the call UNKNOWN.toUint. Falling back to the default (current) scope
21:37:51.342 [Thread-0] ERROR de.fraunhofer.aisec.cpg.ScopeManager - /sb/SupplyChain_F.sol:2494:13: Could not find the scope UNKNOWN needed to resolve the call UNKNOWN.toUint. Falling back to the default (current) scope
21:37:51.343 [Thread-0] ERROR de.fraunhofer.aisec.cpg.ScopeManager - /sb/SupplyChain_F.sol:2496:14: Could not find the scope UNKNOWN needed to resolve the call UNKNOWN.toUint. Falling back to the default (current) scope
21:37:51.343 [Thread-0] ERROR de.fraunhofer.aisec.cpg.ScopeManager - /sb/SupplyChain_F.sol:2498:14: Could not find the scope UNKNOWN needed to resolve the call UNKNOWN.toUint. Falling back to the default (current) scope
21:37:51.344 [Thread-0] ERROR de.fraunhofer.aisec.cpg.ScopeManager - /sb/SupplyChain_F.sol:2500:14: Could not find the scope UNKNOWN needed to resolve the call UNKNOWN.toUint. Falling back to the default (current) scope
21:37:51.344 [Thread-0] ERROR de.fraunhofer.aisec.cpg.ScopeManager - /sb/SupplyChain_F.sol:2502:14: Could not find the scope UNKNOWN needed to resolve the call UNKNOWN.toUint. Falling back to the default (current) scope
21:37:51.345 [Thread-0] ERROR de.fraunhofer.aisec.cpg.ScopeManager - /sb/SupplyChain_F.sol:2504:14: Could not find the scope UNKNOWN needed to resolve the call UNKNOWN.toUint. Falling back to the default (current) scope
21:37:51.345 [Thread-0] ERROR de.fraunhofer.aisec.cpg.ScopeManager - /sb/SupplyChain_F.sol:2540:29: Could not find the scope UNKNOWN needed to resolve the call UNKNOWN.toUint. Falling back to the default (current) scope
21:37:51.347 [Thread-0] ERROR de.fraunhofer.aisec.cpg.ScopeManager - /sb/SupplyChain_F.sol:2589:29: Could not find the scope UNKNOWN needed to resolve the call UNKNOWN.toUint. Falling back to the default (current) scope
21:37:51.348 [Thread-0] ERROR de.fraunhofer.aisec.cpg.ScopeManager - /sb/SupplyChain_F.sol:2601:13: Could not find the scope UNKNOWN needed to resolve the call UNKNOWN.toUint. Falling back to the default (current) scope
21:37:51.349 [Thread-0] ERROR de.fraunhofer.aisec.cpg.ScopeManager - /sb/SupplyChain_F.sol:2603:14: Could not find the scope UNKNOWN needed to resolve the call UNKNOWN.toUint. Falling back to the default (current) scope
21:37:51.349 [Thread-0] ERROR de.fraunhofer.aisec.cpg.ScopeManager - /sb/SupplyChain_F.sol:2605:14: Could not find the scope UNKNOWN needed to resolve the call UNKNOWN.toUint. Falling back to the default (current) scope
21:37:51.350 [Thread-0] ERROR de.fraunhofer.aisec.cpg.ScopeManager - /sb/SupplyChain_F.sol:2607:14: Could not find the scope UNKNOWN needed to resolve the call UNKNOWN.toUint. Falling back to the default (current) scope
21:37:51.350 [Thread-0] ERROR de.fraunhofer.aisec.cpg.ScopeManager - /sb/SupplyChain_F.sol:2609:27: Could not find the scope UNKNOWN needed to resolve the call UNKNOWN.toUint. Falling back to the default (current) scope
21:37:51.351 [Thread-0] ERROR de.fraunhofer.aisec.cpg.ScopeManager - /sb/SupplyChain_F.sol:2619:29: Could not find the scope UNKNOWN needed to resolve the call UNKNOWN.toUint. Falling back to the default (current) scope
21:37:51.436 [Thread-0] ERROR de.fraunhofer.aisec.cpg.ScopeManager - /sb/SupplyChain_F.sol:3170:27: Could not find the scope UNKNOWN needed to resolve the call UNKNOWN.average. Falling back to the default (current) scope
21:37:51.442 [Thread-0] ERROR de.fraunhofer.aisec.cpg.ScopeManager - /sb/SupplyChain_F.sol:3206:27: Could not find the scope UNKNOWN needed to resolve the call UNKNOWN.average. Falling back to the default (current) scope
21:37:51.445 [Thread-0] ERROR de.fraunhofer.aisec.cpg.ScopeManager - /sb/SupplyChain_F.sol:3240:27: Could not find the scope UNKNOWN needed to resolve the call UNKNOWN.average. Falling back to the default (current) scope
21:37:51.447 [Thread-0] ERROR de.fraunhofer.aisec.cpg.ScopeManager - /sb/SupplyChain_F.sol:3269:27: Could not find the scope UNKNOWN needed to resolve the call UNKNOWN.average. Falling back to the default (current) scope
21:37:51.449 [Thread-0] ERROR de.fraunhofer.aisec.cpg.ScopeManager - /sb/SupplyChain_F.sol:3298:27: Could not find the scope UNKNOWN needed to resolve the call UNKNOWN.average. Falling back to the default (current) scope
21:37:51.452 [Thread-0] ERROR de.fraunhofer.aisec.cpg.ScopeManager - /sb/SupplyChain_F.sol:3325:16: Could not find the scope UNKNOWN needed to resolve the call UNKNOWN.getAddressSlot. Falling back to the default (current) scope
21:37:51.453 [Thread-0] ERROR de.fraunhofer.aisec.cpg.ScopeManager - /sb/SupplyChain_F.sol:3325:16: Could not find the scope UNKNOWN needed to resolve the call UNKNOWN.offset. Falling back to the default (current) scope
21:37:51.453 [Thread-0] ERROR de.fraunhofer.aisec.cpg.ScopeManager - /sb/SupplyChain_F.sol:3325:16: Could not find the scope bytes32 needed to resolve the call bytes32.deriveArray. Falling back to the default (current) scope
21:37:51.454 [Thread-0] ERROR de.fraunhofer.aisec.cpg.ScopeManager - /sb/SupplyChain_F.sol:3338:16: Could not find the scope UNKNOWN needed to resolve the call UNKNOWN.getBytes32Slot. Falling back to the default (current) scope
21:37:51.455 [Thread-0] ERROR de.fraunhofer.aisec.cpg.ScopeManager - /sb/SupplyChain_F.sol:3338:16: Could not find the scope UNKNOWN needed to resolve the call UNKNOWN.offset. Falling back to the default (current) scope
21:37:51.455 [Thread-0] ERROR de.fraunhofer.aisec.cpg.ScopeManager - /sb/SupplyChain_F.sol:3338:16: Could not find the scope bytes32 needed to resolve the call bytes32.deriveArray. Falling back to the default (current) scope
21:37:51.456 [Thread-0] ERROR de.fraunhofer.aisec.cpg.ScopeManager - /sb/SupplyChain_F.sol:3351:16: Could not find the scope UNKNOWN needed to resolve the call UNKNOWN.getUint256Slot. Falling back to the default (current) scope
21:37:51.457 [Thread-0] ERROR de.fraunhofer.aisec.cpg.ScopeManager - /sb/SupplyChain_F.sol:3351:16: Could not find the scope UNKNOWN needed to resolve the call UNKNOWN.offset. Falling back to the default (current) scope
21:37:51.457 [Thread-0] ERROR de.fraunhofer.aisec.cpg.ScopeManager - /sb/SupplyChain_F.sol:3351:16: Could not find the scope bytes32 needed to resolve the call bytes32.deriveArray. Falling back to the default (current) scope
21:37:51.458 [Thread-0] ERROR de.fraunhofer.aisec.cpg.ScopeManager - /sb/SupplyChain_F.sol:3364:16: Could not find the scope UNKNOWN needed to resolve the call UNKNOWN.getBytesSlot. Falling back to the default (current) scope
21:37:51.459 [Thread-0] ERROR de.fraunhofer.aisec.cpg.ScopeManager - /sb/SupplyChain_F.sol:3364:16: Could not find the scope UNKNOWN needed to resolve the call UNKNOWN.offset. Falling back to the default (current) scope
21:37:51.459 [Thread-0] ERROR de.fraunhofer.aisec.cpg.ScopeManager - /sb/SupplyChain_F.sol:3364:16: Could not find the scope bytes32 needed to resolve the call bytes32.deriveArray. Falling back to the default (current) scope
21:37:51.460 [Thread-0] ERROR de.fraunhofer.aisec.cpg.ScopeManager - /sb/SupplyChain_F.sol:3377:16: Could not find the scope UNKNOWN needed to resolve the call UNKNOWN.getStringSlot. Falling back to the default (current) scope
21:37:51.460 [Thread-0] ERROR de.fraunhofer.aisec.cpg.ScopeManager - /sb/SupplyChain_F.sol:3377:16: Could not find the scope UNKNOWN needed to resolve the call UNKNOWN.offset. Falling back to the default (current) scope
21:37:51.461 [Thread-0] ERROR de.fraunhofer.aisec.cpg.ScopeManager - /sb/SupplyChain_F.sol:3377:16: Could not find the scope bytes32 needed to resolve the call bytes32.deriveArray. Falling back to the default (current) scope
21:37:51.462 [Thread-0] ERROR de.fraunhofer.aisec.cpg.ScopeManager - /sb/SupplyChain_F.sol:3560:13: Could not find the scope UNKNOWN needed to resolve the call UNKNOWN.supportsInterface. Falling back to the default (current) scope
21:37:51.463 [Thread-0] ERROR de.fraunhofer.aisec.cpg.ScopeManager - /sb/SupplyChain_F.sol:3600:74: Could not find the scope uint256 needed to resolve the call uint256.unsafeMemoryAccess. Falling back to the default (current) scope
21:37:51.464 [Thread-0] ERROR de.fraunhofer.aisec.cpg.ScopeManager - /sb/SupplyChain_F.sol:3600:42: Could not find the scope address needed to resolve the call address.unsafeMemoryAccess. Falling back to the default (current) scope
21:37:51.521 [Thread-0] ERROR de.fraunhofer.aisec.cpg.ScopeManager - /sb/SupplyChain_F.sol:3600:42: Could not find the scope address needed to resolve the call address.unsafeMemoryAccess. Falling back to the default (current) scope
21:37:51.521 [Thread-0] ERROR de.fraunhofer.aisec.cpg.ScopeManager - /sb/SupplyChain_F.sol:3600:74: Could not find the scope uint256 needed to resolve the call uint256.unsafeMemoryAccess. Falling back to the default (current) scope
21:37:51.523 [Thread-0] ERROR de.fraunhofer.aisec.cpg.ScopeManager - /sb/SupplyChain_F.sol:3662:26: Could not find the scope uint256 needed to resolve the call uint256.unsafeMemoryAccess. Falling back to the default (current) scope
21:37:51.524 [Thread-0] ERROR de.fraunhofer.aisec.cpg.ScopeManager - /sb/SupplyChain_F.sol:3663:29: Could not find the scope uint256 needed to resolve the call uint256.unsafeMemoryAccess. Falling back to the default (current) scope
21:37:51.525 [Thread-0] ERROR de.fraunhofer.aisec.cpg.ScopeManager - /sb/SupplyChain_F.sol:3682:26: Could not find the scope uint256 needed to resolve the call uint256.unsafeMemoryAccess. Falling back to the default (current) scope
21:37:51.526 [Thread-0] ERROR de.fraunhofer.aisec.cpg.ScopeManager - /sb/SupplyChain_F.sol:3683:29: Could not find the scope uint256 needed to resolve the call uint256.unsafeMemoryAccess. Falling back to the default (current) scope
21:37:51.527 [Thread-0] ERROR de.fraunhofer.aisec.cpg.ScopeManager - /sb/SupplyChain_F.sol:3710:30: Could not find the scope uint256 needed to resolve the call uint256.unsafeMemoryAccess. Falling back to the default (current) scope
21:37:51.528 [Thread-0] ERROR de.fraunhofer.aisec.cpg.ScopeManager - /sb/SupplyChain_F.sol:3711:33: Could not find the scope uint256 needed to resolve the call uint256.unsafeMemoryAccess. Falling back to the default (current) scope
21:37:51.529 [Thread-0] ERROR de.fraunhofer.aisec.cpg.ScopeManager - /sb/SupplyChain_F.sol:3712:17: Could not find the scope UNKNOWN needed to resolve the call UNKNOWN.checkOnERC1155Received. Falling back to the default (current) scope
21:37:51.529 [Thread-0] ERROR de.fraunhofer.aisec.cpg.ScopeManager - /sb/SupplyChain_F.sol:3714:17: Could not find the scope UNKNOWN needed to resolve the call UNKNOWN.checkOnERC1155BatchReceived. Falling back to the default (current) scope
21:37:51.539 [Thread-0] ERROR de.fraunhofer.aisec.cpg.ScopeManager - /sb/SupplyChain_F.sol:4061:17: Could not find the scope UNKNOWN needed to resolve the call UNKNOWN.isAuthorizedHospital. Falling back to the default (current) scope
21:37:51.540 [Thread-0] ERROR de.fraunhofer.aisec.cpg.ScopeManager - /sb/SupplyChain_F.sol:4064:17: Could not find the scope UNKNOWN needed to resolve the call UNKNOWN.authorizeSale. Falling back to the default (current) scope
21:37:51.542 [Thread-0] ERROR de.fraunhofer.aisec.cpg.ScopeManager - /sb/SupplyChain_F.sol:4128:16: Could not find the scope UNKNOWN needed to resolve the call UNKNOWN._prescribe. Falling back to the default (current) scope
21:37:51.543 [Thread-0] ERROR de.fraunhofer.aisec.cpg.ScopeManager - /sb/SupplyChain_F.sol:4133:59: Could not find the scope UNKNOWN needed to resolve the call UNKNOWN._getPrescription. Falling back to the default (current) scope
21:37:51.544 [Thread-0] ERROR de.fraunhofer.aisec.cpg.ScopeManager - /sb/SupplyChain_F.sol:4145:59: Could not find the scope UNKNOWN needed to resolve the call UNKNOWN._getPrescription. Falling back to the default (current) scope
21:37:51.545 [Thread-0] ERROR de.fraunhofer.aisec.cpg.ScopeManager - /sb/SupplyChain_F.sol:4144:17: Could not find the scope UNKNOWN needed to resolve the call UNKNOWN.isAuthorizedManufacturer. Falling back to the default (current) scope
21:37:51.546 [Thread-0] ERROR de.fraunhofer.aisec.cpg.ScopeManager - /sb/SupplyChain_F.sol:4147:13: Could not find the scope UNKNOWN needed to resolve the call UNKNOWN.usePrescription. Falling back to the default (current) scope
Running checks
AccessControlSelfdestructCheck took 1371 ms
CallReturnCheck took 732 ms
