Extract contract Exchange from /sb/Wallet_F.sol
Extract contract Oracle from /sb/Wallet_F.sol
Extract contract Wallet from /sb/Wallet_F.sol
Extracted 3 contract(s) from /sb/Wallet_F.sol
[0;32m> Created "fuzzMe"[0m
[0;32m> To fuzz contracts:[0m
  chmod +x fuzzMe
  ./fuzzMe
Warning: This declaration shadows an existing declaration.
  --> contracts/Oracle.sol:11:5:
   |
11 |     struct Oracle {
   |     ^ (Relevant source part starts here and spans across multiple lines).
Note: The shadowed declaration is here:
  --> contracts/Oracle.sol:10:1:
   |
10 | contract Oracle {
   | ^ (Relevant source part starts here and spans across multiple lines).

Warning: This declaration shadows an existing declaration.
   --> contracts/Oracle.sol:141:5:
    |
141 |     event Exchange(address transactor, string targetCurrency, uint256 amount, uint256 exchangeRate, uint256 timestamp, string bridgeCall);
    |     ^^^^^^^^^^^^^^^^^^^^^^^^^^^^^^^^^^^^^^^^^^^^^^^^^^^^^^^^^^^^^^^^^^^^^^^^^^^^^^^^^^^^^^^^^^^^^^^^^^^^^^^^^^^^^^^^^^^^^^^^^^^^^^^^^^^^^^
Note: The shadowed declaration is here:
   --> contracts/Oracle.sol:135:1:
    |
135 | contract Exchange {
    | ^ (Relevant source part starts here and spans across multiple lines).

Warning: This declaration shadows an existing declaration.
   --> contracts/Oracle.sol:212:5:
    |
212 |     event Exchange(address indexed user, string targetCurrency, address targetAddress, uint256 amount);
    |     ^^^^^^^^^^^^^^^^^^^^^^^^^^^^^^^^^^^^^^^^^^^^^^^^^^^^^^^^^^^^^^^^^^^^^^^^^^^^^^^^^^^^^^^^^^^^^^^^^^^
Note: The shadowed declaration is here:
   --> contracts/Oracle.sol:135:1:
    |
135 | contract Exchange {
    | ^ (Relevant source part starts here and spans across multiple lines).

Warning: 'transfer' is deprecated and scheduled for removal. Use 'call{value: <amount>}("")' instead.
   --> contracts/Oracle.sol:238:9:
    |
238 |         payable(to).transfer(amount);
    |         ^^^^^^^^^^^^^^^^^^^^

Warning: 'transfer' is deprecated and scheduled for removal. Use 'call{value: <amount>}("")' instead.
   --> contracts/Oracle.sol:257:9:
    |
257 |         payable(msg.sender).transfer(amount);
    |         ^^^^^^^^^^^^^^^^^^^^^^^^^^^^

Warning: 'transfer' is deprecated and scheduled for removal. Use 'call{value: <amount>}("")' instead.
   --> contracts/Oracle.sol:273:9:
    |
273 |         payable(to).transfer(amount);
    |         ^^^^^^^^^^^^^^^^^^^^

Warning: 'transfer' is deprecated and scheduled for removal. Use 'call{value: <amount>}("")' instead.
   --> contracts/Oracle.sol:294:9:
    |
294 |         payable(msg.sender).transfer(amount);
    |         ^^^^^^^^^^^^^^^^^^^^^^^^^^^^

Warning: This declaration shadows an existing declaration.
  --> contracts/Exchange.sol:11:5:
   |
11 |     struct Oracle {
   |     ^ (Relevant source part starts here and spans across multiple lines).
Note: The shadowed declaration is here:
  --> contracts/Exchange.sol:10:1:
   |
10 | contract Oracle {
   | ^ (Relevant source part starts here and spans across multiple lines).

Warning: This declaration shadows an existing declaration.
   --> contracts/Exchange.sol:141:5:
    |
141 |     event Exchange(address transactor, string targetCurrency, uint256 amount, uint256 exchangeRate, uint256 timestamp, string bridgeCall);
    |     ^^^^^^^^^^^^^^^^^^^^^^^^^^^^^^^^^^^^^^^^^^^^^^^^^^^^^^^^^^^^^^^^^^^^^^^^^^^^^^^^^^^^^^^^^^^^^^^^^^^^^^^^^^^^^^^^^^^^^^^^^^^^^^^^^^^^^^
Note: The shadowed declaration is here:
   --> contracts/Exchange.sol:135:1:
    |
135 | contract Exchange {
    | ^ (Relevant source part starts here and spans across multiple lines).

Warning: This declaration shadows an existing declaration.
   --> contracts/Exchange.sol:212:5:
    |
212 |     event Exchange(address indexed user, string targetCurrency, address targetAddress, uint256 amount);
    |     ^^^^^^^^^^^^^^^^^^^^^^^^^^^^^^^^^^^^^^^^^^^^^^^^^^^^^^^^^^^^^^^^^^^^^^^^^^^^^^^^^^^^^^^^^^^^^^^^^^^
Note: The shadowed declaration is here:
   --> contracts/Exchange.sol:135:1:
    |
135 | contract Exchange {
    | ^ (Relevant source part starts here and spans across multiple lines).

Warning: 'transfer' is deprecated and scheduled for removal. Use 'call{value: <amount>}("")' instead.
   --> contracts/Exchange.sol:238:9:
    |
238 |         payable(to).transfer(amount);
    |         ^^^^^^^^^^^^^^^^^^^^

Warning: 'transfer' is deprecated and scheduled for removal. Use 'call{value: <amount>}("")' instead.
   --> contracts/Exchange.sol:257:9:
    |
257 |         payable(msg.sender).transfer(amount);
    |         ^^^^^^^^^^^^^^^^^^^^^^^^^^^^

Warning: 'transfer' is deprecated and scheduled for removal. Use 'call{value: <amount>}("")' instead.
   --> contracts/Exchange.sol:273:9:
    |
273 |         payable(to).transfer(amount);
    |         ^^^^^^^^^^^^^^^^^^^^

Warning: 'transfer' is deprecated and scheduled for removal. Use 'call{value: <amount>}("")' instead.
   --> contracts/Exchange.sol:294:9:
    |
294 |         payable(msg.sender).transfer(amount);
    |         ^^^^^^^^^^^^^^^^^^^^^^^^^^^^

Warning: This declaration shadows an existing declaration.
  --> contracts/Wallet.sol:11:5:
   |
11 |     struct Oracle {
   |     ^ (Relevant source part starts here and spans across multiple lines).
Note: The shadowed declaration is here:
  --> contracts/Wallet.sol:10:1:
   |
10 | contract Oracle {
   | ^ (Relevant source part starts here and spans across multiple lines).

Warning: This declaration shadows an existing declaration.
   --> contracts/Wallet.sol:141:5:
    |
141 |     event Exchange(address transactor, string targetCurrency, uint256 amount, uint256 exchangeRate, uint256 timestamp, string bridgeCall);
    |     ^^^^^^^^^^^^^^^^^^^^^^^^^^^^^^^^^^^^^^^^^^^^^^^^^^^^^^^^^^^^^^^^^^^^^^^^^^^^^^^^^^^^^^^^^^^^^^^^^^^^^^^^^^^^^^^^^^^^^^^^^^^^^^^^^^^^^^
Note: The shadowed declaration is here:
   --> contracts/Wallet.sol:135:1:
    |
135 | contract Exchange {
    | ^ (Relevant source part starts here and spans across multiple lines).

Warning: This declaration shadows an existing declaration.
   --> contracts/Wallet.sol:212:5:
    |
212 |     event Exchange(address indexed user, string targetCurrency, address targetAddress, uint256 amount);
    |     ^^^^^^^^^^^^^^^^^^^^^^^^^^^^^^^^^^^^^^^^^^^^^^^^^^^^^^^^^^^^^^^^^^^^^^^^^^^^^^^^^^^^^^^^^^^^^^^^^^^
Note: The shadowed declaration is here:
   --> contracts/Wallet.sol:135:1:
    |
135 | contract Exchange {
    | ^ (Relevant source part starts here and spans across multiple lines).

Warning: 'transfer' is deprecated and scheduled for removal. Use 'call{value: <amount>}("")' instead.
   --> contracts/Wallet.sol:238:9:
    |
238 |         payable(to).transfer(amount);
    |         ^^^^^^^^^^^^^^^^^^^^

Warning: 'transfer' is deprecated and scheduled for removal. Use 'call{value: <amount>}("")' instead.
   --> contracts/Wallet.sol:257:9:
    |
257 |         payable(msg.sender).transfer(amount);
    |         ^^^^^^^^^^^^^^^^^^^^^^^^^^^^

Warning: 'transfer' is deprecated and scheduled for removal. Use 'call{value: <amount>}("")' instead.
   --> contracts/Wallet.sol:273:9:
    |
273 |         payable(to).transfer(amount);
    |         ^^^^^^^^^^^^^^^^^^^^

Warning: 'transfer' is deprecated and scheduled for removal. Use 'call{value: <amount>}("")' instead.
   --> contracts/Wallet.sol:294:9:
    |
294 |         payable(msg.sender).transfer(amount);
    |         ^^^^^^^^^^^^^^^^^^^^^^^^^^^^

Error: Source file requires different compiler version (current compiler is 0.8.31+commit.fd3a2265.Linux.g++) - note that nightly builds are considered to be strictly less than the released version
 --> assets/ReentrancyAttacker.sol:1:1:
  |
1 | pragma solidity ^0.4.24;
  | ^^^^^^^^^^^^^^^^^^^^^^^^

Error: Source file requires different compiler version (current compiler is 0.8.31+commit.fd3a2265.Linux.g++) - note that nightly builds are considered to be strictly less than the released version
 --> assets/NormalAttacker.sol:1:1:
  |
1 | pragma solidity ^0.4.24;
  | ^^^^^^^^^^^^^^^^^^^^^^^^

terminate called after throwing an instance of 'boost::exception_detail::clone_impl<boost::exception_detail::error_info_injector<boost::property_tree::json_parser::json_parser_error> >'
  what():  assets/ReentrancyAttacker.sol.json(1): expected value
./fuzzMe: line 7:    25 Aborted                 (core dumped) ./fuzzer --file contracts/Oracle.sol.json --name Oracle --assets assets/ --duration 1198 --mode 1 --reporter 1 --log 0 --attacker ReentrancyAttacker
terminate called after throwing an instance of 'boost::exception_detail::clone_impl<boost::exception_detail::error_info_injector<boost::property_tree::json_parser::json_parser_error> >'
  what():  assets/ReentrancyAttacker.sol.json(1): expected value
./fuzzMe: line 8:    26 Aborted                 (core dumped) ./fuzzer --file contracts/Exchange.sol.json --name Exchange --assets assets/ --duration 1198 --mode 1 --reporter 1 --log 0 --attacker ReentrancyAttacker
terminate called after throwing an instance of 'boost::exception_detail::clone_impl<boost::exception_detail::error_info_injector<boost::property_tree::json_parser::json_parser_error> >'
  what():  assets/ReentrancyAttacker.sol.json(1): expected value
./fuzzMe: line 9:    27 Aborted                 (core dumped) ./fuzzer --file contracts/Wallet.sol.json --name Wallet --assets assets/ --duration 1198 --mode 1 --reporter 1 --log 0 --attacker ReentrancyAttacker
