ANTLR runtime and generated code versions disagree: 4.9.2!=4.7.2
ANTLR runtime and generated code versions disagree: 4.9.2!=4.7.2
line 477:34 missing ';' at '{'
line 477:40 no viable alternative at input 'value:'
line 510:25 no viable alternative at input 'exchange.exchange{'
line 510:31 no viable alternative at input 'value:'
line 528:42 missing ';' at '{'
line 528:48 no viable alternative at input 'value:'
line 573:34 missing ';' at '{'
line 573:40 no viable alternative at input 'value:'
line 610:25 no viable alternative at input 'exchange.exchange{'
line 610:31 no viable alternative at input 'value:'
line 636:42 missing ';' at '{'
line 636:48 no viable alternative at input 'value:'
line 845:11 mismatched input '(' expecting {'from', 'calldata', 'constant', 'internal', 'private', 'public', Identifier}
line 846:29 extraneous input '+=' expecting {'from', 'calldata', 'constant', 'internal', 'private', 'public', Identifier}
line 846:35 mismatched input '.' expecting {';', '='}
line 846:41 mismatched input ';' expecting {'from', 'calldata', 'constant', 'internal', 'private', 'public', Identifier}
line 847:22 extraneous input '(' expecting {'from', 'calldata', 'constant', 'internal', 'private', 'public', Identifier}
line 847:26 mismatched input '.' expecting {';', '='}
line 847:33 extraneous input ',' expecting {'from', 'calldata', 'constant', 'internal', 'private', 'public', Identifier}
line 847:38 mismatched input '.' expecting {';', '='}
line 847:44 mismatched input ')' expecting {'from', 'calldata', 'constant', 'internal', 'private', 'public', Identifier}
line 849:0 extraneous input '}' expecting {<EOF>, 'pragma', 'import', 'contract', 'interface', 'library'}
Traceback (most recent call last):
  File "conkas.py", line 143, in <module>
    main()
  File "conkas.py", line 80, in main
    solc_version = get_solc_version_string(file)
  File "conkas.py", line 21, in get_solc_version_string
    parsed = parse(file.read().decode('utf-8'))
  File "/usr/local/lib/python3.8/dist-packages/solidity_parser/parser.py", line 1023, in parse
    return ast.visit(getattr(parser, start)())
  File "/usr/local/lib/python3.8/dist-packages/solidity_parser/parser.py", line 92, in visit
    return super().visit(tree)
  File "/usr/local/lib/python3.8/dist-packages/antlr4/tree/Tree.py", line 34, in visit
    return tree.accept(self)
  File "/usr/local/lib/python3.8/dist-packages/solidity_parser/solidity_antlr4/SolidityParser.py", line 842, in accept
    return visitor.visitSourceUnit(self)
  File "/usr/local/lib/python3.8/dist-packages/solidity_parser/parser.py", line 114, in visitSourceUnit
    children=self.visit(ctx.children[:-1]))  # skip EOF
  File "/usr/local/lib/python3.8/dist-packages/solidity_parser/parser.py", line 90, in visit
    return self._visit_nodes(tree)
  File "/usr/local/lib/python3.8/dist-packages/solidity_parser/parser.py", line 104, in _visit_nodes
    childResult = c.accept(self)
  File "/usr/local/lib/python3.8/dist-packages/solidity_parser/solidity_antlr4/SolidityParser.py", line 1475, in accept
    return visitor.visitContractDefinition(self)
  File "/usr/local/lib/python3.8/dist-packages/solidity_parser/parser.py", line 995, in visitContractDefinition
    subNodes=self.visit(ctx.contractPart()),
  File "/usr/local/lib/python3.8/dist-packages/solidity_parser/parser.py", line 90, in visit
    return self._visit_nodes(tree)
  File "/usr/local/lib/python3.8/dist-packages/solidity_parser/parser.py", line 104, in _visit_nodes
    childResult = c.accept(self)
  File "/usr/local/lib/python3.8/dist-packages/solidity_parser/solidity_antlr4/SolidityParser.py", line 1673, in accept
    return visitor.visitContractPart(self)
  File "/usr/local/lib/python3.8/dist-packages/solidity_parser/parser.py", line 144, in visitContractPart
    return self.visit(ctx.children[0])
  File "/usr/local/lib/python3.8/dist-packages/solidity_parser/parser.py", line 92, in visit
    return super().visit(tree)
  File "/usr/local/lib/python3.8/dist-packages/antlr4/tree/Tree.py", line 34, in visit
    return tree.accept(self)
  File "/usr/local/lib/python3.8/dist-packages/solidity_parser/solidity_antlr4/SolidityParser.py", line 2247, in accept
    return visitor.visitFunctionDefinition(self)
  File "/usr/local/lib/python3.8/dist-packages/solidity_parser/parser.py", line 183, in visitFunctionDefinition
    block = self.visit(ctx.block()) if ctx.block() else []
  File "/usr/local/lib/python3.8/dist-packages/solidity_parser/parser.py", line 92, in visit
    return super().visit(tree)
  File "/usr/local/lib/python3.8/dist-packages/antlr4/tree/Tree.py", line 34, in visit
    return tree.accept(self)
  File "/usr/local/lib/python3.8/dist-packages/solidity_parser/solidity_antlr4/SolidityParser.py", line 3659, in accept
    return visitor.visitBlock(self)
  File "/usr/local/lib/python3.8/dist-packages/solidity_parser/parser.py", line 409, in visitBlock
    statements=self.visit(ctx.statement()))
  File "/usr/local/lib/python3.8/dist-packages/solidity_parser/parser.py", line 90, in visit
    return self._visit_nodes(tree)
  File "/usr/local/lib/python3.8/dist-packages/solidity_parser/parser.py", line 104, in _visit_nodes
    childResult = c.accept(self)
  File "/usr/local/lib/python3.8/dist-packages/solidity_parser/solidity_antlr4/SolidityParser.py", line 3763, in accept
    return visitor.visitStatement(self)
  File "/usr/local/lib/python3.8/dist-packages/solidity_parser/parser.py", line 447, in visitStatement
    return self.visit(ctx.getChild(0))
  File "/usr/local/lib/python3.8/dist-packages/solidity_parser/parser.py", line 92, in visit
    return super().visit(tree)
  File "/usr/local/lib/python3.8/dist-packages/antlr4/tree/Tree.py", line 34, in visit
    return tree.accept(self)
  File "/usr/local/lib/python3.8/dist-packages/solidity_parser/solidity_antlr4/SolidityParser.py", line 3659, in accept
    return visitor.visitBlock(self)
  File "/usr/local/lib/python3.8/dist-packages/solidity_parser/parser.py", line 409, in visitBlock
    statements=self.visit(ctx.statement()))
  File "/usr/local/lib/python3.8/dist-packages/solidity_parser/parser.py", line 90, in visit
    return self._visit_nodes(tree)
  File "/usr/local/lib/python3.8/dist-packages/solidity_parser/parser.py", line 104, in _visit_nodes
    childResult = c.accept(self)
  File "/usr/local/lib/python3.8/dist-packages/solidity_parser/solidity_antlr4/SolidityParser.py", line 3763, in accept
    return visitor.visitStatement(self)
  File "/usr/local/lib/python3.8/dist-packages/solidity_parser/parser.py", line 447, in visitStatement
    return self.visit(ctx.getChild(0))
  File "/usr/local/lib/python3.8/dist-packages/solidity_parser/parser.py", line 92, in visit
    return super().visit(tree)
  File "/usr/local/lib/python3.8/dist-packages/antlr4/tree/Tree.py", line 34, in visit
    return tree.accept(self)
  File "/usr/local/lib/python3.8/dist-packages/solidity_parser/solidity_antlr4/SolidityParser.py", line 4057, in accept
    return visitor.visitSimpleStatement(self)
  File "/usr/local/lib/python3.8/dist-packages/solidity_parser/parser.py", line 450, in visitSimpleStatement
    return self.visit(ctx.getChild(0))
  File "/usr/local/lib/python3.8/dist-packages/antlr4/ParserRuleContext.py", line 116, in getChild
    return self.children[i] if len(self.children)>i else None
TypeError: object of type 'NoneType' has no len()
