A new version of Solhint is available: 6.0.3
Please consider updating your Solhint package.
/sb/Consorcio_F.sol:8:1: Compiler version ^0.8.19 does not satisfy the ^0.8.24 semver requirement [Error/compiler-version]
/sb/Consorcio_F.sol:16:1: Missing @author tag in contract 'FinancialPoolManager' [Warning/use-natspec]
/sb/Consorcio_F.sol:16:1: Missing @notice tag in contract 'FinancialPoolManager' [Warning/use-natspec]
/sb/Consorcio_F.sol:73:5: Missing @notice tag in variable 'currentId' [Warning/use-natspec]
/sb/Consorcio_F.sol:79:5: Missing @notice tag in event 'PoolCreated' [Warning/use-natspec]
/sb/Consorcio_F.sol:79:5: Missing @param tag in event 'PoolCreated' [Warning/use-natspec]
/sb/Consorcio_F.sol:79:5: Mismatch in @param names for event 'PoolCreated'. Expected: [poolId, owner, targetGood, goodValue, minParticipants, installments], Found: [] [Warning/use-natspec]
/sb/Consorcio_F.sol:79:5: GC: [goodValue] on Event [PoolCreated] could be Indexed [Warning/gas-indexed-events]
/sb/Consorcio_F.sol:79:5: GC: [minParticipants] on Event [PoolCreated] could be Indexed [Warning/gas-indexed-events]
/sb/Consorcio_F.sol:79:5: GC: [installments] on Event [PoolCreated] could be Indexed [Warning/gas-indexed-events]
/sb/Consorcio_F.sol:87:5: Missing @notice tag in event 'PoolActivated' [Warning/use-natspec]
/sb/Consorcio_F.sol:87:5: Missing @param tag in event 'PoolActivated' [Warning/use-natspec]
/sb/Consorcio_F.sol:87:5: Mismatch in @param names for event 'PoolActivated'. Expected: [poolId, activationDate], Found: [] [Warning/use-natspec]
/sb/Consorcio_F.sol:87:5: GC: [activationDate] on Event [PoolActivated] could be Indexed [Warning/gas-indexed-events]
/sb/Consorcio_F.sol:88:5: Missing @notice tag in event 'PoolCanceled' [Warning/use-natspec]
/sb/Consorcio_F.sol:88:5: Missing @param tag in event 'PoolCanceled' [Warning/use-natspec]
/sb/Consorcio_F.sol:88:5: Mismatch in @param names for event 'PoolCanceled'. Expected: [poolId], Found: [] [Warning/use-natspec]
/sb/Consorcio_F.sol:89:5: Missing @notice tag in event 'ParticipantJoined' [Warning/use-natspec]
/sb/Consorcio_F.sol:89:5: Missing @param tag in event 'ParticipantJoined' [Warning/use-natspec]
/sb/Consorcio_F.sol:89:5: Mismatch in @param names for event 'ParticipantJoined'. Expected: [poolId, participant], Found: [] [Warning/use-natspec]
/sb/Consorcio_F.sol:90:5: Missing @notice tag in event 'ParticipantLeft' [Warning/use-natspec]
/sb/Consorcio_F.sol:90:5: Missing @param tag in event 'ParticipantLeft' [Warning/use-natspec]
/sb/Consorcio_F.sol:90:5: Mismatch in @param names for event 'ParticipantLeft'. Expected: [poolId, participant], Found: [] [Warning/use-natspec]
/sb/Consorcio_F.sol:91:5: Missing @notice tag in event 'InstallmentPaid' [Warning/use-natspec]
/sb/Consorcio_F.sol:91:5: Missing @param tag in event 'InstallmentPaid' [Warning/use-natspec]
/sb/Consorcio_F.sol:91:5: Mismatch in @param names for event 'InstallmentPaid'. Expected: [poolId, participant, amount], Found: [] [Warning/use-natspec]
/sb/Consorcio_F.sol:91:5: GC: [amount] on Event [InstallmentPaid] could be Indexed [Warning/gas-indexed-events]
/sb/Consorcio_F.sol:96:5: Missing @notice tag in event 'WinnerSelected' [Warning/use-natspec]
/sb/Consorcio_F.sol:96:5: Missing @param tag in event 'WinnerSelected' [Warning/use-natspec]
/sb/Consorcio_F.sol:96:5: Mismatch in @param names for event 'WinnerSelected'. Expected: [poolId, winner, amount], Found: [] [Warning/use-natspec]
/sb/Consorcio_F.sol:96:5: GC: [amount] on Event [WinnerSelected] could be Indexed [Warning/gas-indexed-events]
/sb/Consorcio_F.sol:101:5: Missing @notice tag in event 'PoolFinished' [Warning/use-natspec]
/sb/Consorcio_F.sol:101:5: Missing @param tag in event 'PoolFinished' [Warning/use-natspec]
/sb/Consorcio_F.sol:101:5: Mismatch in @param names for event 'PoolFinished'. Expected: [poolId], Found: [] [Warning/use-natspec]
/sb/Consorcio_F.sol:105:9: GC: Use Custom Errors instead of require statements [Warning/gas-custom-errors]
/sb/Consorcio_F.sol:105:31: GC: Non strict inequality found. Try converting to a strict one [Warning/gas-strict-inequalities]
/sb/Consorcio_F.sol:110:9: GC: Use Custom Errors instead of require statements [Warning/gas-custom-errors]
/sb/Consorcio_F.sol:118:9: Error message for require is too long: 41 counted / 32 allowed [Warning/reason-string]
/sb/Consorcio_F.sol:118:9: GC: String exceeds 32 bytes [Warning/gas-small-strings]
/sb/Consorcio_F.sol:118:9: GC: Use Custom Errors instead of require statements [Warning/gas-custom-errors]
/sb/Consorcio_F.sol:126:9: GC: Use Custom Errors instead of require statements [Warning/gas-custom-errors]
/sb/Consorcio_F.sol:134:9: GC: Use Custom Errors instead of require statements [Warning/gas-custom-errors]
/sb/Consorcio_F.sol:149:5: Missing @notice tag in function 'createPool' [Warning/use-natspec]
/sb/Consorcio_F.sol:155:9: Error message for require is too long: 36 counted / 32 allowed [Warning/reason-string]
/sb/Consorcio_F.sol:155:9: GC: String exceeds 32 bytes [Warning/gas-small-strings]
/sb/Consorcio_F.sol:155:9: GC: Use Custom Errors instead of require statements [Warning/gas-custom-errors]
/sb/Consorcio_F.sol:156:9: Error message for require is too long: 46 counted / 32 allowed [Warning/reason-string]
/sb/Consorcio_F.sol:156:9: GC: String exceeds 32 bytes [Warning/gas-small-strings]
/sb/Consorcio_F.sol:156:9: GC: Use Custom Errors instead of require statements [Warning/gas-custom-errors]
/sb/Consorcio_F.sol:157:9: Error message for require is too long: 38 counted / 32 allowed [Warning/reason-string]
/sb/Consorcio_F.sol:157:9: GC: String exceeds 32 bytes [Warning/gas-small-strings]
/sb/Consorcio_F.sol:157:9: GC: Use Custom Errors instead of require statements [Warning/gas-custom-errors]
/sb/Consorcio_F.sol:158:9: Error message for require is too long: 44 counted / 32 allowed [Warning/reason-string]
/sb/Consorcio_F.sol:158:9: GC: String exceeds 32 bytes [Warning/gas-small-strings]
/sb/Consorcio_F.sol:158:9: GC: Use Custom Errors instead of require statements [Warning/gas-custom-errors]
/sb/Consorcio_F.sol:160:9: GC: For [ currentId ] variable, increment/decrement by 1 using: [ ++variable ] to save gas [Warning/gas-increment-by-one]
/sb/Consorcio_F.sol:188:5: Missing @notice tag in function 'activatePool' [Warning/use-natspec]
/sb/Consorcio_F.sol:196:9: Error message for require is too long: 35 counted / 32 allowed [Warning/reason-string]
/sb/Consorcio_F.sol:196:9: GC: String exceeds 32 bytes [Warning/gas-small-strings]
/sb/Consorcio_F.sol:196:9: GC: Use Custom Errors instead of require statements [Warning/gas-custom-errors]
/sb/Consorcio_F.sol:197:13: GC: Non strict inequality found. Try converting to a strict one [Warning/gas-strict-inequalities]
/sb/Consorcio_F.sol:211:5: Missing @notice tag in function 'deletePool' [Warning/use-natspec]
/sb/Consorcio_F.sol:225:5: Missing @notice tag in function 'participateInPool' [Warning/use-natspec]
/sb/Consorcio_F.sol:233:9: GC: For [ pool ] variable, increment/decrement by 1 using: [ ++variable ] to save gas [Warning/gas-increment-by-one]
/sb/Consorcio_F.sol:250:5: Missing @notice tag in function 'leavePool' [Warning/use-natspec]
/sb/Consorcio_F.sol:271:9: GC: For [ pool ] variable, increment/decrement by 1 using: [ ++variable ] to save gas [Warning/gas-increment-by-one]
/sb/Consorcio_F.sol:280:5: Missing @notice tag in function 'payInstallment' [Warning/use-natspec]
/sb/Consorcio_F.sol:289:9: GC: Use Custom Errors instead of require statements [Warning/gas-custom-errors]
/sb/Consorcio_F.sol:293:9: GC: Use Custom Errors instead of require statements [Warning/gas-custom-errors]
/sb/Consorcio_F.sol:303:9: GC: Use Custom Errors instead of require statements [Warning/gas-custom-errors]
/sb/Consorcio_F.sol:309:9: GC: For [ participant ] variable, increment/decrement by 1 using: [ ++variable ] to save gas [Warning/gas-increment-by-one]
/sb/Consorcio_F.sol:324:13: GC: Non strict inequality found. Try converting to a strict one [Warning/gas-strict-inequalities]
/sb/Consorcio_F.sol:333:5: Function body contains 57 lines but allowed no more than 50 lines [Warning/function-max-lines]
/sb/Consorcio_F.sol:333:5: Missing @notice tag in function '_selectWinner' [Warning/use-natspec]
/sb/Consorcio_F.sol:340:57: GC: For [ i ] variable, increment/decrement by 1 using: [ ++variable ] to save gas [Warning/gas-increment-by-one]
/sb/Consorcio_F.sol:346:17: GC: For [ eligibleCount ] variable, increment/decrement by 1 using: [ ++variable ] to save gas [Warning/gas-increment-by-one]
/sb/Consorcio_F.sol:377:9: GC: Use Custom Errors instead of require statements [Warning/gas-custom-errors]
/sb/Consorcio_F.sol:382:9: GC: For [ pool ] variable, increment/decrement by 1 using: [ ++variable ] to save gas [Warning/gas-increment-by-one]
/sb/Consorcio_F.sol:398:5: Missing @notice tag in function 'getPool' [Warning/use-natspec]
/sb/Consorcio_F.sol:398:5: Mismatch in @return count for function 'getPool'. Expected: 10, Found: 1 [Warning/use-natspec]
/sb/Consorcio_F.sol:436:5: Missing @notice tag in function '_statusToString' [Warning/use-natspec]
/sb/Consorcio_F.sol:450:5: Missing @notice tag in function 'findAddressIndex' [Warning/use-natspec]
/sb/Consorcio_F.sol:451:45: GC: For [ i ] variable, increment/decrement by 1 using: [ ++variable ] to save gas [Warning/gas-increment-by-one]
/sb/Consorcio_F.sol:456:9: GC: Use Custom Errors instead of revert statements [Warning/gas-custom-errors]
/sb/Consorcio_F.sol:465:5: Missing @notice tag in function 'isAddressInArray' [Warning/use-natspec]
/sb/Consorcio_F.sol:466:45: GC: For [ i ] variable, increment/decrement by 1 using: [ ++variable ] to save gas [Warning/gas-increment-by-one]
/sb/Consorcio_F.sol:479:5: Missing @notice tag in function 'getParticipantCount' [Warning/use-natspec]
/sb/Consorcio_F.sol:489:5: Missing @notice tag in function 'getParticipantInfo' [Warning/use-natspec]
/sb/Consorcio_F.sol:503:5: Missing @notice tag in function 'getAllParticipants' [Warning/use-natspec]
/sb/Consorcio_F.sol:513:5: Missing @notice tag in function '<anonymous>' [Warning/use-natspec]
/sb/Consorcio_F.sol:514:9: GC: Use Custom Errors instead of revert statements [Warning/gas-custom-errors]
/sb/Consorcio_F.sol:517:5: Missing @notice tag in function '<anonymous>' [Warning/use-natspec]
/sb/Consorcio_F.sol:518:9: GC: Use Custom Errors instead of revert statements [Warning/gas-custom-errors]

93 problem/s (1 error/s, 92 warning/s)
