'solc --version' running
'solc /sb/Wallet_F.sol --combined-json abi,ast,bin,bin-runtime,srcmap,srcmap-runtime,userdoc,devdoc,hashes --allow-paths .,/sb' running
Compilation warnings/errors on /sb/Wallet_F.sol:
Warning: This declaration has the same name as another declaration.
   --> /sb/Wallet_F.sol:499:9:
    |
499 |         Exchange exchange = Exchange(exchangeContract);
    |         ^^^^^^^^^^^^^^^^^
Note: The other declaration is here:
   --> /sb/Wallet_F.sol:491:5:
    |
491 |     function exchange(
    |     ^ (Relevant source part starts here and spans across multiple lines).

Warning: This declaration has the same name as another declaration.
   --> /sb/Wallet_F.sol:599:9:
    |
599 |         Exchange exchange = Exchange(exchangeContract);
    |         ^^^^^^^^^^^^^^^^^
Note: The other declaration is here:
   --> /sb/Wallet_F.sol:491:5:
    |
491 |     function exchange(
    |     ^ (Relevant source part starts here and spans across multiple lines).

Warning: This declaration has the same name as another declaration.
   --> /sb/Wallet_F.sol:695:9:
    |
695 |         Exchange exchange = Exchange(exchangeContract);
    |         ^^^^^^^^^^^^^^^^^
Note: The other declaration is here:
   --> /sb/Wallet_F.sol:491:5:
    |
491 |     function exchange(
    |     ^ (Relevant source part starts here and spans across multiple lines).

Warning: This declaration has the same name as another declaration.
   --> /sb/Wallet_F.sol:775:9:
    |
775 |         Exchange exchange = Exchange(exchangeContract);
    |         ^^^^^^^^^^^^^^^^^
Note: The other declaration is here:
   --> /sb/Wallet_F.sol:491:5:
    |
491 |     function exchange(
    |     ^ (Relevant source part starts here and spans across multiple lines).

Warning: This declaration has the same name as another declaration.
   --> /sb/Wallet_F.sol:784:9:
    |
784 |         Exchange exchange = Exchange(exchangeContract);
    |         ^^^^^^^^^^^^^^^^^
Note: The other declaration is here:
   --> /sb/Wallet_F.sol:491:5:
    |
491 |     function exchange(
    |     ^ (Relevant source part starts here and spans across multiple lines).

Warning: This declaration has the same name as another declaration.
   --> /sb/Wallet_F.sol:793:9:
    |
793 |         Exchange exchange = Exchange(exchangeContract);
    |         ^^^^^^^^^^^^^^^^^
Note: The other declaration is here:
   --> /sb/Wallet_F.sol:491:5:
    |
491 |     function exchange(
    |     ^ (Relevant source part starts here and spans across multiple lines).



Contract locking ether found:
	Contract Exchange (../sb/Wallet_F.sol#263-386) has payable functions:
	 - Exchange.exchange(address,string,address,uint256) (../sb/Wallet_F.sol#312-344)
	But does not have a function to withdraw the ether
Reference: https://github.com/crytic/slither/wiki/Detector-Documentation#contracts-that-lock-ether

Wallet.getExchangeRate(string) (../sb/Wallet_F.sol#715-718) ignores return value by oracle.readRate(symbol) (../sb/Wallet_F.sol#717)
Wallet.requestExchangeRate(string) (../sb/Wallet_F.sol#726-729) ignores return value by oracle.requestRate(symbol) (../sb/Wallet_F.sol#728)
Reference: https://github.com/crytic/slither/wiki/Detector-Documentation#unused-return

Wallet.exchange(string,address,uint256).exchange (../sb/Wallet_F.sol#499) shadows:
	- Wallet.exchange(string,address,uint256) (../sb/Wallet_F.sol#491-518) (function)
Wallet.exchangeAUTH(string,address,address,uint256).exchange (../sb/Wallet_F.sol#599) shadows:
	- Wallet.exchange(string,address,uint256) (../sb/Wallet_F.sol#491-518) (function)
Wallet.getExchangeAvailability(string).exchange (../sb/Wallet_F.sol#695) shadows:
	- Wallet.exchange(string,address,uint256) (../sb/Wallet_F.sol#491-518) (function)
Wallet.updateBridge(string).exchange (../sb/Wallet_F.sol#775) shadows:
	- Wallet.exchange(string,address,uint256) (../sb/Wallet_F.sol#491-518) (function)
Wallet.addCurrency(string).exchange (../sb/Wallet_F.sol#784) shadows:
	- Wallet.exchange(string,address,uint256) (../sb/Wallet_F.sol#491-518) (function)
Wallet.removeCurrency(string).exchange (../sb/Wallet_F.sol#793) shadows:
	- Wallet.exchange(string,address,uint256) (../sb/Wallet_F.sol#491-518) (function)
Reference: https://github.com/crytic/slither/wiki/Detector-Documentation#local-variable-shadowing

Wallet.updateMaximumRateDelay(uint256) (../sb/Wallet_F.sol#821-823) should emit an event for: 
	- maximumRateDelay = newMaximumRateDelay (../sb/Wallet_F.sol#822) 
Wallet.updateExchangeFee(uint256) (../sb/Wallet_F.sol#829-832) should emit an event for: 
	- exchangeFee = newExchangeFee (../sb/Wallet_F.sol#831) 
Reference: https://github.com/crytic/slither/wiki/Detector-Documentation#missing-events-arithmetic

Oracle.constructor(address)._authorizedWallet (../sb/Wallet_F.sol#88) lacks a zero-check on :
		- authorizedWallet = _authorizedWallet (../sb/Wallet_F.sol#89)
Exchange.constructor(address,address)._authorizedWallet (../sb/Wallet_F.sol#300) lacks a zero-check on :
		- authorizedWallet = _authorizedWallet (../sb/Wallet_F.sol#301)
Exchange.constructor(address,address)._oracleContract (../sb/Wallet_F.sol#300) lacks a zero-check on :
		- oracleContract = _oracleContract (../sb/Wallet_F.sol#302)
Wallet.externalTransfer(uint256,address).to (../sb/Wallet_F.sol#473) lacks a zero-check on :
		- (success,None) = to.call{value: amount}() (../sb/Wallet_F.sol#477)
Wallet.externalTransferAUTH(uint256,address,address).to (../sb/Wallet_F.sol#563) lacks a zero-check on :
		- (success,None) = to.call{value: amount}() (../sb/Wallet_F.sol#573)
Wallet.updateOracleAddress(address).newOracle (../sb/Wallet_F.sol#803) lacks a zero-check on :
		- oracleContract = newOracle (../sb/Wallet_F.sol#804)
Wallet.updateExchangeAddress(address).newExchange (../sb/Wallet_F.sol#812) lacks a zero-check on :
		- exchangeContract = newExchange (../sb/Wallet_F.sol#813)
Reference: https://github.com/crytic/slither/wiki/Detector-Documentation#missing-zero-address-validation

Reentrancy in Wallet.exchange(string,address,uint256) (../sb/Wallet_F.sol#491-518):
	External calls:
	- exchange.exchange{value: exchangeAmount}(msg.sender,targetCurrency,targetAddress,maximumRateDelay) (../sb/Wallet_F.sol#510-515)
	Event emitted after the call(s):
	- Exchanged(msg.sender,targetCurrency,amount) (../sb/Wallet_F.sol#517)
Reentrancy in Wallet.exchangeAUTH(string,address,address,uint256) (../sb/Wallet_F.sol#586-618):
	External calls:
	- exchange.exchange{value: exchangeAmount}(from,targetCurrency,targetAddress,maximumRateDelay) (../sb/Wallet_F.sol#610-615)
	Event emitted after the call(s):
	- Exchanged(from,targetCurrency,amount) (../sb/Wallet_F.sol#617)
Reentrancy in Wallet.externalTransfer(uint256,address) (../sb/Wallet_F.sol#473-481):
	External calls:
	- (success,None) = to.call{value: amount}() (../sb/Wallet_F.sol#477)
	Event emitted after the call(s):
	- Transferred(msg.sender,to,amount) (../sb/Wallet_F.sol#480)
Reentrancy in Wallet.externalTransferAUTH(uint256,address,address) (../sb/Wallet_F.sol#563-577):
	External calls:
	- (success,None) = to.call{value: amount}() (../sb/Wallet_F.sol#573)
	Event emitted after the call(s):
	- Transferred(from,to,amount) (../sb/Wallet_F.sol#576)
Reentrancy in Wallet.withdraw(uint256) (../sb/Wallet_F.sol#524-532):
	External calls:
	- (success,None) = msg.sender.call{value: amount}() (../sb/Wallet_F.sol#528)
	Event emitted after the call(s):
	- Withdrawn(msg.sender,amount) (../sb/Wallet_F.sol#531)
Reentrancy in Wallet.withdrawAUTH(address,uint256) (../sb/Wallet_F.sol#625-640):
	External calls:
	- (success,None) = msg.sender.call{value: amount}() (../sb/Wallet_F.sol#636)
	Event emitted after the call(s):
	- Withdrawn(from,amount) (../sb/Wallet_F.sol#639)
Reference: https://github.com/crytic/slither/wiki/Detector-Documentation#reentrancy-vulnerabilities-3

Oracle.answerRequest(uint256,uint256) (../sb/Wallet_F.sol#127-165) uses timestamp for comparisons
	Dangerous comparisons:
	- require(bool,string)(requests[id].active,Oracle: Request not active) (../sb/Wallet_F.sol#129)
	- require(bool,string)(! requests[id].answers[msg.sender],Oracle: Already answered) (../sb/Wallet_F.sol#143)
	- requests[id].requestTime < exchangeRateTime[symbol] (../sb/Wallet_F.sol#146)
	- (requests[id].answersCount * 100) / oracleList.length >= minimumQuorum (../sb/Wallet_F.sol#158)
Exchange.exchange(address,string,address,uint256) (../sb/Wallet_F.sol#312-344) uses timestamp for comparisons
	Dangerous comparisons:
	- require(bool,string)(block.timestamp - exchangeRateTime <= maximumRateDelay,Exchange: Rate too old, request new rate) (../sb/Wallet_F.sol#329-332)
Reference: https://github.com/crytic/slither/wiki/Detector-Documentation#block-timestamp

Low level call in Wallet.externalTransfer(uint256,address) (../sb/Wallet_F.sol#473-481):
	- (success,None) = to.call{value: amount}() (../sb/Wallet_F.sol#477)
Low level call in Wallet.withdraw(uint256) (../sb/Wallet_F.sol#524-532):
	- (success,None) = msg.sender.call{value: amount}() (../sb/Wallet_F.sol#528)
Low level call in Wallet.externalTransferAUTH(uint256,address,address) (../sb/Wallet_F.sol#563-577):
	- (success,None) = to.call{value: amount}() (../sb/Wallet_F.sol#573)
Low level call in Wallet.withdrawAUTH(address,uint256) (../sb/Wallet_F.sol#625-640):
	- (success,None) = msg.sender.call{value: amount}() (../sb/Wallet_F.sol#636)
Reference: https://github.com/crytic/slither/wiki/Detector-Documentation#low-level-calls

Function Oracle._addOracle(string,string,string,address) (../sb/Wallet_F.sol#190-203) is not in mixedCase
Function Oracle._removeOracle(string,address) (../sb/Wallet_F.sol#210-229) is not in mixedCase
Function Oracle._changeMinimumQuorum(uint256) (../sb/Wallet_F.sol#235-241) is not in mixedCase
Function Exchange._updateBridge(string) (../sb/Wallet_F.sol#350-353) is not in mixedCase
Function Exchange._addCurrency(string) (../sb/Wallet_F.sol#359-362) is not in mixedCase
Function Exchange._removeCurrency(string) (../sb/Wallet_F.sol#368-371) is not in mixedCase
Reference: https://github.com/crytic/slither/wiki/Detector-Documentation#conformance-to-solidity-naming-conventions

Exchange.authorizedWallet (../sb/Wallet_F.sol#279) should be immutable 
Exchange.oracleContract (../sb/Wallet_F.sol#280) should be immutable 
Oracle.authorizedWallet (../sb/Wallet_F.sol#63) should be immutable 
Reference: https://github.com/crytic/slither/wiki/Detector-Documentation#state-variables-that-could-be-declared-immutable
/sb/Wallet_F.sol analyzed (3 contracts with 100 detectors), 39 result(s) found
