A new version of Solhint is available: 6.0.3
Please consider updating your Solhint package.
/sb/Wallet_F.sol:8:1: Found more than One contract per file. 3 contracts found! [Warning/one-contract-per-file]
/sb/Wallet_F.sol:15:1: Missing @author tag in contract 'Oracle' [Warning/use-natspec]
/sb/Wallet_F.sol:33:5: Missing @notice tag in event 'RateRequested' [Warning/use-natspec]
/sb/Wallet_F.sol:33:5: Missing @param tag in event 'RateRequested' [Warning/use-natspec]
/sb/Wallet_F.sol:33:5: Mismatch in @param names for event 'RateRequested'. Expected: [requestId, url, symbol], Found: [] [Warning/use-natspec]
/sb/Wallet_F.sol:39:5: Missing @notice tag in event 'RateUpdated' [Warning/use-natspec]
/sb/Wallet_F.sol:39:5: Missing @param tag in event 'RateUpdated' [Warning/use-natspec]
/sb/Wallet_F.sol:39:5: Mismatch in @param names for event 'RateUpdated'. Expected: [symbol, rate, timestamp], Found: [] [Warning/use-natspec]
/sb/Wallet_F.sol:39:5: GC: [rate] on Event [RateUpdated] could be Indexed [Warning/gas-indexed-events]
/sb/Wallet_F.sol:39:5: GC: [timestamp] on Event [RateUpdated] could be Indexed [Warning/gas-indexed-events]
/sb/Wallet_F.sol:45:5: Missing @notice tag in event 'OracleAdded' [Warning/use-natspec]
/sb/Wallet_F.sol:45:5: Missing @param tag in event 'OracleAdded' [Warning/use-natspec]
/sb/Wallet_F.sol:45:5: Mismatch in @param names for event 'OracleAdded'. Expected: [symbol, oracleAddress, maintainer, url], Found: [] [Warning/use-natspec]
/sb/Wallet_F.sol:52:5: Missing @notice tag in event 'OracleRemoved' [Warning/use-natspec]
/sb/Wallet_F.sol:52:5: Missing @param tag in event 'OracleRemoved' [Warning/use-natspec]
/sb/Wallet_F.sol:52:5: Mismatch in @param names for event 'OracleRemoved'. Expected: [symbol, oracleAddress], Found: [] [Warning/use-natspec]
/sb/Wallet_F.sol:57:5: Missing @notice tag in event 'MinimumQuorumChanged' [Warning/use-natspec]
/sb/Wallet_F.sol:57:5: Missing @param tag in event 'MinimumQuorumChanged' [Warning/use-natspec]
/sb/Wallet_F.sol:57:5: Mismatch in @param names for event 'MinimumQuorumChanged'. Expected: [oldQuorum, newQuorum], Found: [] [Warning/use-natspec]
/sb/Wallet_F.sol:57:5: GC: [oldQuorum] on Event [MinimumQuorumChanged] could be Indexed [Warning/gas-indexed-events]
/sb/Wallet_F.sol:57:5: GC: [newQuorum] on Event [MinimumQuorumChanged] could be Indexed [Warning/gas-indexed-events]
/sb/Wallet_F.sol:63:5: Missing @notice tag in variable 'authorizedWallet' [Warning/use-natspec]
/sb/Wallet_F.sol:64:5: Missing @notice tag in variable 'currencies' [Warning/use-natspec]
/sb/Wallet_F.sol:65:5: Missing @notice tag in variable 'oracles' [Warning/use-natspec]
/sb/Wallet_F.sol:66:5: Missing @notice tag in variable 'requests' [Warning/use-natspec]
/sb/Wallet_F.sol:67:5: Missing @notice tag in variable 'exchangeRates' [Warning/use-natspec]
/sb/Wallet_F.sol:68:5: Missing @notice tag in variable 'exchangeRateTime' [Warning/use-natspec]
/sb/Wallet_F.sol:70:5: Missing @notice tag in variable 'minimumQuorum' [Warning/use-natspec]
/sb/Wallet_F.sol:75:9: GC: Use Custom Errors instead of require statements [Warning/gas-custom-errors]
/sb/Wallet_F.sol:80:9: Error message for require is too long: 35 counted / 32 allowed [Warning/reason-string]
/sb/Wallet_F.sol:80:9: GC: String exceeds 32 bytes [Warning/gas-small-strings]
/sb/Wallet_F.sol:80:9: GC: Use Custom Errors instead of require statements [Warning/gas-custom-errors]
/sb/Wallet_F.sol:88:5: Explicitly mark visibility in function (Set ignoreConstructors to true if using solidity >=0.7.0) [Warning/func-visibility]
/sb/Wallet_F.sol:103:9: GC: Use Custom Errors instead of require statements [Warning/gas-custom-errors]
/sb/Wallet_F.sol:105:9: GC: For [ currentId ] variable, increment/decrement by 1 using: [ ++variable ] to save gas [Warning/gas-increment-by-one]
/sb/Wallet_F.sol:115:52: GC: For [ i ] variable, increment/decrement by 1 using: [ ++variable ] to save gas [Warning/gas-increment-by-one]
/sb/Wallet_F.sol:128:9: GC: Use Custom Errors instead of require statements [Warning/gas-custom-errors]
/sb/Wallet_F.sol:128:17: GC: Non strict inequality found. Try converting to a strict one [Warning/gas-strict-inequalities]
/sb/Wallet_F.sol:129:9: GC: Use Custom Errors instead of require statements [Warning/gas-custom-errors]
/sb/Wallet_F.sol:136:52: GC: For [ i ] variable, increment/decrement by 1 using: [ ++variable ] to save gas [Warning/gas-increment-by-one]
/sb/Wallet_F.sol:142:9: GC: Use Custom Errors instead of require statements [Warning/gas-custom-errors]
/sb/Wallet_F.sol:143:9: GC: Use Custom Errors instead of require statements [Warning/gas-custom-errors]
/sb/Wallet_F.sol:154:9: GC: For [ requests ] variable, increment/decrement by 1 using: [ ++variable ] to save gas [Warning/gas-increment-by-one]
/sb/Wallet_F.sol:158:13: GC: Non strict inequality found. Try converting to a strict one [Warning/gas-strict-inequalities]
/sb/Wallet_F.sol:173:5: GC: [symbol] argument on Function [readRate] could be [calldata] if it's not being updated [Warning/gas-calldata-parameters]
/sb/Wallet_F.sol:179:9: GC: Use Custom Errors instead of require statements [Warning/gas-custom-errors]
/sb/Wallet_F.sol:190:5: GC: [symbol] argument on Function [_addOracle] could be [calldata] if it's not being updated [Warning/gas-calldata-parameters]
/sb/Wallet_F.sol:190:5: GC: [maintainer] argument on Function [_addOracle] could be [calldata] if it's not being updated [Warning/gas-calldata-parameters]
/sb/Wallet_F.sol:190:5: GC: [url] argument on Function [_addOracle] could be [calldata] if it's not being updated [Warning/gas-calldata-parameters]
/sb/Wallet_F.sol:210:5: GC: [symbol] argument on Function [_removeOracle] could be [calldata] if it's not being updated [Warning/gas-calldata-parameters]
/sb/Wallet_F.sol:216:52: GC: For [ i ] variable, increment/decrement by 1 using: [ ++variable ] to save gas [Warning/gas-increment-by-one]
/sb/Wallet_F.sol:236:9: GC: Use Custom Errors instead of require statements [Warning/gas-custom-errors]
/sb/Wallet_F.sol:236:17: GC: Non strict inequality found. Try converting to a strict one [Warning/gas-strict-inequalities]
/sb/Wallet_F.sol:248:5: GC: [symbol] argument on Function [isSupported] could be [calldata] if it's not being updated [Warning/gas-calldata-parameters]
/sb/Wallet_F.sol:263:1: Missing @author tag in contract 'Exchange' [Warning/use-natspec]
/sb/Wallet_F.sol:265:5: Missing @notice tag in event 'ExchangeExecuted' [Warning/use-natspec]
/sb/Wallet_F.sol:265:5: Missing @param tag in event 'ExchangeExecuted' [Warning/use-natspec]
/sb/Wallet_F.sol:265:5: Mismatch in @param names for event 'ExchangeExecuted'. Expected: [transactor, targetCurrency, value, exchangeRate, timestamp, bridgeCall], Found: [] [Warning/use-natspec]
/sb/Wallet_F.sol:265:5: GC: [value] on Event [ExchangeExecuted] could be Indexed [Warning/gas-indexed-events]
/sb/Wallet_F.sol:265:5: GC: [exchangeRate] on Event [ExchangeExecuted] could be Indexed [Warning/gas-indexed-events]
/sb/Wallet_F.sol:265:5: GC: [timestamp] on Event [ExchangeExecuted] could be Indexed [Warning/gas-indexed-events]
/sb/Wallet_F.sol:274:5: Missing @notice tag in event 'BridgeUpdated' [Warning/use-natspec]
/sb/Wallet_F.sol:274:5: Missing @param tag in event 'BridgeUpdated' [Warning/use-natspec]
/sb/Wallet_F.sol:274:5: Mismatch in @param names for event 'BridgeUpdated'. Expected: [newBridgeURL], Found: [] [Warning/use-natspec]
/sb/Wallet_F.sol:275:5: Missing @notice tag in event 'CurrencyAdded' [Warning/use-natspec]
/sb/Wallet_F.sol:275:5: Missing @param tag in event 'CurrencyAdded' [Warning/use-natspec]
/sb/Wallet_F.sol:275:5: Mismatch in @param names for event 'CurrencyAdded'. Expected: [symbol], Found: [] [Warning/use-natspec]
/sb/Wallet_F.sol:276:5: Missing @notice tag in event 'CurrencyRemoved' [Warning/use-natspec]
/sb/Wallet_F.sol:276:5: Missing @param tag in event 'CurrencyRemoved' [Warning/use-natspec]
/sb/Wallet_F.sol:276:5: Mismatch in @param names for event 'CurrencyRemoved'. Expected: [symbol], Found: [] [Warning/use-natspec]
/sb/Wallet_F.sol:279:5: Missing @notice tag in variable 'authorizedWallet' [Warning/use-natspec]
/sb/Wallet_F.sol:280:5: Missing @notice tag in variable 'oracleContract' [Warning/use-natspec]
/sb/Wallet_F.sol:281:5: Missing @notice tag in variable 'currencies' [Warning/use-natspec]
/sb/Wallet_F.sol:282:5: Missing @notice tag in variable 'bridgeURL' [Warning/use-natspec]
/sb/Wallet_F.sol:286:9: GC: Use Custom Errors instead of require statements [Warning/gas-custom-errors]
/sb/Wallet_F.sol:291:9: Error message for require is too long: 37 counted / 32 allowed [Warning/reason-string]
/sb/Wallet_F.sol:291:9: GC: String exceeds 32 bytes [Warning/gas-small-strings]
/sb/Wallet_F.sol:291:9: GC: Use Custom Errors instead of require statements [Warning/gas-custom-errors]
/sb/Wallet_F.sol:300:5: Explicitly mark visibility in function (Set ignoreConstructors to true if using solidity >=0.7.0) [Warning/func-visibility]
/sb/Wallet_F.sol:312:5: GC: [targetCurrency] argument on Function [exchange] could be [calldata] if it's not being updated [Warning/gas-calldata-parameters]
/sb/Wallet_F.sol:318:9: GC: Use Custom Errors instead of require statements [Warning/gas-custom-errors]
/sb/Wallet_F.sol:319:9: GC: Use Custom Errors instead of require statements [Warning/gas-custom-errors]
/sb/Wallet_F.sol:320:9: GC: Use Custom Errors instead of require statements [Warning/gas-custom-errors]
/sb/Wallet_F.sol:324:9: Error message for require is too long: 42 counted / 32 allowed [Warning/reason-string]
/sb/Wallet_F.sol:324:9: GC: String exceeds 32 bytes [Warning/gas-small-strings]
/sb/Wallet_F.sol:324:9: GC: Use Custom Errors instead of require statements [Warning/gas-custom-errors]
/sb/Wallet_F.sol:329:9: Error message for require is too long: 40 counted / 32 allowed [Warning/reason-string]
/sb/Wallet_F.sol:329:9: GC: String exceeds 32 bytes [Warning/gas-small-strings]
/sb/Wallet_F.sol:329:9: GC: Use Custom Errors instead of require statements [Warning/gas-custom-errors]
/sb/Wallet_F.sol:330:13: GC: Non strict inequality found. Try converting to a strict one [Warning/gas-strict-inequalities]
/sb/Wallet_F.sol:350:5: GC: [newBridgeURL] argument on Function [_updateBridge] could be [calldata] if it's not being updated [Warning/gas-calldata-parameters]
/sb/Wallet_F.sol:359:5: GC: [symbol] argument on Function [_addCurrency] could be [calldata] if it's not being updated [Warning/gas-calldata-parameters]
/sb/Wallet_F.sol:368:5: GC: [symbol] argument on Function [_removeCurrency] could be [calldata] if it's not being updated [Warning/gas-calldata-parameters]
/sb/Wallet_F.sol:378:5: GC: [symbol] argument on Function [isSupported] could be [calldata] if it's not being updated [Warning/gas-calldata-parameters]
/sb/Wallet_F.sol:393:1: Missing @author tag in contract 'Wallet' [Warning/use-natspec]
/sb/Wallet_F.sol:395:5: Missing @notice tag in event 'Deposited' [Warning/use-natspec]
/sb/Wallet_F.sol:395:5: Missing @param tag in event 'Deposited' [Warning/use-natspec]
/sb/Wallet_F.sol:395:5: Mismatch in @param names for event 'Deposited'. Expected: [user, amount], Found: [] [Warning/use-natspec]
/sb/Wallet_F.sol:395:5: GC: [amount] on Event [Deposited] could be Indexed [Warning/gas-indexed-events]
/sb/Wallet_F.sol:396:5: Missing @notice tag in event 'Transferred' [Warning/use-natspec]
/sb/Wallet_F.sol:396:5: Missing @param tag in event 'Transferred' [Warning/use-natspec]
/sb/Wallet_F.sol:396:5: Mismatch in @param names for event 'Transferred'. Expected: [from, to, amount], Found: [] [Warning/use-natspec]
/sb/Wallet_F.sol:396:5: GC: [amount] on Event [Transferred] could be Indexed [Warning/gas-indexed-events]
/sb/Wallet_F.sol:397:5: Missing @notice tag in event 'Exchanged' [Warning/use-natspec]
/sb/Wallet_F.sol:397:5: Missing @param tag in event 'Exchanged' [Warning/use-natspec]
/sb/Wallet_F.sol:397:5: Mismatch in @param names for event 'Exchanged'. Expected: [from, currency, amount], Found: [] [Warning/use-natspec]
/sb/Wallet_F.sol:397:5: GC: [amount] on Event [Exchanged] could be Indexed [Warning/gas-indexed-events]
/sb/Wallet_F.sol:398:5: Missing @notice tag in event 'Withdrawn' [Warning/use-natspec]
/sb/Wallet_F.sol:398:5: Missing @param tag in event 'Withdrawn' [Warning/use-natspec]
/sb/Wallet_F.sol:398:5: Mismatch in @param names for event 'Withdrawn'. Expected: [user, amount], Found: [] [Warning/use-natspec]
/sb/Wallet_F.sol:398:5: GC: [amount] on Event [Withdrawn] could be Indexed [Warning/gas-indexed-events]
/sb/Wallet_F.sol:399:5: Missing @notice tag in event 'Authorized' [Warning/use-natspec]
/sb/Wallet_F.sol:399:5: Missing @param tag in event 'Authorized' [Warning/use-natspec]
/sb/Wallet_F.sol:399:5: Mismatch in @param names for event 'Authorized'. Expected: [user, authorized, tier], Found: [] [Warning/use-natspec]
/sb/Wallet_F.sol:400:5: Missing @notice tag in event 'AuthorizationRevoked' [Warning/use-natspec]
/sb/Wallet_F.sol:400:5: Missing @param tag in event 'AuthorizationRevoked' [Warning/use-natspec]
/sb/Wallet_F.sol:400:5: Mismatch in @param names for event 'AuthorizationRevoked'. Expected: [user, revoked], Found: [] [Warning/use-natspec]
/sb/Wallet_F.sol:401:5: Missing @notice tag in event 'OwnershipTransferred' [Warning/use-natspec]
/sb/Wallet_F.sol:401:5: Missing @param tag in event 'OwnershipTransferred' [Warning/use-natspec]
/sb/Wallet_F.sol:401:5: Mismatch in @param names for event 'OwnershipTransferred'. Expected: [oldOwner, newOwner], Found: [] [Warning/use-natspec]
/sb/Wallet_F.sol:402:5: Missing @notice tag in event 'ContractAddressUpdated' [Warning/use-natspec]
/sb/Wallet_F.sol:402:5: Missing @param tag in event 'ContractAddressUpdated' [Warning/use-natspec]
/sb/Wallet_F.sol:402:5: Mismatch in @param names for event 'ContractAddressUpdated'. Expected: [contractType, newAddress], Found: [] [Warning/use-natspec]
/sb/Wallet_F.sol:402:5: GC: [newAddress] on Event [ContractAddressUpdated] could be Indexed [Warning/gas-indexed-events]
/sb/Wallet_F.sol:405:5: Missing @notice tag in variable 'owner' [Warning/use-natspec]
/sb/Wallet_F.sol:406:5: Missing @notice tag in variable 'oracleContract' [Warning/use-natspec]
/sb/Wallet_F.sol:407:5: Missing @notice tag in variable 'exchangeContract' [Warning/use-natspec]
/sb/Wallet_F.sol:412:5: Missing @notice tag in variable 'maximumRateDelay' [Warning/use-natspec]
/sb/Wallet_F.sol:413:5: Missing @notice tag in variable 'exchangeFee' [Warning/use-natspec]
/sb/Wallet_F.sol:423:9: GC: Use Custom Errors instead of require statements [Warning/gas-custom-errors]
/sb/Wallet_F.sol:428:9: Error message for require is too long: 35 counted / 32 allowed [Warning/reason-string]
/sb/Wallet_F.sol:428:9: GC: String exceeds 32 bytes [Warning/gas-small-strings]
/sb/Wallet_F.sol:428:9: GC: Use Custom Errors instead of require statements [Warning/gas-custom-errors]
/sb/Wallet_F.sol:437:5: Explicitly mark visibility in function (Set ignoreConstructors to true if using solidity >=0.7.0) [Warning/func-visibility]
/sb/Wallet_F.sol:440:9: GC: Use Custom Errors instead of require statements [Warning/gas-custom-errors]
/sb/Wallet_F.sol:440:17: GC: Non strict inequality found. Try converting to a strict one [Warning/gas-strict-inequalities]
/sb/Wallet_F.sol:460:9: GC: Use Custom Errors instead of require statements [Warning/gas-custom-errors]
/sb/Wallet_F.sol:460:17: GC: Non strict inequality found. Try converting to a strict one [Warning/gas-strict-inequalities]
/sb/Wallet_F.sol:474:9: GC: Use Custom Errors instead of require statements [Warning/gas-custom-errors]
/sb/Wallet_F.sol:474:17: GC: Non strict inequality found. Try converting to a strict one [Warning/gas-strict-inequalities]
/sb/Wallet_F.sol:478:9: GC: Use Custom Errors instead of require statements [Warning/gas-custom-errors]
/sb/Wallet_F.sol:491:5: GC: [targetCurrency] argument on Function [exchange] could be [calldata] if it's not being updated [Warning/gas-calldata-parameters]
/sb/Wallet_F.sol:496:9: GC: Use Custom Errors instead of require statements [Warning/gas-custom-errors]
/sb/Wallet_F.sol:496:17: GC: Non strict inequality found. Try converting to a strict one [Warning/gas-strict-inequalities]
/sb/Wallet_F.sol:500:9: GC: Use Custom Errors instead of require statements [Warning/gas-custom-errors]
/sb/Wallet_F.sol:525:9: GC: Use Custom Errors instead of require statements [Warning/gas-custom-errors]
/sb/Wallet_F.sol:525:17: GC: Non strict inequality found. Try converting to a strict one [Warning/gas-strict-inequalities]
/sb/Wallet_F.sol:529:9: GC: Use Custom Errors instead of require statements [Warning/gas-custom-errors]
/sb/Wallet_F.sol:544:9: Error message for require is too long: 34 counted / 32 allowed [Warning/reason-string]
/sb/Wallet_F.sol:544:9: GC: String exceeds 32 bytes [Warning/gas-small-strings]
/sb/Wallet_F.sol:544:9: GC: Use Custom Errors instead of require statements [Warning/gas-custom-errors]
/sb/Wallet_F.sol:549:9: GC: Use Custom Errors instead of require statements [Warning/gas-custom-errors]
/sb/Wallet_F.sol:549:17: GC: Non strict inequality found. Try converting to a strict one [Warning/gas-strict-inequalities]
/sb/Wallet_F.sol:565:9: Error message for require is too long: 34 counted / 32 allowed [Warning/reason-string]
/sb/Wallet_F.sol:565:9: GC: String exceeds 32 bytes [Warning/gas-small-strings]
/sb/Wallet_F.sol:565:9: GC: Use Custom Errors instead of require statements [Warning/gas-custom-errors]
/sb/Wallet_F.sol:570:9: GC: Use Custom Errors instead of require statements [Warning/gas-custom-errors]
/sb/Wallet_F.sol:570:17: GC: Non strict inequality found. Try converting to a strict one [Warning/gas-strict-inequalities]
/sb/Wallet_F.sol:574:9: GC: Use Custom Errors instead of require statements [Warning/gas-custom-errors]
/sb/Wallet_F.sol:586:5: GC: [targetCurrency] argument on Function [exchangeAUTH] could be [calldata] if it's not being updated [Warning/gas-calldata-parameters]
/sb/Wallet_F.sol:592:9: Error message for require is too long: 36 counted / 32 allowed [Warning/reason-string]
/sb/Wallet_F.sol:592:9: GC: String exceeds 32 bytes [Warning/gas-small-strings]
/sb/Wallet_F.sol:592:9: GC: Use Custom Errors instead of require statements [Warning/gas-custom-errors]
/sb/Wallet_F.sol:596:9: GC: Use Custom Errors instead of require statements [Warning/gas-custom-errors]
/sb/Wallet_F.sol:596:17: GC: Non strict inequality found. Try converting to a strict one [Warning/gas-strict-inequalities]
/sb/Wallet_F.sol:600:9: GC: Use Custom Errors instead of require statements [Warning/gas-custom-errors]
/sb/Wallet_F.sol:627:9: Error message for require is too long: 34 counted / 32 allowed [Warning/reason-string]
/sb/Wallet_F.sol:627:9: GC: String exceeds 32 bytes [Warning/gas-small-strings]
/sb/Wallet_F.sol:627:9: GC: Use Custom Errors instead of require statements [Warning/gas-custom-errors]
/sb/Wallet_F.sol:633:9: GC: Use Custom Errors instead of require statements [Warning/gas-custom-errors]
/sb/Wallet_F.sol:633:17: GC: Non strict inequality found. Try converting to a strict one [Warning/gas-strict-inequalities]
/sb/Wallet_F.sol:637:9: GC: Use Custom Errors instead of require statements [Warning/gas-custom-errors]
/sb/Wallet_F.sol:647:5: GC: [tier] argument on Function [authorize] could be [calldata] if it's not being updated [Warning/gas-calldata-parameters]
/sb/Wallet_F.sol:648:9: Error message for require is too long: 34 counted / 32 allowed [Warning/reason-string]
/sb/Wallet_F.sol:648:9: GC: String exceeds 32 bytes [Warning/gas-small-strings]
/sb/Wallet_F.sol:648:9: GC: Use Custom Errors instead of require statements [Warning/gas-custom-errors]
/sb/Wallet_F.sol:694:5: GC: [symbol] argument on Function [getExchangeAvailability] could be [calldata] if it's not being updated [Warning/gas-calldata-parameters]
/sb/Wallet_F.sol:704:5: GC: [symbol] argument on Function [getOracleAvailability] could be [calldata] if it's not being updated [Warning/gas-calldata-parameters]
/sb/Wallet_F.sol:715:5: GC: [symbol] argument on Function [getExchangeRate] could be [calldata] if it's not being updated [Warning/gas-calldata-parameters]
/sb/Wallet_F.sol:726:5: GC: [symbol] argument on Function [requestExchangeRate] could be [calldata] if it's not being updated [Warning/gas-calldata-parameters]
/sb/Wallet_F.sol:738:5: GC: [symbol] argument on Function [addOracle] could be [calldata] if it's not being updated [Warning/gas-calldata-parameters]
/sb/Wallet_F.sol:738:5: GC: [maintainer] argument on Function [addOracle] could be [calldata] if it's not being updated [Warning/gas-calldata-parameters]
/sb/Wallet_F.sol:738:5: GC: [url] argument on Function [addOracle] could be [calldata] if it's not being updated [Warning/gas-calldata-parameters]
/sb/Wallet_F.sol:753:5: GC: [symbol] argument on Function [removeOracle] could be [calldata] if it's not being updated [Warning/gas-calldata-parameters]
/sb/Wallet_F.sol:763:9: GC: Use Custom Errors instead of require statements [Warning/gas-custom-errors]
/sb/Wallet_F.sol:763:17: GC: Non strict inequality found. Try converting to a strict one [Warning/gas-strict-inequalities]
/sb/Wallet_F.sol:774:5: GC: [newBridgeURL] argument on Function [updateBridge] could be [calldata] if it's not being updated [Warning/gas-calldata-parameters]
/sb/Wallet_F.sol:783:5: GC: [symbol] argument on Function [addCurrency] could be [calldata] if it's not being updated [Warning/gas-calldata-parameters]
/sb/Wallet_F.sol:792:5: GC: [symbol] argument on Function [removeCurrency] could be [calldata] if it's not being updated [Warning/gas-calldata-parameters]
/sb/Wallet_F.sol:830:9: GC: Use Custom Errors instead of require statements [Warning/gas-custom-errors]
/sb/Wallet_F.sol:830:17: GC: Non strict inequality found. Try converting to a strict one [Warning/gas-strict-inequalities]
/sb/Wallet_F.sol:839:9: GC: Use Custom Errors instead of require statements [Warning/gas-custom-errors]
/sb/Wallet_F.sol:845:5: Missing @notice tag in function '<anonymous>' [Warning/use-natspec]
/sb/Wallet_F.sol:845:5: Fallback function must be simple [Warning/no-complex-fallback]

194 problem/s (194 warning/s)
