A new version of Solhint is available: 6.0.3
Please consider updating your Solhint package.
/sb/Consorcio_F.sol:8:1: Compiler version ^0.8.0 does not satisfy the ^0.8.24 semver requirement [Error/compiler-version]
/sb/Consorcio_F.sol:10:1: Missing @title tag in contract 'FinancialPoolManager' [Warning/use-natspec]
/sb/Consorcio_F.sol:10:1: Missing @author tag in contract 'FinancialPoolManager' [Warning/use-natspec]
/sb/Consorcio_F.sol:10:1: Missing @notice tag in contract 'FinancialPoolManager' [Warning/use-natspec]
/sb/Consorcio_F.sol:34:5: Missing @notice tag in variable 'currentId' [Warning/use-natspec]
/sb/Consorcio_F.sol:36:5: Missing @notice tag in event 'PoolCreated' [Warning/use-natspec]
/sb/Consorcio_F.sol:36:5: Missing @param tag in event 'PoolCreated' [Warning/use-natspec]
/sb/Consorcio_F.sol:36:5: Mismatch in @param names for event 'PoolCreated'. Expected: [poolId, owner, targetGood], Found: [] [Warning/use-natspec]
/sb/Consorcio_F.sol:36:5: GC: [poolId] on Event [PoolCreated] could be Indexed [Warning/gas-indexed-events]
/sb/Consorcio_F.sol:36:5: GC: [owner] on Event [PoolCreated] could be Indexed [Warning/gas-indexed-events]
/sb/Consorcio_F.sol:37:5: Missing @notice tag in event 'PoolActivated' [Warning/use-natspec]
/sb/Consorcio_F.sol:37:5: Missing @param tag in event 'PoolActivated' [Warning/use-natspec]
/sb/Consorcio_F.sol:37:5: Mismatch in @param names for event 'PoolActivated'. Expected: [poolId], Found: [] [Warning/use-natspec]
/sb/Consorcio_F.sol:37:5: GC: [poolId] on Event [PoolActivated] could be Indexed [Warning/gas-indexed-events]
/sb/Consorcio_F.sol:38:5: Missing @notice tag in event 'PoolDeleted' [Warning/use-natspec]
/sb/Consorcio_F.sol:38:5: Missing @param tag in event 'PoolDeleted' [Warning/use-natspec]
/sb/Consorcio_F.sol:38:5: Mismatch in @param names for event 'PoolDeleted'. Expected: [poolId], Found: [] [Warning/use-natspec]
/sb/Consorcio_F.sol:38:5: GC: [poolId] on Event [PoolDeleted] could be Indexed [Warning/gas-indexed-events]
/sb/Consorcio_F.sol:39:5: Missing @notice tag in event 'ParticipantJoined' [Warning/use-natspec]
/sb/Consorcio_F.sol:39:5: Missing @param tag in event 'ParticipantJoined' [Warning/use-natspec]
/sb/Consorcio_F.sol:39:5: Mismatch in @param names for event 'ParticipantJoined'. Expected: [poolId, participant], Found: [] [Warning/use-natspec]
/sb/Consorcio_F.sol:39:5: GC: [poolId] on Event [ParticipantJoined] could be Indexed [Warning/gas-indexed-events]
/sb/Consorcio_F.sol:39:5: GC: [participant] on Event [ParticipantJoined] could be Indexed [Warning/gas-indexed-events]
/sb/Consorcio_F.sol:40:5: Missing @notice tag in event 'ParticipantLeft' [Warning/use-natspec]
/sb/Consorcio_F.sol:40:5: Missing @param tag in event 'ParticipantLeft' [Warning/use-natspec]
/sb/Consorcio_F.sol:40:5: Mismatch in @param names for event 'ParticipantLeft'. Expected: [poolId, participant], Found: [] [Warning/use-natspec]
/sb/Consorcio_F.sol:40:5: GC: [poolId] on Event [ParticipantLeft] could be Indexed [Warning/gas-indexed-events]
/sb/Consorcio_F.sol:40:5: GC: [participant] on Event [ParticipantLeft] could be Indexed [Warning/gas-indexed-events]
/sb/Consorcio_F.sol:41:5: Missing @notice tag in event 'InstallmentPaid' [Warning/use-natspec]
/sb/Consorcio_F.sol:41:5: Missing @param tag in event 'InstallmentPaid' [Warning/use-natspec]
/sb/Consorcio_F.sol:41:5: Mismatch in @param names for event 'InstallmentPaid'. Expected: [poolId, participant, amount], Found: [] [Warning/use-natspec]
/sb/Consorcio_F.sol:41:5: GC: [poolId] on Event [InstallmentPaid] could be Indexed [Warning/gas-indexed-events]
/sb/Consorcio_F.sol:41:5: GC: [participant] on Event [InstallmentPaid] could be Indexed [Warning/gas-indexed-events]
/sb/Consorcio_F.sol:41:5: GC: [amount] on Event [InstallmentPaid] could be Indexed [Warning/gas-indexed-events]
/sb/Consorcio_F.sol:42:5: Missing @notice tag in event 'WinnerSelected' [Warning/use-natspec]
/sb/Consorcio_F.sol:42:5: Missing @param tag in event 'WinnerSelected' [Warning/use-natspec]
/sb/Consorcio_F.sol:42:5: Mismatch in @param names for event 'WinnerSelected'. Expected: [poolId, winner, amount], Found: [] [Warning/use-natspec]
/sb/Consorcio_F.sol:42:5: GC: [poolId] on Event [WinnerSelected] could be Indexed [Warning/gas-indexed-events]
/sb/Consorcio_F.sol:42:5: GC: [winner] on Event [WinnerSelected] could be Indexed [Warning/gas-indexed-events]
/sb/Consorcio_F.sol:42:5: GC: [amount] on Event [WinnerSelected] could be Indexed [Warning/gas-indexed-events]
/sb/Consorcio_F.sol:43:5: Missing @notice tag in event 'PoolFinished' [Warning/use-natspec]
/sb/Consorcio_F.sol:43:5: Missing @param tag in event 'PoolFinished' [Warning/use-natspec]
/sb/Consorcio_F.sol:43:5: Mismatch in @param names for event 'PoolFinished'. Expected: [poolId], Found: [] [Warning/use-natspec]
/sb/Consorcio_F.sol:43:5: GC: [poolId] on Event [PoolFinished] could be Indexed [Warning/gas-indexed-events]
/sb/Consorcio_F.sol:45:5: Missing @notice tag in function 'createPool' [Warning/use-natspec]
/sb/Consorcio_F.sol:45:5: Missing @param tag in function 'createPool' [Warning/use-natspec]
/sb/Consorcio_F.sol:45:5: Mismatch in @param names for function 'createPool'. Expected: [targetGood, goodValue, minParticipants, installments], Found: [] [Warning/use-natspec]
/sb/Consorcio_F.sol:45:5: Missing @return tag in function 'createPool' [Warning/use-natspec]
/sb/Consorcio_F.sol:45:5: Mismatch in @return count for function 'createPool'. Expected: 1, Found: 0 [Warning/use-natspec]
/sb/Consorcio_F.sol:51:9: Error message for require is too long: 43 counted / 32 allowed [Warning/reason-string]
/sb/Consorcio_F.sol:51:9: GC: String exceeds 32 bytes [Warning/gas-small-strings]
/sb/Consorcio_F.sol:51:9: GC: Use Custom Errors instead of require statements [Warning/gas-custom-errors]
/sb/Consorcio_F.sol:52:9: Error message for require is too long: 33 counted / 32 allowed [Warning/reason-string]
/sb/Consorcio_F.sol:52:9: GC: String exceeds 32 bytes [Warning/gas-small-strings]
/sb/Consorcio_F.sol:52:9: GC: Use Custom Errors instead of require statements [Warning/gas-custom-errors]
/sb/Consorcio_F.sol:53:9: Error message for require is too long: 35 counted / 32 allowed [Warning/reason-string]
/sb/Consorcio_F.sol:53:9: GC: String exceeds 32 bytes [Warning/gas-small-strings]
/sb/Consorcio_F.sol:53:9: GC: Use Custom Errors instead of require statements [Warning/gas-custom-errors]
/sb/Consorcio_F.sol:55:9: GC: For [ currentId ] variable, increment/decrement by 1 using: [ ++variable ] to save gas [Warning/gas-increment-by-one]
/sb/Consorcio_F.sol:68:5: Missing @notice tag in function 'activatePool' [Warning/use-natspec]
/sb/Consorcio_F.sol:68:5: Missing @param tag in function 'activatePool' [Warning/use-natspec]
/sb/Consorcio_F.sol:68:5: Mismatch in @param names for function 'activatePool'. Expected: [poolId], Found: [] [Warning/use-natspec]
/sb/Consorcio_F.sol:70:9: GC: Use Custom Errors instead of require statements [Warning/gas-custom-errors]
/sb/Consorcio_F.sol:70:17: GC: Non strict inequality found. Try converting to a strict one [Warning/gas-strict-inequalities]
/sb/Consorcio_F.sol:71:9: Error message for require is too long: 36 counted / 32 allowed [Warning/reason-string]
/sb/Consorcio_F.sol:71:9: GC: String exceeds 32 bytes [Warning/gas-small-strings]
/sb/Consorcio_F.sol:71:9: GC: Use Custom Errors instead of require statements [Warning/gas-custom-errors]
/sb/Consorcio_F.sol:72:9: Error message for require is too long: 44 counted / 32 allowed [Warning/reason-string]
/sb/Consorcio_F.sol:72:9: GC: String exceeds 32 bytes [Warning/gas-small-strings]
/sb/Consorcio_F.sol:72:9: GC: Use Custom Errors instead of require statements [Warning/gas-custom-errors]
/sb/Consorcio_F.sol:73:9: GC: Use Custom Errors instead of require statements [Warning/gas-custom-errors]
/sb/Consorcio_F.sol:73:17: GC: Non strict inequality found. Try converting to a strict one [Warning/gas-strict-inequalities]
/sb/Consorcio_F.sol:81:5: Missing @notice tag in function 'deletePool' [Warning/use-natspec]
/sb/Consorcio_F.sol:81:5: Missing @param tag in function 'deletePool' [Warning/use-natspec]
/sb/Consorcio_F.sol:81:5: Mismatch in @param names for function 'deletePool'. Expected: [poolId], Found: [] [Warning/use-natspec]
/sb/Consorcio_F.sol:83:9: GC: Use Custom Errors instead of require statements [Warning/gas-custom-errors]
/sb/Consorcio_F.sol:83:17: GC: Non strict inequality found. Try converting to a strict one [Warning/gas-strict-inequalities]
/sb/Consorcio_F.sol:84:9: Error message for require is too long: 34 counted / 32 allowed [Warning/reason-string]
/sb/Consorcio_F.sol:84:9: GC: String exceeds 32 bytes [Warning/gas-small-strings]
/sb/Consorcio_F.sol:84:9: GC: Use Custom Errors instead of require statements [Warning/gas-custom-errors]
/sb/Consorcio_F.sol:85:9: Error message for require is too long: 44 counted / 32 allowed [Warning/reason-string]
/sb/Consorcio_F.sol:85:9: GC: String exceeds 32 bytes [Warning/gas-small-strings]
/sb/Consorcio_F.sol:85:9: GC: Use Custom Errors instead of require statements [Warning/gas-custom-errors]
/sb/Consorcio_F.sol:92:5: Missing @notice tag in function 'participateInPool' [Warning/use-natspec]
/sb/Consorcio_F.sol:92:5: Missing @param tag in function 'participateInPool' [Warning/use-natspec]
/sb/Consorcio_F.sol:92:5: Mismatch in @param names for function 'participateInPool'. Expected: [poolId], Found: [] [Warning/use-natspec]
/sb/Consorcio_F.sol:94:9: GC: Use Custom Errors instead of require statements [Warning/gas-custom-errors]
/sb/Consorcio_F.sol:94:17: GC: Non strict inequality found. Try converting to a strict one [Warning/gas-strict-inequalities]
/sb/Consorcio_F.sol:95:9: Error message for require is too long: 34 counted / 32 allowed [Warning/reason-string]
/sb/Consorcio_F.sol:95:9: GC: String exceeds 32 bytes [Warning/gas-small-strings]
/sb/Consorcio_F.sol:95:9: GC: Use Custom Errors instead of require statements [Warning/gas-custom-errors]
/sb/Consorcio_F.sol:98:59: GC: For [ i ] variable, increment/decrement by 1 using: [ ++variable ] to save gas [Warning/gas-increment-by-one]
/sb/Consorcio_F.sol:100:17: GC: Use Custom Errors instead of revert statements [Warning/gas-custom-errors]
/sb/Consorcio_F.sol:105:9: GC: For [ pool ] variable, increment/decrement by 1 using: [ ++variable ] to save gas [Warning/gas-increment-by-one]
/sb/Consorcio_F.sol:115:5: Missing @notice tag in function 'leavePool' [Warning/use-natspec]
/sb/Consorcio_F.sol:115:5: Missing @param tag in function 'leavePool' [Warning/use-natspec]
/sb/Consorcio_F.sol:115:5: Mismatch in @param names for function 'leavePool'. Expected: [poolId], Found: [] [Warning/use-natspec]
/sb/Consorcio_F.sol:117:9: GC: Use Custom Errors instead of require statements [Warning/gas-custom-errors]
/sb/Consorcio_F.sol:117:17: GC: Non strict inequality found. Try converting to a strict one [Warning/gas-strict-inequalities]
/sb/Consorcio_F.sol:118:9: Error message for require is too long: 34 counted / 32 allowed [Warning/reason-string]
/sb/Consorcio_F.sol:118:9: GC: String exceeds 32 bytes [Warning/gas-small-strings]
/sb/Consorcio_F.sol:118:9: GC: Use Custom Errors instead of require statements [Warning/gas-custom-errors]
/sb/Consorcio_F.sol:122:59: GC: For [ i ] variable, increment/decrement by 1 using: [ ++variable ] to save gas [Warning/gas-increment-by-one]
/sb/Consorcio_F.sol:129:9: GC: Use Custom Errors instead of require statements [Warning/gas-custom-errors]
/sb/Consorcio_F.sol:136:9: GC: For [ pool ] variable, increment/decrement by 1 using: [ ++variable ] to save gas [Warning/gas-increment-by-one]
/sb/Consorcio_F.sol:144:5: Function body contains 64 lines but allowed no more than 50 lines [Warning/function-max-lines]
/sb/Consorcio_F.sol:144:5: Missing @notice tag in function 'payInstallment' [Warning/use-natspec]
/sb/Consorcio_F.sol:144:5: Missing @param tag in function 'payInstallment' [Warning/use-natspec]
/sb/Consorcio_F.sol:144:5: Mismatch in @param names for function 'payInstallment'. Expected: [poolId], Found: [] [Warning/use-natspec]
/sb/Consorcio_F.sol:146:9: GC: Use Custom Errors instead of require statements [Warning/gas-custom-errors]
/sb/Consorcio_F.sol:146:17: GC: Non strict inequality found. Try converting to a strict one [Warning/gas-strict-inequalities]
/sb/Consorcio_F.sol:147:9: GC: Use Custom Errors instead of require statements [Warning/gas-custom-errors]
/sb/Consorcio_F.sol:151:59: GC: For [ i ] variable, increment/decrement by 1 using: [ ++variable ] to save gas [Warning/gas-increment-by-one]
/sb/Consorcio_F.sol:157:9: GC: Use Custom Errors instead of require statements [Warning/gas-custom-errors]
/sb/Consorcio_F.sol:158:9: GC: Use Custom Errors instead of require statements [Warning/gas-custom-errors]
/sb/Consorcio_F.sol:163:9: GC: For [ pool ] variable, increment/decrement by 1 using: [ ++variable ] to save gas [Warning/gas-increment-by-one]
/sb/Consorcio_F.sol:167:13: GC: Non strict inequality found. Try converting to a strict one [Warning/gas-strict-inequalities]
/sb/Consorcio_F.sol:174:13: GC: Non strict inequality found. Try converting to a strict one [Warning/gas-strict-inequalities]
/sb/Consorcio_F.sol:177:63: GC: For [ i ] variable, increment/decrement by 1 using: [ ++variable ] to save gas [Warning/gas-increment-by-one]
/sb/Consorcio_F.sol:181:21: GC: For [ eligibleCount ] variable, increment/decrement by 1 using: [ ++variable ] to save gas [Warning/gas-increment-by-one]
/sb/Consorcio_F.sol:191:17: GC: For [ pool ] variable, increment/decrement by 1 using: [ ++variable ] to save gas [Warning/gas-increment-by-one]
/sb/Consorcio_F.sol:211:5: Missing @notice tag in function 'getPool' [Warning/use-natspec]
/sb/Consorcio_F.sol:211:5: Missing @param tag in function 'getPool' [Warning/use-natspec]
/sb/Consorcio_F.sol:211:5: Mismatch in @param names for function 'getPool'. Expected: [poolId], Found: [] [Warning/use-natspec]
/sb/Consorcio_F.sol:211:5: Missing @return tag in function 'getPool' [Warning/use-natspec]
/sb/Consorcio_F.sol:211:5: Mismatch in @return count for function 'getPool'. Expected: 9, Found: 0 [Warning/use-natspec]
/sb/Consorcio_F.sol:223:9: GC: Use Custom Errors instead of require statements [Warning/gas-custom-errors]
/sb/Consorcio_F.sol:223:17: GC: Non strict inequality found. Try converting to a strict one [Warning/gas-strict-inequalities]

128 problem/s (1 error/s, 127 warning/s)
