A new version of Solhint is available: 6.0.3
Please consider updating your Solhint package.
/sb/Cartorio_F.sol:10:1: Found more than One contract per file. 17 contracts found! [Warning/one-contract-per-file]
/sb/Cartorio_F.sol:10:1: Compiler version ^0.8.20 does not satisfy the ^0.8.24 semver requirement [Error/compiler-version]
/sb/Cartorio_F.sol:62:1: Missing @title tag in contract 'Initializable' [Warning/use-natspec]
/sb/Cartorio_F.sol:62:1: Missing @author tag in contract 'Initializable' [Warning/use-natspec]
/sb/Cartorio_F.sol:62:1: Missing @notice tag in contract 'Initializable' [Warning/use-natspec]
/sb/Cartorio_F.sol:98:5: Missing @notice tag in event 'Initialized' [Warning/use-natspec]
/sb/Cartorio_F.sol:98:5: Missing @param tag in event 'Initialized' [Warning/use-natspec]
/sb/Cartorio_F.sol:98:5: Mismatch in @param names for event 'Initialized'. Expected: [version], Found: [] [Warning/use-natspec]
/sb/Cartorio_F.sol:98:5: GC: [version] on Event [Initialized] could be Indexed [Warning/gas-indexed-events]
/sb/Cartorio_F.sol:162:32: GC: Non strict inequality found. Try converting to a strict one [Warning/gas-strict-inequalities]
/sb/Cartorio_F.sol:184:5: Missing @notice tag in function '_checkInitializing' [Warning/use-natspec]
/sb/Cartorio_F.sol:198:5: Missing @notice tag in function '_disableInitializers' [Warning/use-natspec]
/sb/Cartorio_F.sol:214:5: Missing @notice tag in function '_getInitializedVersion' [Warning/use-natspec]
/sb/Cartorio_F.sol:214:5: Missing @return tag in function '_getInitializedVersion' [Warning/use-natspec]
/sb/Cartorio_F.sol:214:5: Mismatch in @return count for function '_getInitializedVersion'. Expected: 1, Found: 0 [Warning/use-natspec]
/sb/Cartorio_F.sol:221:5: Missing @notice tag in function '_isInitializing' [Warning/use-natspec]
/sb/Cartorio_F.sol:221:5: Missing @return tag in function '_isInitializing' [Warning/use-natspec]
/sb/Cartorio_F.sol:221:5: Mismatch in @return count for function '_isInitializing'. Expected: 1, Found: 0 [Warning/use-natspec]
/sb/Cartorio_F.sol:230:5: Missing @notice tag in function '_initializableStorageSlot' [Warning/use-natspec]
/sb/Cartorio_F.sol:230:5: Missing @return tag in function '_initializableStorageSlot' [Warning/use-natspec]
/sb/Cartorio_F.sol:230:5: Mismatch in @return count for function '_initializableStorageSlot'. Expected: 1, Found: 0 [Warning/use-natspec]
/sb/Cartorio_F.sol:238:5: Missing @notice tag in function '_getInitializableStorage' [Warning/use-natspec]
/sb/Cartorio_F.sol:238:5: Missing @return tag in function '_getInitializableStorage' [Warning/use-natspec]
/sb/Cartorio_F.sol:238:5: Mismatch in @return names for function '_getInitializableStorage'. Expected: [$], Found: [] [Warning/use-natspec]
/sb/Cartorio_F.sol:240:9: Avoid to use inline assembly. It is acceptable only in rare cases [Warning/no-inline-assembly]
/sb/Cartorio_F.sol:252:1: Compiler version ^0.8.20 does not satisfy the ^0.8.24 semver requirement [Error/compiler-version]
/sb/Cartorio_F.sol:264:1: Missing @title tag in contract 'ContextUpgradeable' [Warning/use-natspec]
/sb/Cartorio_F.sol:264:1: Missing @author tag in contract 'ContextUpgradeable' [Warning/use-natspec]
/sb/Cartorio_F.sol:264:1: Missing @notice tag in contract 'ContextUpgradeable' [Warning/use-natspec]
/sb/Cartorio_F.sol:265:5: Missing @notice tag in function '__Context_init' [Warning/use-natspec]
/sb/Cartorio_F.sol:265:5: Function name must be in mixedCase [Warning/func-name-mixedcase]
/sb/Cartorio_F.sol:265:57: Code contains empty blocks [Warning/no-empty-blocks]
/sb/Cartorio_F.sol:268:5: Missing @notice tag in function '__Context_init_unchained' [Warning/use-natspec]
/sb/Cartorio_F.sol:268:5: Function name must be in mixedCase [Warning/func-name-mixedcase]
/sb/Cartorio_F.sol:268:67: Code contains empty blocks [Warning/no-empty-blocks]
/sb/Cartorio_F.sol:270:5: Missing @notice tag in function '_msgSender' [Warning/use-natspec]
/sb/Cartorio_F.sol:270:5: Missing @return tag in function '_msgSender' [Warning/use-natspec]
/sb/Cartorio_F.sol:270:5: Mismatch in @return count for function '_msgSender'. Expected: 1, Found: 0 [Warning/use-natspec]
/sb/Cartorio_F.sol:274:5: Missing @notice tag in function '_msgData' [Warning/use-natspec]
/sb/Cartorio_F.sol:274:5: Missing @return tag in function '_msgData' [Warning/use-natspec]
/sb/Cartorio_F.sol:274:5: Mismatch in @return count for function '_msgData'. Expected: 1, Found: 0 [Warning/use-natspec]
/sb/Cartorio_F.sol:278:5: Missing @notice tag in function '_contextSuffixLength' [Warning/use-natspec]
/sb/Cartorio_F.sol:278:5: Missing @return tag in function '_contextSuffixLength' [Warning/use-natspec]
/sb/Cartorio_F.sol:278:5: Mismatch in @return count for function '_contextSuffixLength'. Expected: 1, Found: 0 [Warning/use-natspec]
/sb/Cartorio_F.sol:289:1: Compiler version >=0.4.16 does not satisfy the ^0.8.24 semver requirement [Error/compiler-version]
/sb/Cartorio_F.sol:300:1: Missing @title tag in contract 'IERC165' [Warning/use-natspec]
/sb/Cartorio_F.sol:300:1: Missing @author tag in contract 'IERC165' [Warning/use-natspec]
/sb/Cartorio_F.sol:300:1: Missing @notice tag in contract 'IERC165' [Warning/use-natspec]
/sb/Cartorio_F.sol:309:5: Missing @notice tag in function 'supportsInterface' [Warning/use-natspec]
/sb/Cartorio_F.sol:309:5: Missing @param tag in function 'supportsInterface' [Warning/use-natspec]
/sb/Cartorio_F.sol:309:5: Mismatch in @param names for function 'supportsInterface'. Expected: [interfaceId], Found: [] [Warning/use-natspec]
/sb/Cartorio_F.sol:309:5: Missing @return tag in function 'supportsInterface' [Warning/use-natspec]
/sb/Cartorio_F.sol:309:5: Mismatch in @return count for function 'supportsInterface'. Expected: 1, Found: 0 [Warning/use-natspec]
/sb/Cartorio_F.sol:318:1: Compiler version ^0.8.20 does not satisfy the ^0.8.24 semver requirement [Error/compiler-version]
/sb/Cartorio_F.sol:333:1: Missing @title tag in contract 'ERC165Upgradeable' [Warning/use-natspec]
/sb/Cartorio_F.sol:333:1: Missing @author tag in contract 'ERC165Upgradeable' [Warning/use-natspec]
/sb/Cartorio_F.sol:333:1: Missing @notice tag in contract 'ERC165Upgradeable' [Warning/use-natspec]
/sb/Cartorio_F.sol:334:5: Missing @notice tag in function '__ERC165_init' [Warning/use-natspec]
/sb/Cartorio_F.sol:334:5: Function name must be in mixedCase [Warning/func-name-mixedcase]
/sb/Cartorio_F.sol:334:56: Code contains empty blocks [Warning/no-empty-blocks]
/sb/Cartorio_F.sol:337:5: Missing @notice tag in function '__ERC165_init_unchained' [Warning/use-natspec]
/sb/Cartorio_F.sol:337:5: Function name must be in mixedCase [Warning/func-name-mixedcase]
/sb/Cartorio_F.sol:337:66: Code contains empty blocks [Warning/no-empty-blocks]
/sb/Cartorio_F.sol:351:1: Compiler version >=0.8.4 does not satisfy the ^0.8.24 semver requirement [Error/compiler-version]
/sb/Cartorio_F.sol:356:1: Missing @title tag in contract 'IAccessControl' [Warning/use-natspec]
/sb/Cartorio_F.sol:356:1: Missing @author tag in contract 'IAccessControl' [Warning/use-natspec]
/sb/Cartorio_F.sol:356:1: Missing @notice tag in contract 'IAccessControl' [Warning/use-natspec]
/sb/Cartorio_F.sol:375:5: Missing @notice tag in event 'RoleAdminChanged' [Warning/use-natspec]
/sb/Cartorio_F.sol:375:5: Missing @param tag in event 'RoleAdminChanged' [Warning/use-natspec]
/sb/Cartorio_F.sol:375:5: Mismatch in @param names for event 'RoleAdminChanged'. Expected: [role, previousAdminRole, newAdminRole], Found: [] [Warning/use-natspec]
/sb/Cartorio_F.sol:383:5: Missing @notice tag in event 'RoleGranted' [Warning/use-natspec]
/sb/Cartorio_F.sol:383:5: Missing @param tag in event 'RoleGranted' [Warning/use-natspec]
/sb/Cartorio_F.sol:383:5: Mismatch in @param names for event 'RoleGranted'. Expected: [role, account, sender], Found: [] [Warning/use-natspec]
/sb/Cartorio_F.sol:392:5: Missing @notice tag in event 'RoleRevoked' [Warning/use-natspec]
/sb/Cartorio_F.sol:392:5: Missing @param tag in event 'RoleRevoked' [Warning/use-natspec]
/sb/Cartorio_F.sol:392:5: Mismatch in @param names for event 'RoleRevoked'. Expected: [role, account, sender], Found: [] [Warning/use-natspec]
/sb/Cartorio_F.sol:397:5: Missing @notice tag in function 'hasRole' [Warning/use-natspec]
/sb/Cartorio_F.sol:397:5: Missing @param tag in function 'hasRole' [Warning/use-natspec]
/sb/Cartorio_F.sol:397:5: Mismatch in @param names for function 'hasRole'. Expected: [role, account], Found: [] [Warning/use-natspec]
/sb/Cartorio_F.sol:397:5: Missing @return tag in function 'hasRole' [Warning/use-natspec]
/sb/Cartorio_F.sol:397:5: Mismatch in @return count for function 'hasRole'. Expected: 1, Found: 0 [Warning/use-natspec]
/sb/Cartorio_F.sol:405:5: Missing @notice tag in function 'getRoleAdmin' [Warning/use-natspec]
/sb/Cartorio_F.sol:405:5: Missing @param tag in function 'getRoleAdmin' [Warning/use-natspec]
/sb/Cartorio_F.sol:405:5: Mismatch in @param names for function 'getRoleAdmin'. Expected: [role], Found: [] [Warning/use-natspec]
/sb/Cartorio_F.sol:405:5: Missing @return tag in function 'getRoleAdmin' [Warning/use-natspec]
/sb/Cartorio_F.sol:405:5: Mismatch in @return count for function 'getRoleAdmin'. Expected: 1, Found: 0 [Warning/use-natspec]
/sb/Cartorio_F.sol:417:5: Missing @notice tag in function 'grantRole' [Warning/use-natspec]
/sb/Cartorio_F.sol:417:5: Missing @param tag in function 'grantRole' [Warning/use-natspec]
/sb/Cartorio_F.sol:417:5: Mismatch in @param names for function 'grantRole'. Expected: [role, account], Found: [] [Warning/use-natspec]
/sb/Cartorio_F.sol:428:5: Missing @notice tag in function 'revokeRole' [Warning/use-natspec]
/sb/Cartorio_F.sol:428:5: Missing @param tag in function 'revokeRole' [Warning/use-natspec]
/sb/Cartorio_F.sol:428:5: Mismatch in @param names for function 'revokeRole'. Expected: [role, account], Found: [] [Warning/use-natspec]
/sb/Cartorio_F.sol:444:5: Missing @notice tag in function 'renounceRole' [Warning/use-natspec]
/sb/Cartorio_F.sol:444:5: Missing @param tag in function 'renounceRole' [Warning/use-natspec]
/sb/Cartorio_F.sol:444:5: Mismatch in @param names for function 'renounceRole'. Expected: [role, callerConfirmation], Found: [] [Warning/use-natspec]
/sb/Cartorio_F.sol:453:1: Compiler version ^0.8.20 does not satisfy the ^0.8.24 semver requirement [Error/compiler-version]
/sb/Cartorio_F.sol:498:1: Missing @title tag in contract 'AccessControlUpgradeable' [Warning/use-natspec]
/sb/Cartorio_F.sol:498:1: Missing @author tag in contract 'AccessControlUpgradeable' [Warning/use-natspec]
/sb/Cartorio_F.sol:498:1: Missing @notice tag in contract 'AccessControlUpgradeable' [Warning/use-natspec]
/sb/Cartorio_F.sol:504:5: Missing @notice tag in variable 'DEFAULT_ADMIN_ROLE' [Warning/use-natspec]
/sb/Cartorio_F.sol:513:5: Constant name must be in capitalized SNAKE_CASE [Warning/const-name-snakecase]
/sb/Cartorio_F.sol:515:5: Missing @notice tag in function '_getAccessControlStorage' [Warning/use-natspec]
/sb/Cartorio_F.sol:515:5: Missing @return tag in function '_getAccessControlStorage' [Warning/use-natspec]
/sb/Cartorio_F.sol:515:5: Mismatch in @return names for function '_getAccessControlStorage'. Expected: [$], Found: [] [Warning/use-natspec]
/sb/Cartorio_F.sol:516:9: Avoid to use inline assembly. It is acceptable only in rare cases [Warning/no-inline-assembly]
/sb/Cartorio_F.sol:530:5: Missing @notice tag in function '__AccessControl_init' [Warning/use-natspec]
/sb/Cartorio_F.sol:530:5: Function name must be in mixedCase [Warning/func-name-mixedcase]
/sb/Cartorio_F.sol:530:63: Code contains empty blocks [Warning/no-empty-blocks]
/sb/Cartorio_F.sol:533:5: Missing @notice tag in function '__AccessControl_init_unchained' [Warning/use-natspec]
/sb/Cartorio_F.sol:533:5: Function name must be in mixedCase [Warning/func-name-mixedcase]
/sb/Cartorio_F.sol:533:73: Code contains empty blocks [Warning/no-empty-blocks]
/sb/Cartorio_F.sol:543:5: Missing @notice tag in function 'hasRole' [Warning/use-natspec]
/sb/Cartorio_F.sol:543:5: Missing @param tag in function 'hasRole' [Warning/use-natspec]
/sb/Cartorio_F.sol:543:5: Mismatch in @param names for function 'hasRole'. Expected: [role, account], Found: [] [Warning/use-natspec]
/sb/Cartorio_F.sol:543:5: Missing @return tag in function 'hasRole' [Warning/use-natspec]
/sb/Cartorio_F.sol:543:5: Mismatch in @return count for function 'hasRole'. Expected: 1, Found: 0 [Warning/use-natspec]
/sb/Cartorio_F.sol:552:5: Missing @notice tag in function '_checkRole' [Warning/use-natspec]
/sb/Cartorio_F.sol:552:5: Missing @param tag in function '_checkRole' [Warning/use-natspec]
/sb/Cartorio_F.sol:552:5: Mismatch in @param names for function '_checkRole'. Expected: [role], Found: [] [Warning/use-natspec]
/sb/Cartorio_F.sol:560:5: Missing @notice tag in function '_checkRole' [Warning/use-natspec]
/sb/Cartorio_F.sol:560:5: Missing @param tag in function '_checkRole' [Warning/use-natspec]
/sb/Cartorio_F.sol:560:5: Mismatch in @param names for function '_checkRole'. Expected: [role, account], Found: [] [Warning/use-natspec]
/sb/Cartorio_F.sol:572:5: Missing @notice tag in function 'getRoleAdmin' [Warning/use-natspec]
/sb/Cartorio_F.sol:572:5: Missing @param tag in function 'getRoleAdmin' [Warning/use-natspec]
/sb/Cartorio_F.sol:572:5: Mismatch in @param names for function 'getRoleAdmin'. Expected: [role], Found: [] [Warning/use-natspec]
/sb/Cartorio_F.sol:572:5: Missing @return tag in function 'getRoleAdmin' [Warning/use-natspec]
/sb/Cartorio_F.sol:572:5: Mismatch in @return count for function 'getRoleAdmin'. Expected: 1, Found: 0 [Warning/use-natspec]
/sb/Cartorio_F.sol:589:5: Missing @notice tag in function 'grantRole' [Warning/use-natspec]
/sb/Cartorio_F.sol:589:5: Missing @param tag in function 'grantRole' [Warning/use-natspec]
/sb/Cartorio_F.sol:589:5: Mismatch in @param names for function 'grantRole'. Expected: [role, account], Found: [] [Warning/use-natspec]
/sb/Cartorio_F.sol:604:5: Missing @notice tag in function 'revokeRole' [Warning/use-natspec]
/sb/Cartorio_F.sol:604:5: Missing @param tag in function 'revokeRole' [Warning/use-natspec]
/sb/Cartorio_F.sol:604:5: Mismatch in @param names for function 'revokeRole'. Expected: [role, account], Found: [] [Warning/use-natspec]
/sb/Cartorio_F.sol:624:5: Missing @notice tag in function 'renounceRole' [Warning/use-natspec]
/sb/Cartorio_F.sol:624:5: Missing @param tag in function 'renounceRole' [Warning/use-natspec]
/sb/Cartorio_F.sol:624:5: Mismatch in @param names for function 'renounceRole'. Expected: [role, callerConfirmation], Found: [] [Warning/use-natspec]
/sb/Cartorio_F.sol:637:5: Missing @notice tag in function '_setRoleAdmin' [Warning/use-natspec]
/sb/Cartorio_F.sol:637:5: Missing @param tag in function '_setRoleAdmin' [Warning/use-natspec]
/sb/Cartorio_F.sol:637:5: Mismatch in @param names for function '_setRoleAdmin'. Expected: [role, adminRole], Found: [] [Warning/use-natspec]
/sb/Cartorio_F.sol:651:5: Missing @notice tag in function '_grantRole' [Warning/use-natspec]
/sb/Cartorio_F.sol:651:5: Missing @param tag in function '_grantRole' [Warning/use-natspec]
/sb/Cartorio_F.sol:651:5: Mismatch in @param names for function '_grantRole'. Expected: [role, account], Found: [] [Warning/use-natspec]
/sb/Cartorio_F.sol:651:5: Missing @return tag in function '_grantRole' [Warning/use-natspec]
/sb/Cartorio_F.sol:651:5: Mismatch in @return count for function '_grantRole'. Expected: 1, Found: 0 [Warning/use-natspec]
/sb/Cartorio_F.sol:669:5: Missing @notice tag in function '_revokeRole' [Warning/use-natspec]
/sb/Cartorio_F.sol:669:5: Missing @param tag in function '_revokeRole' [Warning/use-natspec]
/sb/Cartorio_F.sol:669:5: Mismatch in @param names for function '_revokeRole'. Expected: [role, account], Found: [] [Warning/use-natspec]
/sb/Cartorio_F.sol:669:5: Missing @return tag in function '_revokeRole' [Warning/use-natspec]
/sb/Cartorio_F.sol:669:5: Mismatch in @return count for function '_revokeRole'. Expected: 1, Found: 0 [Warning/use-natspec]
/sb/Cartorio_F.sol:686:1: Compiler version >=0.8.4 does not satisfy the ^0.8.24 semver requirement [Error/compiler-version]
/sb/Cartorio_F.sol:692:1: Missing @title tag in contract 'IERC20Errors' [Warning/use-natspec]
/sb/Cartorio_F.sol:692:1: Missing @author tag in contract 'IERC20Errors' [Warning/use-natspec]
/sb/Cartorio_F.sol:692:1: Missing @notice tag in contract 'IERC20Errors' [Warning/use-natspec]
/sb/Cartorio_F.sol:738:1: Missing @title tag in contract 'IERC721Errors' [Warning/use-natspec]
/sb/Cartorio_F.sol:738:1: Missing @author tag in contract 'IERC721Errors' [Warning/use-natspec]
/sb/Cartorio_F.sol:738:1: Missing @notice tag in contract 'IERC721Errors' [Warning/use-natspec]
/sb/Cartorio_F.sol:796:1: Missing @title tag in contract 'IERC1155Errors' [Warning/use-natspec]
/sb/Cartorio_F.sol:796:1: Missing @author tag in contract 'IERC1155Errors' [Warning/use-natspec]
/sb/Cartorio_F.sol:796:1: Missing @notice tag in contract 'IERC1155Errors' [Warning/use-natspec]
/sb/Cartorio_F.sol:852:1: Compiler version >=0.6.2 does not satisfy the ^0.8.24 semver requirement [Error/compiler-version]
/sb/Cartorio_F.sol:857:1: Missing @title tag in contract 'IERC721' [Warning/use-natspec]
/sb/Cartorio_F.sol:857:1: Missing @author tag in contract 'IERC721' [Warning/use-natspec]
/sb/Cartorio_F.sol:857:1: Missing @notice tag in contract 'IERC721' [Warning/use-natspec]
/sb/Cartorio_F.sol:861:5: Missing @notice tag in event 'Transfer' [Warning/use-natspec]
/sb/Cartorio_F.sol:861:5: Missing @param tag in event 'Transfer' [Warning/use-natspec]
/sb/Cartorio_F.sol:861:5: Mismatch in @param names for event 'Transfer'. Expected: [from, to, tokenId], Found: [] [Warning/use-natspec]
/sb/Cartorio_F.sol:866:5: Missing @notice tag in event 'Approval' [Warning/use-natspec]
/sb/Cartorio_F.sol:866:5: Missing @param tag in event 'Approval' [Warning/use-natspec]
/sb/Cartorio_F.sol:866:5: Mismatch in @param names for event 'Approval'. Expected: [owner, approved, tokenId], Found: [] [Warning/use-natspec]
/sb/Cartorio_F.sol:871:5: Missing @notice tag in event 'ApprovalForAll' [Warning/use-natspec]
/sb/Cartorio_F.sol:871:5: Missing @param tag in event 'ApprovalForAll' [Warning/use-natspec]
/sb/Cartorio_F.sol:871:5: Mismatch in @param names for event 'ApprovalForAll'. Expected: [owner, operator, approved], Found: [] [Warning/use-natspec]
/sb/Cartorio_F.sol:871:5: GC: [approved] on Event [ApprovalForAll] could be Indexed [Warning/gas-indexed-events]
/sb/Cartorio_F.sol:876:5: Missing @notice tag in function 'balanceOf' [Warning/use-natspec]
/sb/Cartorio_F.sol:876:5: Missing @param tag in function 'balanceOf' [Warning/use-natspec]
/sb/Cartorio_F.sol:876:5: Mismatch in @param names for function 'balanceOf'. Expected: [owner], Found: [] [Warning/use-natspec]
/sb/Cartorio_F.sol:876:5: Missing @return tag in function 'balanceOf' [Warning/use-natspec]
/sb/Cartorio_F.sol:876:5: Mismatch in @return names for function 'balanceOf'. Expected: [balance], Found: [] [Warning/use-natspec]
/sb/Cartorio_F.sol:885:5: Missing @notice tag in function 'ownerOf' [Warning/use-natspec]
/sb/Cartorio_F.sol:885:5: Missing @param tag in function 'ownerOf' [Warning/use-natspec]
/sb/Cartorio_F.sol:885:5: Mismatch in @param names for function 'ownerOf'. Expected: [tokenId], Found: [] [Warning/use-natspec]
/sb/Cartorio_F.sol:885:5: Missing @return tag in function 'ownerOf' [Warning/use-natspec]
/sb/Cartorio_F.sol:885:5: Mismatch in @return names for function 'ownerOf'. Expected: [owner], Found: [] [Warning/use-natspec]
/sb/Cartorio_F.sol:901:5: Missing @notice tag in function 'safeTransferFrom' [Warning/use-natspec]
/sb/Cartorio_F.sol:901:5: Missing @param tag in function 'safeTransferFrom' [Warning/use-natspec]
/sb/Cartorio_F.sol:901:5: Mismatch in @param names for function 'safeTransferFrom'. Expected: [from, to, tokenId, data], Found: [] [Warning/use-natspec]
/sb/Cartorio_F.sol:919:5: Missing @notice tag in function 'safeTransferFrom' [Warning/use-natspec]
/sb/Cartorio_F.sol:919:5: Missing @param tag in function 'safeTransferFrom' [Warning/use-natspec]
/sb/Cartorio_F.sol:919:5: Mismatch in @param names for function 'safeTransferFrom'. Expected: [from, to, tokenId], Found: [] [Warning/use-natspec]
/sb/Cartorio_F.sol:937:5: Missing @notice tag in function 'transferFrom' [Warning/use-natspec]
/sb/Cartorio_F.sol:937:5: Missing @param tag in function 'transferFrom' [Warning/use-natspec]
/sb/Cartorio_F.sol:937:5: Mismatch in @param names for function 'transferFrom'. Expected: [from, to, tokenId], Found: [] [Warning/use-natspec]
/sb/Cartorio_F.sol:952:5: Missing @notice tag in function 'approve' [Warning/use-natspec]
/sb/Cartorio_F.sol:952:5: Missing @param tag in function 'approve' [Warning/use-natspec]
/sb/Cartorio_F.sol:952:5: Mismatch in @param names for function 'approve'. Expected: [to, tokenId], Found: [] [Warning/use-natspec]
/sb/Cartorio_F.sol:964:5: Missing @notice tag in function 'setApprovalForAll' [Warning/use-natspec]
/sb/Cartorio_F.sol:964:5: Missing @param tag in function 'setApprovalForAll' [Warning/use-natspec]
/sb/Cartorio_F.sol:964:5: Mismatch in @param names for function 'setApprovalForAll'. Expected: [operator, approved], Found: [] [Warning/use-natspec]
/sb/Cartorio_F.sol:973:5: Missing @notice tag in function 'getApproved' [Warning/use-natspec]
/sb/Cartorio_F.sol:973:5: Missing @param tag in function 'getApproved' [Warning/use-natspec]
/sb/Cartorio_F.sol:973:5: Mismatch in @param names for function 'getApproved'. Expected: [tokenId], Found: [] [Warning/use-natspec]
/sb/Cartorio_F.sol:973:5: Missing @return tag in function 'getApproved' [Warning/use-natspec]
/sb/Cartorio_F.sol:973:5: Mismatch in @return names for function 'getApproved'. Expected: [operator], Found: [] [Warning/use-natspec]
/sb/Cartorio_F.sol:980:5: Missing @notice tag in function 'isApprovedForAll' [Warning/use-natspec]
/sb/Cartorio_F.sol:980:5: Missing @param tag in function 'isApprovedForAll' [Warning/use-natspec]
/sb/Cartorio_F.sol:980:5: Mismatch in @param names for function 'isApprovedForAll'. Expected: [owner, operator], Found: [] [Warning/use-natspec]
/sb/Cartorio_F.sol:980:5: Missing @return tag in function 'isApprovedForAll' [Warning/use-natspec]
/sb/Cartorio_F.sol:980:5: Mismatch in @return count for function 'isApprovedForAll'. Expected: 1, Found: 0 [Warning/use-natspec]
/sb/Cartorio_F.sol:989:1: Compiler version >=0.6.2 does not satisfy the ^0.8.24 semver requirement [Error/compiler-version]
/sb/Cartorio_F.sol:995:1: Missing @author tag in contract 'IERC721Metadata' [Warning/use-natspec]
/sb/Cartorio_F.sol:995:1: Missing @notice tag in contract 'IERC721Metadata' [Warning/use-natspec]
/sb/Cartorio_F.sol:999:5: Missing @notice tag in function 'name' [Warning/use-natspec]
/sb/Cartorio_F.sol:999:5: Missing @return tag in function 'name' [Warning/use-natspec]
/sb/Cartorio_F.sol:999:5: Mismatch in @return count for function 'name'. Expected: 1, Found: 0 [Warning/use-natspec]
/sb/Cartorio_F.sol:1004:5: Missing @notice tag in function 'symbol' [Warning/use-natspec]
/sb/Cartorio_F.sol:1004:5: Missing @return tag in function 'symbol' [Warning/use-natspec]
/sb/Cartorio_F.sol:1004:5: Mismatch in @return count for function 'symbol'. Expected: 1, Found: 0 [Warning/use-natspec]
/sb/Cartorio_F.sol:1009:5: Missing @notice tag in function 'tokenURI' [Warning/use-natspec]
/sb/Cartorio_F.sol:1009:5: Missing @param tag in function 'tokenURI' [Warning/use-natspec]
/sb/Cartorio_F.sol:1009:5: Mismatch in @param names for function 'tokenURI'. Expected: [tokenId], Found: [] [Warning/use-natspec]
/sb/Cartorio_F.sol:1009:5: Missing @return tag in function 'tokenURI' [Warning/use-natspec]
/sb/Cartorio_F.sol:1009:5: Mismatch in @return count for function 'tokenURI'. Expected: 1, Found: 0 [Warning/use-natspec]
/sb/Cartorio_F.sol:1018:1: Compiler version >=0.5.0 does not satisfy the ^0.8.24 semver requirement [Error/compiler-version]
/sb/Cartorio_F.sol:1025:1: Missing @author tag in contract 'IERC721Receiver' [Warning/use-natspec]
/sb/Cartorio_F.sol:1025:1: Missing @notice tag in contract 'IERC721Receiver' [Warning/use-natspec]
/sb/Cartorio_F.sol:1036:5: Missing @notice tag in function 'onERC721Received' [Warning/use-natspec]
/sb/Cartorio_F.sol:1036:5: Missing @param tag in function 'onERC721Received' [Warning/use-natspec]
/sb/Cartorio_F.sol:1036:5: Mismatch in @param names for function 'onERC721Received'. Expected: [operator, from, tokenId, data], Found: [] [Warning/use-natspec]
/sb/Cartorio_F.sol:1036:5: Missing @return tag in function 'onERC721Received' [Warning/use-natspec]
/sb/Cartorio_F.sol:1036:5: Mismatch in @return count for function 'onERC721Received'. Expected: 1, Found: 0 [Warning/use-natspec]
/sb/Cartorio_F.sol:1050:1: Compiler version ^0.8.20 does not satisfy the ^0.8.24 semver requirement [Error/compiler-version]
/sb/Cartorio_F.sol:1060:1: Missing @title tag in contract 'ERC721Utils' [Warning/use-natspec]
/sb/Cartorio_F.sol:1060:1: Missing @author tag in contract 'ERC721Utils' [Warning/use-natspec]
/sb/Cartorio_F.sol:1060:1: Missing @notice tag in contract 'ERC721Utils' [Warning/use-natspec]
/sb/Cartorio_F.sol:1069:5: Missing @notice tag in function 'checkOnERC721Received' [Warning/use-natspec]
/sb/Cartorio_F.sol:1069:5: Missing @param tag in function 'checkOnERC721Received' [Warning/use-natspec]
/sb/Cartorio_F.sol:1069:5: Mismatch in @param names for function 'checkOnERC721Received'. Expected: [operator, from, to, tokenId, data], Found: [] [Warning/use-natspec]
/sb/Cartorio_F.sol:1087:21: Avoid to use inline assembly. It is acceptable only in rare cases [Warning/no-inline-assembly]
/sb/Cartorio_F.sol:1103:1: Compiler version ^0.8.20 does not satisfy the ^0.8.24 semver requirement [Error/compiler-version]
/sb/Cartorio_F.sol:1117:1: Missing @title tag in contract 'SafeCast' [Warning/use-natspec]
/sb/Cartorio_F.sol:1117:1: Missing @author tag in contract 'SafeCast' [Warning/use-natspec]
/sb/Cartorio_F.sol:1117:1: Missing @notice tag in contract 'SafeCast' [Warning/use-natspec]
/sb/Cartorio_F.sol:1148:5: Missing @notice tag in function 'toUint248' [Warning/use-natspec]
/sb/Cartorio_F.sol:1148:5: Missing @param tag in function 'toUint248' [Warning/use-natspec]
/sb/Cartorio_F.sol:1148:5: Mismatch in @param names for function 'toUint248'. Expected: [value], Found: [] [Warning/use-natspec]
/sb/Cartorio_F.sol:1148:5: Missing @return tag in function 'toUint248' [Warning/use-natspec]
/sb/Cartorio_F.sol:1148:5: Mismatch in @return count for function 'toUint248'. Expected: 1, Found: 0 [Warning/use-natspec]
/sb/Cartorio_F.sol:1165:5: Missing @notice tag in function 'toUint240' [Warning/use-natspec]
/sb/Cartorio_F.sol:1165:5: Missing @param tag in function 'toUint240' [Warning/use-natspec]
/sb/Cartorio_F.sol:1165:5: Mismatch in @param names for function 'toUint240'. Expected: [value], Found: [] [Warning/use-natspec]
/sb/Cartorio_F.sol:1165:5: Missing @return tag in function 'toUint240' [Warning/use-natspec]
/sb/Cartorio_F.sol:1165:5: Mismatch in @return count for function 'toUint240'. Expected: 1, Found: 0 [Warning/use-natspec]
/sb/Cartorio_F.sol:1182:5: Missing @notice tag in function 'toUint232' [Warning/use-natspec]
/sb/Cartorio_F.sol:1182:5: Missing @param tag in function 'toUint232' [Warning/use-natspec]
/sb/Cartorio_F.sol:1182:5: Mismatch in @param names for function 'toUint232'. Expected: [value], Found: [] [Warning/use-natspec]
/sb/Cartorio_F.sol:1182:5: Missing @return tag in function 'toUint232' [Warning/use-natspec]
/sb/Cartorio_F.sol:1182:5: Mismatch in @return count for function 'toUint232'. Expected: 1, Found: 0 [Warning/use-natspec]
/sb/Cartorio_F.sol:1199:5: Missing @notice tag in function 'toUint224' [Warning/use-natspec]
/sb/Cartorio_F.sol:1199:5: Missing @param tag in function 'toUint224' [Warning/use-natspec]
/sb/Cartorio_F.sol:1199:5: Mismatch in @param names for function 'toUint224'. Expected: [value], Found: [] [Warning/use-natspec]
/sb/Cartorio_F.sol:1199:5: Missing @return tag in function 'toUint224' [Warning/use-natspec]
/sb/Cartorio_F.sol:1199:5: Mismatch in @return count for function 'toUint224'. Expected: 1, Found: 0 [Warning/use-natspec]
/sb/Cartorio_F.sol:1216:5: Missing @notice tag in function 'toUint216' [Warning/use-natspec]
/sb/Cartorio_F.sol:1216:5: Missing @param tag in function 'toUint216' [Warning/use-natspec]
/sb/Cartorio_F.sol:1216:5: Mismatch in @param names for function 'toUint216'. Expected: [value], Found: [] [Warning/use-natspec]
/sb/Cartorio_F.sol:1216:5: Missing @return tag in function 'toUint216' [Warning/use-natspec]
/sb/Cartorio_F.sol:1216:5: Mismatch in @return count for function 'toUint216'. Expected: 1, Found: 0 [Warning/use-natspec]
/sb/Cartorio_F.sol:1233:5: Missing @notice tag in function 'toUint208' [Warning/use-natspec]
/sb/Cartorio_F.sol:1233:5: Missing @param tag in function 'toUint208' [Warning/use-natspec]
/sb/Cartorio_F.sol:1233:5: Mismatch in @param names for function 'toUint208'. Expected: [value], Found: [] [Warning/use-natspec]
/sb/Cartorio_F.sol:1233:5: Missing @return tag in function 'toUint208' [Warning/use-natspec]
/sb/Cartorio_F.sol:1233:5: Mismatch in @return count for function 'toUint208'. Expected: 1, Found: 0 [Warning/use-natspec]
/sb/Cartorio_F.sol:1250:5: Missing @notice tag in function 'toUint200' [Warning/use-natspec]
/sb/Cartorio_F.sol:1250:5: Missing @param tag in function 'toUint200' [Warning/use-natspec]
/sb/Cartorio_F.sol:1250:5: Mismatch in @param names for function 'toUint200'. Expected: [value], Found: [] [Warning/use-natspec]
/sb/Cartorio_F.sol:1250:5: Missing @return tag in function 'toUint200' [Warning/use-natspec]
/sb/Cartorio_F.sol:1250:5: Mismatch in @return count for function 'toUint200'. Expected: 1, Found: 0 [Warning/use-natspec]
/sb/Cartorio_F.sol:1267:5: Missing @notice tag in function 'toUint192' [Warning/use-natspec]
/sb/Cartorio_F.sol:1267:5: Missing @param tag in function 'toUint192' [Warning/use-natspec]
/sb/Cartorio_F.sol:1267:5: Mismatch in @param names for function 'toUint192'. Expected: [value], Found: [] [Warning/use-natspec]
/sb/Cartorio_F.sol:1267:5: Missing @return tag in function 'toUint192' [Warning/use-natspec]
/sb/Cartorio_F.sol:1267:5: Mismatch in @return count for function 'toUint192'. Expected: 1, Found: 0 [Warning/use-natspec]
/sb/Cartorio_F.sol:1284:5: Missing @notice tag in function 'toUint184' [Warning/use-natspec]
/sb/Cartorio_F.sol:1284:5: Missing @param tag in function 'toUint184' [Warning/use-natspec]
/sb/Cartorio_F.sol:1284:5: Mismatch in @param names for function 'toUint184'. Expected: [value], Found: [] [Warning/use-natspec]
/sb/Cartorio_F.sol:1284:5: Missing @return tag in function 'toUint184' [Warning/use-natspec]
/sb/Cartorio_F.sol:1284:5: Mismatch in @return count for function 'toUint184'. Expected: 1, Found: 0 [Warning/use-natspec]
/sb/Cartorio_F.sol:1301:5: Missing @notice tag in function 'toUint176' [Warning/use-natspec]
/sb/Cartorio_F.sol:1301:5: Missing @param tag in function 'toUint176' [Warning/use-natspec]
/sb/Cartorio_F.sol:1301:5: Mismatch in @param names for function 'toUint176'. Expected: [value], Found: [] [Warning/use-natspec]
/sb/Cartorio_F.sol:1301:5: Missing @return tag in function 'toUint176' [Warning/use-natspec]
/sb/Cartorio_F.sol:1301:5: Mismatch in @return count for function 'toUint176'. Expected: 1, Found: 0 [Warning/use-natspec]
/sb/Cartorio_F.sol:1318:5: Missing @notice tag in function 'toUint168' [Warning/use-natspec]
/sb/Cartorio_F.sol:1318:5: Missing @param tag in function 'toUint168' [Warning/use-natspec]
/sb/Cartorio_F.sol:1318:5: Mismatch in @param names for function 'toUint168'. Expected: [value], Found: [] [Warning/use-natspec]
/sb/Cartorio_F.sol:1318:5: Missing @return tag in function 'toUint168' [Warning/use-natspec]
/sb/Cartorio_F.sol:1318:5: Mismatch in @return count for function 'toUint168'. Expected: 1, Found: 0 [Warning/use-natspec]
/sb/Cartorio_F.sol:1335:5: Missing @notice tag in function 'toUint160' [Warning/use-natspec]
/sb/Cartorio_F.sol:1335:5: Missing @param tag in function 'toUint160' [Warning/use-natspec]
/sb/Cartorio_F.sol:1335:5: Mismatch in @param names for function 'toUint160'. Expected: [value], Found: [] [Warning/use-natspec]
/sb/Cartorio_F.sol:1335:5: Missing @return tag in function 'toUint160' [Warning/use-natspec]
/sb/Cartorio_F.sol:1335:5: Mismatch in @return count for function 'toUint160'. Expected: 1, Found: 0 [Warning/use-natspec]
/sb/Cartorio_F.sol:1352:5: Missing @notice tag in function 'toUint152' [Warning/use-natspec]
/sb/Cartorio_F.sol:1352:5: Missing @param tag in function 'toUint152' [Warning/use-natspec]
/sb/Cartorio_F.sol:1352:5: Mismatch in @param names for function 'toUint152'. Expected: [value], Found: [] [Warning/use-natspec]
/sb/Cartorio_F.sol:1352:5: Missing @return tag in function 'toUint152' [Warning/use-natspec]
/sb/Cartorio_F.sol:1352:5: Mismatch in @return count for function 'toUint152'. Expected: 1, Found: 0 [Warning/use-natspec]
/sb/Cartorio_F.sol:1369:5: Missing @notice tag in function 'toUint144' [Warning/use-natspec]
/sb/Cartorio_F.sol:1369:5: Missing @param tag in function 'toUint144' [Warning/use-natspec]
/sb/Cartorio_F.sol:1369:5: Mismatch in @param names for function 'toUint144'. Expected: [value], Found: [] [Warning/use-natspec]
/sb/Cartorio_F.sol:1369:5: Missing @return tag in function 'toUint144' [Warning/use-natspec]
/sb/Cartorio_F.sol:1369:5: Mismatch in @return count for function 'toUint144'. Expected: 1, Found: 0 [Warning/use-natspec]
/sb/Cartorio_F.sol:1386:5: Missing @notice tag in function 'toUint136' [Warning/use-natspec]
/sb/Cartorio_F.sol:1386:5: Missing @param tag in function 'toUint136' [Warning/use-natspec]
/sb/Cartorio_F.sol:1386:5: Mismatch in @param names for function 'toUint136'. Expected: [value], Found: [] [Warning/use-natspec]
/sb/Cartorio_F.sol:1386:5: Missing @return tag in function 'toUint136' [Warning/use-natspec]
/sb/Cartorio_F.sol:1386:5: Mismatch in @return count for function 'toUint136'. Expected: 1, Found: 0 [Warning/use-natspec]
/sb/Cartorio_F.sol:1403:5: Missing @notice tag in function 'toUint128' [Warning/use-natspec]
/sb/Cartorio_F.sol:1403:5: Missing @param tag in function 'toUint128' [Warning/use-natspec]
/sb/Cartorio_F.sol:1403:5: Mismatch in @param names for function 'toUint128'. Expected: [value], Found: [] [Warning/use-natspec]
/sb/Cartorio_F.sol:1403:5: Missing @return tag in function 'toUint128' [Warning/use-natspec]
/sb/Cartorio_F.sol:1403:5: Mismatch in @return count for function 'toUint128'. Expected: 1, Found: 0 [Warning/use-natspec]
/sb/Cartorio_F.sol:1420:5: Missing @notice tag in function 'toUint120' [Warning/use-natspec]
/sb/Cartorio_F.sol:1420:5: Missing @param tag in function 'toUint120' [Warning/use-natspec]
/sb/Cartorio_F.sol:1420:5: Mismatch in @param names for function 'toUint120'. Expected: [value], Found: [] [Warning/use-natspec]
/sb/Cartorio_F.sol:1420:5: Missing @return tag in function 'toUint120' [Warning/use-natspec]
/sb/Cartorio_F.sol:1420:5: Mismatch in @return count for function 'toUint120'. Expected: 1, Found: 0 [Warning/use-natspec]
/sb/Cartorio_F.sol:1437:5: Missing @notice tag in function 'toUint112' [Warning/use-natspec]
/sb/Cartorio_F.sol:1437:5: Missing @param tag in function 'toUint112' [Warning/use-natspec]
/sb/Cartorio_F.sol:1437:5: Mismatch in @param names for function 'toUint112'. Expected: [value], Found: [] [Warning/use-natspec]
/sb/Cartorio_F.sol:1437:5: Missing @return tag in function 'toUint112' [Warning/use-natspec]
/sb/Cartorio_F.sol:1437:5: Mismatch in @return count for function 'toUint112'. Expected: 1, Found: 0 [Warning/use-natspec]
/sb/Cartorio_F.sol:1454:5: Missing @notice tag in function 'toUint104' [Warning/use-natspec]
/sb/Cartorio_F.sol:1454:5: Missing @param tag in function 'toUint104' [Warning/use-natspec]
/sb/Cartorio_F.sol:1454:5: Mismatch in @param names for function 'toUint104'. Expected: [value], Found: [] [Warning/use-natspec]
/sb/Cartorio_F.sol:1454:5: Missing @return tag in function 'toUint104' [Warning/use-natspec]
/sb/Cartorio_F.sol:1454:5: Mismatch in @return count for function 'toUint104'. Expected: 1, Found: 0 [Warning/use-natspec]
/sb/Cartorio_F.sol:1471:5: Missing @notice tag in function 'toUint96' [Warning/use-natspec]
/sb/Cartorio_F.sol:1471:5: Missing @param tag in function 'toUint96' [Warning/use-natspec]
/sb/Cartorio_F.sol:1471:5: Mismatch in @param names for function 'toUint96'. Expected: [value], Found: [] [Warning/use-natspec]
/sb/Cartorio_F.sol:1471:5: Missing @return tag in function 'toUint96' [Warning/use-natspec]
/sb/Cartorio_F.sol:1471:5: Mismatch in @return count for function 'toUint96'. Expected: 1, Found: 0 [Warning/use-natspec]
/sb/Cartorio_F.sol:1488:5: Missing @notice tag in function 'toUint88' [Warning/use-natspec]
/sb/Cartorio_F.sol:1488:5: Missing @param tag in function 'toUint88' [Warning/use-natspec]
/sb/Cartorio_F.sol:1488:5: Mismatch in @param names for function 'toUint88'. Expected: [value], Found: [] [Warning/use-natspec]
/sb/Cartorio_F.sol:1488:5: Missing @return tag in function 'toUint88' [Warning/use-natspec]
/sb/Cartorio_F.sol:1488:5: Mismatch in @return count for function 'toUint88'. Expected: 1, Found: 0 [Warning/use-natspec]
/sb/Cartorio_F.sol:1505:5: Missing @notice tag in function 'toUint80' [Warning/use-natspec]
/sb/Cartorio_F.sol:1505:5: Missing @param tag in function 'toUint80' [Warning/use-natspec]
/sb/Cartorio_F.sol:1505:5: Mismatch in @param names for function 'toUint80'. Expected: [value], Found: [] [Warning/use-natspec]
/sb/Cartorio_F.sol:1505:5: Missing @return tag in function 'toUint80' [Warning/use-natspec]
/sb/Cartorio_F.sol:1505:5: Mismatch in @return count for function 'toUint80'. Expected: 1, Found: 0 [Warning/use-natspec]
/sb/Cartorio_F.sol:1522:5: Missing @notice tag in function 'toUint72' [Warning/use-natspec]
/sb/Cartorio_F.sol:1522:5: Missing @param tag in function 'toUint72' [Warning/use-natspec]
/sb/Cartorio_F.sol:1522:5: Mismatch in @param names for function 'toUint72'. Expected: [value], Found: [] [Warning/use-natspec]
/sb/Cartorio_F.sol:1522:5: Missing @return tag in function 'toUint72' [Warning/use-natspec]
/sb/Cartorio_F.sol:1522:5: Mismatch in @return count for function 'toUint72'. Expected: 1, Found: 0 [Warning/use-natspec]
/sb/Cartorio_F.sol:1539:5: Missing @notice tag in function 'toUint64' [Warning/use-natspec]
/sb/Cartorio_F.sol:1539:5: Missing @param tag in function 'toUint64' [Warning/use-natspec]
/sb/Cartorio_F.sol:1539:5: Mismatch in @param names for function 'toUint64'. Expected: [value], Found: [] [Warning/use-natspec]
/sb/Cartorio_F.sol:1539:5: Missing @return tag in function 'toUint64' [Warning/use-natspec]
/sb/Cartorio_F.sol:1539:5: Mismatch in @return count for function 'toUint64'. Expected: 1, Found: 0 [Warning/use-natspec]
/sb/Cartorio_F.sol:1556:5: Missing @notice tag in function 'toUint56' [Warning/use-natspec]
/sb/Cartorio_F.sol:1556:5: Missing @param tag in function 'toUint56' [Warning/use-natspec]
/sb/Cartorio_F.sol:1556:5: Mismatch in @param names for function 'toUint56'. Expected: [value], Found: [] [Warning/use-natspec]
/sb/Cartorio_F.sol:1556:5: Missing @return tag in function 'toUint56' [Warning/use-natspec]
/sb/Cartorio_F.sol:1556:5: Mismatch in @return count for function 'toUint56'. Expected: 1, Found: 0 [Warning/use-natspec]
/sb/Cartorio_F.sol:1573:5: Missing @notice tag in function 'toUint48' [Warning/use-natspec]
/sb/Cartorio_F.sol:1573:5: Missing @param tag in function 'toUint48' [Warning/use-natspec]
/sb/Cartorio_F.sol:1573:5: Mismatch in @param names for function 'toUint48'. Expected: [value], Found: [] [Warning/use-natspec]
/sb/Cartorio_F.sol:1573:5: Missing @return tag in function 'toUint48' [Warning/use-natspec]
/sb/Cartorio_F.sol:1573:5: Mismatch in @return count for function 'toUint48'. Expected: 1, Found: 0 [Warning/use-natspec]
/sb/Cartorio_F.sol:1590:5: Missing @notice tag in function 'toUint40' [Warning/use-natspec]
/sb/Cartorio_F.sol:1590:5: Missing @param tag in function 'toUint40' [Warning/use-natspec]
/sb/Cartorio_F.sol:1590:5: Mismatch in @param names for function 'toUint40'. Expected: [value], Found: [] [Warning/use-natspec]
/sb/Cartorio_F.sol:1590:5: Missing @return tag in function 'toUint40' [Warning/use-natspec]
/sb/Cartorio_F.sol:1590:5: Mismatch in @return count for function 'toUint40'. Expected: 1, Found: 0 [Warning/use-natspec]
/sb/Cartorio_F.sol:1607:5: Missing @notice tag in function 'toUint32' [Warning/use-natspec]
/sb/Cartorio_F.sol:1607:5: Missing @param tag in function 'toUint32' [Warning/use-natspec]
/sb/Cartorio_F.sol:1607:5: Mismatch in @param names for function 'toUint32'. Expected: [value], Found: [] [Warning/use-natspec]
/sb/Cartorio_F.sol:1607:5: Missing @return tag in function 'toUint32' [Warning/use-natspec]
/sb/Cartorio_F.sol:1607:5: Mismatch in @return count for function 'toUint32'. Expected: 1, Found: 0 [Warning/use-natspec]
/sb/Cartorio_F.sol:1624:5: Missing @notice tag in function 'toUint24' [Warning/use-natspec]
/sb/Cartorio_F.sol:1624:5: Missing @param tag in function 'toUint24' [Warning/use-natspec]
/sb/Cartorio_F.sol:1624:5: Mismatch in @param names for function 'toUint24'. Expected: [value], Found: [] [Warning/use-natspec]
/sb/Cartorio_F.sol:1624:5: Missing @return tag in function 'toUint24' [Warning/use-natspec]
/sb/Cartorio_F.sol:1624:5: Mismatch in @return count for function 'toUint24'. Expected: 1, Found: 0 [Warning/use-natspec]
/sb/Cartorio_F.sol:1641:5: Missing @notice tag in function 'toUint16' [Warning/use-natspec]
/sb/Cartorio_F.sol:1641:5: Missing @param tag in function 'toUint16' [Warning/use-natspec]
/sb/Cartorio_F.sol:1641:5: Mismatch in @param names for function 'toUint16'. Expected: [value], Found: [] [Warning/use-natspec]
/sb/Cartorio_F.sol:1641:5: Missing @return tag in function 'toUint16' [Warning/use-natspec]
/sb/Cartorio_F.sol:1641:5: Mismatch in @return count for function 'toUint16'. Expected: 1, Found: 0 [Warning/use-natspec]
/sb/Cartorio_F.sol:1658:5: Missing @notice tag in function 'toUint8' [Warning/use-natspec]
/sb/Cartorio_F.sol:1658:5: Missing @param tag in function 'toUint8' [Warning/use-natspec]
/sb/Cartorio_F.sol:1658:5: Mismatch in @param names for function 'toUint8'. Expected: [value], Found: [] [Warning/use-natspec]
/sb/Cartorio_F.sol:1658:5: Missing @return tag in function 'toUint8' [Warning/use-natspec]
/sb/Cartorio_F.sol:1658:5: Mismatch in @return count for function 'toUint8'. Expected: 1, Found: 0 [Warning/use-natspec]
/sb/Cartorio_F.sol:1672:5: Missing @notice tag in function 'toUint256' [Warning/use-natspec]
/sb/Cartorio_F.sol:1672:5: Missing @param tag in function 'toUint256' [Warning/use-natspec]
/sb/Cartorio_F.sol:1672:5: Mismatch in @param names for function 'toUint256'. Expected: [value], Found: [] [Warning/use-natspec]
/sb/Cartorio_F.sol:1672:5: Missing @return tag in function 'toUint256' [Warning/use-natspec]
/sb/Cartorio_F.sol:1672:5: Mismatch in @return count for function 'toUint256'. Expected: 1, Found: 0 [Warning/use-natspec]
/sb/Cartorio_F.sol:1690:5: Missing @notice tag in function 'toInt248' [Warning/use-natspec]
/sb/Cartorio_F.sol:1690:5: Missing @param tag in function 'toInt248' [Warning/use-natspec]
/sb/Cartorio_F.sol:1690:5: Mismatch in @param names for function 'toInt248'. Expected: [value], Found: [] [Warning/use-natspec]
/sb/Cartorio_F.sol:1690:5: Missing @return tag in function 'toInt248' [Warning/use-natspec]
/sb/Cartorio_F.sol:1690:5: Mismatch in @return names for function 'toInt248'. Expected: [downcasted], Found: [] [Warning/use-natspec]
/sb/Cartorio_F.sol:1708:5: Missing @notice tag in function 'toInt240' [Warning/use-natspec]
/sb/Cartorio_F.sol:1708:5: Missing @param tag in function 'toInt240' [Warning/use-natspec]
/sb/Cartorio_F.sol:1708:5: Mismatch in @param names for function 'toInt240'. Expected: [value], Found: [] [Warning/use-natspec]
/sb/Cartorio_F.sol:1708:5: Missing @return tag in function 'toInt240' [Warning/use-natspec]
/sb/Cartorio_F.sol:1708:5: Mismatch in @return names for function 'toInt240'. Expected: [downcasted], Found: [] [Warning/use-natspec]
/sb/Cartorio_F.sol:1726:5: Missing @notice tag in function 'toInt232' [Warning/use-natspec]
/sb/Cartorio_F.sol:1726:5: Missing @param tag in function 'toInt232' [Warning/use-natspec]
/sb/Cartorio_F.sol:1726:5: Mismatch in @param names for function 'toInt232'. Expected: [value], Found: [] [Warning/use-natspec]
/sb/Cartorio_F.sol:1726:5: Missing @return tag in function 'toInt232' [Warning/use-natspec]
/sb/Cartorio_F.sol:1726:5: Mismatch in @return names for function 'toInt232'. Expected: [downcasted], Found: [] [Warning/use-natspec]
/sb/Cartorio_F.sol:1744:5: Missing @notice tag in function 'toInt224' [Warning/use-natspec]
/sb/Cartorio_F.sol:1744:5: Missing @param tag in function 'toInt224' [Warning/use-natspec]
/sb/Cartorio_F.sol:1744:5: Mismatch in @param names for function 'toInt224'. Expected: [value], Found: [] [Warning/use-natspec]
/sb/Cartorio_F.sol:1744:5: Missing @return tag in function 'toInt224' [Warning/use-natspec]
/sb/Cartorio_F.sol:1744:5: Mismatch in @return names for function 'toInt224'. Expected: [downcasted], Found: [] [Warning/use-natspec]
/sb/Cartorio_F.sol:1762:5: Missing @notice tag in function 'toInt216' [Warning/use-natspec]
/sb/Cartorio_F.sol:1762:5: Missing @param tag in function 'toInt216' [Warning/use-natspec]
/sb/Cartorio_F.sol:1762:5: Mismatch in @param names for function 'toInt216'. Expected: [value], Found: [] [Warning/use-natspec]
/sb/Cartorio_F.sol:1762:5: Missing @return tag in function 'toInt216' [Warning/use-natspec]
/sb/Cartorio_F.sol:1762:5: Mismatch in @return names for function 'toInt216'. Expected: [downcasted], Found: [] [Warning/use-natspec]
/sb/Cartorio_F.sol:1780:5: Missing @notice tag in function 'toInt208' [Warning/use-natspec]
/sb/Cartorio_F.sol:1780:5: Missing @param tag in function 'toInt208' [Warning/use-natspec]
/sb/Cartorio_F.sol:1780:5: Mismatch in @param names for function 'toInt208'. Expected: [value], Found: [] [Warning/use-natspec]
/sb/Cartorio_F.sol:1780:5: Missing @return tag in function 'toInt208' [Warning/use-natspec]
/sb/Cartorio_F.sol:1780:5: Mismatch in @return names for function 'toInt208'. Expected: [downcasted], Found: [] [Warning/use-natspec]
/sb/Cartorio_F.sol:1798:5: Missing @notice tag in function 'toInt200' [Warning/use-natspec]
/sb/Cartorio_F.sol:1798:5: Missing @param tag in function 'toInt200' [Warning/use-natspec]
/sb/Cartorio_F.sol:1798:5: Mismatch in @param names for function 'toInt200'. Expected: [value], Found: [] [Warning/use-natspec]
/sb/Cartorio_F.sol:1798:5: Missing @return tag in function 'toInt200' [Warning/use-natspec]
/sb/Cartorio_F.sol:1798:5: Mismatch in @return names for function 'toInt200'. Expected: [downcasted], Found: [] [Warning/use-natspec]
/sb/Cartorio_F.sol:1816:5: Missing @notice tag in function 'toInt192' [Warning/use-natspec]
/sb/Cartorio_F.sol:1816:5: Missing @param tag in function 'toInt192' [Warning/use-natspec]
/sb/Cartorio_F.sol:1816:5: Mismatch in @param names for function 'toInt192'. Expected: [value], Found: [] [Warning/use-natspec]
/sb/Cartorio_F.sol:1816:5: Missing @return tag in function 'toInt192' [Warning/use-natspec]
/sb/Cartorio_F.sol:1816:5: Mismatch in @return names for function 'toInt192'. Expected: [downcasted], Found: [] [Warning/use-natspec]
/sb/Cartorio_F.sol:1834:5: Missing @notice tag in function 'toInt184' [Warning/use-natspec]
/sb/Cartorio_F.sol:1834:5: Missing @param tag in function 'toInt184' [Warning/use-natspec]
/sb/Cartorio_F.sol:1834:5: Mismatch in @param names for function 'toInt184'. Expected: [value], Found: [] [Warning/use-natspec]
/sb/Cartorio_F.sol:1834:5: Missing @return tag in function 'toInt184' [Warning/use-natspec]
/sb/Cartorio_F.sol:1834:5: Mismatch in @return names for function 'toInt184'. Expected: [downcasted], Found: [] [Warning/use-natspec]
/sb/Cartorio_F.sol:1852:5: Missing @notice tag in function 'toInt176' [Warning/use-natspec]
/sb/Cartorio_F.sol:1852:5: Missing @param tag in function 'toInt176' [Warning/use-natspec]
/sb/Cartorio_F.sol:1852:5: Mismatch in @param names for function 'toInt176'. Expected: [value], Found: [] [Warning/use-natspec]
/sb/Cartorio_F.sol:1852:5: Missing @return tag in function 'toInt176' [Warning/use-natspec]
/sb/Cartorio_F.sol:1852:5: Mismatch in @return names for function 'toInt176'. Expected: [downcasted], Found: [] [Warning/use-natspec]
/sb/Cartorio_F.sol:1870:5: Missing @notice tag in function 'toInt168' [Warning/use-natspec]
/sb/Cartorio_F.sol:1870:5: Missing @param tag in function 'toInt168' [Warning/use-natspec]
/sb/Cartorio_F.sol:1870:5: Mismatch in @param names for function 'toInt168'. Expected: [value], Found: [] [Warning/use-natspec]
/sb/Cartorio_F.sol:1870:5: Missing @return tag in function 'toInt168' [Warning/use-natspec]
/sb/Cartorio_F.sol:1870:5: Mismatch in @return names for function 'toInt168'. Expected: [downcasted], Found: [] [Warning/use-natspec]
/sb/Cartorio_F.sol:1888:5: Missing @notice tag in function 'toInt160' [Warning/use-natspec]
/sb/Cartorio_F.sol:1888:5: Missing @param tag in function 'toInt160' [Warning/use-natspec]
/sb/Cartorio_F.sol:1888:5: Mismatch in @param names for function 'toInt160'. Expected: [value], Found: [] [Warning/use-natspec]
/sb/Cartorio_F.sol:1888:5: Missing @return tag in function 'toInt160' [Warning/use-natspec]
/sb/Cartorio_F.sol:1888:5: Mismatch in @return names for function 'toInt160'. Expected: [downcasted], Found: [] [Warning/use-natspec]
/sb/Cartorio_F.sol:1906:5: Missing @notice tag in function 'toInt152' [Warning/use-natspec]
/sb/Cartorio_F.sol:1906:5: Missing @param tag in function 'toInt152' [Warning/use-natspec]
/sb/Cartorio_F.sol:1906:5: Mismatch in @param names for function 'toInt152'. Expected: [value], Found: [] [Warning/use-natspec]
/sb/Cartorio_F.sol:1906:5: Missing @return tag in function 'toInt152' [Warning/use-natspec]
/sb/Cartorio_F.sol:1906:5: Mismatch in @return names for function 'toInt152'. Expected: [downcasted], Found: [] [Warning/use-natspec]
/sb/Cartorio_F.sol:1924:5: Missing @notice tag in function 'toInt144' [Warning/use-natspec]
/sb/Cartorio_F.sol:1924:5: Missing @param tag in function 'toInt144' [Warning/use-natspec]
/sb/Cartorio_F.sol:1924:5: Mismatch in @param names for function 'toInt144'. Expected: [value], Found: [] [Warning/use-natspec]
/sb/Cartorio_F.sol:1924:5: Missing @return tag in function 'toInt144' [Warning/use-natspec]
/sb/Cartorio_F.sol:1924:5: Mismatch in @return names for function 'toInt144'. Expected: [downcasted], Found: [] [Warning/use-natspec]
/sb/Cartorio_F.sol:1942:5: Missing @notice tag in function 'toInt136' [Warning/use-natspec]
/sb/Cartorio_F.sol:1942:5: Missing @param tag in function 'toInt136' [Warning/use-natspec]
/sb/Cartorio_F.sol:1942:5: Mismatch in @param names for function 'toInt136'. Expected: [value], Found: [] [Warning/use-natspec]
/sb/Cartorio_F.sol:1942:5: Missing @return tag in function 'toInt136' [Warning/use-natspec]
/sb/Cartorio_F.sol:1942:5: Mismatch in @return names for function 'toInt136'. Expected: [downcasted], Found: [] [Warning/use-natspec]
/sb/Cartorio_F.sol:1960:5: Missing @notice tag in function 'toInt128' [Warning/use-natspec]
/sb/Cartorio_F.sol:1960:5: Missing @param tag in function 'toInt128' [Warning/use-natspec]
/sb/Cartorio_F.sol:1960:5: Mismatch in @param names for function 'toInt128'. Expected: [value], Found: [] [Warning/use-natspec]
/sb/Cartorio_F.sol:1960:5: Missing @return tag in function 'toInt128' [Warning/use-natspec]
/sb/Cartorio_F.sol:1960:5: Mismatch in @return names for function 'toInt128'. Expected: [downcasted], Found: [] [Warning/use-natspec]
/sb/Cartorio_F.sol:1978:5: Missing @notice tag in function 'toInt120' [Warning/use-natspec]
/sb/Cartorio_F.sol:1978:5: Missing @param tag in function 'toInt120' [Warning/use-natspec]
/sb/Cartorio_F.sol:1978:5: Mismatch in @param names for function 'toInt120'. Expected: [value], Found: [] [Warning/use-natspec]
/sb/Cartorio_F.sol:1978:5: Missing @return tag in function 'toInt120' [Warning/use-natspec]
/sb/Cartorio_F.sol:1978:5: Mismatch in @return names for function 'toInt120'. Expected: [downcasted], Found: [] [Warning/use-natspec]
/sb/Cartorio_F.sol:1996:5: Missing @notice tag in function 'toInt112' [Warning/use-natspec]
/sb/Cartorio_F.sol:1996:5: Missing @param tag in function 'toInt112' [Warning/use-natspec]
/sb/Cartorio_F.sol:1996:5: Mismatch in @param names for function 'toInt112'. Expected: [value], Found: [] [Warning/use-natspec]
/sb/Cartorio_F.sol:1996:5: Missing @return tag in function 'toInt112' [Warning/use-natspec]
/sb/Cartorio_F.sol:1996:5: Mismatch in @return names for function 'toInt112'. Expected: [downcasted], Found: [] [Warning/use-natspec]
/sb/Cartorio_F.sol:2014:5: Missing @notice tag in function 'toInt104' [Warning/use-natspec]
/sb/Cartorio_F.sol:2014:5: Missing @param tag in function 'toInt104' [Warning/use-natspec]
/sb/Cartorio_F.sol:2014:5: Mismatch in @param names for function 'toInt104'. Expected: [value], Found: [] [Warning/use-natspec]
/sb/Cartorio_F.sol:2014:5: Missing @return tag in function 'toInt104' [Warning/use-natspec]
/sb/Cartorio_F.sol:2014:5: Mismatch in @return names for function 'toInt104'. Expected: [downcasted], Found: [] [Warning/use-natspec]
/sb/Cartorio_F.sol:2032:5: Missing @notice tag in function 'toInt96' [Warning/use-natspec]
/sb/Cartorio_F.sol:2032:5: Missing @param tag in function 'toInt96' [Warning/use-natspec]
/sb/Cartorio_F.sol:2032:5: Mismatch in @param names for function 'toInt96'. Expected: [value], Found: [] [Warning/use-natspec]
/sb/Cartorio_F.sol:2032:5: Missing @return tag in function 'toInt96' [Warning/use-natspec]
/sb/Cartorio_F.sol:2032:5: Mismatch in @return names for function 'toInt96'. Expected: [downcasted], Found: [] [Warning/use-natspec]
/sb/Cartorio_F.sol:2050:5: Missing @notice tag in function 'toInt88' [Warning/use-natspec]
/sb/Cartorio_F.sol:2050:5: Missing @param tag in function 'toInt88' [Warning/use-natspec]
/sb/Cartorio_F.sol:2050:5: Mismatch in @param names for function 'toInt88'. Expected: [value], Found: [] [Warning/use-natspec]
/sb/Cartorio_F.sol:2050:5: Missing @return tag in function 'toInt88' [Warning/use-natspec]
/sb/Cartorio_F.sol:2050:5: Mismatch in @return names for function 'toInt88'. Expected: [downcasted], Found: [] [Warning/use-natspec]
/sb/Cartorio_F.sol:2068:5: Missing @notice tag in function 'toInt80' [Warning/use-natspec]
/sb/Cartorio_F.sol:2068:5: Missing @param tag in function 'toInt80' [Warning/use-natspec]
/sb/Cartorio_F.sol:2068:5: Mismatch in @param names for function 'toInt80'. Expected: [value], Found: [] [Warning/use-natspec]
/sb/Cartorio_F.sol:2068:5: Missing @return tag in function 'toInt80' [Warning/use-natspec]
/sb/Cartorio_F.sol:2068:5: Mismatch in @return names for function 'toInt80'. Expected: [downcasted], Found: [] [Warning/use-natspec]
/sb/Cartorio_F.sol:2086:5: Missing @notice tag in function 'toInt72' [Warning/use-natspec]
/sb/Cartorio_F.sol:2086:5: Missing @param tag in function 'toInt72' [Warning/use-natspec]
/sb/Cartorio_F.sol:2086:5: Mismatch in @param names for function 'toInt72'. Expected: [value], Found: [] [Warning/use-natspec]
/sb/Cartorio_F.sol:2086:5: Missing @return tag in function 'toInt72' [Warning/use-natspec]
/sb/Cartorio_F.sol:2086:5: Mismatch in @return names for function 'toInt72'. Expected: [downcasted], Found: [] [Warning/use-natspec]
/sb/Cartorio_F.sol:2104:5: Missing @notice tag in function 'toInt64' [Warning/use-natspec]
/sb/Cartorio_F.sol:2104:5: Missing @param tag in function 'toInt64' [Warning/use-natspec]
/sb/Cartorio_F.sol:2104:5: Mismatch in @param names for function 'toInt64'. Expected: [value], Found: [] [Warning/use-natspec]
/sb/Cartorio_F.sol:2104:5: Missing @return tag in function 'toInt64' [Warning/use-natspec]
/sb/Cartorio_F.sol:2104:5: Mismatch in @return names for function 'toInt64'. Expected: [downcasted], Found: [] [Warning/use-natspec]
/sb/Cartorio_F.sol:2122:5: Missing @notice tag in function 'toInt56' [Warning/use-natspec]
/sb/Cartorio_F.sol:2122:5: Missing @param tag in function 'toInt56' [Warning/use-natspec]
/sb/Cartorio_F.sol:2122:5: Mismatch in @param names for function 'toInt56'. Expected: [value], Found: [] [Warning/use-natspec]
/sb/Cartorio_F.sol:2122:5: Missing @return tag in function 'toInt56' [Warning/use-natspec]
/sb/Cartorio_F.sol:2122:5: Mismatch in @return names for function 'toInt56'. Expected: [downcasted], Found: [] [Warning/use-natspec]
/sb/Cartorio_F.sol:2140:5: Missing @notice tag in function 'toInt48' [Warning/use-natspec]
/sb/Cartorio_F.sol:2140:5: Missing @param tag in function 'toInt48' [Warning/use-natspec]
/sb/Cartorio_F.sol:2140:5: Mismatch in @param names for function 'toInt48'. Expected: [value], Found: [] [Warning/use-natspec]
/sb/Cartorio_F.sol:2140:5: Missing @return tag in function 'toInt48' [Warning/use-natspec]
/sb/Cartorio_F.sol:2140:5: Mismatch in @return names for function 'toInt48'. Expected: [downcasted], Found: [] [Warning/use-natspec]
/sb/Cartorio_F.sol:2158:5: Missing @notice tag in function 'toInt40' [Warning/use-natspec]
/sb/Cartorio_F.sol:2158:5: Missing @param tag in function 'toInt40' [Warning/use-natspec]
/sb/Cartorio_F.sol:2158:5: Mismatch in @param names for function 'toInt40'. Expected: [value], Found: [] [Warning/use-natspec]
/sb/Cartorio_F.sol:2158:5: Missing @return tag in function 'toInt40' [Warning/use-natspec]
/sb/Cartorio_F.sol:2158:5: Mismatch in @return names for function 'toInt40'. Expected: [downcasted], Found: [] [Warning/use-natspec]
/sb/Cartorio_F.sol:2176:5: Missing @notice tag in function 'toInt32' [Warning/use-natspec]
/sb/Cartorio_F.sol:2176:5: Missing @param tag in function 'toInt32' [Warning/use-natspec]
/sb/Cartorio_F.sol:2176:5: Mismatch in @param names for function 'toInt32'. Expected: [value], Found: [] [Warning/use-natspec]
/sb/Cartorio_F.sol:2176:5: Missing @return tag in function 'toInt32' [Warning/use-natspec]
/sb/Cartorio_F.sol:2176:5: Mismatch in @return names for function 'toInt32'. Expected: [downcasted], Found: [] [Warning/use-natspec]
/sb/Cartorio_F.sol:2194:5: Missing @notice tag in function 'toInt24' [Warning/use-natspec]
/sb/Cartorio_F.sol:2194:5: Missing @param tag in function 'toInt24' [Warning/use-natspec]
/sb/Cartorio_F.sol:2194:5: Mismatch in @param names for function 'toInt24'. Expected: [value], Found: [] [Warning/use-natspec]
/sb/Cartorio_F.sol:2194:5: Missing @return tag in function 'toInt24' [Warning/use-natspec]
/sb/Cartorio_F.sol:2194:5: Mismatch in @return names for function 'toInt24'. Expected: [downcasted], Found: [] [Warning/use-natspec]
/sb/Cartorio_F.sol:2212:5: Missing @notice tag in function 'toInt16' [Warning/use-natspec]
/sb/Cartorio_F.sol:2212:5: Missing @param tag in function 'toInt16' [Warning/use-natspec]
/sb/Cartorio_F.sol:2212:5: Mismatch in @param names for function 'toInt16'. Expected: [value], Found: [] [Warning/use-natspec]
/sb/Cartorio_F.sol:2212:5: Missing @return tag in function 'toInt16' [Warning/use-natspec]
/sb/Cartorio_F.sol:2212:5: Mismatch in @return names for function 'toInt16'. Expected: [downcasted], Found: [] [Warning/use-natspec]
/sb/Cartorio_F.sol:2230:5: Missing @notice tag in function 'toInt8' [Warning/use-natspec]
/sb/Cartorio_F.sol:2230:5: Missing @param tag in function 'toInt8' [Warning/use-natspec]
/sb/Cartorio_F.sol:2230:5: Mismatch in @param names for function 'toInt8'. Expected: [value], Found: [] [Warning/use-natspec]
/sb/Cartorio_F.sol:2230:5: Missing @return tag in function 'toInt8' [Warning/use-natspec]
/sb/Cartorio_F.sol:2230:5: Mismatch in @return names for function 'toInt8'. Expected: [downcasted], Found: [] [Warning/use-natspec]
/sb/Cartorio_F.sol:2244:5: Missing @notice tag in function 'toInt256' [Warning/use-natspec]
/sb/Cartorio_F.sol:2244:5: Missing @param tag in function 'toInt256' [Warning/use-natspec]
/sb/Cartorio_F.sol:2244:5: Mismatch in @param names for function 'toInt256'. Expected: [value], Found: [] [Warning/use-natspec]
/sb/Cartorio_F.sol:2244:5: Missing @return tag in function 'toInt256' [Warning/use-natspec]
/sb/Cartorio_F.sol:2244:5: Mismatch in @return count for function 'toInt256'. Expected: 1, Found: 0 [Warning/use-natspec]
/sb/Cartorio_F.sol:2255:5: Missing @notice tag in function 'toUint' [Warning/use-natspec]
/sb/Cartorio_F.sol:2255:5: Missing @param tag in function 'toUint' [Warning/use-natspec]
/sb/Cartorio_F.sol:2255:5: Mismatch in @param names for function 'toUint'. Expected: [b], Found: [] [Warning/use-natspec]
/sb/Cartorio_F.sol:2255:5: Missing @return tag in function 'toUint' [Warning/use-natspec]
/sb/Cartorio_F.sol:2255:5: Mismatch in @return names for function 'toUint'. Expected: [u], Found: [] [Warning/use-natspec]
/sb/Cartorio_F.sol:2256:9: Avoid to use inline assembly. It is acceptable only in rare cases [Warning/no-inline-assembly]
/sb/Cartorio_F.sol:2268:1: Compiler version ^0.8.20 does not satisfy the ^0.8.24 semver requirement [Error/compiler-version]
/sb/Cartorio_F.sol:2290:1: Missing @title tag in contract 'Panic' [Warning/use-natspec]
/sb/Cartorio_F.sol:2290:1: Missing @author tag in contract 'Panic' [Warning/use-natspec]
/sb/Cartorio_F.sol:2290:1: Missing @notice tag in contract 'Panic' [Warning/use-natspec]
/sb/Cartorio_F.sol:2314:5: Missing @notice tag in function 'panic' [Warning/use-natspec]
/sb/Cartorio_F.sol:2314:5: Missing @param tag in function 'panic' [Warning/use-natspec]
/sb/Cartorio_F.sol:2314:5: Mismatch in @param names for function 'panic'. Expected: [code], Found: [] [Warning/use-natspec]
/sb/Cartorio_F.sol:2315:9: Avoid to use inline assembly. It is acceptable only in rare cases [Warning/no-inline-assembly]
/sb/Cartorio_F.sol:2329:1: Compiler version ^0.8.20 does not satisfy the ^0.8.24 semver requirement [Error/compiler-version]
/sb/Cartorio_F.sol:2335:1: Missing @title tag in contract 'Math' [Warning/use-natspec]
/sb/Cartorio_F.sol:2335:1: Missing @author tag in contract 'Math' [Warning/use-natspec]
/sb/Cartorio_F.sol:2335:1: Missing @notice tag in contract 'Math' [Warning/use-natspec]
/sb/Cartorio_F.sol:2348:5: Missing @notice tag in function 'add512' [Warning/use-natspec]
/sb/Cartorio_F.sol:2348:5: Missing @param tag in function 'add512' [Warning/use-natspec]
/sb/Cartorio_F.sol:2348:5: Mismatch in @param names for function 'add512'. Expected: [a, b], Found: [] [Warning/use-natspec]
/sb/Cartorio_F.sol:2348:5: Missing @return tag in function 'add512' [Warning/use-natspec]
/sb/Cartorio_F.sol:2348:5: Mismatch in @return names for function 'add512'. Expected: [high, low], Found: [] [Warning/use-natspec]
/sb/Cartorio_F.sol:2349:9: Avoid to use inline assembly. It is acceptable only in rare cases [Warning/no-inline-assembly]
/sb/Cartorio_F.sol:2360:5: Missing @notice tag in function 'mul512' [Warning/use-natspec]
/sb/Cartorio_F.sol:2360:5: Missing @param tag in function 'mul512' [Warning/use-natspec]
/sb/Cartorio_F.sol:2360:5: Mismatch in @param names for function 'mul512'. Expected: [a, b], Found: [] [Warning/use-natspec]
/sb/Cartorio_F.sol:2360:5: Missing @return tag in function 'mul512' [Warning/use-natspec]
/sb/Cartorio_F.sol:2360:5: Mismatch in @return names for function 'mul512'. Expected: [high, low], Found: [] [Warning/use-natspec]
/sb/Cartorio_F.sol:2364:9: Avoid to use inline assembly. It is acceptable only in rare cases [Warning/no-inline-assembly]
/sb/Cartorio_F.sol:2374:5: Missing @notice tag in function 'tryAdd' [Warning/use-natspec]
/sb/Cartorio_F.sol:2374:5: Missing @param tag in function 'tryAdd' [Warning/use-natspec]
/sb/Cartorio_F.sol:2374:5: Mismatch in @param names for function 'tryAdd'. Expected: [a, b], Found: [] [Warning/use-natspec]
/sb/Cartorio_F.sol:2374:5: Missing @return tag in function 'tryAdd' [Warning/use-natspec]
/sb/Cartorio_F.sol:2374:5: Mismatch in @return names for function 'tryAdd'. Expected: [success, result], Found: [] [Warning/use-natspec]
/sb/Cartorio_F.sol:2377:23: GC: Non strict inequality found. Try converting to a strict one [Warning/gas-strict-inequalities]
/sb/Cartorio_F.sol:2385:5: Missing @notice tag in function 'trySub' [Warning/use-natspec]
/sb/Cartorio_F.sol:2385:5: Missing @param tag in function 'trySub' [Warning/use-natspec]
/sb/Cartorio_F.sol:2385:5: Mismatch in @param names for function 'trySub'. Expected: [a, b], Found: [] [Warning/use-natspec]
/sb/Cartorio_F.sol:2385:5: Missing @return tag in function 'trySub' [Warning/use-natspec]
/sb/Cartorio_F.sol:2385:5: Mismatch in @return names for function 'trySub'. Expected: [success, result], Found: [] [Warning/use-natspec]
/sb/Cartorio_F.sol:2388:23: GC: Non strict inequality found. Try converting to a strict one [Warning/gas-strict-inequalities]
/sb/Cartorio_F.sol:2396:5: Missing @notice tag in function 'tryMul' [Warning/use-natspec]
/sb/Cartorio_F.sol:2396:5: Missing @param tag in function 'tryMul' [Warning/use-natspec]
/sb/Cartorio_F.sol:2396:5: Mismatch in @param names for function 'tryMul'. Expected: [a, b], Found: [] [Warning/use-natspec]
/sb/Cartorio_F.sol:2396:5: Missing @return tag in function 'tryMul' [Warning/use-natspec]
/sb/Cartorio_F.sol:2396:5: Mismatch in @return names for function 'tryMul'. Expected: [success, result], Found: [] [Warning/use-natspec]
/sb/Cartorio_F.sol:2399:13: Avoid to use inline assembly. It is acceptable only in rare cases [Warning/no-inline-assembly]
/sb/Cartorio_F.sol:2412:5: Missing @notice tag in function 'tryDiv' [Warning/use-natspec]
/sb/Cartorio_F.sol:2412:5: Missing @param tag in function 'tryDiv' [Warning/use-natspec]
/sb/Cartorio_F.sol:2412:5: Mismatch in @param names for function 'tryDiv'. Expected: [a, b], Found: [] [Warning/use-natspec]
/sb/Cartorio_F.sol:2412:5: Missing @return tag in function 'tryDiv' [Warning/use-natspec]
/sb/Cartorio_F.sol:2412:5: Mismatch in @return names for function 'tryDiv'. Expected: [success, result], Found: [] [Warning/use-natspec]
/sb/Cartorio_F.sol:2415:13: Avoid to use inline assembly. It is acceptabl
