2026-02-10 17:52:52,276: [11] m.main:INFO: Registered plugins: IntrospectionAPIPlugin, <class 'manticore.ethereum.plugins.SkipRevertBasicBlocks'>, <class 'manticore.ethereum.plugins.FilterFunctions'>
2026-02-10 17:52:52,276: [11] m.main:INFO: Beginning analysis
2026-02-10 17:52:52,277: [11] m.e.manticore:INFO: Starting symbolic create contract
2026-02-10 17:52:52,763: [11] m.e.manticore:INFO: Failed to create contract: exception in constructor
2026-02-10 17:52:52,845: [11] m.c.manticore:INFO: Results in /mcore_9us6_ak4
2026-02-10 17:52:52,846: [11] m.c.manticore:INFO: Total time: 0.3187441825866699
2026-02-10 17:52:53,238: [53] m.main:INFO: Registered plugins: IntrospectionAPIPlugin, <class 'manticore.ethereum.plugins.SkipRevertBasicBlocks'>, <class 'manticore.ethereum.plugins.FilterFunctions'>
2026-02-10 17:52:53,238: [53] m.main:INFO: Beginning analysis
2026-02-10 17:52:53,240: [53] m.e.manticore:INFO: Starting symbolic create contract
2026-02-10 17:52:53,726: [53] m.e.manticore:INFO: Failed to create contract: exception in constructor
2026-02-10 17:52:53,825: [53] m.c.manticore:INFO: Results in /mcore_uqm8cgv6
2026-02-10 17:52:53,825: [53] m.c.manticore:INFO: Total time: 0.34419703483581543
2026-02-10 17:52:54,160: [95] m.main:INFO: Registered plugins: IntrospectionAPIPlugin, <class 'manticore.ethereum.plugins.SkipRevertBasicBlocks'>, <class 'manticore.ethereum.plugins.FilterFunctions'>
2026-02-10 17:52:54,160: [95] m.main:INFO: Beginning analysis
2026-02-10 17:52:54,162: [95] m.e.manticore:INFO: Starting symbolic create contract
2026-02-10 17:52:54,628: [95] m.e.manticore:INFO: Failed to create contract: exception in constructor
2026-02-10 17:52:54,741: [95] m.c.manticore:INFO: Results in /mcore_93ibrojv
2026-02-10 17:52:54,741: [95] m.c.manticore:INFO: Total time: 0.3585855960845947
2026-02-10 17:52:55,104: [137] m.main:INFO: Registered plugins: IntrospectionAPIPlugin, <class 'manticore.ethereum.plugins.SkipRevertBasicBlocks'>, <class 'manticore.ethereum.plugins.FilterFunctions'>
2026-02-10 17:52:55,104: [137] m.main:INFO: Beginning analysis
2026-02-10 17:52:55,106: [137] m.e.manticore:INFO: Starting symbolic create contract
2026-02-10 17:52:58,174: [137] m.e.manticore:INFO: Failed to create contract: exception in constructor
2026-02-10 17:52:58,331: [137] m.c.manticore:INFO: Results in /mcore_if6hz3nc
2026-02-10 17:52:58,331: [137] m.c.manticore:INFO: Total time: 2.921726703643799
2026-02-10 17:52:58,724: [185] m.main:INFO: Registered plugins: IntrospectionAPIPlugin, <class 'manticore.ethereum.plugins.SkipRevertBasicBlocks'>, <class 'manticore.ethereum.plugins.FilterFunctions'>
2026-02-10 17:52:58,724: [185] m.main:INFO: Beginning analysis
2026-02-10 17:52:58,725: [185] m.e.manticore:INFO: Starting symbolic create contract
2026-02-10 17:52:59,217: [185] m.e.manticore:INFO: Failed to create contract: exception in constructor
2026-02-10 17:52:59,323: [185] m.c.manticore:INFO: Results in /mcore_m6r_7c7z
2026-02-10 17:52:59,323: [185] m.c.manticore:INFO: Total time: 0.36583518981933594
2026-02-10 17:52:59,657: [227] m.main:INFO: Registered plugins: IntrospectionAPIPlugin, <class 'manticore.ethereum.plugins.SkipRevertBasicBlocks'>, <class 'manticore.ethereum.plugins.FilterFunctions'>
2026-02-10 17:52:59,657: [227] m.main:INFO: Beginning analysis
2026-02-10 17:52:59,658: [227] m.e.manticore:INFO: Starting symbolic create contract
2026-02-10 17:53:00,142: [227] m.e.manticore:INFO: Failed to create contract: exception in constructor
2026-02-10 17:53:00,231: [227] m.c.manticore:INFO: Results in /mcore_kkr6mixy
2026-02-10 17:53:00,231: [227] m.c.manticore:INFO: Total time: 0.3232126235961914
2026-02-10 17:53:00,579: [269] m.main:INFO: Registered plugins: IntrospectionAPIPlugin, <class 'manticore.ethereum.plugins.SkipRevertBasicBlocks'>, <class 'manticore.ethereum.plugins.FilterFunctions'>
2026-02-10 17:53:00,579: [269] m.main:INFO: Beginning analysis
2026-02-10 17:53:00,581: [269] m.e.manticore:INFO: Starting symbolic create contract
2026-02-10 17:53:01,046: [269] m.e.manticore:INFO: Failed to create contract: exception in constructor
2026-02-10 17:53:01,139: [269] m.c.manticore:INFO: Results in /mcore_2z_gbct9
2026-02-10 17:53:01,140: [269] m.c.manticore:INFO: Total time: 0.32909393310546875
