               
               
┌─────────────┐
│ Scan Status │
└─────────────┘
  Scanning 1 file tracked by git with 57 Code rules:
  Scanning 1 file with 57 solidity rules.
                    
                    
┌──────────────────┐
│ 31 Code Findings │
└──────────────────┘
                               
    /sb/VotacaoCondominio_F.sol
     ❱ solidity.performance.array-length-outside-loop
          Caching the array length outside a loop saves reading it on each iteration, as long as the array's
          length is not changed during the loop.                                                            
                                                                                                            
          2153┆ for (uint256 i = 0; i < byteArray.length; ++i) {
   
     ❱ solidity.performance.unnecessary-checked-arithmetic-in-loop
          A lot of times there is no risk that the loop counter can overflow.  Using Solidity's unchecked
          block saves the overflow checks.                                                               
                                                                                                         
          2153┆ for (uint256 i = 0; i < byteArray.length; ++i) {
   
     ❱ solidity.performance.use-prefix-decrement-not-postfix
          Consider using the prefix decrement expression whenever the return value is not needed. The prefix
          decrement expression is cheaper in terms of gas.                                                  
                                                                                                            
          2551┆ ptr--;
   
     ❱ solidity.performance.use-nested-if
          Using nested is cheaper than using && multiple check combinations.  There are more advantages, such
          as easier to read code and better coverage reports.                                                
                                                                                                             
          2619┆ if (hashValue & 0xf > 7 && uint8(buffer[i]) > 96) {
          2620┆     // case shift by xoring with 0x20
          2621┆     buffer[i] ^= 0x20;
          2622┆ }
   
     ❱ solidity.performance.unnecessary-checked-arithmetic-in-loop
          A lot of times there is no risk that the loop counter can overflow.  Using Solidity's unchecked
          block saves the overflow checks.                                                               
                                                                                                         
          2696┆ for (uint256 i = begin; i < end; ++i) {
   
     ❱ solidity.performance.use-nested-if
          Using nested is cheaper than using && multiple check combinations.  There are more advantages, such
          as easier to read code and better coverage reports.                                                
                                                                                                             
          2776┆ if (absSuccess && absValue < ABS_MIN_INT256) {
          2777┆     return (true, negativeSign ? -int256(absValue) : int256(absValue));
          2778┆ } else if (absSuccess && negativeSign && absValue == ABS_MIN_INT256) {
          2779┆     return (true, type(int256).min);
          2780┆ } else return (false, 0);
            ⋮┆----------------------------------------
          2778┆ } else if (absSuccess && negativeSign && absValue == ABS_MIN_INT256) {
          2779┆     return (true, type(int256).min);
          2780┆ } else return (false, 0);
   
     ❱ solidity.performance.unnecessary-checked-arithmetic-in-loop
          A lot of times there is no risk that the loop counter can overflow.  Using Solidity's unchecked
          block saves the overflow checks.                                                               
                                                                                                         
          2848┆ for (uint256 i = begin + offset; i < end; ++i) {
   
     ❱ solidity.performance.use-nested-if
          Using nested is cheaper than using && multiple check combinations.  There are more advantages, such
          as easier to read code and better coverage reports.                                                
                                                                                                             
          2925┆ if (value > 47 && value < 58) value -= 48;
          2926┆ else if (value > 96 && value < 103) value -= 87;
          2927┆ else if (value > 64 && value < 71) value -= 55;
          2928┆ else return type(uint8).max;
            ⋮┆----------------------------------------
          2926┆ else if (value > 96 && value < 103) value -= 87;
          2927┆ else if (value > 64 && value < 71) value -= 55;
          2928┆ else return type(uint8).max;
            ⋮┆----------------------------------------
          2927┆ else if (value > 64 && value < 71) value -= 55;
          2928┆ else return type(uint8).max;
   
     ❱ solidity.performance.array-length-outside-loop
          Caching the array length outside a loop saves reading it on each iteration, as long as the array's
          length is not changed during the loop.                                                            
                                                                                                            
          2948┆ for (uint256 i; i < buffer.length; ++i) {
   
     ❱ solidity.performance.unnecessary-checked-arithmetic-in-loop
          A lot of times there is no risk that the loop counter can overflow.  Using Solidity's unchecked
          block saves the overflow checks.                                                               
                                                                                                         
          2948┆ for (uint256 i; i < buffer.length; ++i) {
   
     ❱ solidity.performance.use-nested-if
          Using nested is cheaper than using && multiple check combinations.  There are more advantages, such
          as easier to read code and better coverage reports.                                                
                                                                                                             
          3444┆ if (address(this) == _cachedThis && block.chainid == _cachedChainId) {
          3445┆     return _cachedDomainSeparator;
          3446┆ } else {
          3447┆     return _buildDomainSeparator();
          3448┆ }
            ⋮┆----------------------------------------
          4535┆ if (from != to && amount > 0) {
          4536┆     if (from != address(0)) {
          4537┆         (uint256 oldValue, uint256 newValue) = _push(
          4538┆             _delegateCheckpoints[from],
          4539┆             _subtract,
          4540┆             SafeCast.toUint208(amount)
          4541┆         );
          4542┆         emit DelegateVotesChanged(from, oldValue, newValue);
          4543┆     }
          4544┆     if (to != address(0)) {
             [hid 8 additional lines, adjust with --max-lines-per-finding] 
   
     ❱ solidity.performance.inefficient-state-variable-increment
          <x> += <y> costs more gas than <x> = <x> + <y> for state variables.
                                                                             
          5049┆ _totalSupply += value;
   
     ❱ solidity.best-practice.use-ownable2step
          By demanding that the receiver of the owner permissions actively accept via a contract call of its 
          own,  `Ownable2Step` and `Ownable2StepUpgradeable` prevent the contract ownership from accidentally
          being transferred  to an address that cannot handle it.                                            
                                                                                                             
          5440┆ contract CondoVotingSystem is ERC20, ERC20Permit, ERC20Votes, Ownable {
   
     ❱ solidity.performance.init-variables-with-default-value
          Uninitialized variables are assigned with the types default value. Explicitly initializing a
          variable with its default value costs unnecessary gas.                                      
                                                                                                      
          5458┆ uint256 private currentId = 0;
   
     ❱ solidity.performance.non-payable-constructor
          Consider making costructor payable to save gas.
                                                         
          5488┆ constructor(
          5489┆     uint256 amount,
          5490┆     address[] memory tokenOwners
          5491┆ ) ERC20("Assembleia", "ASS") ERC20Permit("Assembleia") Ownable(msg.sender) {
          5492┆     if (amount < tokenOwners.length) revert InvalidAmount();
          5493┆
          5494┆     // Mint total supply
          5495┆     _mint(address(this), amount);
          5496┆
          5497┆     // Distribute one token to each owner and delegate voting power
             [hid 12 additional lines, adjust with --max-lines-per-finding] 
   
     ❱ solidity.performance.array-length-outside-loop
          Caching the array length outside a loop saves reading it on each iteration, as long as the array's
          length is not changed during the loop.                                                            
                                                                                                            
          5498┆ for (uint256 i = 0; i < tokenOwners.length; i++) {
   
     ❱ solidity.performance.unnecessary-checked-arithmetic-in-loop
          A lot of times there is no risk that the loop counter can overflow.  Using Solidity's unchecked
          block saves the overflow checks.                                                               
                                                                                                         
          5498┆ for (uint256 i = 0; i < tokenOwners.length; i++) {
   
     ❱ solidity.performance.use-prefix-increment-not-postfix
          Consider using the prefix increment expression whenever the return value is not needed. The prefix
          increment expression is cheaper in terms of gas.                                                  
                                                                                                            
          5498┆ for (uint256 i = 0; i < tokenOwners.length; i++) {
            ⋮┆----------------------------------------
          5548┆ currentId++;
   
     ❱ solidity.security.basic-arithmetic-underflow
          Possible arithmetic underflow
                                       
          5632┆ if (clock() - proposal.voteStart > voteTimeout) revert VotingPeriodEnded();
   
     ❱ solidity.performance.use-nested-if
          Using nested is cheaper than using && multiple check combinations.  There are more advantages, such
          as easier to read code and better coverage reports.                                                
                                                                                                             
          5644┆ if (proposal.votes[msg.sender] && !approve) {
          5645┆     // Changing from approve to reject
          5646┆     proposal.approvePower -= votePower;
          5647┆     proposal.rejectPower += votePower;
          5648┆ } else if (!proposal.votes[msg.sender] && approve) {
          5649┆     // Changing from reject to approve
          5650┆     proposal.rejectPower -= votePower;
          5651┆     proposal.approvePower += votePower;
          5652┆ }
   
     ❱ solidity.security.basic-arithmetic-underflow
          Possible arithmetic underflow
                                       
          5646┆ proposal.approvePower -= votePower;
   
     ❱ solidity.performance.use-nested-if
          Using nested is cheaper than using && multiple check combinations.  There are more advantages, such
          as easier to read code and better coverage reports.                                                
                                                                                                             
          5648┆ } else if (!proposal.votes[msg.sender] && approve) {
          5649┆     // Changing from reject to approve
          5650┆     proposal.rejectPower -= votePower;
          5651┆     proposal.approvePower += votePower;
          5652┆ }
   
     ❱ solidity.security.basic-arithmetic-underflow
          Possible arithmetic underflow
                                       
          5650┆ proposal.rejectPower -= votePower;
   
     ❱ solidity.performance.use-nested-if
          Using nested is cheaper than using && multiple check combinations.  There are more advantages, such
          as easier to read code and better coverage reports.                                                
                                                                                                             
          5677┆ if (balanceOf(msg.sender) > 0 && (clock() - proposal.voteStart) > voteTimeout) {
          5678┆     canEnd = true;
          5679┆ }
   
     ❱ solidity.security.basic-arithmetic-underflow
          Possible arithmetic underflow
                                       
          5677┆ if (balanceOf(msg.sender) > 0 && (clock() - proposal.voteStart) > voteTimeout) {
   
     ❱ solidity.performance.use-custom-error-not-require
          Consider using custom errors as they are more gas efficient while allowing developers  to describe
          the error in detail using NatSpec.                                                                
                                                                                                            
          5721┆ require(newQuorum <= 100, "Quorum cannot exceed 100%");

                
                
┌──────────────┐
│ Scan Summary │
└──────────────┘
✅ Scan completed successfully.
 • Findings: 31 (31 blocking)
 • Rules run: 57
 • Targets scanned: 1
 • Parsed lines: ~97.8%
 • No ignore information available
 • For a detailed list of skipped files and lines, run semgrep with the --verbose flag
Ran 57 rules on 1 file: 31 findings.

A new version of Semgrep is available. See https://semgrep.dev/docs/upgrading

📢 Too many findings? Try Semgrep Pro for more powerful queries and less noise.
   See https://sg.run/false-positives.
