A new version of Solhint is available: 6.0.3
Please consider updating your Solhint package.
/sb/Consorcio_F.sol:8:1: Compiler version ^0.8.20 does not satisfy the ^0.8.24 semver requirement [Error/compiler-version]
/sb/Consorcio_F.sol:16:1: Missing @author tag in contract 'FinancialPoolManager' [Warning/use-natspec]
/sb/Consorcio_F.sol:16:1: Missing @notice tag in contract 'FinancialPoolManager' [Warning/use-natspec]
/sb/Consorcio_F.sol:65:5: Missing @notice tag in variable 'currentId' [Warning/use-natspec]
/sb/Consorcio_F.sol:75:5: Missing @notice tag in function 'createPool' [Warning/use-natspec]
/sb/Consorcio_F.sol:81:9: Error message for require is too long: 33 counted / 32 allowed [Warning/reason-string]
/sb/Consorcio_F.sol:81:9: GC: String exceeds 32 bytes [Warning/gas-small-strings]
/sb/Consorcio_F.sol:81:9: GC: Use Custom Errors instead of require statements [Warning/gas-custom-errors]
/sb/Consorcio_F.sol:82:9: Error message for require is too long: 43 counted / 32 allowed [Warning/reason-string]
/sb/Consorcio_F.sol:82:9: GC: String exceeds 32 bytes [Warning/gas-small-strings]
/sb/Consorcio_F.sol:82:9: GC: Use Custom Errors instead of require statements [Warning/gas-custom-errors]
/sb/Consorcio_F.sol:83:9: Error message for require is too long: 35 counted / 32 allowed [Warning/reason-string]
/sb/Consorcio_F.sol:83:9: GC: String exceeds 32 bytes [Warning/gas-small-strings]
/sb/Consorcio_F.sol:83:9: GC: Use Custom Errors instead of require statements [Warning/gas-custom-errors]
/sb/Consorcio_F.sol:85:9: GC: For [ currentId ] variable, increment/decrement by 1 using: [ ++variable ] to save gas [Warning/gas-increment-by-one]
/sb/Consorcio_F.sol:103:5: Missing @notice tag in function 'activatePool' [Warning/use-natspec]
/sb/Consorcio_F.sol:104:9: GC: Use Custom Errors instead of require statements [Warning/gas-custom-errors]
/sb/Consorcio_F.sol:104:17: GC: Non strict inequality found. Try converting to a strict one [Warning/gas-strict-inequalities]
/sb/Consorcio_F.sol:106:9: GC: Use Custom Errors instead of require statements [Warning/gas-custom-errors]
/sb/Consorcio_F.sol:107:9: Error message for require is too long: 35 counted / 32 allowed [Warning/reason-string]
/sb/Consorcio_F.sol:107:9: GC: String exceeds 32 bytes [Warning/gas-small-strings]
/sb/Consorcio_F.sol:107:9: GC: Use Custom Errors instead of require statements [Warning/gas-custom-errors]
/sb/Consorcio_F.sol:108:13: GC: Non strict inequality found. Try converting to a strict one [Warning/gas-strict-inequalities]
/sb/Consorcio_F.sol:111:9: Error message for require is too long: 34 counted / 32 allowed [Warning/reason-string]
/sb/Consorcio_F.sol:111:9: GC: String exceeds 32 bytes [Warning/gas-small-strings]
/sb/Consorcio_F.sol:111:9: GC: Use Custom Errors instead of require statements [Warning/gas-custom-errors]
/sb/Consorcio_F.sol:124:5: Missing @notice tag in function 'deletePool' [Warning/use-natspec]
/sb/Consorcio_F.sol:125:9: GC: Use Custom Errors instead of require statements [Warning/gas-custom-errors]
/sb/Consorcio_F.sol:125:17: GC: Non strict inequality found. Try converting to a strict one [Warning/gas-strict-inequalities]
/sb/Consorcio_F.sol:127:9: GC: Use Custom Errors instead of require statements [Warning/gas-custom-errors]
/sb/Consorcio_F.sol:128:9: Error message for require is too long: 44 counted / 32 allowed [Warning/reason-string]
/sb/Consorcio_F.sol:128:9: GC: String exceeds 32 bytes [Warning/gas-small-strings]
/sb/Consorcio_F.sol:128:9: GC: Use Custom Errors instead of require statements [Warning/gas-custom-errors]
/sb/Consorcio_F.sol:140:5: Missing @notice tag in function 'participateInPool' [Warning/use-natspec]
/sb/Consorcio_F.sol:141:9: GC: Use Custom Errors instead of require statements [Warning/gas-custom-errors]
/sb/Consorcio_F.sol:141:17: GC: Non strict inequality found. Try converting to a strict one [Warning/gas-strict-inequalities]
/sb/Consorcio_F.sol:143:9: Error message for require is too long: 34 counted / 32 allowed [Warning/reason-string]
/sb/Consorcio_F.sol:143:9: GC: String exceeds 32 bytes [Warning/gas-small-strings]
/sb/Consorcio_F.sol:143:9: GC: Use Custom Errors instead of require statements [Warning/gas-custom-errors]
/sb/Consorcio_F.sol:150:59: GC: For [ i ] variable, increment/decrement by 1 using: [ ++variable ] to save gas [Warning/gas-increment-by-one]
/sb/Consorcio_F.sol:156:9: GC: Use Custom Errors instead of require statements [Warning/gas-custom-errors]
/sb/Consorcio_F.sol:158:9: GC: For [ pool ] variable, increment/decrement by 1 using: [ ++variable ] to save gas [Warning/gas-increment-by-one]
/sb/Consorcio_F.sol:171:5: Missing @notice tag in function 'leavePool' [Warning/use-natspec]
/sb/Consorcio_F.sol:172:9: GC: Use Custom Errors instead of require statements [Warning/gas-custom-errors]
/sb/Consorcio_F.sol:172:17: GC: Non strict inequality found. Try converting to a strict one [Warning/gas-strict-inequalities]
/sb/Consorcio_F.sol:174:9: Error message for require is too long: 34 counted / 32 allowed [Warning/reason-string]
/sb/Consorcio_F.sol:174:9: GC: String exceeds 32 bytes [Warning/gas-small-strings]
/sb/Consorcio_F.sol:174:9: GC: Use Custom Errors instead of require statements [Warning/gas-custom-errors]
/sb/Consorcio_F.sol:180:59: GC: For [ i ] variable, increment/decrement by 1 using: [ ++variable ] to save gas [Warning/gas-increment-by-one]
/sb/Consorcio_F.sol:186:9: GC: Use Custom Errors instead of require statements [Warning/gas-custom-errors]
/sb/Consorcio_F.sol:188:9: GC: For [ pool ] variable, increment/decrement by 1 using: [ ++variable ] to save gas [Warning/gas-increment-by-one]
/sb/Consorcio_F.sol:201:5: Function body contains 68 lines but allowed no more than 50 lines [Warning/function-max-lines]
/sb/Consorcio_F.sol:201:5: Missing @notice tag in function 'payInstallment' [Warning/use-natspec]
/sb/Consorcio_F.sol:202:9: GC: Use Custom Errors instead of require statements [Warning/gas-custom-errors]
/sb/Consorcio_F.sol:202:17: GC: Non strict inequality found. Try converting to a strict one [Warning/gas-strict-inequalities]
/sb/Consorcio_F.sol:204:9: GC: Use Custom Errors instead of require statements [Warning/gas-custom-errors]
/sb/Consorcio_F.sol:211:59: GC: For [ i ] variable, increment/decrement by 1 using: [ ++variable ] to save gas [Warning/gas-increment-by-one]
/sb/Consorcio_F.sol:217:9: GC: Use Custom Errors instead of require statements [Warning/gas-custom-errors]
/sb/Consorcio_F.sol:219:9: GC: Use Custom Errors instead of require statements [Warning/gas-custom-errors]
/sb/Consorcio_F.sol:232:9: GC: Use Custom Errors instead of require statements [Warning/gas-custom-errors]
/sb/Consorcio_F.sol:233:9: GC: Use Custom Errors instead of require statements [Warning/gas-custom-errors]
/sb/Consorcio_F.sol:235:9: GC: For [ participant ] variable, increment/decrement by 1 using: [ ++variable ] to save gas [Warning/gas-increment-by-one]
/sb/Consorcio_F.sol:248:13: GC: Non strict inequality found. Try converting to a strict one [Warning/gas-strict-inequalities]
/sb/Consorcio_F.sol:254:17: GC: Use Custom Errors instead of require statements [Warning/gas-custom-errors]
/sb/Consorcio_F.sol:260:17: GC: For [ pool ] variable, increment/decrement by 1 using: [ ++variable ] to save gas [Warning/gas-increment-by-one]
/sb/Consorcio_F.sol:277:5: Missing @notice tag in function 'selectWinner' [Warning/use-natspec]
/sb/Consorcio_F.sol:284:59: GC: For [ i ] variable, increment/decrement by 1 using: [ ++variable ] to save gas [Warning/gas-increment-by-one]
/sb/Consorcio_F.sol:290:17: GC: For [ count ] variable, increment/decrement by 1 using: [ ++variable ] to save gas [Warning/gas-increment-by-one]
/sb/Consorcio_F.sol:318:5: Missing @notice tag in function 'getPool' [Warning/use-natspec]
/sb/Consorcio_F.sol:318:5: Mismatch in @return count for function 'getPool'. Expected: 10, Found: 1 [Warning/use-natspec]
/sb/Consorcio_F.sol:332:9: GC: Use Custom Errors instead of require statements [Warning/gas-custom-errors]
/sb/Consorcio_F.sol:332:17: GC: Non strict inequality found. Try converting to a strict one [Warning/gas-strict-inequalities]

72 problem/s (1 error/s, 71 warning/s)
