               
               
┌─────────────┐
│ Scan Status │
└─────────────┘
  Scanning 1 file tracked by git with 57 Code rules:
  Scanning 1 file with 57 solidity rules.
                    
                    
┌──────────────────┐
│ 62 Code Findings │
└──────────────────┘
                       
    /sb/Consorcio_F.sol
     ❱ solidity.performance.use-custom-error-not-require
                
                
┌──────────────┐
│ Scan Summary │
└──────────────┘
✅ Scan completed successfully.
 • Findings: 62 (62 blocking)
 • Rules run: 57
 • Targets scanned: 1
 • Parsed lines: ~100.0%
 • No ignore information available
Ran 57 rules on 1 file: 62 findings.
          Consider using custom errors as they are more gas efficient while allowing developers  to describe
          the error in detail using NatSpec.                                                                
                                                                                                            
           81┆ require(goodValue > 0, "Good value must be greater than 0");
   
     ❱ solidity.performance.use-short-revert-string
          Shortening revert strings to fit in 32 bytes will decrease gas costs for deployment and  gas costs
          when the revert condition has been met.                                                           
                                                                                                            
           81┆ require(goodValue > 0, "Good value must be greater than 0");
   
     ❱ solidity.performance.use-custom-error-not-require
          Consider using custom errors as they are more gas efficient while allowing developers  to describe
          the error in detail using NatSpec.                                                                
                                                                                                            
           82┆ require(minParticipants > 0, "Minimum participants must be greater than 0");
   
     ❱ solidity.performance.use-short-revert-string
          Shortening revert strings to fit in 32 bytes will decrease gas costs for deployment and  gas costs
          when the revert condition has been met.                                                           
                                                                                                            
           82┆ require(minParticipants > 0, "Minimum participants must be greater than 0");
   
     ❱ solidity.performance.use-custom-error-not-require
          Consider using custom errors as they are more gas efficient while allowing developers  to describe
          the error in detail using NatSpec.                                                                
                                                                                                            
           83┆ require(installments > 0, "Installments must be greater than 0");
   
     ❱ solidity.performance.use-short-revert-string
          Shortening revert strings to fit in 32 bytes will decrease gas costs for deployment and  gas costs
          when the revert condition has been met.                                                           
                                                                                                            
           83┆ require(installments > 0, "Installments must be greater than 0");
   
     ❱ solidity.performance.use-prefix-increment-not-postfix
          Consider using the prefix increment expression whenever the return value is not needed. The prefix
          increment expression is cheaper in terms of gas.                                                  
                                                                                                            
           85┆ currentId++;
   
     ❱ solidity.performance.use-custom-error-not-require
          Consider using custom errors as they are more gas efficient while allowing developers  to describe
          the error in detail using NatSpec.                                                                
                                                                                                            
          104┆ require(poolId <= currentId && poolId > 0, "Invalid pool ID");
   
     ❱ solidity.performance.use-multiple-require
          Using multiple require statements is cheaper than using && multiple check combinations.  There are
          more advantages, such as easier to read code and better coverage reports.                         
                                                                                                            
          104┆ require(poolId <= currentId && poolId > 0, "Invalid pool ID");
   
     ❱ solidity.performance.use-custom-error-not-require
          Consider using custom errors as they are more gas efficient while allowing developers  to describe
          the error in detail using NatSpec.                                                                
                                                                                                            
          106┆ require(msg.sender == pool.owner, "Only pool owner can activate");
            ⋮┆----------------------------------------
          107┆ require(
          108┆     pool.totalParticipants >= pool.minParticipants,
          109┆     "Not enough participants to activate"
          110┆ );
   
     ❱ solidity.performance.use-short-revert-string
          Shortening revert strings to fit in 32 bytes will decrease gas costs for deployment and  gas costs
          when the revert condition has been met.                                                           
                                                                                                            
          107┆ require(
          108┆     pool.totalParticipants >= pool.minParticipants,
          109┆     "Not enough participants to activate"
          110┆ );
   
     ❱ solidity.performance.use-custom-error-not-require
          Consider using custom errors as they are more gas efficient while allowing developers  to describe
          the error in detail using NatSpec.                                                                
                                                                                                            
          111┆ require(
          112┆     keccak256(bytes(pool.status)) == keccak256(bytes("accepting_participants")),
          113┆     "Pool is not accepting participants"
          114┆ );
   
     ❱ solidity.performance.use-short-revert-string
          Shortening revert strings to fit in 32 bytes will decrease gas costs for deployment and  gas costs
          when the revert condition has been met.                                                           
                                                                                                            
          111┆ require(
          112┆     keccak256(bytes(pool.status)) == keccak256(bytes("accepting_participants")),
          113┆     "Pool is not accepting participants"
          114┆ );
   
     ❱ solidity.performance.use-custom-error-not-require
          Consider using custom errors as they are more gas efficient while allowing developers  to describe
          the error in detail using NatSpec.                                                                
                                                                                                            
          125┆ require(poolId <= currentId && poolId > 0, "Invalid pool ID");
   
     ❱ solidity.performance.use-multiple-require
          Using multiple require statements is cheaper than using && multiple check combinations.  There are
          more advantages, such as easier to read code and better coverage reports.                         
                                                                                                            
          125┆ require(poolId <= currentId && poolId > 0, "Invalid pool ID");
   
     ❱ solidity.performance.use-custom-error-not-require
          Consider using custom errors as they are more gas efficient while allowing developers  to describe
          the error in detail using NatSpec.                                                                
                                                                                                            
          127┆ require(msg.sender == pool.owner, "Only pool owner can delete");
            ⋮┆----------------------------------------
          128┆ require(
          129┆     keccak256(bytes(pool.status)) == keccak256(bytes("accepting_participants")),
          130┆     "Pool is not in accepting participants status"
          131┆ );
   
     ❱ solidity.performance.use-short-revert-string
          Shortening revert strings to fit in 32 bytes will decrease gas costs for deployment and  gas costs
          when the revert condition has been met.                                                           
                                                                                                            
          128┆ require(
          129┆     keccak256(bytes(pool.status)) == keccak256(bytes("accepting_participants")),
          130┆     "Pool is not in accepting participants status"
          131┆ );
   
     ❱ solidity.performance.use-custom-error-not-require
          Consider using custom errors as they are more gas efficient while allowing developers  to describe
          the error in detail using NatSpec.                                                                
                                                                                                            
          141┆ require(poolId <= currentId && poolId > 0, "Invalid pool ID");
   
     ❱ solidity.performance.use-multiple-require
          Using multiple require statements is cheaper than using && multiple check combinations.  There are
          more advantages, such as easier to read code and better coverage reports.                         
                                                                                                            
          141┆ require(poolId <= currentId && poolId > 0, "Invalid pool ID");
   
     ❱ solidity.performance.use-custom-error-not-require
          Consider using custom errors as they are more gas efficient while allowing developers  to describe
          the error in detail using NatSpec.                                                                
                                                                                                            
          143┆ require(
          144┆     keccak256(bytes(pool.status)) == keccak256(bytes("accepting_participants")),
          145┆     "Pool is not accepting participants"
          146┆ );
   
     ❱ solidity.performance.use-short-revert-string
          Shortening revert strings to fit in 32 bytes will decrease gas costs for deployment and  gas costs
          when the revert condition has been met.                                                           
                                                                                                            
          143┆ require(
          144┆     keccak256(bytes(pool.status)) == keccak256(bytes("accepting_participants")),
          145┆     "Pool is not accepting participants"
          146┆ );
   
     ❱ solidity.performance.array-length-outside-loop
          Caching the array length outside a loop saves reading it on each iteration, as long as the array's
          length is not changed during the loop.                                                            
                                                                                                            
          150┆ for (uint256 i = 0; i < pool.participants.length; i++) {
   
     ❱ solidity.performance.unnecessary-checked-arithmetic-in-loop
          A lot of times there is no risk that the loop counter can overflow.  Using Solidity's unchecked
          block saves the overflow checks.                                                               
                                                                                                         
          150┆ for (uint256 i = 0; i < pool.participants.length; i++) {
   
     ❱ solidity.performance.use-prefix-increment-not-postfix
          Consider using the prefix increment expression whenever the return value is not needed. The prefix
          increment expression is cheaper in terms of gas.                                                  
                                                                                                            
          150┆ for (uint256 i = 0; i < pool.participants.length; i++) {
   
     ❱ solidity.performance.use-custom-error-not-require
          Consider using custom errors as they are more gas efficient while allowing developers  to describe
          the error in detail using NatSpec.                                                                
                                                                                                            
          156┆ require(!alreadyParticipant, "User is already a participant");
   
     ❱ solidity.performance.use-prefix-increment-not-postfix
          Consider using the prefix increment expression whenever the return value is not needed. The prefix
          increment expression is cheaper in terms of gas.                                                  
                                                                                                            
          158┆ pool.totalParticipants++;
   
     ❱ solidity.performance.use-custom-error-not-require
          Consider using custom errors as they are more gas efficient while allowing developers  to describe
          the error in detail using NatSpec.                                                                
                                                                                                            
          172┆ require(poolId <= currentId && poolId > 0, "Invalid pool ID");
   
     ❱ solidity.performance.use-multiple-require
          Using multiple require statements is cheaper than using && multiple check combinations.  There are
          more advantages, such as easier to read code and better coverage reports.                         
                                                                                                            
          172┆ require(poolId <= currentId && poolId > 0, "Invalid pool ID");
   
     ❱ solidity.performance.use-custom-error-not-require
          Consider using custom errors as they are more gas efficient while allowing developers  to describe
          the error in detail using NatSpec.                                                                
                                                                                                            
          174┆ require(
          175┆     keccak256(bytes(pool.status)) == keccak256(bytes("accepting_participants")),
          176┆     "Pool is not accepting participants"
          177┆ );
   
     ❱ solidity.performance.use-short-revert-string
          Shortening revert strings to fit in 32 bytes will decrease gas costs for deployment and  gas costs
          when the revert condition has been met.                                                           
                                                                                                            
          174┆ require(
          175┆     keccak256(bytes(pool.status)) == keccak256(bytes("accepting_participants")),
          176┆     "Pool is not accepting participants"
          177┆ );
   
     ❱ solidity.performance.array-length-outside-loop
          Caching the array length outside a loop saves reading it on each iteration, as long as the array's
          length is not changed during the loop.                                                            
                                                                                                            
          180┆ for (uint256 i = 0; i < pool.participants.length; i++) {
   
     ❱ solidity.performance.unnecessary-checked-arithmetic-in-loop
          A lot of times there is no risk that the loop counter can overflow.  Using Solidity's unchecked
          block saves the overflow checks.                                                               
                                                                                                         
          180┆ for (uint256 i = 0; i < pool.participants.length; i++) {
   
     ❱ solidity.performance.use-prefix-increment-not-postfix
          Consider using the prefix increment expression whenever the return value is not needed. The prefix
          increment expression is cheaper in terms of gas.                                                  
                                                                                                            
          180┆ for (uint256 i = 0; i < pool.participants.length; i++) {
   
     ❱ solidity.performance.use-custom-error-not-require
          Consider using custom errors as they are more gas efficient while allowing developers  to describe
          the error in detail using NatSpec.                                                                
                                                                                                            
          186┆ require(index != type(uint256).max, "User is not a participant");
   
     ❱ solidity.performance.use-prefix-decrement-not-postfix
          Consider using the prefix decrement expression whenever the return value is not needed. The prefix
          decrement expression is cheaper in terms of gas.                                                  
                                                                                                            
          188┆ pool.totalParticipants--;
   
     ❱ solidity.security.basic-arithmetic-underflow
          Possible arithmetic underflow
                                       
          191┆ if (index != pool.participants.length - 1) {
            ⋮┆----------------------------------------
          192┆ pool.participants[index] = pool.participants[pool.participants.length - 1];
   
     ❱ solidity.performance.use-custom-error-not-require
          Consider using custom errors as they are more gas efficient while allowing developers  to describe
          the error in detail using NatSpec.                                                                
                                                                                                            
          202┆ require(poolId <= currentId && poolId > 0, "Invalid pool ID");
   
     ❱ solidity.performance.use-multiple-require
          Using multiple require statements is cheaper than using && multiple check combinations.  There are
          more advantages, such as easier to read code and better coverage reports.                         
                                                                                                            
          202┆ require(poolId <= currentId && poolId > 0, "Invalid pool ID");
   
     ❱ solidity.performance.use-custom-error-not-require
          Consider using custom errors as they are more gas efficient while allowing developers  to describe
          the error in detail using NatSpec.                                                                
                                                                                                            
          204┆ require(
          205┆     keccak256(bytes(pool.status)) == keccak256(bytes("active")),
          206┆     "Pool is not active"
          207┆ );
   
     ❱ solidity.performance.array-length-outside-loop
          Caching the array length outside a loop saves reading it on each iteration, as long as the array's
          length is not changed during the loop.                                                            
                                                                                                            
          211┆ for (uint256 i = 0; i < pool.participants.length; i++) {
   
     ❱ solidity.performance.unnecessary-checked-arithmetic-in-loop
          A lot of times there is no risk that the loop counter can overflow.  Using Solidity's unchecked
          block saves the overflow checks.                                                               
                                                                                                         
          211┆ for (uint256 i = 0; i < pool.participants.length; i++) {
   
     ❱ solidity.performance.use-prefix-increment-not-postfix
          Consider using the prefix increment expression whenever the return value is not needed. The prefix
          increment expression is cheaper in terms of gas.                                                  
                                                                                                            
          211┆ for (uint256 i = 0; i < pool.participants.length; i++) {
   
     ❱ solidity.performance.use-custom-error-not-require
          Consider using custom errors as they are more gas efficient while allowing developers  to describe
          the error in detail using NatSpec.                                                                
                                                                                                            
          217┆ require(isParticipant, "User is not a participant");
            ⋮┆----------------------------------------
          219┆ require(msg.value == pool.installmentValue, "Incorrect installment value");
   
     ❱ solidity.security.basic-arithmetic-underflow
          Possible arithmetic underflow
                                       
          224┆ duePayments = (block.timestamp - pool.activationDate) / 30 days;
   
     ❱ solidity.performance.use-custom-error-not-require
          Consider using custom errors as they are more gas efficient while allowing developers  to describe
          the error in detail using NatSpec.                                                                
                                                                                                            
          232┆ require(participant.payments < duePayments + 1, "Too many payments made");
            ⋮┆----------------------------------------
          233┆ require(participant.payments < pool.installments, "All installments already paid");
   
     ❱ solidity.performance.use-prefix-increment-not-postfix
          Consider using the prefix increment expression whenever the return value is not needed. The prefix
          increment expression is cheaper in terms of gas.                                                  
                                                                                                            
          235┆ participant.payments++;
   
     ❱ solidity.performance.use-nested-if
          Using nested is cheaper than using && multiple check combinations.  There are more advantages, such
          as easier to read code and better coverage reports.                                                
                                                                                                             
          241┆ if (participant.payments == duePayments && !participant.received) {
          242┆     participant.canReceive = true;
          243┆ } else {
          244┆     participant.canReceive = false;
          245┆ }
   
     ❱ solidity.performance.use-custom-error-not-require
          Consider using custom errors as they are more gas efficient while allowing developers  to describe
          the error in detail using NatSpec.                                                                
                                                                                                            
          254┆ require(success, "Transfer failed");
   
     ❱ solidity.security.basic-arithmetic-underflow
          Possible arithmetic underflow
                                       
          257┆ pool.balance -= pool.goodValue;
   
     ❱ solidity.performance.use-prefix-increment-not-postfix
          Consider using the prefix increment expression whenever the return value is not needed. The prefix
          increment expression is cheaper in terms of gas.                                                  
                                                                                                            
          260┆ pool.winnersCount++;
   
     ❱ solidity.performance.array-length-outside-loop
          Caching the array length outside a loop saves reading it on each iteration, as long as the array's
          length is not changed during the loop.                                                            
                                                                                                            
          284┆ for (uint256 i = 0; i < pool.participants.length; i++) {
   
     ❱ solidity.performance.unnecessary-checked-arithmetic-in-loop
          A lot of times there is no risk that the loop counter can overflow.  Using Solidity's unchecked
          block saves the overflow checks.                                                               
                                                                                                         
          284┆ for (uint256 i = 0; i < pool.participants.length; i++) {
   
     ❱ solidity.performance.use-prefix-increment-not-postfix
          Consider using the prefix increment expression whenever the return value is not needed. The prefix
          increment expression is cheaper in terms of gas.                                                  
                                                                                                            
          284┆ for (uint256 i = 0; i < pool.participants.length; i++) {
   
     ❱ solidity.performance.use-nested-if
          Using nested is cheaper than using && multiple check combinations.  There are more advantages, such
          as easier to read code and better coverage reports.                                                
                                                                                                             
          288┆ if (pInfo.canReceive && !pInfo.received) {
          289┆     eligibleParticipants[count] = participantAddr;
          290┆     count++;
          291┆ }
   
     ❱ solidity.performance.use-prefix-increment-not-postfix
          Consider using the prefix increment expression whenever the return value is not needed. The prefix
          increment expression is cheaper in terms of gas.                                                  
                                                                                                            
          290┆ count++;
   
     ❱ solidity.performance.use-custom-error-not-require
          Consider using custom errors as they are more gas efficient while allowing developers  to describe
          the error in detail using NatSpec.                                                                
                                                                                                            
          332┆ require(poolId <= currentId && poolId > 0, "Invalid pool ID");
   
     ❱ solidity.performance.use-multiple-require
          Using multiple require statements is cheaper than using && multiple check combinations.  There are
          more advantages, such as easier to read code and better coverage reports.                         
                                                                                                            
          332┆ require(poolId <= currentId && poolId > 0, "Invalid pool ID");


A new version of Semgrep is available. See https://semgrep.dev/docs/upgrading

📢 Too many findings? Try Semgrep Pro for more powerful queries and less noise.
   See https://sg.run/false-positives.
